[Licensing::Module] Trying to connect to existing licensing client channel...
Built from '6000.4/staging' branch; Version is '6000.4.0f1 (8cf496087c8f) revision 9237654'; Using compiler version '194234433'; Build Type 'Release'
OS: 'Windows 10  (10.0.19045) 64bit Professional' Language: 'es' Physical Memory: 32690 MB
[Licensing::IpcConnector] Channel LicenseClient-Boloxdhd doesn't exist
BatchMode: 1, IsHumanControllingUs: 0, StartBugReporterOnCrash: 0, Is64bit: 1
System  architecture: x64
Process architecture: x64
Date: 2026-06-21T08:41:33Z
[Licensing::Module] Successfully launched the LicensingClient (PId: 14300)

COMMAND LINE ARGUMENTS:
C:\Program Files\Unity\Hub\Editor\6000.4.0f1\Editor\Unity.exe
-batchmode
-nographics
-quit
-projectPath
F:\PUN\Mundo aprendo tesis
-executeMethod
Bolin.Editor.MundoAprendoPolishSetup.ApplyProjectPolish
-logFile
F:\PUN\Mundo aprendo tesis\Logs\ApplyWorldEnhancements.log
Successfully changed project path to: F:\PUN\Mundo aprendo tesis
F:/PUN/Mundo aprendo tesis
[UnityMemory] Configuration Parameters - Can be set up in boot.config
    "memorysetup-temp-allocator-size-gi-baking-worker=262144"
    "memorysetup-temp-allocator-size-gi-baking-worker=262144"
    "memorysetup-temp-allocator-size-gi-baking-worker=262144"
    "memorysetup-temp-allocator-size-gi-baking-worker=262144"
    "memorysetup-temp-allocator-size-gi-baking-worker=262144"
    "memorysetup-temp-allocator-size-nav-mesh-worker=65536"
    "memorysetup-temp-allocator-size-audio-worker=65536"
    "memorysetup-temp-allocator-size-cloud-worker=32768"
    "memorysetup-temp-allocator-size-gfx=262144"
    "memorysetup-temp-allocator-size-preload-manager=33554432"
    "memorysetup-temp-allocator-size-job-worker=262144"
    "memorysetup-temp-allocator-size-background-worker=32768"
    "memorysetup-allocator-temp-initial-block-size-main=262144"
    "memorysetup-allocator-temp-initial-block-size-worker=262144"
    "memorysetup-bucket-allocator-granularity=16"
    "memorysetup-bucket-allocator-bucket-count=8"
    "memorysetup-bucket-allocator-block-size=33554432"
    "memorysetup-bucket-allocator-block-count=8"
    "memorysetup-main-allocator-block-size=16777216"
    "memorysetup-thread-allocator-block-size=16777216"
    "memorysetup-gfx-main-allocator-block-size=16777216"
    "memorysetup-gfx-thread-allocator-block-size=16777216"
    "memorysetup-cache-allocator-block-size=4194304"
    "memorysetup-typetree-allocator-block-size=2097152"
    "memorysetup-profiler-bucket-allocator-granularity=16"
    "memorysetup-profiler-bucket-allocator-bucket-count=8"
    "memorysetup-profiler-bucket-allocator-block-size=33554432"
    "memorysetup-profiler-bucket-allocator-block-count=8"
    "memorysetup-profiler-allocator-block-size=16777216"
    "memorysetup-profiler-editor-allocator-block-size=1048576"
    "memorysetup-temp-allocator-size-main=16777216"
    "memorysetup-job-temp-allocator-block-size=2097152"
    "memorysetup-job-temp-allocator-block-size-background=1048576"
    "memorysetup-job-temp-allocator-reduction-small-platforms=262144"
Player connection [10484]  Target information:

Player connection [10484]  * "[IP] 192.168.1.23 [Port] 55504 [Flags] 2 [Guid] 3636250223 [EditorId] 3636250223 [Version] 1048832 [Id] WindowsEditor(7,DESKTOP-NF6H5UD) [Debug] 1 [PackageName] WindowsEditor [ProjectName] Editor" 

Player connection [10484] Host joined multi-casting on [225.0.0.222:54997]...
Player connection [10484] Host joined alternative multi-casting on [225.0.0.222:34997]...
Input System module state changed to: Initialized.
[Physics::Module] Initialized fallback backend.
[Physics::Module] Id: 0xdecafbad
[Licensing::IpcConnector] Successfully connected to: "LicenseClient-Boloxdhd" at "2026-06-21T08:41:33.5329877Z"
[Package Manager] Connected to IPC stream "Upm-18624" after 0.4 seconds.
[Licensing::Module] Licensing is not yet initialized.
[Licensing::Client] Handshaking with LicensingClient:
  Version:                 1.18.1+9fbee8e
  Session Id:              b10d2c9f42ea44fab9870ff3b9876e3d
  Correlation Id:          a854490aa539e79545f049374ae4b88d
  External correlation Id: 7713452511252465655
  Machine Id:              CFi18PVxujarsjnwWQVdFlBCSK4=
[Licensing::Module] Successfully connected to LicensingClient on channel: "LicenseClient-Boloxdhd" (connect: 0.37s, validation: 0.04s, handshake: 1.02s)
[Licensing::IpcConnector] Successfully connected to: "LicenseClient-Boloxdhd-notifications" at "2026-06-21T08:41:34.589867Z"
[Licensing::Module] Connected to LicensingClient (PId: 14300, launch time: 0.00, total connection time: 1.43s)
[Licensing::Module] Error: Access token is unavailable; failed to update
[Licensing::Client] Successfully resolved entitlement details
[Licensing::Module] License group:
  Id: F4-FQE5-U6TU-H7W3-QSAD-XXXX
  Product: Unity Personal
  Type: ULF
  Expiration: Unlimited
[Licensing::Module] License group:
  Id: 4673397952068-UnityPersXXXX
  Product: Unity Personal
  Type: Assigned
  Expiration: Unlimited
[Licensing::Client] Successfully updated license, isAsync: True, time: 0.01
[Licensing::Client] Successfully resolved entitlement details
[Licensing::Module] License group:
  Id: F4-FQE5-U6TU-H7W3-QSAD-XXXX
  Product: Unity Personal
  Type: ULF
  Expiration: Unlimited
[Licensing::Module] License group:
  Id: 4673397952068-UnityPersXXXX
  Product: Unity Personal
  Type: Assigned
  Expiration: Unlimited
[Licensing::Module] Licensing Background thread has ended after 1.46s
[Licensing::Module] Licensing is initialized (took 0.98s).
[Licensing::Client] Successfully resolved entitlement details
[Licensing::Module] License group:
  Id: F4-FQE5-U6TU-H7W3-QSAD-XXXX
  Product: Unity Personal
  Type: ULF
  Expiration: Unlimited
[Licensing::Module] License group:
  Id: 4673397952068-UnityPersXXXX
  Product: Unity Personal
  Type: Assigned
  Expiration: Unlimited
Library Redirect Path: Library/
[Physics::Module] Selected backend.
[Physics::Module] Name: PhysX
[Physics::Module] Id: 0xf2b8ea05
[Physics::Module] SDK Version: 4.1.2
[Physics::Module] Integration Version: 1.0.0
[Physics::Module] Threading Mode: Multi-Threaded
Initialize engine version: 6000.4.0f1 (8cf496087c8f)
[Subsystems] Discovering subsystems at path C:/Program Files/Unity/Hub/Editor/6000.4.0f1/Editor/Data/Resources/UnitySubsystems
[Subsystems] Discovering subsystems at path F:/PUN/Mundo aprendo tesis/Assets
Forcing GfxDevice: Null
GfxDevice: creating device client; kGfxThreadingModeNonThreaded
NullGfxDevice:
    Version:  NULL 1.0 [1.0]
    Renderer: Null Device
    Vendor:   Unity Technologies
Shader Hidden/ChartRasterizerHardware is not supported: GPU does not support conservative rasterization
Initialize mono
Mono path[0] = 'C:/Program Files/Unity/Hub/Editor/6000.4.0f1/Editor/Data/Managed'
Mono path[1] = 'C:/Program Files/Unity/Hub/Editor/6000.4.0f1/Editor/Data/MonoBleedingEdge/lib/mono/unityjit-win32'
Mono config path = 'C:/Program Files/Unity/Hub/Editor/6000.4.0f1/Editor/Data/MonoBleedingEdge/etc'
Using monoOptions --debugger-agent=transport=dt_socket,embedding=1,server=y,suspend=n,address=127.0.0.1:56624
CodeReloadManager initialized
Using cacheserver namespaces - metadata:defaultmetadata, artifacts:defaultartifacts
Using cacheserver namespaces - metadata:defaultmetadata, artifacts:defaultartifacts
ImportWorker Server TCP listen port: 0
AcceleratorClientConnectionCallback - disconnected - :0
Begin MonoManager ReloadAssembly
Registering precompiled unity dll's ...
Register platform support module: C:/Program Files/Unity/Hub/Editor/6000.4.0f1/Editor/Data/PlaybackEngines/WindowsStandaloneSupport/UnityEditor.WindowsStandalone.Extensions.dll
[Licensing::Client] Successfully resolved entitlement details
[Licensing::Module] License group:
  Id: F4-FQE5-U6TU-H7W3-QSAD-XXXX
  Product: Unity Personal
  Type: ULF
  Expiration: Unlimited
[Licensing::Module] License group:
  Id: 4673397952068-UnityPersXXXX
  Product: Unity Personal
  Type: Assigned
  Expiration: Unlimited
Register platform support module: C:/Program Files/Unity/Hub/Editor/6000.4.0f1/Editor/Data/PlaybackEngines/AndroidPlayer/UnityEditor.Android.Extensions.dll
Registered in 0.004396 seconds.
Native extension for Android target not found
Android Extension - Scanning For ADB Devices 2156 ms
Native extension for WindowsStandalone target not found
Package Manager log level set to [2]
ScheduleIndexationOnStartup MainProcess:False IndexOnStartup:True
Mono: successfully reloaded assembly
- Finished resetting the current domain, in  2.606 seconds
Domain Reload Profiling: 3100ms
	BeginReloadAssembly (157ms)
		CreateAndSetChildDomain (29ms)
	RebuildCommonClasses (42ms)
	RebuildNativeTypeToScriptingClass (14ms)
	initialDomainReloadingComplete (64ms)
	LoadAllAssembliesAndSetupDomain (216ms)
		LoadAssemblies (126ms)
		AnalyzeDomain (206ms)
			TypeCache.Refresh (205ms)
				TypeCache.ScanAssembly (189ms)
	FinalizeReload (2607ms)
		SetupLoadedEditorAssemblies (0ms)
			InitializePlatformSupportModulesInManaged (2246ms)
			BeforeProcessingInitializeOnLoad (92ms)
			ProcessInitializeOnLoadAttributes (114ms)
			ProcessInitializeOnLoadMethodAttributes (81ms)
[Licensing::Client] Successfully resolved entitlement details
[Licensing::Module] License group:
  Id: F4-FQE5-U6TU-H7W3-QSAD-XXXX
  Product: Unity Personal
  Type: ULF
  Expiration: Unlimited
[Licensing::Module] License group:
  Id: 4673397952068-UnityPersXXXX
  Product: Unity Personal
  Type: Assigned
  Expiration: Unlimited
Application.AssetDatabase Initial Refresh Start
[Package Manager] Restoring resolved packages state from cache
[Licensing::Client] Successfully resolved entitlement details
[Package Manager] Registered 57 packages:
  Packages from [https://packages.unity.com]:
    com.unity.ai.navigation@2.0.12 (location: F:\PUN\Mundo aprendo tesis\Library\PackageCache\com.unity.ai.navigation@734c2c4c5591)
    com.unity.collab-proxy@2.12.4 (location: F:\PUN\Mundo aprendo tesis\Library\PackageCache\com.unity.collab-proxy@0b1559bcd34e)
    com.unity.ide.rider@3.0.39 (location: F:\PUN\Mundo aprendo tesis\Library\PackageCache\com.unity.ide.rider@4504839d03f7)
    com.unity.ide.visualstudio@2.0.27 (location: F:\PUN\Mundo aprendo tesis\Library\PackageCache\com.unity.ide.visualstudio@dc1ddd4f09b6)
    com.unity.inputsystem@1.19.0 (location: F:\PUN\Mundo aprendo tesis\Library\PackageCache\com.unity.inputsystem@21a28c3a6c83)
    com.unity.timeline@1.8.12 (location: F:\PUN\Mundo aprendo tesis\Library\PackageCache\com.unity.timeline@8cd8509afae5)
    com.unity.visualscripting@1.9.11 (location: F:\PUN\Mundo aprendo tesis\Library\PackageCache\com.unity.visualscripting@8bed5ad90189)
    com.unity.searcher@4.9.4 (location: F:\PUN\Mundo aprendo tesis\Library\PackageCache\com.unity.searcher@d45a78918735)
    com.unity.burst@1.8.28 (location: F:\PUN\Mundo aprendo tesis\Library\PackageCache\com.unity.burst@07790c2d06d9)
    com.unity.mathematics@1.3.3 (location: F:\PUN\Mundo aprendo tesis\Library\PackageCache\com.unity.mathematics@19a9377c4ffa)
    com.unity.nuget.mono-cecil@1.11.6 (location: F:\PUN\Mundo aprendo tesis\Library\PackageCache\com.unity.nuget.mono-cecil@ecb9724e46ff)
    com.unity.test-framework.performance@3.2.0 (location: F:\PUN\Mundo aprendo tesis\Library\PackageCache\com.unity.test-framework.performance@0840f58e4562)
  Built-in packages:
    com.unity.multiplayer.center@1.0.1 (location: F:\PUN\Mundo aprendo tesis\Library\PackageCache\com.unity.multiplayer.center@f01f4ba8d00a)
    com.unity.render-pipelines.universal@17.4.0 (location: F:\PUN\Mundo aprendo tesis\Library\PackageCache\com.unity.render-pipelines.universal@0c5162adfb45)
    com.unity.test-framework@1.6.0 (location: F:\PUN\Mundo aprendo tesis\Library\PackageCache\com.unity.test-framework@629486125cfc)
    com.unity.ugui@2.0.0 (location: F:\PUN\Mundo aprendo tesis\Library\PackageCache\com.unity.ugui@3dd2fbd8c1f1)
    com.unity.modules.accessibility@1.0.0 (location: F:\PUN\Mundo aprendo tesis\Library\PackageCache\com.unity.modules.accessibility)
    com.unity.modules.adaptiveperformance@1.0.0 (location: F:\PUN\Mundo aprendo tesis\Library\PackageCache\com.unity.modules.adaptiveperformance)
    com.unity.modules.ai@1.0.0 (location: F:\PUN\Mundo aprendo tesis\Library\PackageCache\com.unity.modules.ai)
    com.unity.modules.androidjni@1.0.0 (location: F:\PUN\Mundo aprendo tesis\Library\PackageCache\com.unity.modules.androidjni)
    com.unity.modules.animation@1.0.0 (location: F:\PUN\Mundo aprendo tesis\Library\PackageCache\com.unity.modules.animation)
    com.unity.modules.assetbundle@1.0.0 (location: F:\PUN\Mundo aprendo tesis\Library\PackageCache\com.unity.modules.assetbundle)
    com.unity.modules.audio@1.0.0 (location: F:\PUN\Mundo aprendo tesis\Library\PackageCache\com.unity.modules.audio)
    com.unity.modules.cloth@1.0.0 (location: F:\PUN\Mundo aprendo tesis\Library\PackageCache\com.unity.modules.cloth)
    com.unity.modules.director@1.0.0 (location: F:\PUN\Mundo aprendo tesis\Library\PackageCache\com.unity.modules.director)
    com.unity.modules.imageconversion@1.0.0 (location: F:\PUN\Mundo aprendo tesis\Library\PackageCache\com.unity.modules.imageconversion)
    com.unity.modules.imgui@1.0.0 (location: F:\PUN\Mundo aprendo tesis\Library\PackageCache\com.unity.modules.imgui)
    com.unity.modules.jsonserialize@1.0.0 (location: F:\PUN\Mundo aprendo tesis\Library\PackageCache\com.unity.modules.jsonserialize)
    com.unity.modules.particlesystem@1.0.0 (location: F:\PUN\Mundo aprendo tesis\Library\PackageCache\com.unity.modules.particlesystem)
    com.unity.modules.physics@1.0.0 (location: F:\PUN\Mundo aprendo tesis\Library\PackageCache\com.unity.modules.physics)
    com.unity.modules.physics2d@1.0.0 (location: F:\PUN\Mundo aprendo tesis\Library\PackageCache\com.unity.modules.physics2d)
    com.unity.modules.screencapture@1.0.0 (location: F:\PUN\Mundo aprendo tesis\Library\PackageCache\com.unity.modules.screencapture)
    com.unity.modules.terrain@1.0.0 (location: F:\PUN\Mundo aprendo tesis\Library\PackageCache\com.unity.modules.terrain)
    com.unity.modules.terrainphysics@1.0.0 (location: F:\PUN\Mundo aprendo tesis\Library\PackageCache\com.unity.modules.terrainphysics)
    com.unity.modules.tilemap@1.0.0 (location: F:\PUN\Mundo aprendo tesis\Library\PackageCache\com.unity.modules.tilemap)
    com.unity.modules.ui@1.0.0 (location: F:\PUN\Mundo aprendo tesis\Library\PackageCache\com.unity.modules.ui)
    com.unity.modules.uielements@1.0.0 (location: F:\PUN\Mundo aprendo tesis\Library\PackageCache\com.unity.modules.uielements)
    com.unity.modules.umbra@1.0.0 (location: F:\PUN\Mundo aprendo tesis\Library\PackageCache\com.unity.modules.umbra)
    com.unity.modules.unityanalytics@1.0.0 (location: F:\PUN\Mundo aprendo tesis\Library\PackageCache\com.unity.modules.unityanalytics)
    com.unity.modules.unitywebrequest@1.0.0 (location: F:\PUN\Mundo aprendo tesis\Library\PackageCache\com.unity.modules.unitywebrequest)
    com.unity.modules.unitywebrequestassetbundle@1.0.0 (location: F:\PUN\Mundo aprendo tesis\Library\PackageCache\com.unity.modules.unitywebrequestassetbundle)
    com.unity.modules.unitywebrequestaudio@1.0.0 (location: F:\PUN\Mundo aprendo tesis\Library\PackageCache\com.unity.modules.unitywebrequestaudio)
    com.unity.modules.unitywebrequesttexture@1.0.0 (location: F:\PUN\Mundo aprendo tesis\Library\PackageCache\com.unity.modules.unitywebrequesttexture)
    com.unity.modules.unitywebrequestwww@1.0.0 (location: F:\PUN\Mundo aprendo tesis\Library\PackageCache\com.unity.modules.unitywebrequestwww)
    com.unity.modules.vectorgraphics@1.0.0 (location: F:\PUN\Mundo aprendo tesis\Library\PackageCache\com.unity.modules.vectorgraphics)
    com.unity.modules.vehicles@1.0.0 (location: F:\PUN\Mundo aprendo tesis\Library\PackageCache\com.unity.modules.vehicles)
    com.unity.modules.video@1.0.0 (location: F:\PUN\Mundo aprendo tesis\Library\PackageCache\com.unity.modules.video)
    com.unity.modules.vr@1.0.0 (location: F:\PUN\Mundo aprendo tesis\Library\PackageCache\com.unity.modules.vr)
    com.unity.modules.wind@1.0.0 (location: F:\PUN\Mundo aprendo tesis\Library\PackageCache\com.unity.modules.wind)
    com.unity.modules.xr@1.0.0 (location: F:\PUN\Mundo aprendo tesis\Library\PackageCache\com.unity.modules.xr)
    com.unity.modules.subsystems@1.0.0 (location: F:\PUN\Mundo aprendo tesis\Library\PackageCache\com.unity.modules.subsystems)
    com.unity.modules.hierarchycore@1.0.0 (location: F:\PUN\Mundo aprendo tesis\Library\PackageCache\com.unity.modules.hierarchycore)
    com.unity.ext.nunit@2.0.5 (location: F:\PUN\Mundo aprendo tesis\Library\PackageCache\com.unity.ext.nunit@d8c07649098d)
    com.unity.render-pipelines.core@17.4.0 (location: F:\PUN\Mundo aprendo tesis\Library\PackageCache\com.unity.render-pipelines.core@6a60abc179f8)
    com.unity.shadergraph@17.4.0 (location: F:\PUN\Mundo aprendo tesis\Library\PackageCache\com.unity.shadergraph@c6e5f4d3afa5)
    com.unity.render-pipelines.universal-config@17.4.0 (location: F:\PUN\Mundo aprendo tesis\Library\PackageCache\com.unity.render-pipelines.universal-config@0db4263b9e6b)
    com.unity.collections@6.4.0 (location: F:\PUN\Mundo aprendo tesis\Library\PackageCache\com.unity.collections@538ace9075bc)
[Subsystems] No new subsystems found in resolved package list.
[Package Manager] Done registering packages in 0.01 seconds
Starting: C:\Program Files\Unity\Hub\Editor\6000.4.0f1\Editor\Data\Tools\BuildPipeline\bee_backend.exe --ipc --defer-dag-verification --dagfile="Library/Bee/1900b0aE.dag" --continue-on-failure --profile="Library/Bee/backend1.traceevents" ScriptAssemblies
WorkingDir: F:/PUN/Mundo aprendo tesis
DisplayProgressbar: Compiling Scripts
ExitCode: 0 Duration: 0s202ms
[722/918    0s] ILPP-Configuration Library/ilpp-configuration.nevergeneratedoutput
*** Tundra build success (0.18 seconds), 1 items updated, 918 evaluated
AssetDatabase: script compilation time: 0.577354s
Begin MonoManager ReloadAssembly
Assembly Assembly-CSharp-Editor-firstpass.dll at Library/ScriptAssemblies/Assembly-CSharp-Editor-firstpass.dll not valid. Loading of assembly skipped.
Assembly Assembly-CSharp-firstpass.dll at Library/ScriptAssemblies/Assembly-CSharp-firstpass.dll not valid. Loading of assembly skipped.
Assembly DocCodeExamples.dll at Library/ScriptAssemblies/DocCodeExamples.dll not valid. Loading of assembly skipped.
Assembly TestNewCustomAssembly.dll at Library/ScriptAssemblies/TestNewCustomAssembly.dll not valid. Loading of assembly skipped.
Assembly Unity.Collections.BurstCompatibilityGen.dll at Library/ScriptAssemblies/Unity.Collections.BurstCompatibilityGen.dll not valid. Loading of assembly skipped.
Assembly Unity.Collections.DocCodeSamples.dll at Library/ScriptAssemblies/Unity.Collections.DocCodeSamples.dll not valid. Loading of assembly skipped.
Assembly Unity.Collections.PerformanceTests.dll at Library/ScriptAssemblies/Unity.Collections.PerformanceTests.dll not valid. Loading of assembly skipped.
Assembly Unity.Collections.Tests.dll at Library/ScriptAssemblies/Unity.Collections.Tests.dll not valid. Loading of assembly skipped.
Assembly Unity.Collections.Tests.Playmode.dll at Library/ScriptAssemblies/Unity.Collections.Tests.Playmode.dll not valid. Loading of assembly skipped.
Assembly Unity.InputSystem.IntegrationTests.dll at Library/ScriptAssemblies/Unity.InputSystem.IntegrationTests.dll not valid. Loading of assembly skipped.
Assembly Unity.Mathematics.Tests.dll at Library/ScriptAssemblies/Unity.Mathematics.Tests.dll not valid. Loading of assembly skipped.
Assembly Unity.Multiplayer.Center.Editor.Tests.dll at Library/ScriptAssemblies/Unity.Multiplayer.Center.Editor.Tests.dll not valid. Loading of assembly skipped.
Assembly Unity.Multiplayer.Center.Tests.dll at Library/ScriptAssemblies/Unity.Multiplayer.Center.Tests.dll not valid. Loading of assembly skipped.
Assembly Unity.Nuget.Mono-Cecil.dll at Library/ScriptAssemblies/Unity.Nuget.Mono-Cecil.dll not valid. Loading of assembly skipped.
Assembly Unity.PathTracing.Editor.Tests.dll at Library/ScriptAssemblies/Unity.PathTracing.Editor.Tests.dll not valid. Loading of assembly skipped.
Assembly Unity.PathTracing.Runtime.Tests.dll at Library/ScriptAssemblies/Unity.PathTracing.Runtime.Tests.dll not valid. Loading of assembly skipped.
Assembly Unity.RenderPipelines.Core.Editor.Tests.dll at Library/ScriptAssemblies/Unity.RenderPipelines.Core.Editor.Tests.dll not valid. Loading of assembly skipped.
Assembly Unity.RenderPipelines.Core.Runtime.Tests.dll at Library/ScriptAssemblies/Unity.RenderPipelines.Core.Runtime.Tests.dll not valid. Loading of assembly skipped.
Assembly Unity.RenderPipelines.Universal.Config.Editor.Tests.dll at Library/ScriptAssemblies/Unity.RenderPipelines.Universal.Config.Editor.Tests.dll not valid. Loading of assembly skipped.
Assembly Unity.RenderPipelines.Universal.Editor.Tests.dll at Library/ScriptAssemblies/Unity.RenderPipelines.Universal.Editor.Tests.dll not valid. Loading of assembly skipped.
Assembly Unity.RenderPipelines.Universal.Runtime.Tests.dll at Library/ScriptAssemblies/Unity.RenderPipelines.Universal.Runtime.Tests.dll not valid. Loading of assembly skipped.
Assembly Unity.Searcher.EditorTests.dll at Library/ScriptAssemblies/Unity.Searcher.EditorTests.dll not valid. Loading of assembly skipped.
Assembly Unity.ShaderGraph.Editor.Tests.dll at Library/ScriptAssemblies/Unity.ShaderGraph.Editor.Tests.dll not valid. Loading of assembly skipped.
Assembly Unity.TextMeshPro.Editor.Tests.dll at Library/ScriptAssemblies/Unity.TextMeshPro.Editor.Tests.dll not valid. Loading of assembly skipped.
Assembly Unity.TextMeshPro.Tests.dll at Library/ScriptAssemblies/Unity.TextMeshPro.Tests.dll not valid. Loading of assembly skipped.
Assembly Unity.UnifiedRayTracing.Editor.Tests.dll at Library/ScriptAssemblies/Unity.UnifiedRayTracing.Editor.Tests.dll not valid. Loading of assembly skipped.
Assembly UnityEditor.UI.Common.Tests.dll at Library/ScriptAssemblies/UnityEditor.UI.Common.Tests.dll not valid. Loading of assembly skipped.
Assembly UnityEditor.UI.EditorTests.dll at Library/ScriptAssemblies/UnityEditor.UI.EditorTests.dll not valid. Loading of assembly skipped.
Assembly UnityEngine.UI.Tests.dll at Library/ScriptAssemblies/UnityEngine.UI.Tests.dll not valid. Loading of assembly skipped.
Native extension for Android target not found
Native extension for WindowsStandalone target not found
ScheduleIndexationOnStartup MainProcess:True IndexOnStartup:True
Mono: successfully reloaded assembly
- Finished resetting the current domain, in  3.051 seconds
Domain Reload Profiling: 3978ms
	BeginReloadAssembly (303ms)
		DisableScriptedObjects (10ms)
		CreateAndSetChildDomain (150ms)
	RebuildCommonClasses (39ms)
	RebuildNativeTypeToScriptingClass (14ms)
	initialDomainReloadingComplete (60ms)
	LoadAllAssembliesAndSetupDomain (509ms)
		LoadAssemblies (330ms)
		AnalyzeDomain (272ms)
			TypeCache.Refresh (193ms)
				TypeCache.ScanAssembly (178ms)
			BuildScriptInfoCaches (65ms)
			ResolveRequiredComponents (13ms)
	FinalizeReload (3052ms)
		SetupLoadedEditorAssemblies (0ms)
			InitializePlatformSupportModulesInManaged (33ms)
			BeforeProcessingInitializeOnLoad (180ms)
			ProcessInitializeOnLoadAttributes (2425ms)
			ProcessInitializeOnLoadMethodAttributes (139ms)
			AfterProcessingInitializeOnLoad (7ms)
		AwakeInstancesAfterBackupRestoration (6ms)
(Values over 0.050ms)
Asset Pipeline Refresh (id=a09254ae5f733ba458d672313a0db915): Total: 5.114 seconds - Initiated by InitialRefreshV2(ForceSynchronousImport)
	Summary:
		Imports: total=0 (actual=0, local cache=0, cache server=0)
		Asset DB Process Time: managed=0 ms, native=3495 ms
		Asset DB Callback time: managed=40 ms, native=16 ms
		Scripting: domain reloads=1, domain reload time=930 ms, compile time=579 ms, other=50 ms
		Project Asset Count: scripts=1370, non-scripts=2595
		Asset File Changes: new=0, changed=0, moved=0, deleted=0
		Scan Filter Count: 0
	InvokePackagesCallback: 18.216ms
	ApplyChangesToAssetFolders: 0.831ms
	Scan: 136.552ms
	CategorizeScriptCompilationAssets: 48.819ms
	ProcessAssetsWithTransientArtifactChanges: 78.153ms
	CategorizeAssets: 47.782ms
	CompileScripts: 578.574ms
	ImportOutOfDateAssets: 3061.294ms (3059.379ms without children)
		UnloadImportedAssets: 0.864ms
		EnsureUptoDateAssetsAreRegisteredWithGuidPM: 0.667ms
		OnDemandSchedulerStart: 0.359ms
	PostProcessAllAssets: 40.919ms
		MonoPostProcessAllAssets: 40.840ms
			UniversalRenderPipelineGlobalSettingsPostprocessor.OnPostprocessAllAssets 15.214ms
			SyncVS.PostprocessSyncProject 10.256ms
			SpeedTree9Postprocessor.OnPostprocessAllAssets 2.129ms
			WindowAssetPostprocessingWatcher.OnPostprocessAllAssets 2.055ms
			RenderPipelineGlobalSettingsPostprocessor.OnPostprocessAllAssets 0.743ms
			ReferencedClipsPostProcessor.OnPostprocessAllAssets 0.329ms
			InputActionAssetPostprocessor.OnPostprocessAllAssets 0.289ms
			TerrainToolbarOverlayPostProcessor.OnPostprocessAllAssets 0.261ms
			ProjectSettingsPostprocessor.OnPostprocessAllAssets 0.201ms
			AssetDatabaseCallbacks.OnPostprocessAllAssets 0.152ms
	UnloadStreamsBegin: 4.098ms
	PersistCurrentRevisions: 0.106ms
	GenerateScriptTypeHashes: 3.390ms
	GenerateScriptTypeSerializationHashes: 6.429ms
	Untracked: 1096.574ms

Application.AssetDatabase Initial Refresh End
Scanning for USB devices : 2.648ms
Initializing Unity extensions:
[MODES] ModeService[none].Initialize
[MODES] ModeService[none].LoadModes
[MODES] Loading mode Default (0) for mode-current-id-Mundo aprendo tesis
Unloading 27 Unused Serialized files (Serialized files now loaded: 0)
Unloading 6630 unused Assets / (3.5 MB). Loaded Objects now: 7478.
Memory consumption went from 193.9 MB to 190.4 MB.
Total: 10.531900 ms (FindLiveObjects: 0.957900 ms CreateObjectMapping: 1.627700 ms MarkObjects: 5.673000 ms  DeleteObjects: 2.271100 ms)

Start importing Assets/Mundo Aprendo/Prefabs using Guid(03242a59d1a802d4fa6b1fd89c137fa7) (DefaultImporter) -> (Import Result ID: '11fca67e7db2804fa57f0272db695913') in 0.0149899 seconds [static dependencies only]. Details - ImportResultOutputID=e83106b64e6089061b7309eb6c175115 DependenciesID=331ec25abec0489e8017b1e7dbef75b7 StaticDependenciesID=b8847dad652bca65458d06e8218eaab3 
(Values over 0.050ms)
Asset Pipeline Refresh (id=490876dc78d592447bfa8250db32f036): Total: 0.334 seconds - Initiated by StopAssetImportingV2(NoUpdateAssetOptions)
	Summary:
		Imports: total=1 (actual=1, local cache=0, cache server=0)
		Asset DB Process Time: managed=3 ms, native=96 ms
		Asset DB Callback time: managed=228 ms, native=4 ms
		Scripting: domain reloads=0, domain reload time=0 ms, compile time=0 ms, other=0 ms
		Project Asset Count: scripts=1371, non-scripts=2595
		Asset File Changes: new=1, changed=1, moved=0, deleted=0
		Scan Filter Count: 3
	ApplyChangesToAssetFolders: 0.186ms
	Scan: 28.620ms
	OnSourceAssetsModified: 0.998ms
	ProcessAssetsWithTransientArtifactChanges: 0.194ms
	CategorizeAssets: 39.616ms
	ImportOutOfDateAssets: 18.040ms (0.308ms without children)
		ImportManagerImport: 16.715ms (1.443ms without children)
		UnloadImportedAssets: 0.174ms
		EnsureUptoDateAssetsAreRegisteredWithGuidPM: 0.532ms
		OnDemandSchedulerStart: 0.276ms
	PostProcessAllAssets: 229.773ms
		XRBuildSystem.XRAssetImported 2.277ms
		MonoPostProcessAllAssets: 226.989ms
			AssetPostprocessor.OnPostprocessAllAssets 137.460ms
			StyleCatalogPostProcessor.OnPostprocessAllAssets 41.057ms
			BuilderAssetPostprocessor.OnPostprocessAllAssets 33.516ms
			AssetChangedListener.OnPostprocessAllAssets 1.583ms
			RetainedModeAssetPostprocessor.OnPostprocessAllAssets 1.480ms
			ShaderGraphAssetPostProcessor.OnPostprocessAllAssets 1.410ms
			ArtifactBrowserPostProcessor.OnPostprocessAllAssets 1.296ms
			SyncVS.PostprocessSyncProject 1.142ms
			TMPro_TexturePostProcessor.OnPostprocessAllAssets 0.799ms
			AudioMixerPostprocessor.OnPostprocessAllAssets 0.699ms
			UVCSAssetPostprocessor.OnPostprocessAllAssets 0.675ms
			MaterialPostprocessor.OnPostprocessAllAssets 0.619ms
			TextAssetPostProcessor.OnPostprocessAllAssets 0.381ms
			ConfigAssetsTracker.OnPostprocessAllAssets 0.345ms
			PostProcessor.OnPostprocessAllAssets 0.328ms
			InputActionJsonNameModifierAssetProcessor.OnPostprocessAllAssets 0.294ms
			ScenarioDriftAssetsTracker.OnPostprocessAllAssets 0.287ms
			AssetEvents.OnPostprocessAllAssets 0.243ms
			AudioContainerPostProcessor.OnPostprocessAllAssets 0.214ms
			SamplePostprocessor.OnPostprocessAllAssets 0.179ms
			SpeedTreePostProcessor.OnPostprocessAllAssets 0.160ms
			InputActionAssetPostprocessor.OnPostprocessAllAssets 0.115ms
			AssetDatabaseCallbacks.OnPostprocessAllAssets 0.074ms
			RenderPipelineGlobalSettingsPostprocessor.OnPostprocessAllAssets 0.074ms
	PostAssetChangesProfiler: 2.914ms
	GatherAllCurrentPrimaryImportResultRevisions: 0.272ms
	UnloadStreamsBegin: 1.677ms
	PersistCurrentRevisions: 0.181ms
	Untracked: 6.766ms

Start importing Assets/Mundo Aprendo/Prefabs/Systems using Guid(b77d1d4e9a3b73245809bdf788e99612) (DefaultImporter) -> (Import Result ID: '8cc83537f4749cb87337c6322eeeae2b') in 0.0077744 seconds [static dependencies only]. Details - ImportResultOutputID=3e6d3781e3fa7ae8561c4feb3a875fa4 DependenciesID=f841401c5cc579d50db183659a750fa0 StaticDependenciesID=d152aa9301782c0716834934482659d7 
Asset Pipeline Refresh (id=9b5547900eca0fc4eb549cb44b4ea554): Total: 0.047 seconds - Initiated by StopAssetImportingV2(NoUpdateAssetOptions)
Start importing Assets/Mundo Aprendo/Prefabs/Systems/AudioManager.prefab using Guid(0a5739c634f7a3445ba29a9c15405674) (PrefabImporter) -> (Import Result ID: '4e5c00282a52c34a2720b1633a4168ab') in 0.0100763 seconds [static and dynamic dependencies]. Details - ImportResultOutputID=acb072d14ac0729390e9502e49bdc68a DependenciesID=6f3ce7d89701aeb699efc8dcf9f35bc2 StaticDependenciesID=bc9f6412ff4f9e77b0e48976e6bc902c 
Asset Pipeline Refresh (id=3770db47fe3a75145891d7b1b7a1951e): Total: 0.051 seconds - Initiated by StopAssetImportingV2(NoUpdateAssetOptions)
Opening scene 'Assets/Scenes/Menu.unity'
Unloading 19 Unused Serialized files (Serialized files now loaded: 0)
Loaded scene 'Assets/Scenes/Menu.unity'
	Deserialize:            60.484 ms
	Integration:            266.919 ms
	Integration of assets:  1.438 ms
	Thread Wait Time:       0.003 ms
	Total Operation Time:   328.845 ms
Unloading 14 unused Assets / (5.2 MB). Loaded Objects now: 8228.
Memory consumption went from 203.4 MB to 198.2 MB.
Total: 7.028300 ms (FindLiveObjects: 0.496100 ms CreateObjectMapping: 0.358000 ms MarkObjects: 6.128600 ms  DeleteObjects: 0.044900 ms)

Start importing Assets/Mundo Aprendo/Fuente de Letra/Supersonic Rocketship SDF.asset using Guid(1b14be28849fd6c498e87f629f19ce92) (NativeFormatImporter) -> (Import Result ID: '272a9109abcbe45bbe67cfdafa65b2fc') in 0.0047678 seconds [static dependencies only]. Details - ImportResultOutputID=8bbf97985c7f871718d52536ae4a7ad7 DependenciesID=0cd6c48eadaf3d02f47c37e1cf6635e4 StaticDependenciesID=5e1f77d0d7e358a38e14f5db0412ec3f 
Asset Pipeline Refresh (id=ffb47592e28e45e498b412175573ac1d): Total: 0.047 seconds - Initiated by StopAssetImportingV2(NoUpdateAssetOptions)
Start importing Assets/Scenes/Menu.unity using Guid(0a30dc9e534a4324ab7c3475af5151ec) (DefaultImporter) -> (Import Result ID: '27be2eea62f176a345726349fe32038e') in 0.0008148 seconds [static dependencies only]. Details - ImportResultOutputID=b8537c70be77753828ecd5233c8772f5 DependenciesID=56166fdbaabec734813a6ce9f3f1b1c1 StaticDependenciesID=d01a40be3cd051b713e7df69ac24ea3f 
Asset Pipeline Refresh (id=fd7c262b6b989fd438c47efb86059c91): Total: 0.035 seconds - Initiated by StopAssetImportingV2(NoUpdateAssetOptions)
Opening scene 'Assets/Scenes/SeleccionMundos.unity'
Unloading 27 Unused Serialized files (Serialized files now loaded: 0)
Loaded scene 'Assets/Scenes/SeleccionMundos.unity'
	Deserialize:            11.598 ms
	Integration:            185.563 ms
	Integration of assets:  0.370 ms
	Thread Wait Time:       0.037 ms
	Total Operation Time:   197.567 ms
Unloading 254 unused Assets / (9.8 MB). Loaded Objects now: 8090.
Memory consumption went from 214.7 MB to 204.9 MB.
Total: 9.112000 ms (FindLiveObjects: 0.524200 ms CreateObjectMapping: 0.386500 ms MarkObjects: 7.478000 ms  DeleteObjects: 0.722400 ms)

Start importing Assets/Scenes/SeleccionMundos.unity using Guid(1573d5a0267709b45a301ffda98e1fe8) (DefaultImporter) -> (Import Result ID: 'a465c009616fbaf94e440cdd7952ee8f') in 0.0007267 seconds [static dependencies only]. Details - ImportResultOutputID=78d91bf60aac1876ab5a70ed958d191c DependenciesID=061ad2a2377f1ee549ea37d78f6747ee StaticDependenciesID=7a83c469f6e60cb68097f68359798830 
Asset Pipeline Refresh (id=cbda4207a593b984f9f6efc0ca024d5e): Total: 0.039 seconds - Initiated by StopAssetImportingV2(NoUpdateAssetOptions)
Opening scene 'Assets/Scenes/MundoMusical.unity'
Unloading 26 Unused Serialized files (Serialized files now loaded: 0)
Loaded scene 'Assets/Scenes/MundoMusical.unity'
	Deserialize:            7.482 ms
	Integration:            187.406 ms
	Integration of assets:  0.335 ms
	Thread Wait Time:       0.034 ms
	Total Operation Time:   195.256 ms
Unloading 163 unused Assets / (4.6 MB). Loaded Objects now: 7752.
Memory consumption went from 204.8 MB to 200.2 MB.
Total: 7.389000 ms (FindLiveObjects: 0.470000 ms CreateObjectMapping: 0.352000 ms MarkObjects: 6.098100 ms  DeleteObjects: 0.468100 ms)

Start importing Assets/Scenes/MundoMusical.unity using Guid(3f6c4386a3a044d19c80c07a1b58c85e) (DefaultImporter) -> (Import Result ID: '2cf608b8344087ab890813efe61f2901') in 0.0012419 seconds [static dependencies only]. Details - ImportResultOutputID=fa1607080b451a56afdda71ccf73d1ba DependenciesID=83f2cb83954dca78fed2066a2021a890 StaticDependenciesID=756cff818f52c976aad09a775f12bc1e 
Asset Pipeline Refresh (id=ba5c8f1e3978852459d94fd2c5387b9a): Total: 0.039 seconds - Initiated by StopAssetImportingV2(NoUpdateAssetOptions)
Opening scene 'Assets/Scenes/MundoCuentos_VozTest.unity'
Unloading 25 Unused Serialized files (Serialized files now loaded: 0)
Loaded scene 'Assets/Scenes/MundoCuentos_VozTest.unity'
	Deserialize:            5.303 ms
	Integration:            184.673 ms
	Integration of assets:  0.338 ms
	Thread Wait Time:       0.040 ms
	Total Operation Time:   190.354 ms
Unloading 165 unused Assets / (9.2 MB). Loaded Objects now: 7724.
Memory consumption went from 209.1 MB to 199.9 MB.
Total: 7.929700 ms (FindLiveObjects: 0.531900 ms CreateObjectMapping: 0.423200 ms MarkObjects: 6.537300 ms  DeleteObjects: 0.436000 ms)

Start importing Assets/Scenes/MundoCuentos_VozTest.unity using Guid(fe78397ebc833764983c91fdbdc87212) (DefaultImporter) -> (Import Result ID: '72c8018f2084ee0fcae12d59f556b37c') in 0.0007634 seconds [static dependencies only]. Details - ImportResultOutputID=9d598c3d92fd2cc4bf3114ab33571991 DependenciesID=0297f385abca302cc6fdaa276a9d2f74 StaticDependenciesID=7bf3cdd40bbffba5919c223b0b3b5768 
Asset Pipeline Refresh (id=265a06cd1d027fa4a86a1c17c4860c9d): Total: 0.038 seconds - Initiated by StopAssetImportingV2(NoUpdateAssetOptions)
Opening scene 'Assets/Scenes/MundoTamanos.unity'
Unloading 38 Unused Serialized files (Serialized files now loaded: 0)
Loaded scene 'Assets/Scenes/MundoTamanos.unity'
	Deserialize:            9.264 ms
	Integration:            187.798 ms
	Integration of assets:  0.467 ms
	Thread Wait Time:       0.006 ms
	Total Operation Time:   197.536 ms
Unloading 159 unused Assets / (355.2 KB). Loaded Objects now: 7735.
Memory consumption went from 201.6 MB to 201.3 MB.
Total: 7.585700 ms (FindLiveObjects: 0.524600 ms CreateObjectMapping: 0.381000 ms MarkObjects: 6.357400 ms  DeleteObjects: 0.321900 ms)

Start importing Assets/Scenes/MundoTamanos.unity using Guid(af7c037977634694aaacfb010d89d78b) (DefaultImporter) -> (Import Result ID: '5a994b41e4d33013d93a6a29d1698aaa') in 0.0009014 seconds [static dependencies only]. Details - ImportResultOutputID=12d6a3db28b4fa74f299c90f3b37669f DependenciesID=948b8d0e061d1fa278e9caa8cac1084f StaticDependenciesID=b6fe23659062b05758c9ea9d3b4fd84c 
Asset Pipeline Refresh (id=08bdc7856a8f20b4d86f21b967db26d9): Total: 0.039 seconds - Initiated by StopAssetImportingV2(NoUpdateAssetOptions)
Opening scene 'Assets/Scenes/Mundos/MundoEmociones.unity'
Unloading 32 Unused Serialized files (Serialized files now loaded: 0)
Loaded scene 'Assets/Scenes/Mundos/MundoEmociones.unity'
	Deserialize:            10.891 ms
	Integration:            190.468 ms
	Integration of assets:  0.526 ms
	Thread Wait Time:       0.015 ms
	Total Operation Time:   201.900 ms
Unloading 177 unused Assets / (379.1 KB). Loaded Objects now: 7944.
Memory consumption went from 203.6 MB to 203.2 MB.
Total: 7.964500 ms (FindLiveObjects: 0.472700 ms CreateObjectMapping: 0.335100 ms MarkObjects: 6.773900 ms  DeleteObjects: 0.381600 ms)

Start importing Assets/Scenes/Mundos/MundoEmociones.unity using Guid(6b56f69df0d5ca647a296cab90545e42) (DefaultImporter) -> (Import Result ID: 'be8131ea16836465cad270f978591a62') in 0.00087 seconds [static dependencies only]. Details - ImportResultOutputID=f1fcdccfac37ee37a090bc4bbded634a DependenciesID=93fc6bd261c3af8b8da31165389586a9 StaticDependenciesID=456c21e909380951c42382154d4614be 
Asset Pipeline Refresh (id=28f5bd20ebb3c4b4a90d79a954f8c9e7): Total: 0.039 seconds - Initiated by StopAssetImportingV2(NoUpdateAssetOptions)
Asset Pipeline Refresh (id=a31765aff2ed45d45a4110216857125b): Total: 0.009 seconds - Initiated by RefreshV2(NoUpdateAssetOptions)
Opening scene 'Assets/Scenes/Menu.unity'
Unloading 12 Unused Serialized files (Serialized files now loaded: 0)
Loaded scene 'Assets/Scenes/Menu.unity'
	Deserialize:            16.442 ms
	Integration:            219.247 ms
	Integration of assets:  0.347 ms
	Thread Wait Time:       0.007 ms
	Total Operation Time:   236.042 ms
Unloading 181 unused Assets / (9.2 MB). Loaded Objects now: 8244.
Memory consumption went from 217.0 MB to 207.8 MB.
Total: 11.662100 ms (FindLiveObjects: 0.939500 ms CreateObjectMapping: 0.621500 ms MarkObjects: 9.599500 ms  DeleteObjects: 0.500600 ms)

Mejoras visuales y tecnicas aplicadas de forma idempotente a las seis escenas.
UnityEngine.Debug:ExtractStackTraceNoAlloc (byte*,int,string)
UnityEngine.StackTraceUtility:ExtractStackTrace ()
UnityEngine.DebugLogHandler:Internal_Log (UnityEngine.LogType,UnityEngine.LogOption,string,UnityEngine.Object)
UnityEngine.DebugLogHandler:LogFormat (UnityEngine.LogType,UnityEngine.Object,string,object[])
UnityEngine.Logger:Log (UnityEngine.LogType,object)
UnityEngine.Debug:Log (object)
Bolin.Editor.MundoAprendoPolishSetup:ApplyProjectPolish () (at Assets/Mundo Aprendo/Editor/MundoAprendoPolishSetup.cs:62)

(Filename: Assets/Mundo Aprendo/Editor/MundoAprendoPolishSetup.cs Line: 62)

Batchmode quit successfully invoked - shutting down!
Clearing [Supersonic Rocketship SDF] dynamic font asset data.
UnityEngine.Debug:ExtractStackTraceNoAlloc (byte*,int,string)
UnityEngine.StackTraceUtility:ExtractStackTrace ()
UnityEngine.DebugLogHandler:Internal_Log (UnityEngine.LogType,UnityEngine.LogOption,string,UnityEngine.Object)
UnityEngine.DebugLogHandler:LogFormat (UnityEngine.LogType,UnityEngine.Object,string,object[])
UnityEngine.Logger:Log (UnityEngine.LogType,object)
UnityEngine.Debug:Log (object)
TMPro.EditorEventCallbacks/<>c:<InitializeFontAssetResourceChangeCallBacks>b__0_0 () (at ./Library/PackageCache/com.unity.ugui@3dd2fbd8c1f1/Editor/TMP/TMP_EditorResourceManager.cs:36)
UnityEditor.EditorApplication:Internal_EditorApplicationQuit ()

(Filename: ./Library/PackageCache/com.unity.ugui@3dd2fbd8c1f1/Editor/TMP/TMP_EditorResourceManager.cs Line: 36)

Killing ADB server in 0.0272807 seconds.
Start importing Assets/Mundo Aprendo/Fuente de Letra/Supersonic Rocketship SDF.asset using Guid(1b14be28849fd6c498e87f629f19ce92) (NativeFormatImporter) -> (Import Result ID: 'ceb0f9f1318bf80093eb317b37eae98d') in 0.0020323 seconds [static dependencies only]. Details - ImportResultOutputID=8bbf97985c7f871718d52536ae4a7ad7 DependenciesID=3c694437a2ffedfeaab87860a75b5a4a StaticDependenciesID=91c8e08a29d993ddd072ff4e21720e64 
Asset Pipeline Refresh (id=0959b38960a46c64195a99cc6fe5b0bc): Total: 0.038 seconds - Initiated by StopAssetImportingV2(NoUpdateAssetOptions)
[Physics::Module] Cleanup current backend.
[Physics::Module] Id: 0xf2b8ea05
Input System module state changed to: ShutdownInProgress.
Input Polling Thread exited.
Input System module state changed to: Shutdown.
[Licensing::IpcConnector] LicenseClient-Boloxdhd-notifications channel disconnected successfully.
[Licensing::IpcConnector] LicenseClient-Boloxdhd channel disconnected successfully.
AcceleratorClientConnectionCallback - disconnected - :0
Cleanup mono
CodeReloadManager destroyed
Exiting batchmode successfully now!
Exiting without the bug reporter. Application will terminate with return code 0