[Licensing::Module] Trying to connect to existing licensing client channel...
Built from '6000.4/staging' branch; Version is '6000.4.0f1 (8cf496087c8f) revision 9237654'; Using compiler version '194234433'; Build Type 'Release'
OS: 'Windows 10  (10.0.19045) 64bit Professional' Language: 'es' Physical Memory: 32690 MB
BatchMode: 1, IsHumanControllingUs: 0, StartBugReporterOnCrash: 0, Is64bit: 1
System  architecture: x64
[Licensing::IpcConnector] Successfully connected to: "LicenseClient-Boloxdhd" at "2026-06-25T02:31:20.8115086Z"
Process architecture: x64
Date: 2026-06-25T02:31:20Z

COMMAND LINE ARGUMENTS:
C:\Program Files\Unity\Hub\Editor\6000.4.0f1\Editor\Unity.exe
-batchmode
-nographics
-projectPath
F:\PUN\Mundo aprendo tesis
-executeMethod
Bolin.Editor.MundoAprendoTestApiRunner.RunPlayMode
-logFile
F:\PUN\Mundo aprendo tesis\Logs\MundoCuentosFinalRepairPlayModeApi.log
Successfully changed project path to: F:\PUN\Mundo aprendo tesis
F:/PUN/Mundo aprendo tesis
[UnityMemory] Configuration Parameters - Can be set up in boot.config
    "memorysetup-temp-allocator-size-gi-baking-worker=262144"
    "memorysetup-temp-allocator-size-gi-baking-worker=262144"
    "memorysetup-temp-allocator-size-gi-baking-worker=262144"
    "memorysetup-temp-allocator-size-gi-baking-worker=262144"
    "memorysetup-temp-allocator-size-gi-baking-worker=262144"
    "memorysetup-temp-allocator-size-nav-mesh-worker=65536"
    "memorysetup-temp-allocator-size-audio-worker=65536"
    "memorysetup-temp-allocator-size-cloud-worker=32768"
    "memorysetup-temp-allocator-size-gfx=262144"
    "memorysetup-temp-allocator-size-preload-manager=33554432"
    "memorysetup-temp-allocator-size-job-worker=262144"
    "memorysetup-temp-allocator-size-background-worker=32768"
    "memorysetup-allocator-temp-initial-block-size-main=262144"
    "memorysetup-allocator-temp-initial-block-size-worker=262144"
    "memorysetup-bucket-allocator-granularity=16"
    "memorysetup-bucket-allocator-bucket-count=8"
    "memorysetup-bucket-allocator-block-size=33554432"
    "memorysetup-bucket-allocator-block-count=8"
    "memorysetup-main-allocator-block-size=16777216"
    "memorysetup-thread-allocator-block-size=16777216"
    "memorysetup-gfx-main-allocator-block-size=16777216"
    "memorysetup-gfx-thread-allocator-block-size=16777216"
    "memorysetup-cache-allocator-block-size=4194304"
    "memorysetup-typetree-allocator-block-size=2097152"
    "memorysetup-profiler-bucket-allocator-granularity=16"
    "memorysetup-profiler-bucket-allocator-bucket-count=8"
    "memorysetup-profiler-bucket-allocator-block-size=33554432"
    "memorysetup-profiler-bucket-allocator-block-count=8"
    "memorysetup-profiler-allocator-block-size=16777216"
    "memorysetup-profiler-editor-allocator-block-size=1048576"
    "memorysetup-temp-allocator-size-main=16777216"
    "memorysetup-job-temp-allocator-block-size=2097152"
    "memorysetup-job-temp-allocator-block-size-background=1048576"
    "memorysetup-job-temp-allocator-reduction-small-platforms=262144"
Player connection [14656]  Target information:

Player connection [14656]  * "[IP] 192.168.1.23 [Port] 55504 [Flags] 2 [Guid] 3689936105 [EditorId] 3689936105 [Version] 1048832 [Id] WindowsEditor(7,DESKTOP-NF6H5UD) [Debug] 1 [PackageName] WindowsEditor [ProjectName] Editor" 

Player connection [14656] Host joined multi-casting on [225.0.0.222:54997]...
Player connection [14656] Host joined alternative multi-casting on [225.0.0.222:34997]...
Input System module state changed to: Initialized.
[Physics::Module] Initialized fallback backend.
[Physics::Module] Id: 0xdecafbad
[Package Manager] Connected to IPC stream "Upm-22936" after 0.3 seconds.
[Licensing::Module] Licensing is not yet initialized.
[Licensing::Client] Error: HandshakeResponse reported an error:
	ResponseCode: 505
	ResponseStatus: Unsupported protocol version '1.18.1'.
[Licensing::Module] Error: Failed to handshake to channel: "LicenseClient-Boloxdhd"
[Licensing::IpcConnector] LicenseClient-Boloxdhd channel disconnected successfully.
[Licensing::IpcConnector] Channel LicenseClient-Boloxdhd-6000.4.0 doesn't exist
[Licensing::Module] Successfully launched the LicensingClient (PId: 10004)
[Licensing::IpcConnector] Successfully connected to: "LicenseClient-Boloxdhd-6000.4.0" at "2026-06-25T02:31:22.0779499Z"
[Licensing::Client] Handshaking with LicensingClient:
  Version:                 1.18.1+9fbee8e
  Session Id:              c55902c20da04f9f8eb1b99885bead1a
  Correlation Id:          a26522283d71071e0aecdd92dea484dd
  External correlation Id: 1291423719895701565
  Machine Id:              CFi18PVxujarsjnwWQVdFlBCSK4=
[Licensing::Module] Successfully connected to LicensingClient on channel: "LicenseClient-Boloxdhd-6000.4.0" (connect: 0.25s, validation: 0.04s, handshake: 0.97s)
[Licensing::IpcConnector] Successfully connected to: "LicenseClient-Boloxdhd-6000.4.0-notifications" at "2026-06-25T02:31:23.0854612Z"
[Licensing::Module] Connected to LicensingClient (PId: 10004, launch time: 0.00, total connection time: 1.25s)
[Licensing::Module] Error: Access token is unavailable; failed to update
[Licensing::Client] Successfully resolved entitlement details
[Licensing::Module] License group:
  Id: F4-FQE5-U6TU-H7W3-QSAD-XXXX
  Product: Unity Personal
  Type: ULF
  Expiration: Unlimited
[Licensing::Module] License group:
  Id: 4673397952068-UnityPersXXXX
  Product: Unity Personal
  Type: Assigned
  Expiration: Unlimited
[Licensing::Client] Successfully updated license, isAsync: True, time: 0.01
[Licensing::Client] Successfully resolved entitlement details
[Licensing::Module] License group:
  Id: F4-FQE5-U6TU-H7W3-QSAD-XXXX
  Product: Unity Personal
  Type: ULF
  Expiration: Unlimited
[Licensing::Module] License group:
  Id: 4673397952068-UnityPersXXXX
  Product: Unity Personal
  Type: Assigned
  Expiration: Unlimited
[Licensing::Module] Licensing Background thread has ended after 2.30s
[Licensing::Module] Licensing is initialized (took 1.87s).
[Licensing::Client] Successfully resolved entitlement details
[Licensing::Module] License group:
  Id: F4-FQE5-U6TU-H7W3-QSAD-XXXX
  Product: Unity Personal
  Type: ULF
  Expiration: Unlimited
[Licensing::Module] License group:
  Id: 4673397952068-UnityPersXXXX
  Product: Unity Personal
  Type: Assigned
  Expiration: Unlimited
Library Redirect Path: Library/
[Physics::Module] Selected backend.
[Physics::Module] Name: PhysX
[Physics::Module] Id: 0xf2b8ea05
[Physics::Module] SDK Version: 4.1.2
[Physics::Module] Integration Version: 1.0.0
[Physics::Module] Threading Mode: Multi-Threaded
Initialize engine version: 6000.4.0f1 (8cf496087c8f)
[Subsystems] Discovering subsystems at path C:/Program Files/Unity/Hub/Editor/6000.4.0f1/Editor/Data/Resources/UnitySubsystems
[Subsystems] Discovering subsystems at path F:/PUN/Mundo aprendo tesis/Assets
Forcing GfxDevice: Null
GfxDevice: creating device client; kGfxThreadingModeNonThreaded
NullGfxDevice:
    Version:  NULL 1.0 [1.0]
    Renderer: Null Device
    Vendor:   Unity Technologies
Shader Hidden/ChartRasterizerHardware is not supported: GPU does not support conservative rasterization
Initialize mono
Mono path[0] = 'C:/Program Files/Unity/Hub/Editor/6000.4.0f1/Editor/Data/Managed'
Mono path[1] = 'C:/Program Files/Unity/Hub/Editor/6000.4.0f1/Editor/Data/MonoBleedingEdge/lib/mono/unityjit-win32'
Mono config path = 'C:/Program Files/Unity/Hub/Editor/6000.4.0f1/Editor/Data/MonoBleedingEdge/etc'
Using monoOptions --debugger-agent=transport=dt_socket,embedding=1,server=y,suspend=n,address=127.0.0.1:56936
CodeReloadManager initialized
Using cacheserver namespaces - metadata:defaultmetadata, artifacts:defaultartifacts
Using cacheserver namespaces - metadata:defaultmetadata, artifacts:defaultartifacts
ImportWorker Server TCP listen port: 0
AcceleratorClientConnectionCallback - disconnected - :0
Begin MonoManager ReloadAssembly
Registering precompiled unity dll's ...
Register platform support module: C:/Program Files/Unity/Hub/Editor/6000.4.0f1/Editor/Data/PlaybackEngines/WindowsStandaloneSupport/UnityEditor.WindowsStandalone.Extensions.dll
[Licensing::Client] Successfully resolved entitlement details
[Licensing::Module] License group:
  Id: F4-FQE5-U6TU-H7W3-QSAD-XXXX
  Product: Unity Personal
  Type: ULF
  Expiration: Unlimited
[Licensing::Module] License group:
  Id: 4673397952068-UnityPersXXXX
  Product: Unity Personal
  Type: Assigned
  Expiration: Unlimited
Register platform support module: C:/Program Files/Unity/Hub/Editor/6000.4.0f1/Editor/Data/PlaybackEngines/AndroidPlayer/UnityEditor.Android.Extensions.dll
Registered in 0.004215 seconds.
Native extension for Android target not found
Android Extension - Scanning For ADB Devices 2153 ms
Native extension for WindowsStandalone target not found
Package Manager log level set to [2]
ScheduleIndexationOnStartup MainProcess:False IndexOnStartup:True
Mono: successfully reloaded assembly
- Finished resetting the current domain, in  2.585 seconds
Domain Reload Profiling: 3046ms
	BeginReloadAssembly (128ms)
		CreateAndSetChildDomain (9ms)
	RebuildCommonClasses (38ms)
	RebuildNativeTypeToScriptingClass (14ms)
	initialDomainReloadingComplete (64ms)
	LoadAllAssembliesAndSetupDomain (215ms)
		LoadAssemblies (117ms)
		AnalyzeDomain (206ms)
			TypeCache.Refresh (204ms)
				TypeCache.ScanAssembly (189ms)
	FinalizeReload (2586ms)
		SetupLoadedEditorAssemblies (0ms)
			InitializePlatformSupportModulesInManaged (2241ms)
			BeforeProcessingInitializeOnLoad (87ms)
			ProcessInitializeOnLoadAttributes (107ms)
			ProcessInitializeOnLoadMethodAttributes (82ms)
[Licensing::Client] Successfully resolved entitlement details
[Licensing::Module] License group:
  Id: F4-FQE5-U6TU-H7W3-QSAD-XXXX
  Product: Unity Personal
  Type: ULF
  Expiration: Unlimited
[Licensing::Module] License group:
  Id: 4673397952068-UnityPersXXXX
  Product: Unity Personal
  Type: Assigned
  Expiration: Unlimited
Application.AssetDatabase Initial Refresh Start
[Package Manager] Restoring resolved packages state from cache
[Licensing::Client] Successfully resolved entitlement details
[Package Manager] Registered 57 packages:
  Packages from [https://packages.unity.com]:
    com.unity.ai.navigation@2.0.12 (location: F:\PUN\Mundo aprendo tesis\Library\PackageCache\com.unity.ai.navigation@734c2c4c5591)
    com.unity.collab-proxy@2.12.4 (location: F:\PUN\Mundo aprendo tesis\Library\PackageCache\com.unity.collab-proxy@0b1559bcd34e)
    com.unity.ide.rider@3.0.39 (location: F:\PUN\Mundo aprendo tesis\Library\PackageCache\com.unity.ide.rider@4504839d03f7)
    com.unity.ide.visualstudio@2.0.27 (location: F:\PUN\Mundo aprendo tesis\Library\PackageCache\com.unity.ide.visualstudio@dc1ddd4f09b6)
    com.unity.inputsystem@1.19.0 (location: F:\PUN\Mundo aprendo tesis\Library\PackageCache\com.unity.inputsystem@21a28c3a6c83)
    com.unity.timeline@1.8.12 (location: F:\PUN\Mundo aprendo tesis\Library\PackageCache\com.unity.timeline@8cd8509afae5)
    com.unity.visualscripting@1.9.11 (location: F:\PUN\Mundo aprendo tesis\Library\PackageCache\com.unity.visualscripting@8bed5ad90189)
    com.unity.searcher@4.9.4 (location: F:\PUN\Mundo aprendo tesis\Library\PackageCache\com.unity.searcher@d45a78918735)
    com.unity.burst@1.8.28 (location: F:\PUN\Mundo aprendo tesis\Library\PackageCache\com.unity.burst@07790c2d06d9)
    com.unity.mathematics@1.3.3 (location: F:\PUN\Mundo aprendo tesis\Library\PackageCache\com.unity.mathematics@19a9377c4ffa)
    com.unity.nuget.mono-cecil@1.11.6 (location: F:\PUN\Mundo aprendo tesis\Library\PackageCache\com.unity.nuget.mono-cecil@ecb9724e46ff)
    com.unity.test-framework.performance@3.2.0 (location: F:\PUN\Mundo aprendo tesis\Library\PackageCache\com.unity.test-framework.performance@0840f58e4562)
  Built-in packages:
    com.unity.multiplayer.center@1.0.1 (location: F:\PUN\Mundo aprendo tesis\Library\PackageCache\com.unity.multiplayer.center@f01f4ba8d00a)
    com.unity.render-pipelines.universal@17.4.0 (location: F:\PUN\Mundo aprendo tesis\Library\PackageCache\com.unity.render-pipelines.universal@0c5162adfb45)
    com.unity.test-framework@1.6.0 (location: F:\PUN\Mundo aprendo tesis\Library\PackageCache\com.unity.test-framework@629486125cfc)
    com.unity.ugui@2.0.0 (location: F:\PUN\Mundo aprendo tesis\Library\PackageCache\com.unity.ugui@3dd2fbd8c1f1)
    com.unity.modules.accessibility@1.0.0 (location: F:\PUN\Mundo aprendo tesis\Library\PackageCache\com.unity.modules.accessibility)
    com.unity.modules.adaptiveperformance@1.0.0 (location: F:\PUN\Mundo aprendo tesis\Library\PackageCache\com.unity.modules.adaptiveperformance)
    com.unity.modules.ai@1.0.0 (location: F:\PUN\Mundo aprendo tesis\Library\PackageCache\com.unity.modules.ai)
    com.unity.modules.androidjni@1.0.0 (location: F:\PUN\Mundo aprendo tesis\Library\PackageCache\com.unity.modules.androidjni)
    com.unity.modules.animation@1.0.0 (location: F:\PUN\Mundo aprendo tesis\Library\PackageCache\com.unity.modules.animation)
    com.unity.modules.assetbundle@1.0.0 (location: F:\PUN\Mundo aprendo tesis\Library\PackageCache\com.unity.modules.assetbundle)
    com.unity.modules.audio@1.0.0 (location: F:\PUN\Mundo aprendo tesis\Library\PackageCache\com.unity.modules.audio)
    com.unity.modules.cloth@1.0.0 (location: F:\PUN\Mundo aprendo tesis\Library\PackageCache\com.unity.modules.cloth)
    com.unity.modules.director@1.0.0 (location: F:\PUN\Mundo aprendo tesis\Library\PackageCache\com.unity.modules.director)
    com.unity.modules.imageconversion@1.0.0 (location: F:\PUN\Mundo aprendo tesis\Library\PackageCache\com.unity.modules.imageconversion)
    com.unity.modules.imgui@1.0.0 (location: F:\PUN\Mundo aprendo tesis\Library\PackageCache\com.unity.modules.imgui)
    com.unity.modules.jsonserialize@1.0.0 (location: F:\PUN\Mundo aprendo tesis\Library\PackageCache\com.unity.modules.jsonserialize)
    com.unity.modules.particlesystem@1.0.0 (location: F:\PUN\Mundo aprendo tesis\Library\PackageCache\com.unity.modules.particlesystem)
    com.unity.modules.physics@1.0.0 (location: F:\PUN\Mundo aprendo tesis\Library\PackageCache\com.unity.modules.physics)
    com.unity.modules.physics2d@1.0.0 (location: F:\PUN\Mundo aprendo tesis\Library\PackageCache\com.unity.modules.physics2d)
    com.unity.modules.screencapture@1.0.0 (location: F:\PUN\Mundo aprendo tesis\Library\PackageCache\com.unity.modules.screencapture)
    com.unity.modules.terrain@1.0.0 (location: F:\PUN\Mundo aprendo tesis\Library\PackageCache\com.unity.modules.terrain)
    com.unity.modules.terrainphysics@1.0.0 (location: F:\PUN\Mundo aprendo tesis\Library\PackageCache\com.unity.modules.terrainphysics)
    com.unity.modules.tilemap@1.0.0 (location: F:\PUN\Mundo aprendo tesis\Library\PackageCache\com.unity.modules.tilemap)
    com.unity.modules.ui@1.0.0 (location: F:\PUN\Mundo aprendo tesis\Library\PackageCache\com.unity.modules.ui)
    com.unity.modules.uielements@1.0.0 (location: F:\PUN\Mundo aprendo tesis\Library\PackageCache\com.unity.modules.uielements)
    com.unity.modules.umbra@1.0.0 (location: F:\PUN\Mundo aprendo tesis\Library\PackageCache\com.unity.modules.umbra)
    com.unity.modules.unityanalytics@1.0.0 (location: F:\PUN\Mundo aprendo tesis\Library\PackageCache\com.unity.modules.unityanalytics)
    com.unity.modules.unitywebrequest@1.0.0 (location: F:\PUN\Mundo aprendo tesis\Library\PackageCache\com.unity.modules.unitywebrequest)
    com.unity.modules.unitywebrequestassetbundle@1.0.0 (location: F:\PUN\Mundo aprendo tesis\Library\PackageCache\com.unity.modules.unitywebrequestassetbundle)
    com.unity.modules.unitywebrequestaudio@1.0.0 (location: F:\PUN\Mundo aprendo tesis\Library\PackageCache\com.unity.modules.unitywebrequestaudio)
    com.unity.modules.unitywebrequesttexture@1.0.0 (location: F:\PUN\Mundo aprendo tesis\Library\PackageCache\com.unity.modules.unitywebrequesttexture)
    com.unity.modules.unitywebrequestwww@1.0.0 (location: F:\PUN\Mundo aprendo tesis\Library\PackageCache\com.unity.modules.unitywebrequestwww)
    com.unity.modules.vectorgraphics@1.0.0 (location: F:\PUN\Mundo aprendo tesis\Library\PackageCache\com.unity.modules.vectorgraphics)
    com.unity.modules.vehicles@1.0.0 (location: F:\PUN\Mundo aprendo tesis\Library\PackageCache\com.unity.modules.vehicles)
    com.unity.modules.video@1.0.0 (location: F:\PUN\Mundo aprendo tesis\Library\PackageCache\com.unity.modules.video)
    com.unity.modules.vr@1.0.0 (location: F:\PUN\Mundo aprendo tesis\Library\PackageCache\com.unity.modules.vr)
    com.unity.modules.wind@1.0.0 (location: F:\PUN\Mundo aprendo tesis\Library\PackageCache\com.unity.modules.wind)
    com.unity.modules.xr@1.0.0 (location: F:\PUN\Mundo aprendo tesis\Library\PackageCache\com.unity.modules.xr)
    com.unity.modules.subsystems@1.0.0 (location: F:\PUN\Mundo aprendo tesis\Library\PackageCache\com.unity.modules.subsystems)
    com.unity.modules.hierarchycore@1.0.0 (location: F:\PUN\Mundo aprendo tesis\Library\PackageCache\com.unity.modules.hierarchycore)
    com.unity.ext.nunit@2.0.5 (location: F:\PUN\Mundo aprendo tesis\Library\PackageCache\com.unity.ext.nunit@d8c07649098d)
    com.unity.render-pipelines.core@17.4.0 (location: F:\PUN\Mundo aprendo tesis\Library\PackageCache\com.unity.render-pipelines.core@6a60abc179f8)
    com.unity.shadergraph@17.4.0 (location: F:\PUN\Mundo aprendo tesis\Library\PackageCache\com.unity.shadergraph@c6e5f4d3afa5)
    com.unity.render-pipelines.universal-config@17.4.0 (location: F:\PUN\Mundo aprendo tesis\Library\PackageCache\com.unity.render-pipelines.universal-config@0db4263b9e6b)
    com.unity.collections@6.4.0 (location: F:\PUN\Mundo aprendo tesis\Library\PackageCache\com.unity.collections@538ace9075bc)
[Subsystems] No new subsystems found in resolved package list.
[Package Manager] Done registering packages in 0.01 seconds
Starting: C:\Program Files\Unity\Hub\Editor\6000.4.0f1\Editor\Data\Tools\BuildPipeline\bee_backend.exe --ipc --defer-dag-verification --dagfile="Library/Bee/1900b0aE.dag" --continue-on-failure --profile="Library/Bee/backend1.traceevents" ScriptAssemblies
WorkingDir: F:/PUN/Mundo aprendo tesis
DisplayProgressbar: Compiling Scripts
ExitCode: 0 Duration: 0s196ms
[722/918    0s] ILPP-Configuration Library/ilpp-configuration.nevergeneratedoutput
*** Tundra build success (0.17 seconds), 1 items updated, 918 evaluated
AssetDatabase: script compilation time: 0.570225s
Begin MonoManager ReloadAssembly
Assembly Assembly-CSharp-Editor-firstpass.dll at Library/ScriptAssemblies/Assembly-CSharp-Editor-firstpass.dll not valid. Loading of assembly skipped.
Assembly Assembly-CSharp-firstpass.dll at Library/ScriptAssemblies/Assembly-CSharp-firstpass.dll not valid. Loading of assembly skipped.
Assembly DocCodeExamples.dll at Library/ScriptAssemblies/DocCodeExamples.dll not valid. Loading of assembly skipped.
Assembly TestNewCustomAssembly.dll at Library/ScriptAssemblies/TestNewCustomAssembly.dll not valid. Loading of assembly skipped.
Assembly Unity.Collections.BurstCompatibilityGen.dll at Library/ScriptAssemblies/Unity.Collections.BurstCompatibilityGen.dll not valid. Loading of assembly skipped.
Assembly Unity.Collections.DocCodeSamples.dll at Library/ScriptAssemblies/Unity.Collections.DocCodeSamples.dll not valid. Loading of assembly skipped.
Assembly Unity.Collections.PerformanceTests.dll at Library/ScriptAssemblies/Unity.Collections.PerformanceTests.dll not valid. Loading of assembly skipped.
Assembly Unity.Collections.Tests.dll at Library/ScriptAssemblies/Unity.Collections.Tests.dll not valid. Loading of assembly skipped.
Assembly Unity.Collections.Tests.Playmode.dll at Library/ScriptAssemblies/Unity.Collections.Tests.Playmode.dll not valid. Loading of assembly skipped.
Assembly Unity.InputSystem.IntegrationTests.dll at Library/ScriptAssemblies/Unity.InputSystem.IntegrationTests.dll not valid. Loading of assembly skipped.
Assembly Unity.Mathematics.Tests.dll at Library/ScriptAssemblies/Unity.Mathematics.Tests.dll not valid. Loading of assembly skipped.
Assembly Unity.Multiplayer.Center.Editor.Tests.dll at Library/ScriptAssemblies/Unity.Multiplayer.Center.Editor.Tests.dll not valid. Loading of assembly skipped.
Assembly Unity.Multiplayer.Center.Tests.dll at Library/ScriptAssemblies/Unity.Multiplayer.Center.Tests.dll not valid. Loading of assembly skipped.
Assembly Unity.Nuget.Mono-Cecil.dll at Library/ScriptAssemblies/Unity.Nuget.Mono-Cecil.dll not valid. Loading of assembly skipped.
Assembly Unity.PathTracing.Editor.Tests.dll at Library/ScriptAssemblies/Unity.PathTracing.Editor.Tests.dll not valid. Loading of assembly skipped.
Assembly Unity.PathTracing.Runtime.Tests.dll at Library/ScriptAssemblies/Unity.PathTracing.Runtime.Tests.dll not valid. Loading of assembly skipped.
Assembly Unity.RenderPipelines.Core.Editor.Tests.dll at Library/ScriptAssemblies/Unity.RenderPipelines.Core.Editor.Tests.dll not valid. Loading of assembly skipped.
Assembly Unity.RenderPipelines.Core.Runtime.Tests.dll at Library/ScriptAssemblies/Unity.RenderPipelines.Core.Runtime.Tests.dll not valid. Loading of assembly skipped.
Assembly Unity.RenderPipelines.Universal.Config.Editor.Tests.dll at Library/ScriptAssemblies/Unity.RenderPipelines.Universal.Config.Editor.Tests.dll not valid. Loading of assembly skipped.
Assembly Unity.RenderPipelines.Universal.Editor.Tests.dll at Library/ScriptAssemblies/Unity.RenderPipelines.Universal.Editor.Tests.dll not valid. Loading of assembly skipped.
Assembly Unity.RenderPipelines.Universal.Runtime.Tests.dll at Library/ScriptAssemblies/Unity.RenderPipelines.Universal.Runtime.Tests.dll not valid. Loading of assembly skipped.
Assembly Unity.Searcher.EditorTests.dll at Library/ScriptAssemblies/Unity.Searcher.EditorTests.dll not valid. Loading of assembly skipped.
Assembly Unity.ShaderGraph.Editor.Tests.dll at Library/ScriptAssemblies/Unity.ShaderGraph.Editor.Tests.dll not valid. Loading of assembly skipped.
Assembly Unity.TextMeshPro.Editor.Tests.dll at Library/ScriptAssemblies/Unity.TextMeshPro.Editor.Tests.dll not valid. Loading of assembly skipped.
Assembly Unity.TextMeshPro.Tests.dll at Library/ScriptAssemblies/Unity.TextMeshPro.Tests.dll not valid. Loading of assembly skipped.
Assembly Unity.UnifiedRayTracing.Editor.Tests.dll at Library/ScriptAssemblies/Unity.UnifiedRayTracing.Editor.Tests.dll not valid. Loading of assembly skipped.
Assembly UnityEditor.UI.Common.Tests.dll at Library/ScriptAssemblies/UnityEditor.UI.Common.Tests.dll not valid. Loading of assembly skipped.
Assembly UnityEditor.UI.EditorTests.dll at Library/ScriptAssemblies/UnityEditor.UI.EditorTests.dll not valid. Loading of assembly skipped.
Assembly UnityEngine.UI.Tests.dll at Library/ScriptAssemblies/UnityEngine.UI.Tests.dll not valid. Loading of assembly skipped.
Native extension for Android target not found
Native extension for WindowsStandalone target not found
ScheduleIndexationOnStartup MainProcess:True IndexOnStartup:True
Mono: successfully reloaded assembly
- Finished resetting the current domain, in  3.081 seconds
Domain Reload Profiling: 4004ms
	BeginReloadAssembly (296ms)
		DisableScriptedObjects (10ms)
		CreateAndSetChildDomain (143ms)
	RebuildCommonClasses (39ms)
	RebuildNativeTypeToScriptingClass (14ms)
	initialDomainReloadingComplete (61ms)
	LoadAllAssembliesAndSetupDomain (513ms)
		LoadAssemblies (338ms)
		AnalyzeDomain (270ms)
			TypeCache.Refresh (192ms)
				TypeCache.ScanAssembly (178ms)
			BuildScriptInfoCaches (63ms)
			ResolveRequiredComponents (12ms)
	FinalizeReload (3081ms)
		SetupLoadedEditorAssemblies (0ms)
			InitializePlatformSupportModulesInManaged (34ms)
			BeforeProcessingInitializeOnLoad (171ms)
			ProcessInitializeOnLoadAttributes (2517ms)
			ProcessInitializeOnLoadMethodAttributes (84ms)
			AfterProcessingInitializeOnLoad (9ms)
		AwakeInstancesAfterBackupRestoration (7ms)
(Values over 0.050ms)
Asset Pipeline Refresh (id=be7be7297222c1947a1ef7fed1bb60d3): Total: 5.130 seconds - Initiated by InitialRefreshV2(ForceSynchronousImport)
	Summary:
		Imports: total=0 (actual=0, local cache=0, cache server=0)
		Asset DB Process Time: managed=0 ms, native=3495 ms
		Asset DB Callback time: managed=66 ms, native=16 ms
		Scripting: domain reloads=1, domain reload time=927 ms, compile time=572 ms, other=51 ms
		Project Asset Count: scripts=1372, non-scripts=2598
		Asset File Changes: new=0, changed=0, moved=0, deleted=0
		Scan Filter Count: 0
	InvokePackagesCallback: 17.714ms
	ApplyChangesToAssetFolders: 0.728ms
	Scan: 102.065ms
	CategorizeScriptCompilationAssets: 49.508ms
	ProcessAssetsWithTransientArtifactChanges: 76.278ms
	CategorizeAssets: 52.516ms
	CompileScripts: 571.896ms
	ImportOutOfDateAssets: 3091.635ms (3089.191ms without children)
		UnloadImportedAssets: 1.142ms
		EnsureUptoDateAssetsAreRegisteredWithGuidPM: 0.851ms
		OnDemandSchedulerStart: 0.413ms
	PostProcessAllAssets: 66.349ms
		MonoPostProcessAllAssets: 66.274ms
			UniversalRenderPipelineGlobalSettingsPostprocessor.OnPostprocessAllAssets 19.738ms
			SyncVS.PostprocessSyncProject 10.485ms
			WindowAssetPostprocessingWatcher.OnPostprocessAllAssets 2.689ms
			SpeedTree9Postprocessor.OnPostprocessAllAssets 2.093ms
			RenderPipelineGlobalSettingsPostprocessor.OnPostprocessAllAssets 1.298ms
			ReferencedClipsPostProcessor.OnPostprocessAllAssets 0.350ms
			InputActionAssetPostprocessor.OnPostprocessAllAssets 0.279ms
			AssetDatabaseCallbacks.OnPostprocessAllAssets 0.227ms
			TerrainToolbarOverlayPostProcessor.OnPostprocessAllAssets 0.215ms
			ProjectSettingsPostprocessor.OnPostprocessAllAssets 0.182ms
	UnloadStreamsBegin: 2.782ms
	PersistCurrentRevisions: 0.109ms
	GenerateScriptTypeHashes: 2.791ms
	GenerateScriptTypeSerializationHashes: 5.202ms
	Untracked: 1096.247ms

Application.AssetDatabase Initial Refresh End
Scanning for USB devices : 2.688ms
Initializing Unity extensions:
[MODES] ModeService[none].Initialize
[MODES] ModeService[none].LoadModes
[MODES] Loading mode Default (0) for mode-current-id-Mundo aprendo tesis
Unloading 27 Unused Serialized files (Serialized files now loaded: 0)
Unloading 6634 unused Assets / (3.7 MB). Loaded Objects now: 7482.
Memory consumption went from 195.9 MB to 192.1 MB.
Total: 11.865900 ms (FindLiveObjects: 0.827200 ms CreateObjectMapping: 1.316400 ms MarkObjects: 5.809200 ms  DeleteObjects: 3.910700 ms)

Microsoft Media Foundation video decoding to texture disabled: graphics device is Null, only Direct3D 11 and Direct3D 12 (only on desktop) are supported for hardware-accelerated video decoding.
[Project] Loading completed in 12.107 seconds
	Project init time: 				10.987 seconds
		Template init time: 		0.000 seconds
		Package Manager init time: 		2.190 seconds
		Asset Database init time: 		0.116 seconds
		Global illumination init time: 	0.002 seconds
		Assemblies load time: 			3.084 seconds
		Unity extensions init time: 	0.035 seconds
		Asset Database refresh time: 	5.131 seconds
	Scene opening time: 			1.048 seconds
##utp:{"type":"ProjectInfo","version":2,"phase":"Immediate","time":1782354692912,"processId":22936,"projectLoad":12.1067915,"projectInit":10.987299,"templateInit":0.0,"packageManagerInit":2.1902859,"assetDatabaseInit":0.1163377,"globalIlluminationInit":0.0020271,"assembliesLoad":3.0838389,"unityExtensionsInit":0.0345128,"assetDatabaseRefresh":5.1306711,"sceneOpening":1.0478586}
##utp:{"type":"EditorInfo","version":2,"phase":"Immediate","time":1782354692912,"processId":22936,"editorVersion":"6000.4.0f1 (8cf496087c8f)","branch":"6000.4/staging","buildType":"Release","platform":"Windows"}
Asset Pipeline Refresh (id=cca567f9ba6876241a511f1f71d4e672): Total: 0.059 seconds - Initiated by RefreshV2(NoUpdateAssetOptions)
Shader Hidden/ChartRasterizerHardware is not supported: GPU does not support conservative rasterization
[Licensing::Client] Successfully resolved entitlement details
Start Indexing on Editor startup
[Indexing] Starting Initial Indexing for Assets
[UnityConnectServicesConfig] config is NOT valid, switching to default
Created GICache directory at C:/Users/Boloxdhd/AppData/LocalLow/Unity/Caches/GiCache. Took: 0.018s, timestamps: [12.111 - 12.129]
[Licensing::Client] Successfully resolved entitlement details
Unloading 4 Unused Serialized files (Serialized files now loaded: 0)
Unloading 4 unused Assets / (57.2 KB). Loaded Objects now: 7526.
Memory consumption went from 203.1 MB to 203.1 MB.
Total: 7.450100 ms (FindLiveObjects: 0.296400 ms CreateObjectMapping: 0.155000 ms MarkObjects: 6.953200 ms  DeleteObjects: 0.044600 ms)

Start importing Assets/InitTestScened61042ac-7909-4fec-a579-a790d373aef9.unity using Guid(4c42803ea02a3fc4683c36232acabb87) (DefaultImporter) -> (Import Result ID: 'c55675c973f139ba244c9e6d0a6a92eb') in 0.0051787 seconds [static dependencies only]. Details - ImportResultOutputID=4ef87481efb6084ca62267c4da9610e2 DependenciesID=3d0755d5da3c9f86df41d57554f21851 StaticDependenciesID=c21cfb136e12e5862b23751a5920e404 
Asset Pipeline Refresh (id=3dee136af3fc8a34d99596f76a23d886): Total: 0.149 seconds - Initiated by StopAssetImportingV2(NoUpdateAssetOptions)
Executing IPrebuildSetup for: Unity.PerformanceTesting.Editor.TestRunBuilder.
UnityEngine.Debug:ExtractStackTraceNoAlloc (byte*,int,string)
UnityEngine.StackTraceUtility:ExtractStackTrace ()
UnityEngine.DebugLogHandler:Internal_Log (UnityEngine.LogType,UnityEngine.LogOption,string,UnityEngine.Object)
UnityEngine.DebugLogHandler:LogFormat (UnityEngine.LogType,UnityEngine.Object,string,object[])
UnityEngine.Logger:Log (UnityEngine.LogType,object)
UnityEngine.Debug:Log (object)
UnityEditor.TestTools.TestRunner.TestRun.Tasks.BuildActionTaskBase`1/<ExecuteMethods>d__8<UnityEngine.TestTools.IPrebuildSetup>:MoveNext () (at ./Library/PackageCache/com.unity.test-framework@629486125cfc/UnityEditor.TestRunner/TestRun/Tasks/BuildActionTaskBase.cs:48)
UnityEditor.TestTools.TestRunner.TestRun.Tasks.BuildActionTaskBase`1/<Execute>d__7<UnityEngine.TestTools.IPrebuildSetup>:MoveNext () (at ./Library/PackageCache/com.unity.test-framework@629486125cfc/UnityEditor.TestRunner/TestRun/Tasks/BuildActionTaskBase.cs:34)
UnityEditor.TestTools.TestRunner.TestRun.TestJobRunner:ExecuteStep () (at ./Library/PackageCache/com.unity.test-framework@629486125cfc/UnityEditor.TestRunner/TestRun/TestJobRunner.cs:173)
UnityEditor.TestTools.TestRunner.TestRun.TestJobRunner:ExecuteCallback () (at ./Library/PackageCache/com.unity.test-framework@629486125cfc/UnityEditor.TestRunner/TestRun/TestJobRunner.cs:108)
UnityEditor.EditorApplication:Internal_CallUpdateFunctions ()

(Filename: ./Library/PackageCache/com.unity.test-framework@629486125cfc/UnityEditor.TestRunner/TestRun/Tasks/BuildActionTaskBase.cs Line: 48)

Reloading assemblies for play mode.
Reloading assemblies after forced synchronous recompile.
Assembly Assembly-CSharp-Editor-firstpass.dll at Library/ScriptAssemblies/Assembly-CSharp-Editor-firstpass.dll not valid. Loading of assembly skipped.
Assembly Assembly-CSharp-firstpass.dll at Library/ScriptAssemblies/Assembly-CSharp-firstpass.dll not valid. Loading of assembly skipped.
Assembly DocCodeExamples.dll at Library/ScriptAssemblies/DocCodeExamples.dll not valid. Loading of assembly skipped.
Assembly TestNewCustomAssembly.dll at Library/ScriptAssemblies/TestNewCustomAssembly.dll not valid. Loading of assembly skipped.
Assembly Unity.Collections.BurstCompatibilityGen.dll at Library/ScriptAssemblies/Unity.Collections.BurstCompatibilityGen.dll not valid. Loading of assembly skipped.
Assembly Unity.Collections.DocCodeSamples.dll at Library/ScriptAssemblies/Unity.Collections.DocCodeSamples.dll not valid. Loading of assembly skipped.
Assembly Unity.Collections.PerformanceTests.dll at Library/ScriptAssemblies/Unity.Collections.PerformanceTests.dll not valid. Loading of assembly skipped.
Assembly Unity.Collections.Tests.dll at Library/ScriptAssemblies/Unity.Collections.Tests.dll not valid. Loading of assembly skipped.
Assembly Unity.Collections.Tests.Playmode.dll at Library/ScriptAssemblies/Unity.Collections.Tests.Playmode.dll not valid. Loading of assembly skipped.
Assembly Unity.InputSystem.IntegrationTests.dll at Library/ScriptAssemblies/Unity.InputSystem.IntegrationTests.dll not valid. Loading of assembly skipped.
Assembly Unity.Mathematics.Tests.dll at Library/ScriptAssemblies/Unity.Mathematics.Tests.dll not valid. Loading of assembly skipped.
Assembly Unity.Multiplayer.Center.Editor.Tests.dll at Library/ScriptAssemblies/Unity.Multiplayer.Center.Editor.Tests.dll not valid. Loading of assembly skipped.
Assembly Unity.Multiplayer.Center.Tests.dll at Library/ScriptAssemblies/Unity.Multiplayer.Center.Tests.dll not valid. Loading of assembly skipped.
Assembly Unity.Nuget.Mono-Cecil.dll at Library/ScriptAssemblies/Unity.Nuget.Mono-Cecil.dll not valid. Loading of assembly skipped.
Assembly Unity.PathTracing.Editor.Tests.dll at Library/ScriptAssemblies/Unity.PathTracing.Editor.Tests.dll not valid. Loading of assembly skipped.
Assembly Unity.PathTracing.Runtime.Tests.dll at Library/ScriptAssemblies/Unity.PathTracing.Runtime.Tests.dll not valid. Loading of assembly skipped.
Assembly Unity.RenderPipelines.Core.Editor.Tests.dll at Library/ScriptAssemblies/Unity.RenderPipelines.Core.Editor.Tests.dll not valid. Loading of assembly skipped.
Assembly Unity.RenderPipelines.Core.Runtime.Tests.dll at Library/ScriptAssemblies/Unity.RenderPipelines.Core.Runtime.Tests.dll not valid. Loading of assembly skipped.
Assembly Unity.RenderPipelines.Universal.Config.Editor.Tests.dll at Library/ScriptAssemblies/Unity.RenderPipelines.Universal.Config.Editor.Tests.dll not valid. Loading of assembly skipped.
Assembly Unity.RenderPipelines.Universal.Editor.Tests.dll at Library/ScriptAssemblies/Unity.RenderPipelines.Universal.Editor.Tests.dll not valid. Loading of assembly skipped.
Assembly Unity.RenderPipelines.Universal.Runtime.Tests.dll at Library/ScriptAssemblies/Unity.RenderPipelines.Universal.Runtime.Tests.dll not valid. Loading of assembly skipped.
Assembly Unity.Searcher.EditorTests.dll at Library/ScriptAssemblies/Unity.Searcher.EditorTests.dll not valid. Loading of assembly skipped.
Assembly Unity.ShaderGraph.Editor.Tests.dll at Library/ScriptAssemblies/Unity.ShaderGraph.Editor.Tests.dll not valid. Loading of assembly skipped.
Assembly Unity.TextMeshPro.Editor.Tests.dll at Library/ScriptAssemblies/Unity.TextMeshPro.Editor.Tests.dll not valid. Loading of assembly skipped.
Assembly Unity.TextMeshPro.Tests.dll at Library/ScriptAssemblies/Unity.TextMeshPro.Tests.dll not valid. Loading of assembly skipped.
Assembly Unity.UnifiedRayTracing.Editor.Tests.dll at Library/ScriptAssemblies/Unity.UnifiedRayTracing.Editor.Tests.dll not valid. Loading of assembly skipped.
Assembly UnityEditor.UI.Common.Tests.dll at Library/ScriptAssemblies/UnityEditor.UI.Common.Tests.dll not valid. Loading of assembly skipped.
Assembly UnityEditor.UI.EditorTests.dll at Library/ScriptAssemblies/UnityEditor.UI.EditorTests.dll not valid. Loading of assembly skipped.
Assembly UnityEngine.UI.Tests.dll at Library/ScriptAssemblies/UnityEngine.UI.Tests.dll not valid. Loading of assembly skipped.
Begin MonoManager ReloadAssembly
Assembly Assembly-CSharp-Editor-firstpass.dll at Library/ScriptAssemblies/Assembly-CSharp-Editor-firstpass.dll not valid. Loading of assembly skipped.
Assembly Assembly-CSharp-firstpass.dll at Library/ScriptAssemblies/Assembly-CSharp-firstpass.dll not valid. Loading of assembly skipped.
Assembly DocCodeExamples.dll at Library/ScriptAssemblies/DocCodeExamples.dll not valid. Loading of assembly skipped.
Assembly TestNewCustomAssembly.dll at Library/ScriptAssemblies/TestNewCustomAssembly.dll not valid. Loading of assembly skipped.
Assembly Unity.Collections.BurstCompatibilityGen.dll at Library/ScriptAssemblies/Unity.Collections.BurstCompatibilityGen.dll not valid. Loading of assembly skipped.
Assembly Unity.Collections.DocCodeSamples.dll at Library/ScriptAssemblies/Unity.Collections.DocCodeSamples.dll not valid. Loading of assembly skipped.
Assembly Unity.Collections.PerformanceTests.dll at Library/ScriptAssemblies/Unity.Collections.PerformanceTests.dll not valid. Loading of assembly skipped.
Assembly Unity.Collections.Tests.dll at Library/ScriptAssemblies/Unity.Collections.Tests.dll not valid. Loading of assembly skipped.
Assembly Unity.Collections.Tests.Playmode.dll at Library/ScriptAssemblies/Unity.Collections.Tests.Playmode.dll not valid. Loading of assembly skipped.
Assembly Unity.InputSystem.IntegrationTests.dll at Library/ScriptAssemblies/Unity.InputSystem.IntegrationTests.dll not valid. Loading of assembly skipped.
Assembly Unity.Mathematics.Tests.dll at Library/ScriptAssemblies/Unity.Mathematics.Tests.dll not valid. Loading of assembly skipped.
Assembly Unity.Multiplayer.Center.Editor.Tests.dll at Library/ScriptAssemblies/Unity.Multiplayer.Center.Editor.Tests.dll not valid. Loading of assembly skipped.
Assembly Unity.Multiplayer.Center.Tests.dll at Library/ScriptAssemblies/Unity.Multiplayer.Center.Tests.dll not valid. Loading of assembly skipped.
Assembly Unity.Nuget.Mono-Cecil.dll at Library/ScriptAssemblies/Unity.Nuget.Mono-Cecil.dll not valid. Loading of assembly skipped.
Assembly Unity.PathTracing.Editor.Tests.dll at Library/ScriptAssemblies/Unity.PathTracing.Editor.Tests.dll not valid. Loading of assembly skipped.
Assembly Unity.PathTracing.Runtime.Tests.dll at Library/ScriptAssemblies/Unity.PathTracing.Runtime.Tests.dll not valid. Loading of assembly skipped.
Assembly Unity.RenderPipelines.Core.Editor.Tests.dll at Library/ScriptAssemblies/Unity.RenderPipelines.Core.Editor.Tests.dll not valid. Loading of assembly skipped.
Assembly Unity.RenderPipelines.Core.Runtime.Tests.dll at Library/ScriptAssemblies/Unity.RenderPipelines.Core.Runtime.Tests.dll not valid. Loading of assembly skipped.
Assembly Unity.RenderPipelines.Universal.Config.Editor.Tests.dll at Library/ScriptAssemblies/Unity.RenderPipelines.Universal.Config.Editor.Tests.dll not valid. Loading of assembly skipped.
Assembly Unity.RenderPipelines.Universal.Editor.Tests.dll at Library/ScriptAssemblies/Unity.RenderPipelines.Universal.Editor.Tests.dll not valid. Loading of assembly skipped.
Assembly Unity.RenderPipelines.Universal.Runtime.Tests.dll at Library/ScriptAssemblies/Unity.RenderPipelines.Universal.Runtime.Tests.dll not valid. Loading of assembly skipped.
Assembly Unity.Searcher.EditorTests.dll at Library/ScriptAssemblies/Unity.Searcher.EditorTests.dll not valid. Loading of assembly skipped.
Assembly Unity.ShaderGraph.Editor.Tests.dll at Library/ScriptAssemblies/Unity.ShaderGraph.Editor.Tests.dll not valid. Loading of assembly skipped.
Assembly Unity.TextMeshPro.Editor.Tests.dll at Library/ScriptAssemblies/Unity.TextMeshPro.Editor.Tests.dll not valid. Loading of assembly skipped.
Assembly Unity.TextMeshPro.Tests.dll at Library/ScriptAssemblies/Unity.TextMeshPro.Tests.dll not valid. Loading of assembly skipped.
Assembly Unity.UnifiedRayTracing.Editor.Tests.dll at Library/ScriptAssemblies/Unity.UnifiedRayTracing.Editor.Tests.dll not valid. Loading of assembly skipped.
Assembly UnityEditor.UI.Common.Tests.dll at Library/ScriptAssemblies/UnityEditor.UI.Common.Tests.dll not valid. Loading of assembly skipped.
Assembly UnityEditor.UI.EditorTests.dll at Library/ScriptAssemblies/UnityEditor.UI.EditorTests.dll not valid. Loading of assembly skipped.
Assembly UnityEngine.UI.Tests.dll at Library/ScriptAssemblies/UnityEngine.UI.Tests.dll not valid. Loading of assembly skipped.
Native extension for Android target not found
Native extension for WindowsStandalone target not found
ScheduleIndexationOnStartup MainProcess:True IndexOnStartup:True
Mono: successfully reloaded assembly
- Finished resetting the current domain, in  1.029 seconds
Domain Reload Profiling: 1915ms
	BeginReloadAssembly (514ms)
		DisableScriptedObjects (20ms)
		CreateAndSetChildDomain (365ms)
	RebuildCommonClasses (38ms)
	RebuildNativeTypeToScriptingClass (14ms)
	initialDomainReloadingComplete (59ms)
	LoadAllAssembliesAndSetupDomain (261ms)
		LoadAssemblies (142ms)
		AnalyzeDomain (202ms)
			TypeCache.Refresh (8ms)
			BuildScriptInfoCaches (179ms)
			ResolveRequiredComponents (13ms)
	FinalizeReload (1030ms)
		SetupLoadedEditorAssemblies (0ms)
			InitializePlatformSupportModulesInManaged (33ms)
			BeforeProcessingInitializeOnLoad (161ms)
			ProcessInitializeOnLoadAttributes (305ms)
			ProcessInitializeOnLoadMethodAttributes (170ms)
			AfterProcessingInitializeOnLoad (7ms)
		AwakeInstancesAfterBackupRestoration (34ms)
(Values over 0.050ms)
Asset Pipeline Refresh (id=564539df969d20b4097121a09dd219d7): Total: 2.089 seconds - Initiated by StopAssetImportingV2(ForceSynchronousImport | ForceDomainReload)
	Summary:
		Imports: total=0 (actual=0, local cache=0, cache server=0)
		Asset DB Process Time: managed=0 ms, native=1117 ms
		Asset DB Callback time: managed=34 ms, native=0 ms
		Scripting: domain reloads=1, domain reload time=934 ms, compile time=1 ms, other=0 ms
		Project Asset Count: scripts=1372, non-scripts=2599
		Asset File Changes: new=0, changed=0, moved=0, deleted=0
		Scan Filter Count: 0
	InvokePackagesCallback: 1.717ms
	ApplyChangesToAssetFolders: 0.247ms
	ProcessAssetsWithTransientArtifactChanges: 4.567ms
	CategorizeAssets: 48.495ms
	CompileScripts: 1.180ms
	ImportOutOfDateAssets: 1038.464ms (1035.505ms without children)
		CollectScriptTypesHashes: 1.887ms
		ReloadNativeAssets: 1.818ms
		UnloadImportedAssets: 0.070ms
		EnsureUptoDateAssetsAreRegisteredWithGuidPM: 0.742ms
		OnDemandSchedulerStart: 0.303ms
	PostProcessAllAssets: 34.372ms
		MonoPostProcessAllAssets: 34.366ms
			AssetPostprocessor.OnPostprocessAllAssets 63.477ms
			StyleCatalogPostProcessor.OnPostprocessAllAssets 16.372ms
			UniversalRenderPipelineGlobalSettingsPostprocessor.OnPostprocessAllAssets 10.130ms
			SyncVS.PostprocessSyncProject 10.097ms
			BuilderAssetPostprocessor.OnPostprocessAllAssets 6.223ms
			WindowAssetPostprocessingWatcher.OnPostprocessAllAssets 1.989ms
			SpeedTree9Postprocessor.OnPostprocessAllAssets 1.912ms
			ShaderGraphAssetPostProcessor.OnPostprocessAllAssets 1.117ms
			RetainedModeAssetPostprocessor.OnPostprocessAllAssets 1.116ms
			TMPro_TexturePostProcessor.OnPostprocessAllAssets 0.701ms
			RenderPipelineGlobalSettingsPostprocessor.OnPostprocessAllAssets 0.647ms
			ArtifactBrowserPostProcessor.OnPostprocessAllAssets 0.512ms
			MaterialPostprocessor.OnPostprocessAllAssets 0.476ms
			UVCSAssetPostprocessor.OnPostprocessAllAssets 0.387ms
			TextAssetPostProcessor.OnPostprocessAllAssets 0.337ms
			ReferencedClipsPostProcessor.OnPostprocessAllAssets 0.336ms
			PostProcessor.OnPostprocessAllAssets 0.316ms
			AudioMixerPostprocessor.OnPostprocessAllAssets 0.311ms
			InputActionJsonNameModifierAssetProcessor.OnPostprocessAllAssets 0.272ms
			InputActionAssetPostprocessor.OnPostprocessAllAssets 0.270ms
			AssetChangedListener.OnPostprocessAllAssets 0.257ms
			AssetEvents.OnPostprocessAllAssets 0.256ms
			TerrainToolbarOverlayPostProcessor.OnPostprocessAllAssets 0.190ms
			ProjectSettingsPostprocessor.OnPostprocessAllAssets 0.174ms
			ConfigAssetsTracker.OnPostprocessAllAssets 0.163ms
			AssetDatabaseCallbacks.OnPostprocessAllAssets 0.161ms
			ScenarioDriftAssetsTracker.OnPostprocessAllAssets 0.145ms
			SpeedTreePostProcessor.OnPostprocessAllAssets 0.139ms
			SamplePostprocessor.OnPostprocessAllAssets 0.135ms
			AudioContainerPostProcessor.OnPostprocessAllAssets 0.068ms
	GatherAllCurrentPrimaryImportResultRevisions: 0.153ms
	UnloadStreamsBegin: 0.159ms
	PersistCurrentRevisions: 0.115ms
	GenerateScriptTypeHashes: 5.578ms
	GenerateScriptTypeSerializationHashes: 8.940ms
	Untracked: 954.772ms

Loaded scene 'Temp/__Backupscenes/0.backup'
	Deserialize:            0.752 ms
	Integration:            228.993 ms
	Integration of assets:  0.001 ms
	Thread Wait Time:       0.033 ms
	Total Operation Time:   229.779 ms
[MODES] ModeService[none].Initialize
[MODES] ModeService[none].LoadModes
[Licensing::Client] Successfully resolved entitlement details
[Licensing::Client] Successfully resolved entitlement details
Unloading 19 Unused Serialized files (Serialized files now loaded: 0)
UnloadTime: 0.183700 ms
Loaded scene 'Assets/Scenes/Menu.unity'
	Deserialize:            64.099 ms
	Integration:            663.754 ms
	Integration of assets:  13.627 ms
	Thread Wait Time:       0.367 ms
	Total Operation Time:   741.847 ms
Unloading 179 unused Assets / (62.3 KB). Loaded Objects now: 8223.
Memory consumption went from 239.2 MB to 239.1 MB.
Total: 9.818700 ms (FindLiveObjects: 0.543900 ms CreateObjectMapping: 0.415000 ms MarkObjects: 7.985500 ms  DeleteObjects: 0.873200 ms)

Unloading 8 Unused Serialized files (Serialized files now loaded: 0)
UnloadTime: 11.586600 ms
Loaded scene 'Assets/Scenes/SeleccionMundos.unity'
	Deserialize:            17.068 ms
	Integration:            231.879 ms
	Integration of assets:  0.143 ms
	Thread Wait Time:       26.408 ms
	Total Operation Time:   275.498 ms
Unloading 51 unused Assets / (21.7 KB). Loaded Objects now: 8144.
Memory consumption went from 233.6 MB to 233.5 MB.
Total: 8.731500 ms (FindLiveObjects: 0.466400 ms CreateObjectMapping: 0.317100 ms MarkObjects: 7.813200 ms  DeleteObjects: 0.133700 ms)

Unloading 6 Unused Serialized files (Serialized files now loaded: 0)
UnloadTime: 1.944400 ms
Loaded scene 'Assets/Scenes/MundoMusical.unity'
	Deserialize:            15.462 ms
	Integration:            211.253 ms
	Integration of assets:  0.172 ms
	Thread Wait Time:       33.069 ms
	Total Operation Time:   259.956 ms
Unloading 28 unused Assets / (18.3 KB). Loaded Objects now: 7896.
Memory consumption went from 226.5 MB to 226.5 MB.
Total: 12.081900 ms (FindLiveObjects: 0.856200 ms CreateObjectMapping: 1.199300 ms MarkObjects: 9.913400 ms  DeleteObjects: 0.112000 ms)

Unloading 5 Unused Serialized files (Serialized files now loaded: 0)
UnloadTime: 0.901000 ms
Loaded scene 'Assets/Scenes/MundoCuentos_VozTest.unity'
	Deserialize:            20.215 ms
	Integration:            226.632 ms
	Integration of assets:  0.151 ms
	Thread Wait Time:       29.313 ms
	Total Operation Time:   276.311 ms
Unloading 18 unused Assets / (14.3 KB). Loaded Objects now: 8104.
Memory consumption went from 226.9 MB to 226.9 MB.
Total: 8.899100 ms (FindLiveObjects: 0.540300 ms CreateObjectMapping: 0.391400 ms MarkObjects: 7.891800 ms  DeleteObjects: 0.074700 ms)

Unloading 17 Unused Serialized files (Serialized files now loaded: 0)
UnloadTime: 2.951400 ms
Loaded scene 'Assets/Scenes/MundoTamanos.unity'
	Deserialize:            15.765 ms
	Integration:            197.382 ms
	Integration of assets:  0.176 ms
	Thread Wait Time:       16.787 ms
	Total Operation Time:   230.110 ms
Unloading 22 unused Assets / (2.2 KB). Loaded Objects now: 7843.
Memory consumption went from 230.8 MB to 230.8 MB.
Total: 8.851300 ms (FindLiveObjects: 0.456600 ms CreateObjectMapping: 0.345300 ms MarkObjects: 7.988900 ms  DeleteObjects: 0.059600 ms)

Unloading 15 Unused Serialized files (Serialized files now loaded: 0)
UnloadTime: 1.166100 ms
Loaded scene 'Assets/Scenes/Mundos/MundoEmociones.unity'
	Deserialize:            20.305 ms
	Integration:            199.824 ms
	Integration of assets:  0.187 ms
	Thread Wait Time:       28.788 ms
	Total Operation Time:   249.104 ms
Unloading 52 unused Assets / (25.4 KB). Loaded Objects now: 8022.
Memory consumption went from 233.6 MB to 233.6 MB.
Total: 9.177800 ms (FindLiveObjects: 0.655200 ms CreateObjectMapping: 0.519000 ms MarkObjects: 7.842800 ms  DeleteObjects: 0.159700 ms)

Unloading 13 Unused Serialized files (Serialized files now loaded: 0)
UnloadTime: 0.955700 ms
Loaded scene 'Assets/Scenes/Menu.unity'
	Deserialize:            22.560 ms
	Integration:            194.791 ms
	Integration of assets:  0.240 ms
	Thread Wait Time:       27.055 ms
	Total Operation Time:   244.646 ms
Unloading 52 unused Assets / (29.9 KB). Loaded Objects now: 8223.
Memory consumption went from 236.3 MB to 236.3 MB.
Total: 8.981100 ms (FindLiveObjects: 0.525700 ms CreateObjectMapping: 0.396200 ms MarkObjects: 7.913100 ms  DeleteObjects: 0.145000 ms)

Unloading 4 Unused Serialized files (Serialized files now loaded: 0)
UnloadTime: 0.945400 ms
Loaded scene 'Assets/Scenes/SeleccionMundos.unity'
	Deserialize:            15.235 ms
	Integration:            204.630 ms
	Integration of assets:  0.133 ms
	Thread Wait Time:       17.624 ms
	Total Operation Time:   237.622 ms
Unloading 51 unused Assets / (43.8 KB). Loaded Objects now: 8144.
Memory consumption went from 233.7 MB to 233.7 MB.
Total: 9.167800 ms (FindLiveObjects: 0.537400 ms CreateObjectMapping: 0.360900 ms MarkObjects: 8.114700 ms  DeleteObjects: 0.153800 ms)

Unloading 6 Unused Serialized files (Serialized files now loaded: 0)
UnloadTime: 1.728800 ms
Loaded scene 'Assets/Scenes/MundoMusical.unity'
	Deserialize:            10.865 ms
	Integration:            229.542 ms
	Integration of assets:  0.156 ms
	Thread Wait Time:       21.679 ms
	Total Operation Time:   262.242 ms
Unloading 28 unused Assets / (18.3 KB). Loaded Objects now: 7896.
Memory consumption went from 226.7 MB to 226.6 MB.
Total: 13.132000 ms (FindLiveObjects: 0.654600 ms CreateObjectMapping: 0.422600 ms MarkObjects: 11.957100 ms  DeleteObjects: 0.096600 ms)

Unloading 5 Unused Serialized files (Serialized files now loaded: 0)
UnloadTime: 0.777300 ms
Loaded scene 'Assets/Scenes/MundoCuentos_VozTest.unity'
	Deserialize:            14.874 ms
	Integration:            190.693 ms
	Integration of assets:  0.127 ms
	Thread Wait Time:       18.041 ms
	Total Operation Time:   223.735 ms
Unloading 18 unused Assets / (4.6 KB). Loaded Objects now: 8104.
Memory consumption went from 227.0 MB to 226.9 MB.
Total: 8.388100 ms (FindLiveObjects: 0.512700 ms CreateObjectMapping: 0.376900 ms MarkObjects: 7.426700 ms  DeleteObjects: 0.070800 ms)

Unloading 17 Unused Serialized files (Serialized files now loaded: 0)
UnloadTime: 1.136000 ms
Loaded scene 'Assets/Scenes/MundoTamanos.unity'
	Deserialize:            14.235 ms
	Integration:            191.331 ms
	Integration of assets:  0.182 ms
	Thread Wait Time:       18.329 ms
	Total Operation Time:   224.076 ms
Unloading 22 unused Assets / (2.2 KB). Loaded Objects now: 7843.
Memory consumption went from 230.9 MB to 230.9 MB.
Total: 8.019700 ms (FindLiveObjects: 0.462100 ms CreateObjectMapping: 0.316800 ms MarkObjects: 7.191900 ms  DeleteObjects: 0.048100 ms)

Unloading 15 Unused Serialized files (Serialized files now loaded: 0)
UnloadTime: 0.694700 ms
Loaded scene 'Assets/Scenes/Mundos/MundoEmociones.unity'
	Deserialize:            17.328 ms
	Integration:            190.897 ms
	Integration of assets:  0.184 ms
	Thread Wait Time:       32.091 ms
	Total Operation Time:   240.501 ms
Unloading 52 unused Assets / (24.2 KB). Loaded Objects now: 8022.
Memory consumption went from 233.6 MB to 233.6 MB.
Total: 10.082100 ms (FindLiveObjects: 0.612100 ms CreateObjectMapping: 0.709500 ms MarkObjects: 8.621300 ms  DeleteObjects: 0.138300 ms)

Unloading 13 Unused Serialized files (Serialized files now loaded: 0)
UnloadTime: 0.852400 ms
Loaded scene 'Assets/Scenes/Menu.unity'
	Deserialize:            20.391 ms
	Integration:            190.061 ms
	Integration of assets:  0.186 ms
	Thread Wait Time:       29.277 ms
	Total Operation Time:   239.915 ms
Unloading 52 unused Assets / (29.2 KB). Loaded Objects now: 8223.
Memory consumption went from 236.3 MB to 236.3 MB.
Total: 9.652600 ms (FindLiveObjects: 0.529900 ms CreateObjectMapping: 0.378200 ms MarkObjects: 8.584600 ms  DeleteObjects: 0.158500 ms)

Unloading 4 Unused Serialized files (Serialized files now loaded: 0)
UnloadTime: 1.296100 ms
Loaded scene 'Assets/Scenes/SeleccionMundos.unity'
	Deserialize:            14.364 ms
	Integration:            190.579 ms
	Integration of assets:  0.072 ms
	Thread Wait Time:       18.573 ms
	Total Operation Time:   223.587 ms
Unloading 51 unused Assets / (21.4 KB). Loaded Objects now: 8144.
Memory consumption went from 233.7 MB to 233.7 MB.
Total: 8.632300 ms (FindLiveObjects: 0.468600 ms CreateObjectMapping: 0.322200 ms MarkObjects: 7.695300 ms  DeleteObjects: 0.145500 ms)

Unloading 6 Unused Serialized files (Serialized files now loaded: 0)
UnloadTime: 1.427700 ms
Loaded scene 'Assets/Scenes/MundoMusical.unity'
	Deserialize:            9.597 ms
	Integration:            190.261 ms
	Integration of assets:  0.092 ms
	Thread Wait Time:       22.993 ms
	Total Operation Time:   222.943 ms
Unloading 28 unused Assets / (18.3 KB). Loaded Objects now: 7896.
Memory consumption went from 226.7 MB to 226.6 MB.
Total: 8.480900 ms (FindLiveObjects: 0.521500 ms CreateObjectMapping: 0.379100 ms MarkObjects: 7.492700 ms  DeleteObjects: 0.086900 ms)

Unloading 5 Unused Serialized files (Serialized files now loaded: 0)
UnloadTime: 0.767600 ms
Loaded scene 'Assets/Scenes/MundoCuentos_VozTest.unity'
	Deserialize:            15.865 ms
	Integration:            192.092 ms
	Integration of assets:  0.117 ms
	Thread Wait Time:       17.075 ms
	Total Operation Time:   225.149 ms
Unloading 18 unused Assets / (14.3 KB). Loaded Objects now: 8104.
Memory consumption went from 227.0 MB to 226.9 MB.
Total: 8.180600 ms (FindLiveObjects: 0.487300 ms CreateObjectMapping: 0.344900 ms MarkObjects: 7.278300 ms  DeleteObjects: 0.069600 ms)

Unloading 17 Unused Serialized files (Serialized files now loaded: 0)
UnloadTime: 1.140700 ms
Loaded scene 'Assets/Scenes/MundoTamanos.unity'
	Deserialize:            13.318 ms
	Integration:            197.570 ms
	Integration of assets:  0.171 ms
	Thread Wait Time:       19.378 ms
	Total Operation Time:   230.437 ms
Unloading 22 unused Assets / (3.2 KB). Loaded Objects now: 7843.
Memory consumption went from 230.9 MB to 230.9 MB.
Total: 13.587300 ms (FindLiveObjects: 0.651200 ms CreateObjectMapping: 0.712400 ms MarkObjects: 12.156600 ms  DeleteObjects: 0.065700 ms)

Unloading 15 Unused Serialized files (Serialized files now loaded: 0)
UnloadTime: 0.735300 ms
Loaded scene 'Assets/Scenes/Mundos/MundoEmociones.unity'
	Deserialize:            17.762 ms
	Integration:            188.357 ms
	Integration of assets:  0.177 ms
	Thread Wait Time:       31.699 ms
	Total Operation Time:   237.995 ms
Unloading 52 unused Assets / (24.5 KB). Loaded Objects now: 8022.
Memory consumption went from 233.6 MB to 233.6 MB.
Total: 8.412500 ms (FindLiveObjects: 0.475400 ms CreateObjectMapping: 0.317800 ms MarkObjects: 7.481700 ms  DeleteObjects: 0.136700 ms)

Unloading 13 Unused Serialized files (Serialized files now loaded: 0)
UnloadTime: 0.786800 ms
Loaded scene 'Assets/Scenes/Menu.unity'
	Deserialize:            21.111 ms
	Integration:            189.395 ms
	Integration of assets:  0.193 ms
	Thread Wait Time:       27.666 ms
	Total Operation Time:   238.365 ms
Unloading 52 unused Assets / (30.0 KB). Loaded Objects now: 8223.
Memory consumption went from 236.3 MB to 236.3 MB.
Total: 8.154100 ms (FindLiveObjects: 0.517000 ms CreateObjectMapping: 0.340400 ms MarkObjects: 7.168600 ms  DeleteObjects: 0.127300 ms)

Unloading 4 Unused Serialized files (Serialized files now loaded: 0)
UnloadTime: 0.971600 ms
Loaded scene 'Assets/Scenes/SeleccionMundos.unity'
	Deserialize:            14.425 ms
	Integration:            188.260 ms
	Integration of assets:  0.083 ms
	Thread Wait Time:       20.939 ms
	Total Operation Time:   223.708 ms
Unloading 51 unused Assets / (43.9 KB). Loaded Objects now: 8144.
Memory consumption went from 233.7 MB to 233.7 MB.
Total: 8.783500 ms (FindLiveObjects: 0.515400 ms CreateObjectMapping: 0.406600 ms MarkObjects: 7.649500 ms  DeleteObjects: 0.211000 ms)

Unloading 6 Unused Serialized files (Serialized files now loaded: 0)
UnloadTime: 1.584600 ms
Loaded scene 'Assets/Scenes/MundoMusical.unity'
	Deserialize:            10.082 ms
	Integration:            194.445 ms
	Integration of assets:  0.113 ms
	Thread Wait Time:       30.375 ms
	Total Operation Time:   235.014 ms
Unloading 28 unused Assets / (18.7 KB). Loaded Objects now: 7896.
Memory consumption went from 226.7 MB to 226.7 MB.
Total: 8.711600 ms (FindLiveObjects: 0.463100 ms CreateObjectMapping: 0.320900 ms MarkObjects: 7.795400 ms  DeleteObjects: 0.131200 ms)

Unloading 5 Unused Serialized files (Serialized files now loaded: 0)
UnloadTime: 0.804700 ms
Loaded scene 'Assets/Scenes/MundoCuentos_VozTest.unity'
	Deserialize:            16.205 ms
	Integration:            202.484 ms
	Integration of assets:  0.143 ms
	Thread Wait Time:       24.408 ms
	Total Operation Time:   243.240 ms
Unloading 18 unused Assets / (14.3 KB). Loaded Objects now: 8104.
Memory consumption went from 227.0 MB to 226.9 MB.
Total: 8.741800 ms (FindLiveObjects: 0.493300 ms CreateObjectMapping: 0.366100 ms MarkObjects: 7.802700 ms  DeleteObjects: 0.078500 ms)

Unloading 17 Unused Serialized files (Serialized files now loaded: 0)
UnloadTime: 1.300500 ms
Loaded scene 'Assets/Scenes/MundoTamanos.unity'
	Deserialize:            13.756 ms
	Integration:            191.691 ms
	Integration of assets:  0.214 ms
	Thread Wait Time:       26.729 ms
	Total Operation Time:   232.390 ms
Unloading 22 unused Assets / (2.2 KB). Loaded Objects now: 7843.
Memory consumption went from 230.9 MB to 230.9 MB.
Total: 8.590300 ms (FindLiveObjects: 0.482000 ms CreateObjectMapping: 0.553300 ms MarkObjects: 7.506900 ms  DeleteObjects: 0.047400 ms)

Unloading 15 Unused Serialized files (Serialized files now loaded: 0)
UnloadTime: 0.716600 ms
Loaded scene 'Assets/Scenes/Mundos/MundoEmociones.unity'
	Deserialize:            16.995 ms
	Integration:            189.072 ms
	Integration of assets:  0.168 ms
	Thread Wait Time:       23.803 ms
	Total Operation Time:   230.038 ms
Unloading 52 unused Assets / (24.5 KB). Loaded Objects now: 8022.
Memory consumption went from 233.6 MB to 233.6 MB.
Total: 8.986700 ms (FindLiveObjects: 0.479800 ms CreateObjectMapping: 0.339200 ms MarkObjects: 7.927100 ms  DeleteObjects: 0.239500 ms)

Unloading 2 Unused Serialized files (Serialized files now loaded: 0)
UnloadTime: 0.786100 ms
Loaded scene 'Assets/Scenes/MundoCuentos_VozTest.unity'
	Deserialize:            14.612 ms
	Integration:            193.890 ms
	Integration of assets:  0.038 ms
	Thread Wait Time:       17.644 ms
	Total Operation Time:   226.184 ms
Unloading 48 unused Assets / (26.7 KB). Loaded Objects now: 8104.
Memory consumption went from 229.7 MB to 229.7 MB.
Total: 8.518900 ms (FindLiveObjects: 0.502100 ms CreateObjectMapping: 0.334200 ms MarkObjects: 7.564600 ms  DeleteObjects: 0.116800 ms)

Unloading 13 Unused Serialized files (Serialized files now loaded: 0)
UnloadTime: 1.129800 ms
Loaded scene 'Assets/Scenes/Menu.unity'
	Deserialize:            21.256 ms
	Integration:            186.110 ms
	Integration of assets:  0.192 ms
	Thread Wait Time:       27.685 ms
	Total Operation Time:   235.243 ms
Unloading 26 unused Assets / (4.8 KB). Loaded Objects now: 8223.
Memory consumption went from 233.6 MB to 233.6 MB.
Total: 8.034600 ms (FindLiveObjects: 0.510000 ms CreateObjectMapping: 0.342800 ms MarkObjects: 7.112100 ms  DeleteObjects: 0.068900 ms)

Unloading 4 Unused Serialized files (Serialized files now loaded: 0)
UnloadTime: 0.933100 ms
Loaded scene 'Assets/Scenes/SeleccionMundos.unity'
	Deserialize:            14.448 ms
	Integration:            192.013 ms
	Integration of assets:  0.104 ms
	Thread Wait Time:       24.781 ms
	Total Operation Time:   231.345 ms
Unloading 51 unused Assets / (21.9 KB). Loaded Objects now: 8144.
Memory consumption went from 233.7 MB to 233.7 MB.
Total: 8.557200 ms (FindLiveObjects: 0.577100 ms CreateObjectMapping: 0.375900 ms MarkObjects: 7.475200 ms  DeleteObjects: 0.128200 ms)

Unloading 13 Unused Serialized files (Serialized files now loaded: 0)
UnloadTime: 1.459500 ms
Loaded scene 'Assets/Scenes/Menu.unity'
	Deserialize:            21.197 ms
	Integration:            185.500 ms
	Integration of assets:  0.176 ms
	Thread Wait Time:       19.288 ms
	Total Operation Time:   226.161 ms
Unloading 26 unused Assets / (13.8 KB). Loaded Objects now: 8223.
Memory consumption went from 233.6 MB to 233.6 MB.
Total: 8.604300 ms (FindLiveObjects: 0.520200 ms CreateObjectMapping: 0.354700 ms MarkObjects: 7.651500 ms  DeleteObjects: 0.077300 ms)

StoryProgressRepository: cuento tres_cerditos guardado. Puntaje 90, estrellas 3, mejores 90/3.
UnityEngine.Debug:ExtractStackTraceNoAlloc (byte*,int,string)
UnityEngine.StackTraceUtility:ExtractStackTrace ()
UnityEngine.DebugLogHandler:Internal_Log (UnityEngine.LogType,UnityEngine.LogOption,string,UnityEngine.Object)
UnityEngine.DebugLogHandler:LogFormat (UnityEngine.LogType,UnityEngine.Object,string,object[])
UnityEngine.Logger:Log (UnityEngine.LogType,object)
UnityEngine.Debug:Log (object)
Bolin.StoryProgressRepository:SaveStoryResult (string,int,int,bool) (at Assets/Mundo Aprendo/Scripts/MundoCuentos/Scripts/StoryProgressRepository.cs:51)
System.Reflection.RuntimeMethodInfo:Invoke (object,System.Reflection.BindingFlags,System.Reflection.Binder,object[],System.Globalization.CultureInfo)
System.Reflection.MethodBase:Invoke (object,object[])
MundoAprendo.PlayModeTests.ProjectPlayModeSmokeTests/<StoryProgress_UsesStableStoryIdsAndRequiresTwoDifferentStories>d__3:MoveNext () (at Assets/Tests/PlayMode/ProjectPlayModeSmokeTests.cs:122)
UnityEngine.TestTools.TestEnumerator/<Execute>d__7:MoveNext () (at ./Library/PackageCache/com.unity.test-framework@629486125cfc/UnityEngine.TestRunner/NUnitExtensions/Attributes/TestEnumerator.cs:44)
UnityEngine.TestTools.EnumerableTestMethodCommand/<ExecuteEnumerableAndRecordExceptions>d__4:MoveNext () (at ./Library/PackageCache/com.unity.test-framework@629486125cfc/UnityEngine.TestRunner/NUnitExtensions/Commands/EnumerableTestMethodCommand.cs:79)
UnityEngine.TestTools.EnumerableTestMethodCommand:AdvanceEnumerator (System.Collections.IEnumerator) (at ./Library/PackageCache/com.unity.test-framework@629486125cfc/UnityEngine.TestRunner/NUnitExtensions/Commands/EnumerableTestMethodCommand.cs:64)
UnityEngine.TestTools.EnumerableTestMethodCommand/<ExecuteEnumerable>d__2:MoveNext () (at ./Library/PackageCache/com.unity.test-framework@629486125cfc/UnityEngine.TestRunner/NUnitExtensions/Commands/EnumerableTestMethodCommand.cs:47)
UnityEngine.TestRunner.NUnitExtensions.Runner.UnityLogCheckDelegatingCommand/<ExecuteEnumerable>d__3:MoveNext () (at ./Library/PackageCache/com.unity.test-framework@629486125cfc/UnityEngine.TestRunner/NUnitExtensions/Runner/UnityLogCheckDelegatingCommand.cs:48)
UnityEngine.TestTools.BeforeAfterTestCommandBase`1/<ExecuteEnumerable>d__16<NUnit.Framework.ITestAction>:MoveNext () (at ./Library/PackageCache/com.unity.test-framework@629486125cfc/UnityEngine.TestRunner/NUnitExtensions/Commands/BeforeAfterTestCommandBase.cs:212)
UnityEngine.TestTools.BeforeAfterTestCommandBase`1/<ExecuteEnumerable>d__16<System.Reflection.MethodInfo>:MoveNext () (at ./Library/PackageCache/com.unity.test-framework@629486125cfc/UnityEngine.TestRunner/NUnitExtensions/Commands/BeforeAfterTestCommandBase.cs:212)
UnityEngine.TestTools.BeforeAfterTestCommandBase`1/<ExecuteEnumerable>d__16<System.Reflection.MethodInfo>:MoveNext () (at ./Library/PackageCache/com.unity.test-framework@629486125cfc/UnityEngine.TestRunner/NUnitExtensions/Commands/BeforeAfterTestCommandBase.cs:212)
UnityEngine.TestTools.BeforeAfterTestCommandBase`1/<ExecuteEnumerable>d__16<UnityEngine.TestTools.IOuterUnityTestAction>:MoveNext () (at ./Library/PackageCache/com.unity.test-framework@629486125cfc/UnityEngine.TestRunner/NUnitExtensions/Commands/BeforeAfterTestCommandBase.cs:212)
UnityEngine.TestTools.RetryCommand/<ExecuteEnumerable>d__2:MoveNext () (at ./Library/PackageCache/com.unity.test-framework@629486125cfc/UnityEngine.TestRunner/NUnitExtensions/Commands/RetryCommand.cs:37)
UnityEngine.TestTools.RepeatCommand/<ExecuteEnumerable>d__2:MoveNext () (at ./Library/PackageCache/com.unity.test-framework@629486125cfc/UnityEngine.TestRunner/NUnitExtensions/Commands/RepeatCommand.cs:36)
UnityEngine.TestTools.IgnoreTestCommand/<ExecuteEnumerable>d__3:MoveNext () (at ./Library/PackageCache/com.unity.test-framework@629486125cfc/UnityEngine.TestRunner/NUnitExtensions/Commands/IgnoreTestCommand.cs:42)
UnityEngine.TestTools.StrictCheckCommand/<ExecuteEnumerable>d__2:MoveNext () (at ./Library/PackageCache/com.unity.test-framework@629486125cfc/UnityEngine.TestRunner/NUnitExtensions/Commands/StrictCheckCommand.cs:29)
UnityEngine.TestTools.Utils.CoroutineRunner/<WrapEnumeratorForChecks>d__8:MoveNext () (at ./Library/PackageCache/com.unity.test-framework@629486125cfc/UnityEngine.TestRunner/Utils/CoroutineRunner.cs:58)
UnityEngine.SetupCoroutine:InvokeMoveNext (System.Collections.IEnumerator,intptr)

(Filename: Assets/Mundo Aprendo/Scripts/MundoCuentos/Scripts/StoryProgressRepository.cs Line: 51)

StoryProgressRepository: cuento tres_cerditos guardado. Puntaje 50, estrellas 1, mejores 90/3.
UnityEngine.Debug:ExtractStackTraceNoAlloc (byte*,int,string)
UnityEngine.StackTraceUtility:ExtractStackTrace ()
UnityEngine.DebugLogHandler:Internal_Log (UnityEngine.LogType,UnityEngine.LogOption,string,UnityEngine.Object)
UnityEngine.DebugLogHandler:LogFormat (UnityEngine.LogType,UnityEngine.Object,string,object[])
UnityEngine.Logger:Log (UnityEngine.LogType,object)
UnityEngine.Debug:Log (object)
Bolin.StoryProgressRepository:SaveStoryResult (string,int,int,bool) (at Assets/Mundo Aprendo/Scripts/MundoCuentos/Scripts/StoryProgressRepository.cs:51)
System.Reflection.RuntimeMethodInfo:Invoke (object,System.Reflection.BindingFlags,System.Reflection.Binder,object[],System.Globalization.CultureInfo)
System.Reflection.MethodBase:Invoke (object,object[])
MundoAprendo.PlayModeTests.ProjectPlayModeSmokeTests/<StoryProgress_UsesStableStoryIdsAndRequiresTwoDifferentStories>d__3:MoveNext () (at Assets/Tests/PlayMode/ProjectPlayModeSmokeTests.cs:123)
UnityEngine.TestTools.TestEnumerator/<Execute>d__7:MoveNext () (at ./Library/PackageCache/com.unity.test-framework@629486125cfc/UnityEngine.TestRunner/NUnitExtensions/Attributes/TestEnumerator.cs:44)
UnityEngine.TestTools.EnumerableTestMethodCommand/<ExecuteEnumerableAndRecordExceptions>d__4:MoveNext () (at ./Library/PackageCache/com.unity.test-framework@629486125cfc/UnityEngine.TestRunner/NUnitExtensions/Commands/EnumerableTestMethodCommand.cs:79)
UnityEngine.TestTools.EnumerableTestMethodCommand:AdvanceEnumerator (System.Collections.IEnumerator) (at ./Library/PackageCache/com.unity.test-framework@629486125cfc/UnityEngine.TestRunner/NUnitExtensions/Commands/EnumerableTestMethodCommand.cs:64)
UnityEngine.TestTools.EnumerableTestMethodCommand/<ExecuteEnumerable>d__2:MoveNext () (at ./Library/PackageCache/com.unity.test-framework@629486125cfc/UnityEngine.TestRunner/NUnitExtensions/Commands/EnumerableTestMethodCommand.cs:47)
UnityEngine.TestRunner.NUnitExtensions.Runner.UnityLogCheckDelegatingCommand/<ExecuteEnumerable>d__3:MoveNext () (at ./Library/PackageCache/com.unity.test-framework@629486125cfc/UnityEngine.TestRunner/NUnitExtensions/Runner/UnityLogCheckDelegatingCommand.cs:48)
UnityEngine.TestTools.BeforeAfterTestCommandBase`1/<ExecuteEnumerable>d__16<NUnit.Framework.ITestAction>:MoveNext () (at ./Library/PackageCache/com.unity.test-framework@629486125cfc/UnityEngine.TestRunner/NUnitExtensions/Commands/BeforeAfterTestCommandBase.cs:212)
UnityEngine.TestTools.BeforeAfterTestCommandBase`1/<ExecuteEnumerable>d__16<System.Reflection.MethodInfo>:MoveNext () (at ./Library/PackageCache/com.unity.test-framework@629486125cfc/UnityEngine.TestRunner/NUnitExtensions/Commands/BeforeAfterTestCommandBase.cs:212)
UnityEngine.TestTools.BeforeAfterTestCommandBase`1/<ExecuteEnumerable>d__16<System.Reflection.MethodInfo>:MoveNext () (at ./Library/PackageCache/com.unity.test-framework@629486125cfc/UnityEngine.TestRunner/NUnitExtensions/Commands/BeforeAfterTestCommandBase.cs:212)
UnityEngine.TestTools.BeforeAfterTestCommandBase`1/<ExecuteEnumerable>d__16<UnityEngine.TestTools.IOuterUnityTestAction>:MoveNext () (at ./Library/PackageCache/com.unity.test-framework@629486125cfc/UnityEngine.TestRunner/NUnitExtensions/Commands/BeforeAfterTestCommandBase.cs:212)
UnityEngine.TestTools.RetryCommand/<ExecuteEnumerable>d__2:MoveNext () (at ./Library/PackageCache/com.unity.test-framework@629486125cfc/UnityEngine.TestRunner/NUnitExtensions/Commands/RetryCommand.cs:37)
UnityEngine.TestTools.RepeatCommand/<ExecuteEnumerable>d__2:MoveNext () (at ./Library/PackageCache/com.unity.test-framework@629486125cfc/UnityEngine.TestRunner/NUnitExtensions/Commands/RepeatCommand.cs:36)
UnityEngine.TestTools.IgnoreTestCommand/<ExecuteEnumerable>d__3:MoveNext () (at ./Library/PackageCache/com.unity.test-framework@629486125cfc/UnityEngine.TestRunner/NUnitExtensions/Commands/IgnoreTestCommand.cs:42)
UnityEngine.TestTools.StrictCheckCommand/<ExecuteEnumerable>d__2:MoveNext () (at ./Library/PackageCache/com.unity.test-framework@629486125cfc/UnityEngine.TestRunner/NUnitExtensions/Commands/StrictCheckCommand.cs:29)
UnityEngine.TestTools.Utils.CoroutineRunner/<WrapEnumeratorForChecks>d__8:MoveNext () (at ./Library/PackageCache/com.unity.test-framework@629486125cfc/UnityEngine.TestRunner/Utils/CoroutineRunner.cs:58)
UnityEngine.SetupCoroutine:InvokeMoveNext (System.Collections.IEnumerator,intptr)

(Filename: Assets/Mundo Aprendo/Scripts/MundoCuentos/Scripts/StoryProgressRepository.cs Line: 51)

StoryProgressRepository: cuento conejo_luna guardado. Puntaje 80, estrellas 2, mejores 80/2.
UnityEngine.Debug:ExtractStackTraceNoAlloc (byte*,int,string)
UnityEngine.StackTraceUtility:ExtractStackTrace ()
UnityEngine.DebugLogHandler:Internal_Log (UnityEngine.LogType,UnityEngine.LogOption,string,UnityEngine.Object)
UnityEngine.DebugLogHandler:LogFormat (UnityEngine.LogType,UnityEngine.Object,string,object[])
UnityEngine.Logger:Log (UnityEngine.LogType,object)
UnityEngine.Debug:Log (object)
Bolin.StoryProgressRepository:SaveStoryResult (string,int,int,bool) (at Assets/Mundo Aprendo/Scripts/MundoCuentos/Scripts/StoryProgressRepository.cs:51)
System.Reflection.RuntimeMethodInfo:Invoke (object,System.Reflection.BindingFlags,System.Reflection.Binder,object[],System.Globalization.CultureInfo)
System.Reflection.MethodBase:Invoke (object,object[])
MundoAprendo.PlayModeTests.ProjectPlayModeSmokeTests/<StoryProgress_UsesStableStoryIdsAndRequiresTwoDifferentStories>d__3:MoveNext () (at Assets/Tests/PlayMode/ProjectPlayModeSmokeTests.cs:129)
UnityEngine.TestTools.TestEnumerator/<Execute>d__7:MoveNext () (at ./Library/PackageCache/com.unity.test-framework@629486125cfc/UnityEngine.TestRunner/NUnitExtensions/Attributes/TestEnumerator.cs:44)
UnityEngine.TestTools.EnumerableTestMethodCommand/<ExecuteEnumerableAndRecordExceptions>d__4:MoveNext () (at ./Library/PackageCache/com.unity.test-framework@629486125cfc/UnityEngine.TestRunner/NUnitExtensions/Commands/EnumerableTestMethodCommand.cs:79)
UnityEngine.TestTools.EnumerableTestMethodCommand:AdvanceEnumerator (System.Collections.IEnumerator) (at ./Library/PackageCache/com.unity.test-framework@629486125cfc/UnityEngine.TestRunner/NUnitExtensions/Commands/EnumerableTestMethodCommand.cs:64)
UnityEngine.TestTools.EnumerableTestMethodCommand/<ExecuteEnumerable>d__2:MoveNext () (at ./Library/PackageCache/com.unity.test-framework@629486125cfc/UnityEngine.TestRunner/NUnitExtensions/Commands/EnumerableTestMethodCommand.cs:47)
UnityEngine.TestRunner.NUnitExtensions.Runner.UnityLogCheckDelegatingCommand/<ExecuteEnumerable>d__3:MoveNext () (at ./Library/PackageCache/com.unity.test-framework@629486125cfc/UnityEngine.TestRunner/NUnitExtensions/Runner/UnityLogCheckDelegatingCommand.cs:48)
UnityEngine.TestTools.BeforeAfterTestCommandBase`1/<ExecuteEnumerable>d__16<NUnit.Framework.ITestAction>:MoveNext () (at ./Library/PackageCache/com.unity.test-framework@629486125cfc/UnityEngine.TestRunner/NUnitExtensions/Commands/BeforeAfterTestCommandBase.cs:212)
UnityEngine.TestTools.BeforeAfterTestCommandBase`1/<ExecuteEnumerable>d__16<System.Reflection.MethodInfo>:MoveNext () (at ./Library/PackageCache/com.unity.test-framework@629486125cfc/UnityEngine.TestRunner/NUnitExtensions/Commands/BeforeAfterTestCommandBase.cs:212)
UnityEngine.TestTools.BeforeAfterTestCommandBase`1/<ExecuteEnumerable>d__16<System.Reflection.MethodInfo>:MoveNext () (at ./Library/PackageCache/com.unity.test-framework@629486125cfc/UnityEngine.TestRunner/NUnitExtensions/Commands/BeforeAfterTestCommandBase.cs:212)
UnityEngine.TestTools.BeforeAfterTestCommandBase`1/<ExecuteEnumerable>d__16<UnityEngine.TestTools.IOuterUnityTestAction>:MoveNext () (at ./Library/PackageCache/com.unity.test-framework@629486125cfc/UnityEngine.TestRunner/NUnitExtensions/Commands/BeforeAfterTestCommandBase.cs:212)
UnityEngine.TestTools.RetryCommand/<ExecuteEnumerable>d__2:MoveNext () (at ./Library/PackageCache/com.unity.test-framework@629486125cfc/UnityEngine.TestRunner/NUnitExtensions/Commands/RetryCommand.cs:37)
UnityEngine.TestTools.RepeatCommand/<ExecuteEnumerable>d__2:MoveNext () (at ./Library/PackageCache/com.unity.test-framework@629486125cfc/UnityEngine.TestRunner/NUnitExtensions/Commands/RepeatCommand.cs:36)
UnityEngine.TestTools.IgnoreTestCommand/<ExecuteEnumerable>d__3:MoveNext () (at ./Library/PackageCache/com.unity.test-framework@629486125cfc/UnityEngine.TestRunner/NUnitExtensions/Commands/IgnoreTestCommand.cs:42)
UnityEngine.TestTools.StrictCheckCommand/<ExecuteEnumerable>d__2:MoveNext () (at ./Library/PackageCache/com.unity.test-framework@629486125cfc/UnityEngine.TestRunner/NUnitExtensions/Commands/StrictCheckCommand.cs:29)
UnityEngine.TestTools.Utils.CoroutineRunner/<WrapEnumeratorForChecks>d__8:MoveNext () (at ./Library/PackageCache/com.unity.test-framework@629486125cfc/UnityEngine.TestRunner/Utils/CoroutineRunner.cs:58)
UnityEngine.SetupCoroutine:InvokeMoveNext (System.Collections.IEnumerator,intptr)

(Filename: Assets/Mundo Aprendo/Scripts/MundoCuentos/Scripts/StoryProgressRepository.cs Line: 51)

Saving results to: C:/Users/Boloxdhd/AppData/LocalLow/DefaultCompany/Mundo aprendo tesis\TestResults.xml
Unloading 1 Unused Serialized files (Serialized files now loaded: 0)
Loaded scene 'Temp/__Backupscenes/0.backup'
	Deserialize:            0.410 ms
	Integration:            186.190 ms
	Integration of assets:  0.001 ms
	Thread Wait Time:       0.006 ms
	Total Operation Time:   186.607 ms
Unloading 41 unused Assets / (30.4 MB). Loaded Objects now: 7555.
Memory consumption went from 233.2 MB to 202.9 MB.
Total: 10.283700 ms (FindLiveObjects: 0.437300 ms CreateObjectMapping: 0.318500 ms MarkObjects: 7.770800 ms  DeleteObjects: 1.756200 ms)

Executing IPostBuildCleanup for: Unity.PerformanceTesting.Editor.TestRunBuilder.
UnityEngine.Debug:ExtractStackTraceNoAlloc (byte*,int,string)
UnityEngine.StackTraceUtility:ExtractStackTrace ()
UnityEngine.DebugLogHandler:Internal_Log (UnityEngine.LogType,UnityEngine.LogOption,string,UnityEngine.Object)
UnityEngine.DebugLogHandler:LogFormat (UnityEngine.LogType,UnityEngine.Object,string,object[])
UnityEngine.Logger:Log (UnityEngine.LogType,object)
UnityEngine.Debug:Log (object)
UnityEditor.TestTools.TestRunner.TestRun.Tasks.BuildActionTaskBase`1/<ExecuteMethods>d__8<UnityEngine.TestTools.IPostBuildCleanup>:MoveNext () (at ./Library/PackageCache/com.unity.test-framework@629486125cfc/UnityEditor.TestRunner/TestRun/Tasks/BuildActionTaskBase.cs:48)
UnityEditor.TestTools.TestRunner.TestRun.Tasks.BuildActionTaskBase`1/<Execute>d__7<UnityEngine.TestTools.IPostBuildCleanup>:MoveNext () (at ./Library/PackageCache/com.unity.test-framework@629486125cfc/UnityEditor.TestRunner/TestRun/Tasks/BuildActionTaskBase.cs:34)
UnityEditor.TestTools.TestRunner.TestRun.TestJobRunner:ExecuteStep () (at ./Library/PackageCache/com.unity.test-framework@629486125cfc/UnityEditor.TestRunner/TestRun/TestJobRunner.cs:173)
UnityEditor.TestTools.TestRunner.TestRun.TestJobRunner:ExecuteCallback () (at ./Library/PackageCache/com.unity.test-framework@629486125cfc/UnityEditor.TestRunner/TestRun/TestJobRunner.cs:108)
UnityEditor.EditorApplication:Internal_CallUpdateFunctions ()

(Filename: ./Library/PackageCache/com.unity.test-framework@629486125cfc/UnityEditor.TestRunner/TestRun/Tasks/BuildActionTaskBase.cs Line: 48)

Asset Pipeline Refresh (id=c09e01af336e2ac4488111c3ded7079b): Total: 0.018 seconds - Initiated by RefreshV2(NoUpdateAssetOptions)
Unloading 0 Unused Serialized files (Serialized files now loaded: 0)
Unloading 0 unused Assets / (0 B). Loaded Objects now: 7560.
Memory consumption went from 196.3 MB to 196.3 MB.
Total: 8.659800 ms (FindLiveObjects: 0.267900 ms CreateObjectMapping: 0.144600 ms MarkObjects: 8.230600 ms  DeleteObjects: 0.015800 ms)

Asset Pipeline Refresh (id=b431208cb7df3db44a79c4c5f8c8af07): Total: 0.076 seconds - Initiated by StopAssetImportingV2(NoUpdateAssetOptions)
DisplayProgressbar: Undo
TrimDiskCacheJob: Current cache size 0mb
