[Licensing::Module] Trying to connect to existing licensing client channel...
Built from '6000.4/staging' branch; Version is '6000.4.0f1 (8cf496087c8f) revision 9237654'; Using compiler version '194234433'; Build Type 'Release'
OS: 'Windows 10  (10.0.19045) 64bit Professional' Language: 'es' Physical Memory: 32690 MB
[Licensing::IpcConnector] Successfully connected to: "LicenseClient-Boloxdhd" at "2026-06-25T02:29:55.2005368Z"
BatchMode: 1, IsHumanControllingUs: 0, StartBugReporterOnCrash: 0, Is64bit: 1
System  architecture: x64
Process architecture: x64
Date: 2026-06-25T02:29:55Z

COMMAND LINE ARGUMENTS:
C:\Program Files\Unity\Hub\Editor\6000.4.0f1\Editor\Unity.exe
-batchmode
-nographics
-quit
-projectPath
F:\PUN\Mundo aprendo tesis
-executeMethod
Bolin.Editor.MundoCuentosExpansionSetup.Apply
-logFile
F:\PUN\Mundo aprendo tesis\Logs\MundoCuentosRepairReadingPanel3.log
Successfully changed project path to: F:\PUN\Mundo aprendo tesis
F:/PUN/Mundo aprendo tesis
[UnityMemory] Configuration Parameters - Can be set up in boot.config
    "memorysetup-temp-allocator-size-gi-baking-worker=262144"
    "memorysetup-temp-allocator-size-gi-baking-worker=262144"
    "memorysetup-temp-allocator-size-gi-baking-worker=262144"
    "memorysetup-temp-allocator-size-gi-baking-worker=262144"
    "memorysetup-temp-allocator-size-gi-baking-worker=262144"
    "memorysetup-temp-allocator-size-nav-mesh-worker=65536"
    "memorysetup-temp-allocator-size-audio-worker=65536"
    "memorysetup-temp-allocator-size-cloud-worker=32768"
    "memorysetup-temp-allocator-size-gfx=262144"
    "memorysetup-temp-allocator-size-preload-manager=33554432"
    "memorysetup-temp-allocator-size-job-worker=262144"
    "memorysetup-temp-allocator-size-background-worker=32768"
    "memorysetup-allocator-temp-initial-block-size-main=262144"
    "memorysetup-allocator-temp-initial-block-size-worker=262144"
    "memorysetup-bucket-allocator-granularity=16"
    "memorysetup-bucket-allocator-bucket-count=8"
    "memorysetup-bucket-allocator-block-size=33554432"
    "memorysetup-bucket-allocator-block-count=8"
    "memorysetup-main-allocator-block-size=16777216"
    "memorysetup-thread-allocator-block-size=16777216"
    "memorysetup-gfx-main-allocator-block-size=16777216"
    "memorysetup-gfx-thread-allocator-block-size=16777216"
    "memorysetup-cache-allocator-block-size=4194304"
    "memorysetup-typetree-allocator-block-size=2097152"
    "memorysetup-profiler-bucket-allocator-granularity=16"
    "memorysetup-profiler-bucket-allocator-bucket-count=8"
    "memorysetup-profiler-bucket-allocator-block-size=33554432"
    "memorysetup-profiler-bucket-allocator-block-count=8"
    "memorysetup-profiler-allocator-block-size=16777216"
    "memorysetup-profiler-editor-allocator-block-size=1048576"
    "memorysetup-temp-allocator-size-main=16777216"
    "memorysetup-job-temp-allocator-block-size=2097152"
    "memorysetup-job-temp-allocator-block-size-background=1048576"
    "memorysetup-job-temp-allocator-reduction-small-platforms=262144"
Player connection [15596]  Target information:

Player connection [15596]  * "[IP] 192.168.1.23 [Port] 55504 [Flags] 2 [Guid] 523425213 [EditorId] 523425213 [Version] 1048832 [Id] WindowsEditor(7,DESKTOP-NF6H5UD) [Debug] 1 [PackageName] WindowsEditor [ProjectName] Editor" 

Player connection [15596] Host joined multi-casting on [225.0.0.222:54997]...
Player connection [15596] Host joined alternative multi-casting on [225.0.0.222:34997]...
Input System module state changed to: Initialized.
[Physics::Module] Initialized fallback backend.
[Physics::Module] Id: 0xdecafbad
[Package Manager] Connected to IPC stream "Upm-22152" after 0.3 seconds.
[Licensing::Module] Licensing is not yet initialized.
[Licensing::Client] Error: HandshakeResponse reported an error:
	ResponseCode: 505
	ResponseStatus: Unsupported protocol version '1.18.1'.
[Licensing::Module] Error: Failed to handshake to channel: "LicenseClient-Boloxdhd"
[Licensing::IpcConnector] LicenseClient-Boloxdhd channel disconnected successfully.
[Licensing::IpcConnector] Channel LicenseClient-Boloxdhd-6000.4.0 doesn't exist
[Licensing::Module] Successfully launched the LicensingClient (PId: 22392)
[Licensing::IpcConnector] Successfully connected to: "LicenseClient-Boloxdhd-6000.4.0" at "2026-06-25T02:29:56.5208449Z"
[Licensing::Client] Handshaking with LicensingClient:
  Version:                 1.18.1+9fbee8e
  Session Id:              63b87fbc71b64872acd021b6bdaf245b
  Correlation Id:          9abfd897ee322a357b87eee50d192eb6
  External correlation Id: 6728436886862714403
  Machine Id:              CFi18PVxujarsjnwWQVdFlBCSK4=
[Licensing::Module] Successfully connected to LicensingClient on channel: "LicenseClient-Boloxdhd-6000.4.0" (connect: 0.25s, validation: 0.05s, handshake: 1.00s)
[Licensing::IpcConnector] Successfully connected to: "LicenseClient-Boloxdhd-6000.4.0-notifications" at "2026-06-25T02:29:57.5694094Z"
[Licensing::Module] Connected to LicensingClient (PId: 22392, launch time: 0.00, total connection time: 1.29s)
[Licensing::Module] Error: Access token is unavailable; failed to update
[Licensing::Client] Successfully resolved entitlement details
[Licensing::Module] License group:
  Id: F4-FQE5-U6TU-H7W3-QSAD-XXXX
  Product: Unity Personal
  Type: ULF
  Expiration: Unlimited
[Licensing::Module] License group:
  Id: 4673397952068-UnityPersXXXX
  Product: Unity Personal
  Type: Assigned
  Expiration: Unlimited
[Licensing::Client] Successfully updated license, isAsync: True, time: 0.01
[Licensing::Client] Successfully resolved entitlement details
[Licensing::Module] License group:
  Id: F4-FQE5-U6TU-H7W3-QSAD-XXXX
  Product: Unity Personal
  Type: ULF
  Expiration: Unlimited
[Licensing::Module] License group:
  Id: 4673397952068-UnityPersXXXX
  Product: Unity Personal
  Type: Assigned
  Expiration: Unlimited
[Licensing::Module] Licensing Background thread has ended after 2.40s
[Licensing::Module] Licensing is initialized (took 1.94s).
[Licensing::Client] Successfully resolved entitlement details
[Licensing::Module] License group:
  Id: F4-FQE5-U6TU-H7W3-QSAD-XXXX
  Product: Unity Personal
  Type: ULF
  Expiration: Unlimited
[Licensing::Module] License group:
  Id: 4673397952068-UnityPersXXXX
  Product: Unity Personal
  Type: Assigned
  Expiration: Unlimited
Library Redirect Path: Library/
[Physics::Module] Selected backend.
[Physics::Module] Name: PhysX
[Physics::Module] Id: 0xf2b8ea05
[Physics::Module] SDK Version: 4.1.2
[Physics::Module] Integration Version: 1.0.0
[Physics::Module] Threading Mode: Multi-Threaded
Initialize engine version: 6000.4.0f1 (8cf496087c8f)
[Subsystems] Discovering subsystems at path C:/Program Files/Unity/Hub/Editor/6000.4.0f1/Editor/Data/Resources/UnitySubsystems
[Subsystems] Discovering subsystems at path F:/PUN/Mundo aprendo tesis/Assets
Forcing GfxDevice: Null
GfxDevice: creating device client; kGfxThreadingModeNonThreaded
NullGfxDevice:
    Version:  NULL 1.0 [1.0]
    Renderer: Null Device
    Vendor:   Unity Technologies
Shader Hidden/ChartRasterizerHardware is not supported: GPU does not support conservative rasterization
Initialize mono
Mono path[0] = 'C:/Program Files/Unity/Hub/Editor/6000.4.0f1/Editor/Data/Managed'
Mono path[1] = 'C:/Program Files/Unity/Hub/Editor/6000.4.0f1/Editor/Data/MonoBleedingEdge/lib/mono/unityjit-win32'
Mono config path = 'C:/Program Files/Unity/Hub/Editor/6000.4.0f1/Editor/Data/MonoBleedingEdge/etc'
Using monoOptions --debugger-agent=transport=dt_socket,embedding=1,server=y,suspend=n,address=127.0.0.1:56152
CodeReloadManager initialized
Using cacheserver namespaces - metadata:defaultmetadata, artifacts:defaultartifacts
Using cacheserver namespaces - metadata:defaultmetadata, artifacts:defaultartifacts
ImportWorker Server TCP listen port: 0
AcceleratorClientConnectionCallback - disconnected - :0
Begin MonoManager ReloadAssembly
Registering precompiled unity dll's ...
Register platform support module: C:/Program Files/Unity/Hub/Editor/6000.4.0f1/Editor/Data/PlaybackEngines/WindowsStandaloneSupport/UnityEditor.WindowsStandalone.Extensions.dll
[Licensing::Client] Successfully resolved entitlement details
[Licensing::Module] License group:
  Id: F4-FQE5-U6TU-H7W3-QSAD-XXXX
  Product: Unity Personal
  Type: ULF
  Expiration: Unlimited
[Licensing::Module] License group:
  Id: 4673397952068-UnityPersXXXX
  Product: Unity Personal
  Type: Assigned
  Expiration: Unlimited
Register platform support module: C:/Program Files/Unity/Hub/Editor/6000.4.0f1/Editor/Data/PlaybackEngines/AndroidPlayer/UnityEditor.Android.Extensions.dll
Registered in 0.004243 seconds.
Native extension for Android target not found
Android Extension - Scanning For ADB Devices 2159 ms
Native extension for WindowsStandalone target not found
Package Manager log level set to [2]
ScheduleIndexationOnStartup MainProcess:False IndexOnStartup:True
Mono: successfully reloaded assembly
- Finished resetting the current domain, in  2.603 seconds
Domain Reload Profiling: 3118ms
	BeginReloadAssembly (152ms)
		CreateAndSetChildDomain (17ms)
	RebuildCommonClasses (44ms)
	RebuildNativeTypeToScriptingClass (15ms)
	initialDomainReloadingComplete (69ms)
	LoadAllAssembliesAndSetupDomain (233ms)
		LoadAssemblies (132ms)
		AnalyzeDomain (224ms)
			TypeCache.Refresh (222ms)
				TypeCache.ScanAssembly (205ms)
	FinalizeReload (2604ms)
		SetupLoadedEditorAssemblies (0ms)
			InitializePlatformSupportModulesInManaged (2244ms)
			BeforeProcessingInitializeOnLoad (89ms)
			ProcessInitializeOnLoadAttributes (110ms)
			ProcessInitializeOnLoadMethodAttributes (85ms)
[Licensing::Client] Successfully resolved entitlement details
[Licensing::Module] License group:
  Id: F4-FQE5-U6TU-H7W3-QSAD-XXXX
  Product: Unity Personal
  Type: ULF
  Expiration: Unlimited
[Licensing::Module] License group:
  Id: 4673397952068-UnityPersXXXX
  Product: Unity Personal
  Type: Assigned
  Expiration: Unlimited
Application.AssetDatabase Initial Refresh Start
[Package Manager] Restoring resolved packages state from cache
[Licensing::Client] Successfully resolved entitlement details
[Package Manager] Registered 57 packages:
  Packages from [https://packages.unity.com]:
    com.unity.ai.navigation@2.0.12 (location: F:\PUN\Mundo aprendo tesis\Library\PackageCache\com.unity.ai.navigation@734c2c4c5591)
    com.unity.collab-proxy@2.12.4 (location: F:\PUN\Mundo aprendo tesis\Library\PackageCache\com.unity.collab-proxy@0b1559bcd34e)
    com.unity.ide.rider@3.0.39 (location: F:\PUN\Mundo aprendo tesis\Library\PackageCache\com.unity.ide.rider@4504839d03f7)
    com.unity.ide.visualstudio@2.0.27 (location: F:\PUN\Mundo aprendo tesis\Library\PackageCache\com.unity.ide.visualstudio@dc1ddd4f09b6)
    com.unity.inputsystem@1.19.0 (location: F:\PUN\Mundo aprendo tesis\Library\PackageCache\com.unity.inputsystem@21a28c3a6c83)
    com.unity.timeline@1.8.12 (location: F:\PUN\Mundo aprendo tesis\Library\PackageCache\com.unity.timeline@8cd8509afae5)
    com.unity.visualscripting@1.9.11 (location: F:\PUN\Mundo aprendo tesis\Library\PackageCache\com.unity.visualscripting@8bed5ad90189)
    com.unity.searcher@4.9.4 (location: F:\PUN\Mundo aprendo tesis\Library\PackageCache\com.unity.searcher@d45a78918735)
    com.unity.burst@1.8.28 (location: F:\PUN\Mundo aprendo tesis\Library\PackageCache\com.unity.burst@07790c2d06d9)
    com.unity.mathematics@1.3.3 (location: F:\PUN\Mundo aprendo tesis\Library\PackageCache\com.unity.mathematics@19a9377c4ffa)
    com.unity.nuget.mono-cecil@1.11.6 (location: F:\PUN\Mundo aprendo tesis\Library\PackageCache\com.unity.nuget.mono-cecil@ecb9724e46ff)
    com.unity.test-framework.performance@3.2.0 (location: F:\PUN\Mundo aprendo tesis\Library\PackageCache\com.unity.test-framework.performance@0840f58e4562)
  Built-in packages:
    com.unity.multiplayer.center@1.0.1 (location: F:\PUN\Mundo aprendo tesis\Library\PackageCache\com.unity.multiplayer.center@f01f4ba8d00a)
    com.unity.render-pipelines.universal@17.4.0 (location: F:\PUN\Mundo aprendo tesis\Library\PackageCache\com.unity.render-pipelines.universal@0c5162adfb45)
    com.unity.test-framework@1.6.0 (location: F:\PUN\Mundo aprendo tesis\Library\PackageCache\com.unity.test-framework@629486125cfc)
    com.unity.ugui@2.0.0 (location: F:\PUN\Mundo aprendo tesis\Library\PackageCache\com.unity.ugui@3dd2fbd8c1f1)
    com.unity.modules.accessibility@1.0.0 (location: F:\PUN\Mundo aprendo tesis\Library\PackageCache\com.unity.modules.accessibility)
    com.unity.modules.adaptiveperformance@1.0.0 (location: F:\PUN\Mundo aprendo tesis\Library\PackageCache\com.unity.modules.adaptiveperformance)
    com.unity.modules.ai@1.0.0 (location: F:\PUN\Mundo aprendo tesis\Library\PackageCache\com.unity.modules.ai)
    com.unity.modules.androidjni@1.0.0 (location: F:\PUN\Mundo aprendo tesis\Library\PackageCache\com.unity.modules.androidjni)
    com.unity.modules.animation@1.0.0 (location: F:\PUN\Mundo aprendo tesis\Library\PackageCache\com.unity.modules.animation)
    com.unity.modules.assetbundle@1.0.0 (location: F:\PUN\Mundo aprendo tesis\Library\PackageCache\com.unity.modules.assetbundle)
    com.unity.modules.audio@1.0.0 (location: F:\PUN\Mundo aprendo tesis\Library\PackageCache\com.unity.modules.audio)
    com.unity.modules.cloth@1.0.0 (location: F:\PUN\Mundo aprendo tesis\Library\PackageCache\com.unity.modules.cloth)
    com.unity.modules.director@1.0.0 (location: F:\PUN\Mundo aprendo tesis\Library\PackageCache\com.unity.modules.director)
    com.unity.modules.imageconversion@1.0.0 (location: F:\PUN\Mundo aprendo tesis\Library\PackageCache\com.unity.modules.imageconversion)
    com.unity.modules.imgui@1.0.0 (location: F:\PUN\Mundo aprendo tesis\Library\PackageCache\com.unity.modules.imgui)
    com.unity.modules.jsonserialize@1.0.0 (location: F:\PUN\Mundo aprendo tesis\Library\PackageCache\com.unity.modules.jsonserialize)
    com.unity.modules.particlesystem@1.0.0 (location: F:\PUN\Mundo aprendo tesis\Library\PackageCache\com.unity.modules.particlesystem)
    com.unity.modules.physics@1.0.0 (location: F:\PUN\Mundo aprendo tesis\Library\PackageCache\com.unity.modules.physics)
    com.unity.modules.physics2d@1.0.0 (location: F:\PUN\Mundo aprendo tesis\Library\PackageCache\com.unity.modules.physics2d)
    com.unity.modules.screencapture@1.0.0 (location: F:\PUN\Mundo aprendo tesis\Library\PackageCache\com.unity.modules.screencapture)
    com.unity.modules.terrain@1.0.0 (location: F:\PUN\Mundo aprendo tesis\Library\PackageCache\com.unity.modules.terrain)
    com.unity.modules.terrainphysics@1.0.0 (location: F:\PUN\Mundo aprendo tesis\Library\PackageCache\com.unity.modules.terrainphysics)
    com.unity.modules.tilemap@1.0.0 (location: F:\PUN\Mundo aprendo tesis\Library\PackageCache\com.unity.modules.tilemap)
    com.unity.modules.ui@1.0.0 (location: F:\PUN\Mundo aprendo tesis\Library\PackageCache\com.unity.modules.ui)
    com.unity.modules.uielements@1.0.0 (location: F:\PUN\Mundo aprendo tesis\Library\PackageCache\com.unity.modules.uielements)
    com.unity.modules.umbra@1.0.0 (location: F:\PUN\Mundo aprendo tesis\Library\PackageCache\com.unity.modules.umbra)
    com.unity.modules.unityanalytics@1.0.0 (location: F:\PUN\Mundo aprendo tesis\Library\PackageCache\com.unity.modules.unityanalytics)
    com.unity.modules.unitywebrequest@1.0.0 (location: F:\PUN\Mundo aprendo tesis\Library\PackageCache\com.unity.modules.unitywebrequest)
    com.unity.modules.unitywebrequestassetbundle@1.0.0 (location: F:\PUN\Mundo aprendo tesis\Library\PackageCache\com.unity.modules.unitywebrequestassetbundle)
    com.unity.modules.unitywebrequestaudio@1.0.0 (location: F:\PUN\Mundo aprendo tesis\Library\PackageCache\com.unity.modules.unitywebrequestaudio)
    com.unity.modules.unitywebrequesttexture@1.0.0 (location: F:\PUN\Mundo aprendo tesis\Library\PackageCache\com.unity.modules.unitywebrequesttexture)
    com.unity.modules.unitywebrequestwww@1.0.0 (location: F:\PUN\Mundo aprendo tesis\Library\PackageCache\com.unity.modules.unitywebrequestwww)
    com.unity.modules.vectorgraphics@1.0.0 (location: F:\PUN\Mundo aprendo tesis\Library\PackageCache\com.unity.modules.vectorgraphics)
    com.unity.modules.vehicles@1.0.0 (location: F:\PUN\Mundo aprendo tesis\Library\PackageCache\com.unity.modules.vehicles)
    com.unity.modules.video@1.0.0 (location: F:\PUN\Mundo aprendo tesis\Library\PackageCache\com.unity.modules.video)
    com.unity.modules.vr@1.0.0 (location: F:\PUN\Mundo aprendo tesis\Library\PackageCache\com.unity.modules.vr)
    com.unity.modules.wind@1.0.0 (location: F:\PUN\Mundo aprendo tesis\Library\PackageCache\com.unity.modules.wind)
    com.unity.modules.xr@1.0.0 (location: F:\PUN\Mundo aprendo tesis\Library\PackageCache\com.unity.modules.xr)
    com.unity.modules.subsystems@1.0.0 (location: F:\PUN\Mundo aprendo tesis\Library\PackageCache\com.unity.modules.subsystems)
    com.unity.modules.hierarchycore@1.0.0 (location: F:\PUN\Mundo aprendo tesis\Library\PackageCache\com.unity.modules.hierarchycore)
    com.unity.ext.nunit@2.0.5 (location: F:\PUN\Mundo aprendo tesis\Library\PackageCache\com.unity.ext.nunit@d8c07649098d)
    com.unity.render-pipelines.core@17.4.0 (location: F:\PUN\Mundo aprendo tesis\Library\PackageCache\com.unity.render-pipelines.core@6a60abc179f8)
    com.unity.shadergraph@17.4.0 (location: F:\PUN\Mundo aprendo tesis\Library\PackageCache\com.unity.shadergraph@c6e5f4d3afa5)
    com.unity.render-pipelines.universal-config@17.4.0 (location: F:\PUN\Mundo aprendo tesis\Library\PackageCache\com.unity.render-pipelines.universal-config@0db4263b9e6b)
    com.unity.collections@6.4.0 (location: F:\PUN\Mundo aprendo tesis\Library\PackageCache\com.unity.collections@538ace9075bc)
[Subsystems] No new subsystems found in resolved package list.
[Package Manager] Done registering packages in 0.01 seconds
[ScriptCompilation] Requested script compilation because: AssetDatabase observed changes in script compilation related files
Starting: C:\Program Files\Unity\Hub\Editor\6000.4.0f1\Editor\Data\Tools\BuildPipeline\bee_backend.exe --ipc --defer-dag-verification --dagfile="Library/Bee/1900b0aE.dag" --continue-on-failure --profile="Library/Bee/backend1.traceevents" ScriptAssemblies
WorkingDir: F:/PUN/Mundo aprendo tesis
DisplayProgressbar: Compiling Scripts
ExitCode: 0 Duration: 3s83ms
[721/918    0s] ILPP-Configuration Library/ilpp-configuration.nevergeneratedoutput
[914/918    1s] Csc Library/Bee/artifacts/1900b0aE.dag/Assembly-CSharp-Editor.dll (+2 others)
[915/918    0s] ILPostProcess Library/Bee/artifacts/1900b0aE.dag/post-processed/Assembly-CSharp-Editor.dll (+pdb)
Processing assembly Library/Bee/artifacts/1900b0aE.dag/Assembly-CSharp-Editor.dll, with 137 defines and 345 references

processors: Unity.Jobs.CodeGen.JobsILPostProcessor, zzzUnity.Burst.CodeGen.BurstILPostProcessor

running Unity.Jobs.CodeGen.JobsILPostProcessor

running zzzUnity.Burst.CodeGen.BurstILPostProcessor
[916/918    0s] CopyFiles Library/ScriptAssemblies/Assembly-CSharp-Editor.pdb
[917/918    0s] CopyFiles Library/ScriptAssemblies/Assembly-CSharp-Editor.dll
*** Tundra build success (3.06 seconds), 5 items updated, 918 evaluated
AssetDatabase: script compilation time: 3.453486s
Begin MonoManager ReloadAssembly
Assembly Assembly-CSharp-Editor-firstpass.dll at Library/ScriptAssemblies/Assembly-CSharp-Editor-firstpass.dll not valid. Loading of assembly skipped.
Assembly Assembly-CSharp-firstpass.dll at Library/ScriptAssemblies/Assembly-CSharp-firstpass.dll not valid. Loading of assembly skipped.
Assembly DocCodeExamples.dll at Library/ScriptAssemblies/DocCodeExamples.dll not valid. Loading of assembly skipped.
Assembly TestNewCustomAssembly.dll at Library/ScriptAssemblies/TestNewCustomAssembly.dll not valid. Loading of assembly skipped.
Assembly Unity.Collections.BurstCompatibilityGen.dll at Library/ScriptAssemblies/Unity.Collections.BurstCompatibilityGen.dll not valid. Loading of assembly skipped.
Assembly Unity.Collections.DocCodeSamples.dll at Library/ScriptAssemblies/Unity.Collections.DocCodeSamples.dll not valid. Loading of assembly skipped.
Assembly Unity.Collections.PerformanceTests.dll at Library/ScriptAssemblies/Unity.Collections.PerformanceTests.dll not valid. Loading of assembly skipped.
Assembly Unity.Collections.Tests.dll at Library/ScriptAssemblies/Unity.Collections.Tests.dll not valid. Loading of assembly skipped.
Assembly Unity.Collections.Tests.Playmode.dll at Library/ScriptAssemblies/Unity.Collections.Tests.Playmode.dll not valid. Loading of assembly skipped.
Assembly Unity.InputSystem.IntegrationTests.dll at Library/ScriptAssemblies/Unity.InputSystem.IntegrationTests.dll not valid. Loading of assembly skipped.
Assembly Unity.Mathematics.Tests.dll at Library/ScriptAssemblies/Unity.Mathematics.Tests.dll not valid. Loading of assembly skipped.
Assembly Unity.Multiplayer.Center.Editor.Tests.dll at Library/ScriptAssemblies/Unity.Multiplayer.Center.Editor.Tests.dll not valid. Loading of assembly skipped.
Assembly Unity.Multiplayer.Center.Tests.dll at Library/ScriptAssemblies/Unity.Multiplayer.Center.Tests.dll not valid. Loading of assembly skipped.
Assembly Unity.Nuget.Mono-Cecil.dll at Library/ScriptAssemblies/Unity.Nuget.Mono-Cecil.dll not valid. Loading of assembly skipped.
Assembly Unity.PathTracing.Editor.Tests.dll at Library/ScriptAssemblies/Unity.PathTracing.Editor.Tests.dll not valid. Loading of assembly skipped.
Assembly Unity.PathTracing.Runtime.Tests.dll at Library/ScriptAssemblies/Unity.PathTracing.Runtime.Tests.dll not valid. Loading of assembly skipped.
Assembly Unity.RenderPipelines.Core.Editor.Tests.dll at Library/ScriptAssemblies/Unity.RenderPipelines.Core.Editor.Tests.dll not valid. Loading of assembly skipped.
Assembly Unity.RenderPipelines.Core.Runtime.Tests.dll at Library/ScriptAssemblies/Unity.RenderPipelines.Core.Runtime.Tests.dll not valid. Loading of assembly skipped.
Assembly Unity.RenderPipelines.Universal.Config.Editor.Tests.dll at Library/ScriptAssemblies/Unity.RenderPipelines.Universal.Config.Editor.Tests.dll not valid. Loading of assembly skipped.
Assembly Unity.RenderPipelines.Universal.Editor.Tests.dll at Library/ScriptAssemblies/Unity.RenderPipelines.Universal.Editor.Tests.dll not valid. Loading of assembly skipped.
Assembly Unity.RenderPipelines.Universal.Runtime.Tests.dll at Library/ScriptAssemblies/Unity.RenderPipelines.Universal.Runtime.Tests.dll not valid. Loading of assembly skipped.
Assembly Unity.Searcher.EditorTests.dll at Library/ScriptAssemblies/Unity.Searcher.EditorTests.dll not valid. Loading of assembly skipped.
Assembly Unity.ShaderGraph.Editor.Tests.dll at Library/ScriptAssemblies/Unity.ShaderGraph.Editor.Tests.dll not valid. Loading of assembly skipped.
Assembly Unity.TextMeshPro.Editor.Tests.dll at Library/ScriptAssemblies/Unity.TextMeshPro.Editor.Tests.dll not valid. Loading of assembly skipped.
Assembly Unity.TextMeshPro.Tests.dll at Library/ScriptAssemblies/Unity.TextMeshPro.Tests.dll not valid. Loading of assembly skipped.
Assembly Unity.UnifiedRayTracing.Editor.Tests.dll at Library/ScriptAssemblies/Unity.UnifiedRayTracing.Editor.Tests.dll not valid. Loading of assembly skipped.
Assembly UnityEditor.UI.Common.Tests.dll at Library/ScriptAssemblies/UnityEditor.UI.Common.Tests.dll not valid. Loading of assembly skipped.
Assembly UnityEditor.UI.EditorTests.dll at Library/ScriptAssemblies/UnityEditor.UI.EditorTests.dll not valid. Loading of assembly skipped.
Assembly UnityEngine.UI.Tests.dll at Library/ScriptAssemblies/UnityEngine.UI.Tests.dll not valid. Loading of assembly skipped.
Native extension for Android target not found
Native extension for WindowsStandalone target not found
ScheduleIndexationOnStartup MainProcess:True IndexOnStartup:True
Mono: successfully reloaded assembly
- Finished resetting the current domain, in  3.092 seconds
Domain Reload Profiling: 4593ms
	BeginReloadAssembly (306ms)
		DisableScriptedObjects (11ms)
		CreateAndSetChildDomain (153ms)
	RebuildCommonClasses (38ms)
	RebuildNativeTypeToScriptingClass (14ms)
	initialDomainReloadingComplete (621ms)
	LoadAllAssembliesAndSetupDomain (520ms)
		LoadAssemblies (340ms)
		AnalyzeDomain (273ms)
			TypeCache.Refresh (192ms)
				TypeCache.ScanAssembly (177ms)
			BuildScriptInfoCaches (66ms)
			ResolveRequiredComponents (13ms)
	FinalizeReload (3092ms)
		SetupLoadedEditorAssemblies (0ms)
			InitializePlatformSupportModulesInManaged (34ms)
			BeforeProcessingInitializeOnLoad (185ms)
			ProcessInitializeOnLoadAttributes (2521ms)
			ProcessInitializeOnLoadMethodAttributes (89ms)
			AfterProcessingInitializeOnLoad (7ms)
		AwakeInstancesAfterBackupRestoration (7ms)
(Values over 0.050ms)
Asset Pipeline Refresh (id=da7a0dbf2338e56449dd21fda877fce8): Total: 8.980 seconds - Initiated by InitialRefreshV2(ForceSynchronousImport)
	Summary:
		Imports: total=0 (actual=0, local cache=0, cache server=0)
		Asset DB Process Time: managed=0 ms, native=3661 ms
		Asset DB Callback time: managed=281 ms, native=24 ms
		Scripting: domain reloads=1, domain reload time=1504 ms, compile time=3455 ms, other=51 ms
		Project Asset Count: scripts=1372, non-scripts=2598
		Asset File Changes: new=0, changed=1, moved=0, deleted=0
		Scan Filter Count: 0
	InvokePackagesCallback: 18.392ms
	ApplyChangesToAssetFolders: 0.630ms
	Scan: 249.463ms
	OnSourceAssetsModified: 0.812ms
	CategorizeScriptCompilationAssets: 47.739ms
	ProcessAssetsWithTransientArtifactChanges: 78.344ms
	CategorizeAssets: 57.422ms
	CompileScripts: 3454.921ms
	ImportOutOfDateAssets: 3103.775ms (3100.452ms without children)
		UnloadImportedAssets: 1.360ms
		EnsureUptoDateAssetsAreRegisteredWithGuidPM: 1.241ms
		OnDemandSchedulerStart: 0.680ms
	PostProcessAllAssets: 284.774ms
		VCAutoAddAssetPostprocess 2.391ms
		XRBuildSystem.XRAssetImported 0.503ms
		PostProcessCallbackCreateDeferredMaterials 0.050ms
		MonoPostProcessAllAssets: 281.154ms
			AssetPostprocessor.OnPostprocessAllAssets 159.061ms
			StyleCatalogPostProcessor.OnPostprocessAllAssets 17.657ms
			UniversalRenderPipelineGlobalSettingsPostprocessor.OnPostprocessAllAssets 10.668ms
			SyncVS.PostprocessSyncProject 10.428ms
			BuilderAssetPostprocessor.OnPostprocessAllAssets 6.675ms
			SpeedTree9Postprocessor.OnPostprocessAllAssets 1.924ms
			WindowAssetPostprocessingWatcher.OnPostprocessAllAssets 1.885ms
			ShaderGraphAssetPostProcessor.OnPostprocessAllAssets 1.476ms
			AssetChangedListener.OnPostprocessAllAssets 1.333ms
			RetainedModeAssetPostprocessor.OnPostprocessAllAssets 1.236ms
			MaterialPostprocessor.OnPostprocessAllAssets 0.728ms
			RenderPipelineGlobalSettingsPostprocessor.OnPostprocessAllAssets 0.651ms
			ArtifactBrowserPostProcessor.OnPostprocessAllAssets 0.551ms
			TMPro_TexturePostProcessor.OnPostprocessAllAssets 0.448ms
			ReferencedClipsPostProcessor.OnPostprocessAllAssets 0.375ms
			PostProcessor.OnPostprocessAllAssets 0.364ms
			UVCSAssetPostprocessor.OnPostprocessAllAssets 0.354ms
			InputActionAssetPostprocessor.OnPostprocessAllAssets 0.350ms
			TextAssetPostProcessor.OnPostprocessAllAssets 0.342ms
			AudioMixerPostprocessor.OnPostprocessAllAssets 0.305ms
			InputActionJsonNameModifierAssetProcessor.OnPostprocessAllAssets 0.270ms
			AssetEvents.OnPostprocessAllAssets 0.257ms
			TerrainToolbarOverlayPostProcessor.OnPostprocessAllAssets 0.207ms
			ProjectSettingsPostprocessor.OnPostprocessAllAssets 0.176ms
			AssetDatabaseCallbacks.OnPostprocessAllAssets 0.163ms
			SpeedTreePostProcessor.OnPostprocessAllAssets 0.153ms
			ConfigAssetsTracker.OnPostprocessAllAssets 0.145ms
			ScenarioDriftAssetsTracker.OnPostprocessAllAssets 0.139ms
			SamplePostprocessor.OnPostprocessAllAssets 0.134ms
			AudioContainerPostProcessor.OnPostprocessAllAssets 0.072ms
	PostAssetChangesProfiler: 3.696ms
	UnloadStreamsBegin: 3.247ms
	PersistCurrentRevisions: 0.150ms
	GenerateScriptTypeHashes: 5.821ms
	GenerateScriptTypeSerializationHashes: 8.415ms
	Untracked: 1674.627ms

Application.AssetDatabase Initial Refresh End
Scanning for USB devices : 2.424ms
Initializing Unity extensions:
[MODES] ModeService[none].Initialize
[MODES] ModeService[none].LoadModes
[MODES] Loading mode Default (0) for mode-current-id-Mundo aprendo tesis
Unloading 27 Unused Serialized files (Serialized files now loaded: 0)
Unloading 6634 unused Assets / (3.0 MB). Loaded Objects now: 7482.
Memory consumption went from 203.6 MB to 200.6 MB.
Total: 12.023100 ms (FindLiveObjects: 0.888300 ms CreateObjectMapping: 1.554200 ms MarkObjects: 6.305500 ms  DeleteObjects: 3.272200 ms)

Opening scene 'Assets/Scenes/MundoCuentos_VozTest.unity'
Unloading 8 Unused Serialized files (Serialized files now loaded: 0)
Loaded scene 'Assets/Scenes/MundoCuentos_VozTest.unity'
	Deserialize:            46.975 ms
	Integration:            260.411 ms
	Integration of assets:  2.533 ms
	Thread Wait Time:       0.004 ms
	Total Operation Time:   309.922 ms
Unloading 2 unused Assets / (1.1 KB). Loaded Objects now: 8042.
Memory consumption went from 196.2 MB to 196.2 MB.
Total: 7.485300 ms (FindLiveObjects: 0.503400 ms CreateObjectMapping: 0.360900 ms MarkObjects: 6.579000 ms  DeleteObjects: 0.040800 ms)

Start importing Assets/Scenes/MundoCuentos_VozTest.unity using Guid(fe78397ebc833764983c91fdbdc87212) (DefaultImporter) -> (Import Result ID: '0b04ddb8c7f55efd93829d5ef3293602') in 0.0058865 seconds [static dependencies only]. Details - ImportResultOutputID=9d598c3d92fd2cc4bf3114ab33571991 DependenciesID=2f786b9e3d76c038dba81b95577ce7cd StaticDependenciesID=ffb4d65d2c19e2cb38bf5d5bcee09db2 
Asset Pipeline Refresh (id=2ca1a107563894746b374d97b1adb39d): Total: 0.073 seconds - Initiated by StopAssetImportingV2(NoUpdateAssetOptions)
MundoCuentosExpansionSetup: selector, lector y resultado persistidos en MundoCuentos_VozTest.
UnityEngine.Debug:ExtractStackTraceNoAlloc (byte*,int,string)
UnityEngine.StackTraceUtility:ExtractStackTrace ()
UnityEngine.DebugLogHandler:Internal_Log (UnityEngine.LogType,UnityEngine.LogOption,string,UnityEngine.Object)
UnityEngine.DebugLogHandler:LogFormat (UnityEngine.LogType,UnityEngine.Object,string,object[])
UnityEngine.Logger:Log (UnityEngine.LogType,object)
UnityEngine.Debug:Log (object)
Bolin.Editor.MundoCuentosExpansionSetup:Apply () (at Assets/Editor/MundoCuentosExpansionSetup.cs:49)

(Filename: Assets/Editor/MundoCuentosExpansionSetup.cs Line: 49)

Batchmode quit successfully invoked - shutting down!
Killing ADB server in 0.0272797 seconds.
[Physics::Module] Cleanup current backend.
[Physics::Module] Id: 0xf2b8ea05
Input System module state changed to: ShutdownInProgress.
Input Polling Thread exited.
Input System module state changed to: Shutdown.
[Licensing::IpcConnector] LicenseClient-Boloxdhd-6000.4.0-notifications channel disconnected successfully.
[Licensing::IpcConnector] LicenseClient-Boloxdhd-6000.4.0 channel disconnected successfully.
AcceleratorClientConnectionCallback - disconnected - :0
Cleanup mono
CodeReloadManager destroyed
Exiting batchmode successfully now!
Exiting without the bug reporter. Application will terminate with return code 0