[Licensing::Module] Trying to connect to existing licensing client channel...
Built from '6000.4/staging' branch; Version is '6000.4.0f1 (8cf496087c8f) revision 9237654'; Using compiler version '194234433'; Build Type 'Release'
OS: 'Windows 10  (10.0.19045) 64bit Professional' Language: 'es' Physical Memory: 32690 MB
[Licensing::IpcConnector] Successfully connected to: "LicenseClient-Boloxdhd" at "2026-06-25T01:50:14.8658988Z"
BatchMode: 1, IsHumanControllingUs: 0, StartBugReporterOnCrash: 0, Is64bit: 1
System  architecture: x64
Process architecture: x64
Date: 2026-06-25T01:50:14Z

COMMAND LINE ARGUMENTS:
C:\Program Files\Unity\Hub\Editor\6000.4.0f1\Editor\Unity.exe
-batchmode
-nographics
-projectPath
F:\PUN\Mundo aprendo tesis
-executeMethod
Bolin.Editor.MundoAprendoTestApiRunner.RunPlayMode
-logFile
F:\PUN\Mundo aprendo tesis\Logs\MundoCuentosRestorePlayModeApi2.log
Successfully changed project path to: F:\PUN\Mundo aprendo tesis
F:/PUN/Mundo aprendo tesis
DisplayDialog: Recovering Scene Backups Scene backups from a previous Editor session have been detected. Your scene might have been backed up when an Editor instance did not close correctly. 

Do you want to copy and preserve these backups in Assets/_Recovery/?
This should not be called in batch mode.
[UnityMemory] Configuration Parameters - Can be set up in boot.config
    "memorysetup-temp-allocator-size-gi-baking-worker=262144"
    "memorysetup-temp-allocator-size-gi-baking-worker=262144"
    "memorysetup-temp-allocator-size-gi-baking-worker=262144"
    "memorysetup-temp-allocator-size-gi-baking-worker=262144"
    "memorysetup-temp-allocator-size-gi-baking-worker=262144"
    "memorysetup-temp-allocator-size-nav-mesh-worker=65536"
    "memorysetup-temp-allocator-size-audio-worker=65536"
    "memorysetup-temp-allocator-size-cloud-worker=32768"
    "memorysetup-temp-allocator-size-gfx=262144"
    "memorysetup-temp-allocator-size-preload-manager=33554432"
    "memorysetup-temp-allocator-size-job-worker=262144"
    "memorysetup-temp-allocator-size-background-worker=32768"
    "memorysetup-allocator-temp-initial-block-size-main=262144"
    "memorysetup-allocator-temp-initial-block-size-worker=262144"
    "memorysetup-bucket-allocator-granularity=16"
    "memorysetup-bucket-allocator-bucket-count=8"
    "memorysetup-bucket-allocator-block-size=33554432"
    "memorysetup-bucket-allocator-block-count=8"
    "memorysetup-main-allocator-block-size=16777216"
    "memorysetup-thread-allocator-block-size=16777216"
    "memorysetup-gfx-main-allocator-block-size=16777216"
    "memorysetup-gfx-thread-allocator-block-size=16777216"
    "memorysetup-cache-allocator-block-size=4194304"
    "memorysetup-typetree-allocator-block-size=2097152"
    "memorysetup-profiler-bucket-allocator-granularity=16"
    "memorysetup-profiler-bucket-allocator-bucket-count=8"
    "memorysetup-profiler-bucket-allocator-block-size=33554432"
    "memorysetup-profiler-bucket-allocator-block-count=8"
    "memorysetup-profiler-allocator-block-size=16777216"
    "memorysetup-profiler-editor-allocator-block-size=1048576"
    "memorysetup-temp-allocator-size-main=16777216"
    "memorysetup-job-temp-allocator-block-size=2097152"
    "memorysetup-job-temp-allocator-block-size-background=1048576"
    "memorysetup-job-temp-allocator-reduction-small-platforms=262144"
Player connection [17792]  Target information:

Player connection [17792]  * "[IP] 192.168.1.23 [Port] 55504 [Flags] 2 [Guid] 1356662080 [EditorId] 1356662080 [Version] 1048832 [Id] WindowsEditor(7,DESKTOP-NF6H5UD) [Debug] 1 [PackageName] WindowsEditor [ProjectName] Editor" 

Player connection [17792] Host joined multi-casting on [225.0.0.222:54997]...
Player connection [17792] Host joined alternative multi-casting on [225.0.0.222:34997]...
Input System module state changed to: Initialized.
[Physics::Module] Initialized fallback backend.
[Physics::Module] Id: 0xdecafbad
[Package Manager] Connected to IPC stream "Upm-21416" after 0.3 seconds.
[Licensing::Module] Licensing is not yet initialized.
[Licensing::Client] Error: HandshakeResponse reported an error:
	ResponseCode: 505
	ResponseStatus: Unsupported protocol version '1.18.1'.
[Licensing::Module] Error: Failed to handshake to channel: "LicenseClient-Boloxdhd"
[Licensing::IpcConnector] LicenseClient-Boloxdhd channel disconnected successfully.
[Licensing::IpcConnector] Channel LicenseClient-Boloxdhd-6000.4.0 doesn't exist
[Licensing::Module] Successfully launched the LicensingClient (PId: 22084)
[Licensing::IpcConnector] Successfully connected to: "LicenseClient-Boloxdhd-6000.4.0" at "2026-06-25T01:50:16.1717904Z"
[Licensing::Client] Handshaking with LicensingClient:
  Version:                 1.18.1+9fbee8e
  Session Id:              237cc6616c0d494cbf2fe8876e2cdf93
  Correlation Id:          9794f348b98faa69a42cca6bfde3cbd3
  External correlation Id: 7066310871776410766
  Machine Id:              CFi18PVxujarsjnwWQVdFlBCSK4=
[Licensing::Module] Successfully connected to LicensingClient on channel: "LicenseClient-Boloxdhd-6000.4.0" (connect: 0.25s, validation: 0.04s, handshake: 0.99s)
[Licensing::IpcConnector] Successfully connected to: "LicenseClient-Boloxdhd-6000.4.0-notifications" at "2026-06-25T01:50:17.2016336Z"
[Licensing::Module] Connected to LicensingClient (PId: 22084, launch time: 0.00, total connection time: 1.27s)
[Licensing::Module] Error: Access token is unavailable; failed to update
[Licensing::Client] Successfully resolved entitlement details
[Licensing::Module] License group:
  Id: F4-FQE5-U6TU-H7W3-QSAD-XXXX
  Product: Unity Personal
  Type: ULF
  Expiration: Unlimited
[Licensing::Module] License group:
  Id: 4673397952068-UnityPersXXXX
  Product: Unity Personal
  Type: Assigned
  Expiration: Unlimited
[Licensing::Client] Successfully updated license, isAsync: True, time: 0.01
[Licensing::Client] Successfully resolved entitlement details
[Licensing::Module] License group:
  Id: F4-FQE5-U6TU-H7W3-QSAD-XXXX
  Product: Unity Personal
  Type: ULF
  Expiration: Unlimited
[Licensing::Module] License group:
  Id: 4673397952068-UnityPersXXXX
  Product: Unity Personal
  Type: Assigned
  Expiration: Unlimited
[Licensing::Module] Licensing Background thread has ended after 2.36s
[Licensing::Module] Licensing is initialized (took 1.90s).
[Licensing::Client] Successfully resolved entitlement details
[Licensing::Module] License group:
  Id: F4-FQE5-U6TU-H7W3-QSAD-XXXX
  Product: Unity Personal
  Type: ULF
  Expiration: Unlimited
[Licensing::Module] License group:
  Id: 4673397952068-UnityPersXXXX
  Product: Unity Personal
  Type: Assigned
  Expiration: Unlimited
Library Redirect Path: Library/
[Physics::Module] Selected backend.
[Physics::Module] Name: PhysX
[Physics::Module] Id: 0xf2b8ea05
[Physics::Module] SDK Version: 4.1.2
[Physics::Module] Integration Version: 1.0.0
[Physics::Module] Threading Mode: Multi-Threaded
Initialize engine version: 6000.4.0f1 (8cf496087c8f)
[Subsystems] Discovering subsystems at path C:/Program Files/Unity/Hub/Editor/6000.4.0f1/Editor/Data/Resources/UnitySubsystems
[Subsystems] Discovering subsystems at path F:/PUN/Mundo aprendo tesis/Assets
Forcing GfxDevice: Null
GfxDevice: creating device client; kGfxThreadingModeNonThreaded
NullGfxDevice:
    Version:  NULL 1.0 [1.0]
    Renderer: Null Device
    Vendor:   Unity Technologies
Shader Hidden/ChartRasterizerHardware is not supported: GPU does not support conservative rasterization
Initialize mono
Mono path[0] = 'C:/Program Files/Unity/Hub/Editor/6000.4.0f1/Editor/Data/Managed'
Mono path[1] = 'C:/Program Files/Unity/Hub/Editor/6000.4.0f1/Editor/Data/MonoBleedingEdge/lib/mono/unityjit-win32'
Mono config path = 'C:/Program Files/Unity/Hub/Editor/6000.4.0f1/Editor/Data/MonoBleedingEdge/etc'
Using monoOptions --debugger-agent=transport=dt_socket,embedding=1,server=y,suspend=n,address=127.0.0.1:56416
CodeReloadManager initialized
Using cacheserver namespaces - metadata:defaultmetadata, artifacts:defaultartifacts
Using cacheserver namespaces - metadata:defaultmetadata, artifacts:defaultartifacts
ImportWorker Server TCP listen port: 0
AcceleratorClientConnectionCallback - disconnected - :0
Begin MonoManager ReloadAssembly
Registering precompiled unity dll's ...
Register platform support module: C:/Program Files/Unity/Hub/Editor/6000.4.0f1/Editor/Data/PlaybackEngines/WindowsStandaloneSupport/UnityEditor.WindowsStandalone.Extensions.dll
[Licensing::Client] Successfully resolved entitlement details
[Licensing::Module] License group:
  Id: F4-FQE5-U6TU-H7W3-QSAD-XXXX
  Product: Unity Personal
  Type: ULF
  Expiration: Unlimited
[Licensing::Module] License group:
  Id: 4673397952068-UnityPersXXXX
  Product: Unity Personal
  Type: Assigned
  Expiration: Unlimited
Register platform support module: C:/Program Files/Unity/Hub/Editor/6000.4.0f1/Editor/Data/PlaybackEngines/AndroidPlayer/UnityEditor.Android.Extensions.dll
Registered in 0.004150 seconds.
Native extension for Android target not found
Android Extension - Scanning For ADB Devices 176 ms
Native extension for WindowsStandalone target not found
Package Manager log level set to [2]
ScheduleIndexationOnStartup MainProcess:False IndexOnStartup:True
Mono: successfully reloaded assembly
- Finished resetting the current domain, in  0.614 seconds
Domain Reload Profiling: 1087ms
	BeginReloadAssembly (125ms)
	RebuildCommonClasses (40ms)
	RebuildNativeTypeToScriptingClass (14ms)
	initialDomainReloadingComplete (67ms)
	LoadAllAssembliesAndSetupDomain (225ms)
		LoadAssemblies (120ms)
		AnalyzeDomain (216ms)
			TypeCache.Refresh (215ms)
				TypeCache.ScanAssembly (199ms)
	FinalizeReload (615ms)
		SetupLoadedEditorAssemblies (0ms)
			InitializePlatformSupportModulesInManaged (262ms)
			BeforeProcessingInitializeOnLoad (90ms)
			ProcessInitializeOnLoadAttributes (110ms)
			ProcessInitializeOnLoadMethodAttributes (83ms)
[Licensing::Client] Successfully resolved entitlement details
[Licensing::Module] License group:
  Id: F4-FQE5-U6TU-H7W3-QSAD-XXXX
  Product: Unity Personal
  Type: ULF
  Expiration: Unlimited
[Licensing::Module] License group:
  Id: 4673397952068-UnityPersXXXX
  Product: Unity Personal
  Type: Assigned
  Expiration: Unlimited
Application.AssetDatabase Initial Refresh Start
[Package Manager] Restoring resolved packages state from cache
[Licensing::Client] Successfully resolved entitlement details
[Package Manager] Registered 57 packages:
  Packages from [https://packages.unity.com]:
    com.unity.ai.navigation@2.0.12 (location: F:\PUN\Mundo aprendo tesis\Library\PackageCache\com.unity.ai.navigation@734c2c4c5591)
    com.unity.collab-proxy@2.12.4 (location: F:\PUN\Mundo aprendo tesis\Library\PackageCache\com.unity.collab-proxy@0b1559bcd34e)
    com.unity.ide.rider@3.0.39 (location: F:\PUN\Mundo aprendo tesis\Library\PackageCache\com.unity.ide.rider@4504839d03f7)
    com.unity.ide.visualstudio@2.0.27 (location: F:\PUN\Mundo aprendo tesis\Library\PackageCache\com.unity.ide.visualstudio@dc1ddd4f09b6)
    com.unity.inputsystem@1.19.0 (location: F:\PUN\Mundo aprendo tesis\Library\PackageCache\com.unity.inputsystem@21a28c3a6c83)
    com.unity.timeline@1.8.12 (location: F:\PUN\Mundo aprendo tesis\Library\PackageCache\com.unity.timeline@8cd8509afae5)
    com.unity.visualscripting@1.9.11 (location: F:\PUN\Mundo aprendo tesis\Library\PackageCache\com.unity.visualscripting@8bed5ad90189)
    com.unity.searcher@4.9.4 (location: F:\PUN\Mundo aprendo tesis\Library\PackageCache\com.unity.searcher@d45a78918735)
    com.unity.burst@1.8.28 (location: F:\PUN\Mundo aprendo tesis\Library\PackageCache\com.unity.burst@07790c2d06d9)
    com.unity.mathematics@1.3.3 (location: F:\PUN\Mundo aprendo tesis\Library\PackageCache\com.unity.mathematics@19a9377c4ffa)
    com.unity.nuget.mono-cecil@1.11.6 (location: F:\PUN\Mundo aprendo tesis\Library\PackageCache\com.unity.nuget.mono-cecil@ecb9724e46ff)
    com.unity.test-framework.performance@3.2.0 (location: F:\PUN\Mundo aprendo tesis\Library\PackageCache\com.unity.test-framework.performance@0840f58e4562)
  Built-in packages:
    com.unity.multiplayer.center@1.0.1 (location: F:\PUN\Mundo aprendo tesis\Library\PackageCache\com.unity.multiplayer.center@f01f4ba8d00a)
    com.unity.render-pipelines.universal@17.4.0 (location: F:\PUN\Mundo aprendo tesis\Library\PackageCache\com.unity.render-pipelines.universal@0c5162adfb45)
    com.unity.test-framework@1.6.0 (location: F:\PUN\Mundo aprendo tesis\Library\PackageCache\com.unity.test-framework@629486125cfc)
    com.unity.ugui@2.0.0 (location: F:\PUN\Mundo aprendo tesis\Library\PackageCache\com.unity.ugui@3dd2fbd8c1f1)
    com.unity.modules.accessibility@1.0.0 (location: F:\PUN\Mundo aprendo tesis\Library\PackageCache\com.unity.modules.accessibility)
    com.unity.modules.adaptiveperformance@1.0.0 (location: F:\PUN\Mundo aprendo tesis\Library\PackageCache\com.unity.modules.adaptiveperformance)
    com.unity.modules.ai@1.0.0 (location: F:\PUN\Mundo aprendo tesis\Library\PackageCache\com.unity.modules.ai)
    com.unity.modules.androidjni@1.0.0 (location: F:\PUN\Mundo aprendo tesis\Library\PackageCache\com.unity.modules.androidjni)
    com.unity.modules.animation@1.0.0 (location: F:\PUN\Mundo aprendo tesis\Library\PackageCache\com.unity.modules.animation)
    com.unity.modules.assetbundle@1.0.0 (location: F:\PUN\Mundo aprendo tesis\Library\PackageCache\com.unity.modules.assetbundle)
    com.unity.modules.audio@1.0.0 (location: F:\PUN\Mundo aprendo tesis\Library\PackageCache\com.unity.modules.audio)
    com.unity.modules.cloth@1.0.0 (location: F:\PUN\Mundo aprendo tesis\Library\PackageCache\com.unity.modules.cloth)
    com.unity.modules.director@1.0.0 (location: F:\PUN\Mundo aprendo tesis\Library\PackageCache\com.unity.modules.director)
    com.unity.modules.imageconversion@1.0.0 (location: F:\PUN\Mundo aprendo tesis\Library\PackageCache\com.unity.modules.imageconversion)
    com.unity.modules.imgui@1.0.0 (location: F:\PUN\Mundo aprendo tesis\Library\PackageCache\com.unity.modules.imgui)
    com.unity.modules.jsonserialize@1.0.0 (location: F:\PUN\Mundo aprendo tesis\Library\PackageCache\com.unity.modules.jsonserialize)
    com.unity.modules.particlesystem@1.0.0 (location: F:\PUN\Mundo aprendo tesis\Library\PackageCache\com.unity.modules.particlesystem)
    com.unity.modules.physics@1.0.0 (location: F:\PUN\Mundo aprendo tesis\Library\PackageCache\com.unity.modules.physics)
    com.unity.modules.physics2d@1.0.0 (location: F:\PUN\Mundo aprendo tesis\Library\PackageCache\com.unity.modules.physics2d)
    com.unity.modules.screencapture@1.0.0 (location: F:\PUN\Mundo aprendo tesis\Library\PackageCache\com.unity.modules.screencapture)
    com.unity.modules.terrain@1.0.0 (location: F:\PUN\Mundo aprendo tesis\Library\PackageCache\com.unity.modules.terrain)
    com.unity.modules.terrainphysics@1.0.0 (location: F:\PUN\Mundo aprendo tesis\Library\PackageCache\com.unity.modules.terrainphysics)
    com.unity.modules.tilemap@1.0.0 (location: F:\PUN\Mundo aprendo tesis\Library\PackageCache\com.unity.modules.tilemap)
    com.unity.modules.ui@1.0.0 (location: F:\PUN\Mundo aprendo tesis\Library\PackageCache\com.unity.modules.ui)
    com.unity.modules.uielements@1.0.0 (location: F:\PUN\Mundo aprendo tesis\Library\PackageCache\com.unity.modules.uielements)
    com.unity.modules.umbra@1.0.0 (location: F:\PUN\Mundo aprendo tesis\Library\PackageCache\com.unity.modules.umbra)
    com.unity.modules.unityanalytics@1.0.0 (location: F:\PUN\Mundo aprendo tesis\Library\PackageCache\com.unity.modules.unityanalytics)
    com.unity.modules.unitywebrequest@1.0.0 (location: F:\PUN\Mundo aprendo tesis\Library\PackageCache\com.unity.modules.unitywebrequest)
    com.unity.modules.unitywebrequestassetbundle@1.0.0 (location: F:\PUN\Mundo aprendo tesis\Library\PackageCache\com.unity.modules.unitywebrequestassetbundle)
    com.unity.modules.unitywebrequestaudio@1.0.0 (location: F:\PUN\Mundo aprendo tesis\Library\PackageCache\com.unity.modules.unitywebrequestaudio)
    com.unity.modules.unitywebrequesttexture@1.0.0 (location: F:\PUN\Mundo aprendo tesis\Library\PackageCache\com.unity.modules.unitywebrequesttexture)
    com.unity.modules.unitywebrequestwww@1.0.0 (location: F:\PUN\Mundo aprendo tesis\Library\PackageCache\com.unity.modules.unitywebrequestwww)
    com.unity.modules.vectorgraphics@1.0.0 (location: F:\PUN\Mundo aprendo tesis\Library\PackageCache\com.unity.modules.vectorgraphics)
    com.unity.modules.vehicles@1.0.0 (location: F:\PUN\Mundo aprendo tesis\Library\PackageCache\com.unity.modules.vehicles)
    com.unity.modules.video@1.0.0 (location: F:\PUN\Mundo aprendo tesis\Library\PackageCache\com.unity.modules.video)
    com.unity.modules.vr@1.0.0 (location: F:\PUN\Mundo aprendo tesis\Library\PackageCache\com.unity.modules.vr)
    com.unity.modules.wind@1.0.0 (location: F:\PUN\Mundo aprendo tesis\Library\PackageCache\com.unity.modules.wind)
    com.unity.modules.xr@1.0.0 (location: F:\PUN\Mundo aprendo tesis\Library\PackageCache\com.unity.modules.xr)
    com.unity.modules.subsystems@1.0.0 (location: F:\PUN\Mundo aprendo tesis\Library\PackageCache\com.unity.modules.subsystems)
    com.unity.modules.hierarchycore@1.0.0 (location: F:\PUN\Mundo aprendo tesis\Library\PackageCache\com.unity.modules.hierarchycore)
    com.unity.ext.nunit@2.0.5 (location: F:\PUN\Mundo aprendo tesis\Library\PackageCache\com.unity.ext.nunit@d8c07649098d)
    com.unity.render-pipelines.core@17.4.0 (location: F:\PUN\Mundo aprendo tesis\Library\PackageCache\com.unity.render-pipelines.core@6a60abc179f8)
    com.unity.shadergraph@17.4.0 (location: F:\PUN\Mundo aprendo tesis\Library\PackageCache\com.unity.shadergraph@c6e5f4d3afa5)
    com.unity.render-pipelines.universal-config@17.4.0 (location: F:\PUN\Mundo aprendo tesis\Library\PackageCache\com.unity.render-pipelines.universal-config@0db4263b9e6b)
    com.unity.collections@6.4.0 (location: F:\PUN\Mundo aprendo tesis\Library\PackageCache\com.unity.collections@538ace9075bc)
[Subsystems] No new subsystems found in resolved package list.
[Package Manager] Done registering packages in 0.01 seconds
[ScriptCompilation] Requested script compilation because: AssetDatabase observed changes in script compilation related files
Starting: C:\Program Files\Unity\Hub\Editor\6000.4.0f1\Editor\Data\Tools\BuildPipeline\bee_backend.exe --ipc --defer-dag-verification --dagfile="Library/Bee/1900b0aE.dag" --continue-on-failure --profile="Library/Bee/backend1.traceevents" ScriptAssemblies
WorkingDir: F:/PUN/Mundo aprendo tesis
DisplayProgressbar: Compiling Scripts
ExitCode: 0 Duration: 1s787ms
[721/918    0s] ILPP-Configuration Library/ilpp-configuration.nevergeneratedoutput
[914/918    1s] Csc Library/Bee/artifacts/1900b0aE.dag/MundoAprendo.PlayModeTests.dll (+2 others)
[915/918    0s] ILPostProcess Library/Bee/artifacts/1900b0aE.dag/post-processed/MundoAprendo.PlayModeTests.dll (+pdb)
Processing assembly Library/Bee/artifacts/1900b0aE.dag/MundoAprendo.PlayModeTests.dll, with 139 defines and 266 references

processors: Unity.Jobs.CodeGen.JobsILPostProcessor, zzzUnity.Burst.CodeGen.BurstILPostProcessor

running Unity.Jobs.CodeGen.JobsILPostProcessor

running zzzUnity.Burst.CodeGen.BurstILPostProcessor
[916/918    0s] CopyFiles Library/ScriptAssemblies/MundoAprendo.PlayModeTests.pdb
[917/918    0s] CopyFiles Library/ScriptAssemblies/MundoAprendo.PlayModeTests.dll
*** Tundra build success (1.76 seconds), 5 items updated, 918 evaluated
AssetDatabase: script compilation time: 2.165961s
Begin MonoManager ReloadAssembly
Assembly Assembly-CSharp-Editor-firstpass.dll at Library/ScriptAssemblies/Assembly-CSharp-Editor-firstpass.dll not valid. Loading of assembly skipped.
Assembly Assembly-CSharp-firstpass.dll at Library/ScriptAssemblies/Assembly-CSharp-firstpass.dll not valid. Loading of assembly skipped.
Assembly DocCodeExamples.dll at Library/ScriptAssemblies/DocCodeExamples.dll not valid. Loading of assembly skipped.
Assembly TestNewCustomAssembly.dll at Library/ScriptAssemblies/TestNewCustomAssembly.dll not valid. Loading of assembly skipped.
Assembly Unity.Collections.BurstCompatibilityGen.dll at Library/ScriptAssemblies/Unity.Collections.BurstCompatibilityGen.dll not valid. Loading of assembly skipped.
Assembly Unity.Collections.DocCodeSamples.dll at Library/ScriptAssemblies/Unity.Collections.DocCodeSamples.dll not valid. Loading of assembly skipped.
Assembly Unity.Collections.PerformanceTests.dll at Library/ScriptAssemblies/Unity.Collections.PerformanceTests.dll not valid. Loading of assembly skipped.
Assembly Unity.Collections.Tests.dll at Library/ScriptAssemblies/Unity.Collections.Tests.dll not valid. Loading of assembly skipped.
Assembly Unity.Collections.Tests.Playmode.dll at Library/ScriptAssemblies/Unity.Collections.Tests.Playmode.dll not valid. Loading of assembly skipped.
Assembly Unity.InputSystem.IntegrationTests.dll at Library/ScriptAssemblies/Unity.InputSystem.IntegrationTests.dll not valid. Loading of assembly skipped.
Assembly Unity.Mathematics.Tests.dll at Library/ScriptAssemblies/Unity.Mathematics.Tests.dll not valid. Loading of assembly skipped.
Assembly Unity.Multiplayer.Center.Editor.Tests.dll at Library/ScriptAssemblies/Unity.Multiplayer.Center.Editor.Tests.dll not valid. Loading of assembly skipped.
Assembly Unity.Multiplayer.Center.Tests.dll at Library/ScriptAssemblies/Unity.Multiplayer.Center.Tests.dll not valid. Loading of assembly skipped.
Assembly Unity.Nuget.Mono-Cecil.dll at Library/ScriptAssemblies/Unity.Nuget.Mono-Cecil.dll not valid. Loading of assembly skipped.
Assembly Unity.PathTracing.Editor.Tests.dll at Library/ScriptAssemblies/Unity.PathTracing.Editor.Tests.dll not valid. Loading of assembly skipped.
Assembly Unity.PathTracing.Runtime.Tests.dll at Library/ScriptAssemblies/Unity.PathTracing.Runtime.Tests.dll not valid. Loading of assembly skipped.
Assembly Unity.RenderPipelines.Core.Editor.Tests.dll at Library/ScriptAssemblies/Unity.RenderPipelines.Core.Editor.Tests.dll not valid. Loading of assembly skipped.
Assembly Unity.RenderPipelines.Core.Runtime.Tests.dll at Library/ScriptAssemblies/Unity.RenderPipelines.Core.Runtime.Tests.dll not valid. Loading of assembly skipped.
Assembly Unity.RenderPipelines.Universal.Config.Editor.Tests.dll at Library/ScriptAssemblies/Unity.RenderPipelines.Universal.Config.Editor.Tests.dll not valid. Loading of assembly skipped.
Assembly Unity.RenderPipelines.Universal.Editor.Tests.dll at Library/ScriptAssemblies/Unity.RenderPipelines.Universal.Editor.Tests.dll not valid. Loading of assembly skipped.
Assembly Unity.RenderPipelines.Universal.Runtime.Tests.dll at Library/ScriptAssemblies/Unity.RenderPipelines.Universal.Runtime.Tests.dll not valid. Loading of assembly skipped.
Assembly Unity.Searcher.EditorTests.dll at Library/ScriptAssemblies/Unity.Searcher.EditorTests.dll not valid. Loading of assembly skipped.
Assembly Unity.ShaderGraph.Editor.Tests.dll at Library/ScriptAssemblies/Unity.ShaderGraph.Editor.Tests.dll not valid. Loading of assembly skipped.
Assembly Unity.TextMeshPro.Editor.Tests.dll at Library/ScriptAssemblies/Unity.TextMeshPro.Editor.Tests.dll not valid. Loading of assembly skipped.
Assembly Unity.TextMeshPro.Tests.dll at Library/ScriptAssemblies/Unity.TextMeshPro.Tests.dll not valid. Loading of assembly skipped.
Assembly Unity.UnifiedRayTracing.Editor.Tests.dll at Library/ScriptAssemblies/Unity.UnifiedRayTracing.Editor.Tests.dll not valid. Loading of assembly skipped.
Assembly UnityEditor.UI.Common.Tests.dll at Library/ScriptAssemblies/UnityEditor.UI.Common.Tests.dll not valid. Loading of assembly skipped.
Assembly UnityEditor.UI.EditorTests.dll at Library/ScriptAssemblies/UnityEditor.UI.EditorTests.dll not valid. Loading of assembly skipped.
Assembly UnityEngine.UI.Tests.dll at Library/ScriptAssemblies/UnityEngine.UI.Tests.dll not valid. Loading of assembly skipped.
Native extension for Android target not found
Native extension for WindowsStandalone target not found
ScheduleIndexationOnStartup MainProcess:True IndexOnStartup:True
Mono: successfully reloaded assembly
- Finished resetting the current domain, in  3.092 seconds
Domain Reload Profiling: 4117ms
	BeginReloadAssembly (307ms)
		DisableScriptedObjects (10ms)
		CreateAndSetChildDomain (146ms)
	RebuildCommonClasses (39ms)
	RebuildNativeTypeToScriptingClass (15ms)
	initialDomainReloadingComplete (119ms)
	LoadAllAssembliesAndSetupDomain (546ms)
		LoadAssemblies (369ms)
		AnalyzeDomain (274ms)
			TypeCache.Refresh (196ms)
				TypeCache.ScanAssembly (181ms)
			BuildScriptInfoCaches (64ms)
			ResolveRequiredComponents (12ms)
	FinalizeReload (3092ms)
		SetupLoadedEditorAssemblies (0ms)
			InitializePlatformSupportModulesInManaged (34ms)
			BeforeProcessingInitializeOnLoad (171ms)
			ProcessInitializeOnLoadAttributes (2538ms)
			ProcessInitializeOnLoadMethodAttributes (84ms)
			AfterProcessingInitializeOnLoad (7ms)
		AwakeInstancesAfterBackupRestoration (7ms)
(Values over 0.050ms)
Asset Pipeline Refresh (id=9e22d8f1419032149b119354dc7b2c72): Total: 7.045 seconds - Initiated by InitialRefreshV2(ForceSynchronousImport)
	Summary:
		Imports: total=0 (actual=0, local cache=0, cache server=0)
		Asset DB Process Time: managed=0 ms, native=3504 ms
		Asset DB Callback time: managed=270 ms, native=21 ms
		Scripting: domain reloads=1, domain reload time=1029 ms, compile time=2167 ms, other=51 ms
		Project Asset Count: scripts=1372, non-scripts=2597
		Asset File Changes: new=0, changed=1, moved=0, deleted=0
		Scan Filter Count: 0
	InvokePackagesCallback: 17.742ms
	ApplyChangesToAssetFolders: 0.695ms
	Scan: 102.117ms
	OnSourceAssetsModified: 0.878ms
	CategorizeScriptCompilationAssets: 48.601ms
	ProcessAssetsWithTransientArtifactChanges: 75.046ms
	CategorizeAssets: 47.334ms
	CompileScripts: 2167.145ms
	ImportOutOfDateAssets: 3106.069ms (3099.807ms without children)
		UnloadImportedAssets: 5.160ms
		EnsureUptoDateAssetsAreRegisteredWithGuidPM: 0.691ms
		OnDemandSchedulerStart: 0.380ms
	PostProcessAllAssets: 271.071ms
		VCAutoAddAssetPostprocess 0.990ms
		XRBuildSystem.XRAssetImported 0.291ms
		MonoPostProcessAllAssets: 269.331ms
			AssetPostprocessor.OnPostprocessAllAssets 162.250ms
			BuilderAssetPostprocessor.OnPostprocessAllAssets 33.856ms
			StyleCatalogPostProcessor.OnPostprocessAllAssets 18.874ms
			UniversalRenderPipelineGlobalSettingsPostprocessor.OnPostprocessAllAssets 10.436ms
			SyncVS.PostprocessSyncProject 10.361ms
			WindowAssetPostprocessingWatcher.OnPostprocessAllAssets 3.000ms
			SpeedTree9Postprocessor.OnPostprocessAllAssets 2.082ms
			ShaderGraphAssetPostProcessor.OnPostprocessAllAssets 1.388ms
			AssetChangedListener.OnPostprocessAllAssets 1.321ms
			RetainedModeAssetPostprocessor.OnPostprocessAllAssets 1.183ms
			MaterialPostprocessor.OnPostprocessAllAssets 0.689ms
			RenderPipelineGlobalSettingsPostprocessor.OnPostprocessAllAssets 0.655ms
			ArtifactBrowserPostProcessor.OnPostprocessAllAssets 0.634ms
			TMPro_TexturePostProcessor.OnPostprocessAllAssets 0.482ms
			UVCSAssetPostprocessor.OnPostprocessAllAssets 0.443ms
			ReferencedClipsPostProcessor.OnPostprocessAllAssets 0.397ms
			TextAssetPostProcessor.OnPostprocessAllAssets 0.347ms
			InputActionAssetPostprocessor.OnPostprocessAllAssets 0.343ms
			PostProcessor.OnPostprocessAllAssets 0.328ms
			AudioMixerPostprocessor.OnPostprocessAllAssets 0.316ms
			AssetEvents.OnPostprocessAllAssets 0.268ms
			InputActionJsonNameModifierAssetProcessor.OnPostprocessAllAssets 0.265ms
			AssetDatabaseCallbacks.OnPostprocessAllAssets 0.210ms
			TerrainToolbarOverlayPostProcessor.OnPostprocessAllAssets 0.209ms
			ProjectSettingsPostprocessor.OnPostprocessAllAssets 0.177ms
			ConfigAssetsTracker.OnPostprocessAllAssets 0.174ms
			SpeedTreePostProcessor.OnPostprocessAllAssets 0.154ms
			SamplePostprocessor.OnPostprocessAllAssets 0.152ms
			ScenarioDriftAssetsTracker.OnPostprocessAllAssets 0.132ms
			AudioContainerPostProcessor.OnPostprocessAllAssets 0.076ms
	PostAssetChangesProfiler: 3.558ms
	UnloadStreamsBegin: 3.151ms
	PersistCurrentRevisions: 0.108ms
	GenerateScriptTypeHashes: 2.882ms
	GenerateScriptTypeSerializationHashes: 5.908ms
	Untracked: 1200.010ms

Application.AssetDatabase Initial Refresh End
Scanning for USB devices : 2.638ms
Initializing Unity extensions:
[MODES] ModeService[none].Initialize
[MODES] ModeService[none].LoadModes
[MODES] Loading mode Default (0) for mode-current-id-Mundo aprendo tesis
Unloading 27 Unused Serialized files (Serialized files now loaded: 0)
Unloading 6634 unused Assets / (2.9 MB). Loaded Objects now: 7482.
Memory consumption went from 203.7 MB to 200.8 MB.
Total: 11.053100 ms (FindLiveObjects: 0.953300 ms CreateObjectMapping: 1.363500 ms MarkObjects: 5.971700 ms  DeleteObjects: 2.760900 ms)

Microsoft Media Foundation video decoding to texture disabled: graphics device is Null, only Direct3D 11 and Direct3D 12 (only on desktop) are supported for hardware-accelerated video decoding.
[Project] Loading completed in 12.125 seconds
	Project init time: 				11.135 seconds
		Template init time: 		0.000 seconds
		Package Manager init time: 		2.244 seconds
		Asset Database init time: 		0.121 seconds
		Global illumination init time: 	0.002 seconds
		Assemblies load time: 			1.126 seconds
		Unity extensions init time: 	0.026 seconds
		Asset Database refresh time: 	7.046 seconds
	Scene opening time: 			0.919 seconds
##utp:{"type":"ProjectInfo","version":2,"phase":"Immediate","time":1782352226984,"processId":21416,"projectLoad":12.1247194,"projectInit":11.1354687,"templateInit":0.0,"packageManagerInit":2.2440562,"assetDatabaseInit":0.1210068,"globalIlluminationInit":0.0021397,"assembliesLoad":1.1256048,"unityExtensionsInit":0.025741,"assetDatabaseRefresh":7.046418,"sceneOpening":0.9188524}
##utp:{"type":"EditorInfo","version":2,"phase":"Immediate","time":1782352226984,"processId":21416,"editorVersion":"6000.4.0f1 (8cf496087c8f)","branch":"6000.4/staging","buildType":"Release","platform":"Windows"}
Asset Pipeline Refresh (id=662237c773021b844951df05987b45ed): Total: 0.047 seconds - Initiated by RefreshV2(NoUpdateAssetOptions)
Shader Hidden/ChartRasterizerHardware is not supported: GPU does not support conservative rasterization
[Licensing::Client] Successfully resolved entitlement details
Start Indexing on Editor startup
[Indexing] Starting Initial Indexing for Assets
[UnityConnectServicesConfig] config is NOT valid, switching to default
Created GICache directory at C:/Users/Boloxdhd/AppData/LocalLow/Unity/Caches/GiCache. Took: 0.014s, timestamps: [12.128 - 12.142]
[Licensing::Client] Successfully resolved entitlement details
Unloading 4 Unused Serialized files (Serialized files now loaded: 0)
Unloading 4 unused Assets / (57.2 KB). Loaded Objects now: 7526.
Memory consumption went from 205.2 MB to 205.2 MB.
Total: 8.535700 ms (FindLiveObjects: 0.262700 ms CreateObjectMapping: 0.138300 ms MarkObjects: 8.078900 ms  DeleteObjects: 0.054100 ms)

Start importing Assets/InitTestScene3ab2fe77-32c8-4b3b-9f61-50ea38bc34e6.unity using Guid(f6fcbd49a5b58984ba0b5e6179d8f461) (DefaultImporter) -> (Import Result ID: 'ec1d81b4975e6001f58aad37528c48a3') in 0.0056464 seconds [static dependencies only]. Details - ImportResultOutputID=a3ff62e6453ff32f1e4210501555ec88 DependenciesID=7d4b1058979ea607ad0503dd77e30633 StaticDependenciesID=c876eb2e69f1eb70272ed33377f3e225 
Asset Pipeline Refresh (id=d5df17fda0261284fb5f5e4c718d9a11): Total: 0.058 seconds - Initiated by StopAssetImportingV2(NoUpdateAssetOptions)
Executing IPrebuildSetup for: Unity.PerformanceTesting.Editor.TestRunBuilder.
UnityEngine.Debug:ExtractStackTraceNoAlloc (byte*,int,string)
UnityEngine.StackTraceUtility:ExtractStackTrace ()
UnityEngine.DebugLogHandler:Internal_Log (UnityEngine.LogType,UnityEngine.LogOption,string,UnityEngine.Object)
UnityEngine.DebugLogHandler:LogFormat (UnityEngine.LogType,UnityEngine.Object,string,object[])
UnityEngine.Logger:Log (UnityEngine.LogType,object)
UnityEngine.Debug:Log (object)
UnityEditor.TestTools.TestRunner.TestRun.Tasks.BuildActionTaskBase`1/<ExecuteMethods>d__8<UnityEngine.TestTools.IPrebuildSetup>:MoveNext () (at ./Library/PackageCache/com.unity.test-framework@629486125cfc/UnityEditor.TestRunner/TestRun/Tasks/BuildActionTaskBase.cs:48)
UnityEditor.TestTools.TestRunner.TestRun.Tasks.BuildActionTaskBase`1/<Execute>d__7<UnityEngine.TestTools.IPrebuildSetup>:MoveNext () (at ./Library/PackageCache/com.unity.test-framework@629486125cfc/UnityEditor.TestRunner/TestRun/Tasks/BuildActionTaskBase.cs:34)
UnityEditor.TestTools.TestRunner.TestRun.TestJobRunner:ExecuteStep () (at ./Library/PackageCache/com.unity.test-framework@629486125cfc/UnityEditor.TestRunner/TestRun/TestJobRunner.cs:173)
UnityEditor.TestTools.TestRunner.TestRun.TestJobRunner:ExecuteCallback () (at ./Library/PackageCache/com.unity.test-framework@629486125cfc/UnityEditor.TestRunner/TestRun/TestJobRunner.cs:108)
UnityEditor.EditorApplication:Internal_CallUpdateFunctions ()

(Filename: ./Library/PackageCache/com.unity.test-framework@629486125cfc/UnityEditor.TestRunner/TestRun/Tasks/BuildActionTaskBase.cs Line: 48)

Reloading assemblies for play mode.
Reloading assemblies after forced synchronous recompile.
Assembly Assembly-CSharp-Editor-firstpass.dll at Library/ScriptAssemblies/Assembly-CSharp-Editor-firstpass.dll not valid. Loading of assembly skipped.
Assembly Assembly-CSharp-firstpass.dll at Library/ScriptAssemblies/Assembly-CSharp-firstpass.dll not valid. Loading of assembly skipped.
Assembly DocCodeExamples.dll at Library/ScriptAssemblies/DocCodeExamples.dll not valid. Loading of assembly skipped.
Assembly TestNewCustomAssembly.dll at Library/ScriptAssemblies/TestNewCustomAssembly.dll not valid. Loading of assembly skipped.
Assembly Unity.Collections.BurstCompatibilityGen.dll at Library/ScriptAssemblies/Unity.Collections.BurstCompatibilityGen.dll not valid. Loading of assembly skipped.
Assembly Unity.Collections.DocCodeSamples.dll at Library/ScriptAssemblies/Unity.Collections.DocCodeSamples.dll not valid. Loading of assembly skipped.
Assembly Unity.Collections.PerformanceTests.dll at Library/ScriptAssemblies/Unity.Collections.PerformanceTests.dll not valid. Loading of assembly skipped.
Assembly Unity.Collections.Tests.dll at Library/ScriptAssemblies/Unity.Collections.Tests.dll not valid. Loading of assembly skipped.
Assembly Unity.Collections.Tests.Playmode.dll at Library/ScriptAssemblies/Unity.Collections.Tests.Playmode.dll not valid. Loading of assembly skipped.
Assembly Unity.InputSystem.IntegrationTests.dll at Library/ScriptAssemblies/Unity.InputSystem.IntegrationTests.dll not valid. Loading of assembly skipped.
Assembly Unity.Mathematics.Tests.dll at Library/ScriptAssemblies/Unity.Mathematics.Tests.dll not valid. Loading of assembly skipped.
Assembly Unity.Multiplayer.Center.Editor.Tests.dll at Library/ScriptAssemblies/Unity.Multiplayer.Center.Editor.Tests.dll not valid. Loading of assembly skipped.
Assembly Unity.Multiplayer.Center.Tests.dll at Library/ScriptAssemblies/Unity.Multiplayer.Center.Tests.dll not valid. Loading of assembly skipped.
Assembly Unity.Nuget.Mono-Cecil.dll at Library/ScriptAssemblies/Unity.Nuget.Mono-Cecil.dll not valid. Loading of assembly skipped.
Assembly Unity.PathTracing.Editor.Tests.dll at Library/ScriptAssemblies/Unity.PathTracing.Editor.Tests.dll not valid. Loading of assembly skipped.
Assembly Unity.PathTracing.Runtime.Tests.dll at Library/ScriptAssemblies/Unity.PathTracing.Runtime.Tests.dll not valid. Loading of assembly skipped.
Assembly Unity.RenderPipelines.Core.Editor.Tests.dll at Library/ScriptAssemblies/Unity.RenderPipelines.Core.Editor.Tests.dll not valid. Loading of assembly skipped.
Assembly Unity.RenderPipelines.Core.Runtime.Tests.dll at Library/ScriptAssemblies/Unity.RenderPipelines.Core.Runtime.Tests.dll not valid. Loading of assembly skipped.
Assembly Unity.RenderPipelines.Universal.Config.Editor.Tests.dll at Library/ScriptAssemblies/Unity.RenderPipelines.Universal.Config.Editor.Tests.dll not valid. Loading of assembly skipped.
Assembly Unity.RenderPipelines.Universal.Editor.Tests.dll at Library/ScriptAssemblies/Unity.RenderPipelines.Universal.Editor.Tests.dll not valid. Loading of assembly skipped.
Assembly Unity.RenderPipelines.Universal.Runtime.Tests.dll at Library/ScriptAssemblies/Unity.RenderPipelines.Universal.Runtime.Tests.dll not valid. Loading of assembly skipped.
Assembly Unity.Searcher.EditorTests.dll at Library/ScriptAssemblies/Unity.Searcher.EditorTests.dll not valid. Loading of assembly skipped.
Assembly Unity.ShaderGraph.Editor.Tests.dll at Library/ScriptAssemblies/Unity.ShaderGraph.Editor.Tests.dll not valid. Loading of assembly skipped.
Assembly Unity.TextMeshPro.Editor.Tests.dll at Library/ScriptAssemblies/Unity.TextMeshPro.Editor.Tests.dll not valid. Loading of assembly skipped.
Assembly Unity.TextMeshPro.Tests.dll at Library/ScriptAssemblies/Unity.TextMeshPro.Tests.dll not valid. Loading of assembly skipped.
Assembly Unity.UnifiedRayTracing.Editor.Tests.dll at Library/ScriptAssemblies/Unity.UnifiedRayTracing.Editor.Tests.dll not valid. Loading of assembly skipped.
Assembly UnityEditor.UI.Common.Tests.dll at Library/ScriptAssemblies/UnityEditor.UI.Common.Tests.dll not valid. Loading of assembly skipped.
Assembly UnityEditor.UI.EditorTests.dll at Library/ScriptAssemblies/UnityEditor.UI.EditorTests.dll not valid. Loading of assembly skipped.
Assembly UnityEngine.UI.Tests.dll at Library/ScriptAssemblies/UnityEngine.UI.Tests.dll not valid. Loading of assembly skipped.
Begin MonoManager ReloadAssembly
Assembly Assembly-CSharp-Editor-firstpass.dll at Library/ScriptAssemblies/Assembly-CSharp-Editor-firstpass.dll not valid. Loading of assembly skipped.
Assembly Assembly-CSharp-firstpass.dll at Library/ScriptAssemblies/Assembly-CSharp-firstpass.dll not valid. Loading of assembly skipped.
Assembly DocCodeExamples.dll at Library/ScriptAssemblies/DocCodeExamples.dll not valid. Loading of assembly skipped.
Assembly TestNewCustomAssembly.dll at Library/ScriptAssemblies/TestNewCustomAssembly.dll not valid. Loading of assembly skipped.
Assembly Unity.Collections.BurstCompatibilityGen.dll at Library/ScriptAssemblies/Unity.Collections.BurstCompatibilityGen.dll not valid. Loading of assembly skipped.
Assembly Unity.Collections.DocCodeSamples.dll at Library/ScriptAssemblies/Unity.Collections.DocCodeSamples.dll not valid. Loading of assembly skipped.
Assembly Unity.Collections.PerformanceTests.dll at Library/ScriptAssemblies/Unity.Collections.PerformanceTests.dll not valid. Loading of assembly skipped.
Assembly Unity.Collections.Tests.dll at Library/ScriptAssemblies/Unity.Collections.Tests.dll not valid. Loading of assembly skipped.
Assembly Unity.Collections.Tests.Playmode.dll at Library/ScriptAssemblies/Unity.Collections.Tests.Playmode.dll not valid. Loading of assembly skipped.
Assembly Unity.InputSystem.IntegrationTests.dll at Library/ScriptAssemblies/Unity.InputSystem.IntegrationTests.dll not valid. Loading of assembly skipped.
Assembly Unity.Mathematics.Tests.dll at Library/ScriptAssemblies/Unity.Mathematics.Tests.dll not valid. Loading of assembly skipped.
Assembly Unity.Multiplayer.Center.Editor.Tests.dll at Library/ScriptAssemblies/Unity.Multiplayer.Center.Editor.Tests.dll not valid. Loading of assembly skipped.
Assembly Unity.Multiplayer.Center.Tests.dll at Library/ScriptAssemblies/Unity.Multiplayer.Center.Tests.dll not valid. Loading of assembly skipped.
Assembly Unity.Nuget.Mono-Cecil.dll at Library/ScriptAssemblies/Unity.Nuget.Mono-Cecil.dll not valid. Loading of assembly skipped.
Assembly Unity.PathTracing.Editor.Tests.dll at Library/ScriptAssemblies/Unity.PathTracing.Editor.Tests.dll not valid. Loading of assembly skipped.
Assembly Unity.PathTracing.Runtime.Tests.dll at Library/ScriptAssemblies/Unity.PathTracing.Runtime.Tests.dll not valid. Loading of assembly skipped.
Assembly Unity.RenderPipelines.Core.Editor.Tests.dll at Library/ScriptAssemblies/Unity.RenderPipelines.Core.Editor.Tests.dll not valid. Loading of assembly skipped.
Assembly Unity.RenderPipelines.Core.Runtime.Tests.dll at Library/ScriptAssemblies/Unity.RenderPipelines.Core.Runtime.Tests.dll not valid. Loading of assembly skipped.
Assembly Unity.RenderPipelines.Universal.Config.Editor.Tests.dll at Library/ScriptAssemblies/Unity.RenderPipelines.Universal.Config.Editor.Tests.dll not valid. Loading of assembly skipped.
Assembly Unity.RenderPipelines.Universal.Editor.Tests.dll at Library/ScriptAssemblies/Unity.RenderPipelines.Universal.Editor.Tests.dll not valid. Loading of assembly skipped.
Assembly Unity.RenderPipelines.Universal.Runtime.Tests.dll at Library/ScriptAssemblies/Unity.RenderPipelines.Universal.Runtime.Tests.dll not valid. Loading of assembly skipped.
Assembly Unity.Searcher.EditorTests.dll at Library/ScriptAssemblies/Unity.Searcher.EditorTests.dll not valid. Loading of assembly skipped.
Assembly Unity.ShaderGraph.Editor.Tests.dll at Library/ScriptAssemblies/Unity.ShaderGraph.Editor.Tests.dll not valid. Loading of assembly skipped.
Assembly Unity.TextMeshPro.Editor.Tests.dll at Library/ScriptAssemblies/Unity.TextMeshPro.Editor.Tests.dll not valid. Loading of assembly skipped.
Assembly Unity.TextMeshPro.Tests.dll at Library/ScriptAssemblies/Unity.TextMeshPro.Tests.dll not valid. Loading of assembly skipped.
Assembly Unity.UnifiedRayTracing.Editor.Tests.dll at Library/ScriptAssemblies/Unity.UnifiedRayTracing.Editor.Tests.dll not valid. Loading of assembly skipped.
Assembly UnityEditor.UI.Common.Tests.dll at Library/ScriptAssemblies/UnityEditor.UI.Common.Tests.dll not valid. Loading of assembly skipped.
Assembly UnityEditor.UI.EditorTests.dll at Library/ScriptAssemblies/UnityEditor.UI.EditorTests.dll not valid. Loading of assembly skipped.
Assembly UnityEngine.UI.Tests.dll at Library/ScriptAssemblies/UnityEngine.UI.Tests.dll not valid. Loading of assembly skipped.
Native extension for Android target not found
Native extension for WindowsStandalone target not found
ScheduleIndexationOnStartup MainProcess:True IndexOnStartup:True
Mono: successfully reloaded assembly
- Finished resetting the current domain, in  1.077 seconds
Domain Reload Profiling: 1991ms
	BeginReloadAssembly (536ms)
		DisableScriptedObjects (32ms)
		CreateAndSetChildDomain (369ms)
	RebuildCommonClasses (39ms)
	RebuildNativeTypeToScriptingClass (15ms)
	initialDomainReloadingComplete (63ms)
	LoadAllAssembliesAndSetupDomain (262ms)
		LoadAssemblies (147ms)
		AnalyzeDomain (203ms)
			TypeCache.Refresh (8ms)
			BuildScriptInfoCaches (180ms)
			ResolveRequiredComponents (13ms)
	FinalizeReload (1078ms)
		SetupLoadedEditorAssemblies (0ms)
			InitializePlatformSupportModulesInManaged (34ms)
			BeforeProcessingInitializeOnLoad (163ms)
			ProcessInitializeOnLoadAttributes (316ms)
			ProcessInitializeOnLoadMethodAttributes (196ms)
			AfterProcessingInitializeOnLoad (7ms)
		AwakeInstancesAfterBackupRestoration (34ms)
(Values over 0.050ms)
Asset Pipeline Refresh (id=d80a132519ae58b41ad6df0d3a6ad731): Total: 2.170 seconds - Initiated by StopAssetImportingV2(ForceSynchronousImport | ForceDomainReload)
	Summary:
		Imports: total=0 (actual=0, local cache=0, cache server=0)
		Asset DB Process Time: managed=0 ms, native=1169 ms
		Asset DB Callback time: managed=34 ms, native=0 ms
		Scripting: domain reloads=1, domain reload time=964 ms, compile time=1 ms, other=0 ms
		Project Asset Count: scripts=1372, non-scripts=2598
		Asset File Changes: new=0, changed=0, moved=0, deleted=0
		Scan Filter Count: 0
	InvokePackagesCallback: 1.879ms
	ApplyChangesToAssetFolders: 0.265ms
	ProcessAssetsWithTransientArtifactChanges: 4.276ms
	CategorizeAssets: 50.408ms
	CompileScripts: 1.098ms
	ImportOutOfDateAssets: 1086.005ms (1083.754ms without children)
		CollectScriptTypesHashes: 5.170ms
		ReloadNativeAssets: 1.267ms
		UnloadImportedAssets: 0.074ms
		EnsureUptoDateAssetsAreRegisteredWithGuidPM: 0.631ms
		OnDemandSchedulerStart: 0.245ms
	PostProcessAllAssets: 34.105ms
		MonoPostProcessAllAssets: 34.096ms
			UniversalRenderPipelineGlobalSettingsPostprocessor.OnPostprocessAllAssets 10.257ms
			SyncVS.PostprocessSyncProject 9.648ms
			WindowAssetPostprocessingWatcher.OnPostprocessAllAssets 1.960ms
			SpeedTree9Postprocessor.OnPostprocessAllAssets 1.941ms
			AssetPostprocessor.OnPostprocessAllAssets 0.894ms
			RenderPipelineGlobalSettingsPostprocessor.OnPostprocessAllAssets 0.677ms
			ReferencedClipsPostProcessor.OnPostprocessAllAssets 0.354ms
			InputActionAssetPostprocessor.OnPostprocessAllAssets 0.275ms
			TerrainToolbarOverlayPostProcessor.OnPostprocessAllAssets 0.189ms
			ProjectSettingsPostprocessor.OnPostprocessAllAssets 0.187ms
			AssetDatabaseCallbacks.OnPostprocessAllAssets 0.177ms
			AssetChangedListener.OnPostprocessAllAssets 0.104ms
			AudioContainerPostProcessor.OnPostprocessAllAssets 0.067ms
			RetainedModeAssetPostprocessor.OnPostprocessAllAssets 0.054ms
			UVCSAssetPostprocessor.OnPostprocessAllAssets 0.053ms
			ShaderGraphAssetPostProcessor.OnPostprocessAllAssets 0.053ms
	GatherAllCurrentPrimaryImportResultRevisions: 0.229ms
	UnloadStreamsBegin: 0.169ms
	PersistCurrentRevisions: 0.108ms
	GenerateScriptTypeHashes: 7.617ms
	GenerateScriptTypeSerializationHashes: 11.890ms
	Untracked: 983.694ms

Loaded scene 'Temp/__Backupscenes/0.backup'
	Deserialize:            0.755 ms
	Integration:            230.523 ms
	Integration of assets:  0.001 ms
	Thread Wait Time:       0.033 ms
	Total Operation Time:   231.312 ms
[MODES] ModeService[none].Initialize
[MODES] ModeService[none].LoadModes
[Licensing::Client] Successfully resolved entitlement details
[Licensing::Client] Successfully resolved entitlement details
Unloading 19 Unused Serialized files (Serialized files now loaded: 0)
UnloadTime: 0.176100 ms
Loaded scene 'Assets/Scenes/Menu.unity'
	Deserialize:            62.897 ms
	Integration:            648.317 ms
	Integration of assets:  12.748 ms
	Thread Wait Time:       0.267 ms
	Total Operation Time:   724.229 ms
Unloading 179 unused Assets / (62.3 KB). Loaded Objects now: 8223.
Memory consumption went from 237.4 MB to 237.3 MB.
Total: 9.416600 ms (FindLiveObjects: 0.515100 ms CreateObjectMapping: 0.345100 ms MarkObjects: 7.763700 ms  DeleteObjects: 0.791600 ms)

Unloading 8 Unused Serialized files (Serialized files now loaded: 0)
UnloadTime: 10.279400 ms
Loaded scene 'Assets/Scenes/SeleccionMundos.unity'
	Deserialize:            16.096 ms
	Integration:            206.794 ms
	Integration of assets:  0.149 ms
	Thread Wait Time:       27.736 ms
	Total Operation Time:   250.774 ms
Unloading 51 unused Assets / (43.7 KB). Loaded Objects now: 8144.
Memory consumption went from 231.8 MB to 231.7 MB.
Total: 8.147500 ms (FindLiveObjects: 0.468700 ms CreateObjectMapping: 0.323200 ms MarkObjects: 7.223300 ms  DeleteObjects: 0.131500 ms)

Unloading 6 Unused Serialized files (Serialized files now loaded: 0)
UnloadTime: 1.873900 ms
Loaded scene 'Assets/Scenes/MundoMusical.unity'
	Deserialize:            12.004 ms
	Integration:            192.009 ms
	Integration of assets:  0.101 ms
	Thread Wait Time:       20.484 ms
	Total Operation Time:   224.598 ms
Unloading 28 unused Assets / (18.1 KB). Loaded Objects now: 7896.
Memory consumption went from 224.8 MB to 224.7 MB.
Total: 8.067700 ms (FindLiveObjects: 0.466900 ms CreateObjectMapping: 0.310400 ms MarkObjects: 7.207700 ms  DeleteObjects: 0.081800 ms)

Unloading 5 Unused Serialized files (Serialized files now loaded: 0)
UnloadTime: 0.849800 ms
Loaded scene 'Assets/Scenes/MundoCuentos_VozTest.unity'
	Deserialize:            17.734 ms
	Integration:            218.275 ms
	Integration of assets:  0.146 ms
	Thread Wait Time:       31.746 ms
	Total Operation Time:   267.902 ms
Unloading 18 unused Assets / (14.3 KB). Loaded Objects now: 8068.
Memory consumption went from 225.1 MB to 225.1 MB.
Total: 8.286200 ms (FindLiveObjects: 0.581300 ms CreateObjectMapping: 0.359000 ms MarkObjects: 7.276700 ms  DeleteObjects: 0.068400 ms)

Unloading 17 Unused Serialized files (Serialized files now loaded: 0)
UnloadTime: 3.029000 ms
Loaded scene 'Assets/Scenes/MundoTamanos.unity'
	Deserialize:            16.351 ms
	Integration:            204.288 ms
	Integration of assets:  0.341 ms
	Thread Wait Time:       32.640 ms
	Total Operation Time:   253.620 ms
Unloading 22 unused Assets / (2.2 KB). Loaded Objects now: 7843.
Memory consumption went from 229.1 MB to 229.1 MB.
Total: 8.885900 ms (FindLiveObjects: 0.499100 ms CreateObjectMapping: 0.394000 ms MarkObjects: 7.941600 ms  DeleteObjects: 0.050200 ms)

Unloading 15 Unused Serialized files (Serialized files now loaded: 0)
UnloadTime: 0.765800 ms
Loaded scene 'Assets/Scenes/Mundos/MundoEmociones.unity'
	Deserialize:            19.135 ms
	Integration:            194.478 ms
	Integration of assets:  0.184 ms
	Thread Wait Time:       30.230 ms
	Total Operation Time:   244.027 ms
Unloading 52 unused Assets / (280.4 KB). Loaded Objects now: 8022.
Memory consumption went from 231.8 MB to 231.5 MB.
Total: 9.072800 ms (FindLiveObjects: 0.473900 ms CreateObjectMapping: 0.341700 ms MarkObjects: 8.119500 ms  DeleteObjects: 0.136800 ms)

Unloading 13 Unused Serialized files (Serialized files now loaded: 0)
UnloadTime: 0.909000 ms
Loaded scene 'Assets/Scenes/Menu.unity'
	Deserialize:            23.406 ms
	Integration:            195.629 ms
	Integration of assets:  0.195 ms
	Thread Wait Time:       26.085 ms
	Total Operation Time:   245.315 ms
Unloading 52 unused Assets / (193.9 KB). Loaded Objects now: 8223.
Memory consumption went from 234.5 MB to 234.3 MB.
Total: 9.119800 ms (FindLiveObjects: 0.480500 ms CreateObjectMapping: 0.364000 ms MarkObjects: 8.131700 ms  DeleteObjects: 0.142900 ms)

Unloading 4 Unused Serialized files (Serialized files now loaded: 0)
UnloadTime: 1.316000 ms
Loaded scene 'Assets/Scenes/SeleccionMundos.unity'
	Deserialize:            15.071 ms
	Integration:            197.722 ms
	Integration of assets:  0.088 ms
	Thread Wait Time:       17.888 ms
	Total Operation Time:   230.769 ms
Unloading 51 unused Assets / (43.8 KB). Loaded Objects now: 8144.
Memory consumption went from 231.9 MB to 231.9 MB.
Total: 9.115700 ms (FindLiveObjects: 0.593000 ms CreateObjectMapping: 0.590800 ms MarkObjects: 7.804400 ms  DeleteObjects: 0.126700 ms)

Unloading 6 Unused Serialized files (Serialized files now loaded: 0)
UnloadTime: 1.612400 ms
Loaded scene 'Assets/Scenes/MundoMusical.unity'
	Deserialize:            10.861 ms
	Integration:            195.614 ms
	Integration of assets:  0.099 ms
	Thread Wait Time:       21.680 ms
	Total Operation Time:   228.254 ms
Unloading 28 unused Assets / (18.1 KB). Loaded Objects now: 7896.
Memory consumption went from 224.9 MB to 224.9 MB.
Total: 8.823300 ms (FindLiveObjects: 0.453700 ms CreateObjectMapping: 0.316400 ms MarkObjects: 7.955500 ms  DeleteObjects: 0.096800 ms)

Unloading 5 Unused Serialized files (Serialized files now loaded: 0)
UnloadTime: 0.749500 ms
Loaded scene 'Assets/Scenes/MundoCuentos_VozTest.unity'
	Deserialize:            15.774 ms
	Integration:            195.813 ms
	Integration of assets:  0.117 ms
	Thread Wait Time:       17.144 ms
	Total Operation Time:   228.847 ms
Unloading 18 unused Assets / (14.3 KB). Loaded Objects now: 8068.
Memory consumption went from 225.1 MB to 225.1 MB.
Total: 8.764300 ms (FindLiveObjects: 0.520600 ms CreateObjectMapping: 0.355100 ms MarkObjects: 7.819500 ms  DeleteObjects: 0.067900 ms)

Unloading 17 Unused Serialized files (Serialized files now loaded: 0)
UnloadTime: 1.121700 ms
Loaded scene 'Assets/Scenes/MundoTamanos.unity'
	Deserialize:            13.956 ms
	Integration:            193.149 ms
	Integration of assets:  0.173 ms
	Thread Wait Time:       18.694 ms
	Total Operation Time:   225.972 ms
Unloading 22 unused Assets / (2.2 KB). Loaded Objects now: 7843.
Memory consumption went from 229.1 MB to 229.1 MB.
Total: 8.842200 ms (FindLiveObjects: 0.556500 ms CreateObjectMapping: 0.356300 ms MarkObjects: 7.871900 ms  DeleteObjects: 0.056300 ms)

Unloading 15 Unused Serialized files (Serialized files now loaded: 0)
UnloadTime: 0.734600 ms
Loaded scene 'Assets/Scenes/Mundos/MundoEmociones.unity'
	Deserialize:            17.139 ms
	Integration:            193.501 ms
	Integration of assets:  0.188 ms
	Thread Wait Time:       32.292 ms
	Total Operation Time:   243.121 ms
Unloading 52 unused Assets / (281.4 KB). Loaded Objects now: 8022.
Memory consumption went from 231.8 MB to 231.6 MB.
Total: 8.458800 ms (FindLiveObjects: 0.483300 ms CreateObjectMapping: 0.349000 ms MarkObjects: 7.489500 ms  DeleteObjects: 0.136100 ms)

Unloading 13 Unused Serialized files (Serialized files now loaded: 0)
UnloadTime: 0.796500 ms
Loaded scene 'Assets/Scenes/Menu.unity'
	Deserialize:            21.036 ms
	Integration:            196.786 ms
	Integration of assets:  0.259 ms
	Thread Wait Time:       28.529 ms
	Total Operation Time:   246.609 ms
Unloading 52 unused Assets / (193.1 KB). Loaded Objects now: 8223.
Memory consumption went from 234.5 MB to 234.3 MB.
Total: 8.602200 ms (FindLiveObjects: 0.481000 ms CreateObjectMapping: 0.320500 ms MarkObjects: 7.634700 ms  DeleteObjects: 0.165100 ms)

Unloading 4 Unused Serialized files (Serialized files now loaded: 0)
UnloadTime: 0.937000 ms
Loaded scene 'Assets/Scenes/SeleccionMundos.unity'
	Deserialize:            15.136 ms
	Integration:            195.145 ms
	Integration of assets:  0.076 ms
	Thread Wait Time:       17.810 ms
	Total Operation Time:   228.167 ms
Unloading 51 unused Assets / (43.3 KB). Loaded Objects now: 8144.
Memory consumption went from 231.9 MB to 231.9 MB.
Total: 8.995700 ms (FindLiveObjects: 0.516900 ms CreateObjectMapping: 0.361200 ms MarkObjects: 7.983300 ms  DeleteObjects: 0.133300 ms)

Unloading 6 Unused Serialized files (Serialized files now loaded: 0)
UnloadTime: 1.412100 ms
Loaded scene 'Assets/Scenes/MundoMusical.unity'
	Deserialize:            10.315 ms
	Integration:            196.194 ms
	Integration of assets:  0.101 ms
	Thread Wait Time:       22.156 ms
	Total Operation Time:   228.767 ms
Unloading 28 unused Assets / (8.5 KB). Loaded Objects now: 7896.
Memory consumption went from 224.9 MB to 224.9 MB.
Total: 9.271900 ms (FindLiveObjects: 0.458000 ms CreateObjectMapping: 0.320600 ms MarkObjects: 8.403500 ms  DeleteObjects: 0.089100 ms)

Unloading 5 Unused Serialized files (Serialized files now loaded: 0)
UnloadTime: 0.760800 ms
Loaded scene 'Assets/Scenes/MundoCuentos_VozTest.unity'
	Deserialize:            15.021 ms
	Integration:            198.043 ms
	Integration of assets:  0.157 ms
	Thread Wait Time:       17.853 ms
	Total Operation Time:   231.073 ms
Unloading 18 unused Assets / (4.6 KB). Loaded Objects now: 8068.
Memory consumption went from 225.1 MB to 225.1 MB.
Total: 8.693600 ms (FindLiveObjects: 0.466100 ms CreateObjectMapping: 0.327600 ms MarkObjects: 7.828100 ms  DeleteObjects: 0.071000 ms)

Unloading 17 Unused Serialized files (Serialized files now loaded: 0)
UnloadTime: 1.161600 ms
Loaded scene 'Assets/Scenes/MundoTamanos.unity'
	Deserialize:            15.269 ms
	Integration:            196.860 ms
	Integration of assets:  0.242 ms
	Thread Wait Time:       17.285 ms
	Total Operation Time:   229.657 ms
Unloading 22 unused Assets / (2.2 KB). Loaded Objects now: 7843.
Memory consumption went from 229.1 MB to 229.1 MB.
Total: 8.456700 ms (FindLiveObjects: 0.501000 ms CreateObjectMapping: 0.345200 ms MarkObjects: 7.554900 ms  DeleteObjects: 0.054800 ms)

Unloading 15 Unused Serialized files (Serialized files now loaded: 0)
UnloadTime: 0.697700 ms
Loaded scene 'Assets/Scenes/Mundos/MundoEmociones.unity'
	Deserialize:            17.081 ms
	Integration:            193.357 ms
	Integration of assets:  0.181 ms
	Thread Wait Time:       32.307 ms
	Total Operation Time:   242.926 ms
Unloading 52 unused Assets / (280.4 KB). Loaded Objects now: 8022.
Memory consumption went from 231.8 MB to 231.5 MB.
Total: 8.196300 ms (FindLiveObjects: 0.472500 ms CreateObjectMapping: 0.318900 ms MarkObjects: 7.279700 ms  DeleteObjects: 0.124400 ms)

Unloading 13 Unused Serialized files (Serialized files now loaded: 0)
UnloadTime: 0.798700 ms
Loaded scene 'Assets/Scenes/Menu.unity'
	Deserialize:            21.922 ms
	Integration:            191.068 ms
	Integration of assets:  0.187 ms
	Thread Wait Time:       26.893 ms
	Total Operation Time:   240.070 ms
Unloading 52 unused Assets / (193.0 KB). Loaded Objects now: 8223.
Memory consumption went from 234.5 MB to 234.4 MB.
Total: 8.588000 ms (FindLiveObjects: 0.482500 ms CreateObjectMapping: 0.325600 ms MarkObjects: 7.652400 ms  DeleteObjects: 0.126800 ms)

Unloading 4 Unused Serialized files (Serialized files now loaded: 0)
UnloadTime: 0.945400 ms
Loaded scene 'Assets/Scenes/SeleccionMundos.unity'
	Deserialize:            14.513 ms
	Integration:            209.864 ms
	Integration of assets:  0.087 ms
	Thread Wait Time:       20.150 ms
	Total Operation Time:   244.614 ms
Unloading 51 unused Assets / (43.8 KB). Loaded Objects now: 8144.
Memory consumption went from 231.9 MB to 231.9 MB.
Total: 8.499300 ms (FindLiveObjects: 0.457000 ms CreateObjectMapping: 0.391900 ms MarkObjects: 7.522900 ms  DeleteObjects: 0.126400 ms)

Unloading 6 Unused Serialized files (Serialized files now loaded: 0)
UnloadTime: 1.430900 ms
Loaded scene 'Assets/Scenes/MundoMusical.unity'
	Deserialize:            9.942 ms
	Integration:            190.080 ms
	Integration of assets:  0.108 ms
	Thread Wait Time:       30.924 ms
	Total Operation Time:   231.053 ms
Unloading 28 unused Assets / (8.8 KB). Loaded Objects now: 7896.
Memory consumption went from 224.9 MB to 224.9 MB.
Total: 9.710000 ms (FindLiveObjects: 0.454200 ms CreateObjectMapping: 0.313600 ms MarkObjects: 8.855100 ms  DeleteObjects: 0.086100 ms)

Unloading 5 Unused Serialized files (Serialized files now loaded: 0)
UnloadTime: 0.963800 ms
Loaded scene 'Assets/Scenes/MundoCuentos_VozTest.unity'
	Deserialize:            14.956 ms
	Integration:            195.391 ms
	Integration of assets:  0.145 ms
	Thread Wait Time:       24.756 ms
	Total Operation Time:   235.247 ms
Unloading 18 unused Assets / (14.3 KB). Loaded Objects now: 8068.
Memory consumption went from 225.2 MB to 225.1 MB.
Total: 8.202000 ms (FindLiveObjects: 0.469200 ms CreateObjectMapping: 0.318300 ms MarkObjects: 7.345400 ms  DeleteObjects: 0.068200 ms)

Unloading 17 Unused Serialized files (Serialized files now loaded: 0)
UnloadTime: 1.107000 ms
Loaded scene 'Assets/Scenes/MundoTamanos.unity'
	Deserialize:            14.064 ms
	Integration:            209.842 ms
	Integration of assets:  0.324 ms
	Thread Wait Time:       26.696 ms
	Total Operation Time:   250.926 ms
Unloading 22 unused Assets / (3.2 KB). Loaded Objects now: 7843.
Memory consumption went from 229.1 MB to 229.1 MB.
Total: 8.281700 ms (FindLiveObjects: 0.453000 ms CreateObjectMapping: 0.336400 ms MarkObjects: 7.366900 ms  DeleteObjects: 0.124200 ms)

Unloading 15 Unused Serialized files (Serialized files now loaded: 0)
UnloadTime: 0.739900 ms
Loaded scene 'Assets/Scenes/Mundos/MundoEmociones.unity'
	Deserialize:            17.137 ms
	Integration:            191.503 ms
	Integration of assets:  0.174 ms
	Thread Wait Time:       23.656 ms
	Total Operation Time:   232.470 ms
Unloading 52 unused Assets / (24.7 KB). Loaded Objects now: 8022.
Memory consumption went from 231.8 MB to 231.8 MB.
Total: 8.845300 ms (FindLiveObjects: 0.473800 ms CreateObjectMapping: 0.324900 ms MarkObjects: 7.917600 ms  DeleteObjects: 0.128300 ms)

Unloading 2 Unused Serialized files (Serialized files now loaded: 0)
UnloadTime: 0.790300 ms
Loaded scene 'Assets/Scenes/MundoCuentos_VozTest.unity'
	Deserialize:            14.084 ms
	Integration:            193.559 ms
	Integration of assets:  0.036 ms
	Thread Wait Time:       18.238 ms
	Total Operation Time:   225.917 ms
Unloading 48 unused Assets / (190.9 KB). Loaded Objects now: 8068.
Memory consumption went from 227.9 MB to 227.7 MB.
Total: 8.602800 ms (FindLiveObjects: 0.684300 ms CreateObjectMapping: 0.430400 ms MarkObjects: 7.368600 ms  DeleteObjects: 0.118900 ms)

Unloading 13 Unused Serialized files (Serialized files now loaded: 0)
UnloadTime: 1.107200 ms
Loaded scene 'Assets/Scenes/Menu.unity'
	Deserialize:            21.381 ms
	Integration:            195.243 ms
	Integration of assets:  0.188 ms
	Thread Wait Time:       27.576 ms
	Total Operation Time:   244.388 ms
Unloading 26 unused Assets / (13.8 KB). Loaded Objects now: 8223.
Memory consumption went from 231.8 MB to 231.8 MB.
Total: 9.049000 ms (FindLiveObjects: 0.494100 ms CreateObjectMapping: 0.805200 ms MarkObjects: 7.669200 ms  DeleteObjects: 0.079100 ms)

Unloading 4 Unused Serialized files (Serialized files now loaded: 0)
UnloadTime: 0.996200 ms
Loaded scene 'Assets/Scenes/SeleccionMundos.unity'
	Deserialize:            16.268 ms
	Integration:            196.262 ms
	Integration of assets:  0.088 ms
	Thread Wait Time:       22.110 ms
	Total Operation Time:   234.727 ms
Unloading 51 unused Assets / (43.8 KB). Loaded Objects now: 8144.
Memory consumption went from 231.9 MB to 231.9 MB.
Total: 8.556200 ms (FindLiveObjects: 0.472600 ms CreateObjectMapping: 0.322700 ms MarkObjects: 7.630800 ms  DeleteObjects: 0.129200 ms)

Unloading 13 Unused Serialized files (Serialized files now loaded: 0)
UnloadTime: 1.434100 ms
Loaded scene 'Assets/Scenes/Menu.unity'
	Deserialize:            22.103 ms
	Integration:            190.386 ms
	Integration of assets:  0.175 ms
	Thread Wait Time:       18.374 ms
	Total Operation Time:   231.038 ms
Unloading 26 unused Assets / (4.1 KB). Loaded Objects now: 8223.
Memory consumption went from 231.8 MB to 231.8 MB.
Total: 8.445600 ms (FindLiveObjects: 0.644500 ms CreateObjectMapping: 0.423400 ms MarkObjects: 7.298200 ms  DeleteObjects: 0.078200 ms)

StoryProgressRepository: cuento tres_cerditos guardado. Puntaje 90, estrellas 3, mejores 90/3.
UnityEngine.Debug:ExtractStackTraceNoAlloc (byte*,int,string)
UnityEngine.StackTraceUtility:ExtractStackTrace ()
UnityEngine.DebugLogHandler:Internal_Log (UnityEngine.LogType,UnityEngine.LogOption,string,UnityEngine.Object)
UnityEngine.DebugLogHandler:LogFormat (UnityEngine.LogType,UnityEngine.Object,string,object[])
UnityEngine.Logger:Log (UnityEngine.LogType,object)
UnityEngine.Debug:Log (object)
Bolin.StoryProgressRepository:SaveStoryResult (string,int,int,bool) (at Assets/Mundo Aprendo/Scripts/MundoCuentos/Scripts/StoryProgressRepository.cs:51)
System.Reflection.RuntimeMethodInfo:Invoke (object,System.Reflection.BindingFlags,System.Reflection.Binder,object[],System.Globalization.CultureInfo)
System.Reflection.MethodBase:Invoke (object,object[])
MundoAprendo.PlayModeTests.ProjectPlayModeSmokeTests/<StoryProgress_UsesStableStoryIdsAndRequiresTwoDifferentStories>d__3:MoveNext () (at Assets/Tests/PlayMode/ProjectPlayModeSmokeTests.cs:122)
UnityEngine.TestTools.TestEnumerator/<Execute>d__7:MoveNext () (at ./Library/PackageCache/com.unity.test-framework@629486125cfc/UnityEngine.TestRunner/NUnitExtensions/Attributes/TestEnumerator.cs:44)
UnityEngine.TestTools.EnumerableTestMethodCommand/<ExecuteEnumerableAndRecordExceptions>d__4:MoveNext () (at ./Library/PackageCache/com.unity.test-framework@629486125cfc/UnityEngine.TestRunner/NUnitExtensions/Commands/EnumerableTestMethodCommand.cs:79)
UnityEngine.TestTools.EnumerableTestMethodCommand:AdvanceEnumerator (System.Collections.IEnumerator) (at ./Library/PackageCache/com.unity.test-framework@629486125cfc/UnityEngine.TestRunner/NUnitExtensions/Commands/EnumerableTestMethodCommand.cs:64)
UnityEngine.TestTools.EnumerableTestMethodCommand/<ExecuteEnumerable>d__2:MoveNext () (at ./Library/PackageCache/com.unity.test-framework@629486125cfc/UnityEngine.TestRunner/NUnitExtensions/Commands/EnumerableTestMethodCommand.cs:47)
UnityEngine.TestRunner.NUnitExtensions.Runner.UnityLogCheckDelegatingCommand/<ExecuteEnumerable>d__3:MoveNext () (at ./Library/PackageCache/com.unity.test-framework@629486125cfc/UnityEngine.TestRunner/NUnitExtensions/Runner/UnityLogCheckDelegatingCommand.cs:48)
UnityEngine.TestTools.BeforeAfterTestCommandBase`1/<ExecuteEnumerable>d__16<NUnit.Framework.ITestAction>:MoveNext () (at ./Library/PackageCache/com.unity.test-framework@629486125cfc/UnityEngine.TestRunner/NUnitExtensions/Commands/BeforeAfterTestCommandBase.cs:212)
UnityEngine.TestTools.BeforeAfterTestCommandBase`1/<ExecuteEnumerable>d__16<System.Reflection.MethodInfo>:MoveNext () (at ./Library/PackageCache/com.unity.test-framework@629486125cfc/UnityEngine.TestRunner/NUnitExtensions/Commands/BeforeAfterTestCommandBase.cs:212)
UnityEngine.TestTools.BeforeAfterTestCommandBase`1/<ExecuteEnumerable>d__16<System.Reflection.MethodInfo>:MoveNext () (at ./Library/PackageCache/com.unity.test-framework@629486125cfc/UnityEngine.TestRunner/NUnitExtensions/Commands/BeforeAfterTestCommandBase.cs:212)
UnityEngine.TestTools.BeforeAfterTestCommandBase`1/<ExecuteEnumerable>d__16<UnityEngine.TestTools.IOuterUnityTestAction>:MoveNext () (at ./Library/PackageCache/com.unity.test-framework@629486125cfc/UnityEngine.TestRunner/NUnitExtensions/Commands/BeforeAfterTestCommandBase.cs:212)
UnityEngine.TestTools.RetryCommand/<ExecuteEnumerable>d__2:MoveNext () (at ./Library/PackageCache/com.unity.test-framework@629486125cfc/UnityEngine.TestRunner/NUnitExtensions/Commands/RetryCommand.cs:37)
UnityEngine.TestTools.RepeatCommand/<ExecuteEnumerable>d__2:MoveNext () (at ./Library/PackageCache/com.unity.test-framework@629486125cfc/UnityEngine.TestRunner/NUnitExtensions/Commands/RepeatCommand.cs:36)
UnityEngine.TestTools.IgnoreTestCommand/<ExecuteEnumerable>d__3:MoveNext () (at ./Library/PackageCache/com.unity.test-framework@629486125cfc/UnityEngine.TestRunner/NUnitExtensions/Commands/IgnoreTestCommand.cs:42)
UnityEngine.TestTools.StrictCheckCommand/<ExecuteEnumerable>d__2:MoveNext () (at ./Library/PackageCache/com.unity.test-framework@629486125cfc/UnityEngine.TestRunner/NUnitExtensions/Commands/StrictCheckCommand.cs:29)
UnityEngine.TestTools.Utils.CoroutineRunner/<WrapEnumeratorForChecks>d__8:MoveNext () (at ./Library/PackageCache/com.unity.test-framework@629486125cfc/UnityEngine.TestRunner/Utils/CoroutineRunner.cs:58)
UnityEngine.SetupCoroutine:InvokeMoveNext (System.Collections.IEnumerator,intptr)

(Filename: Assets/Mundo Aprendo/Scripts/MundoCuentos/Scripts/StoryProgressRepository.cs Line: 51)

StoryProgressRepository: cuento tres_cerditos guardado. Puntaje 50, estrellas 1, mejores 90/3.
UnityEngine.Debug:ExtractStackTraceNoAlloc (byte*,int,string)
UnityEngine.StackTraceUtility:ExtractStackTrace ()
UnityEngine.DebugLogHandler:Internal_Log (UnityEngine.LogType,UnityEngine.LogOption,string,UnityEngine.Object)
UnityEngine.DebugLogHandler:LogFormat (UnityEngine.LogType,UnityEngine.Object,string,object[])
UnityEngine.Logger:Log (UnityEngine.LogType,object)
UnityEngine.Debug:Log (object)
Bolin.StoryProgressRepository:SaveStoryResult (string,int,int,bool) (at Assets/Mundo Aprendo/Scripts/MundoCuentos/Scripts/StoryProgressRepository.cs:51)
System.Reflection.RuntimeMethodInfo:Invoke (object,System.Reflection.BindingFlags,System.Reflection.Binder,object[],System.Globalization.CultureInfo)
System.Reflection.MethodBase:Invoke (object,object[])
MundoAprendo.PlayModeTests.ProjectPlayModeSmokeTests/<StoryProgress_UsesStableStoryIdsAndRequiresTwoDifferentStories>d__3:MoveNext () (at Assets/Tests/PlayMode/ProjectPlayModeSmokeTests.cs:123)
UnityEngine.TestTools.TestEnumerator/<Execute>d__7:MoveNext () (at ./Library/PackageCache/com.unity.test-framework@629486125cfc/UnityEngine.TestRunner/NUnitExtensions/Attributes/TestEnumerator.cs:44)
UnityEngine.TestTools.EnumerableTestMethodCommand/<ExecuteEnumerableAndRecordExceptions>d__4:MoveNext () (at ./Library/PackageCache/com.unity.test-framework@629486125cfc/UnityEngine.TestRunner/NUnitExtensions/Commands/EnumerableTestMethodCommand.cs:79)
UnityEngine.TestTools.EnumerableTestMethodCommand:AdvanceEnumerator (System.Collections.IEnumerator) (at ./Library/PackageCache/com.unity.test-framework@629486125cfc/UnityEngine.TestRunner/NUnitExtensions/Commands/EnumerableTestMethodCommand.cs:64)
UnityEngine.TestTools.EnumerableTestMethodCommand/<ExecuteEnumerable>d__2:MoveNext () (at ./Library/PackageCache/com.unity.test-framework@629486125cfc/UnityEngine.TestRunner/NUnitExtensions/Commands/EnumerableTestMethodCommand.cs:47)
UnityEngine.TestRunner.NUnitExtensions.Runner.UnityLogCheckDelegatingCommand/<ExecuteEnumerable>d__3:MoveNext () (at ./Library/PackageCache/com.unity.test-framework@629486125cfc/UnityEngine.TestRunner/NUnitExtensions/Runner/UnityLogCheckDelegatingCommand.cs:48)
UnityEngine.TestTools.BeforeAfterTestCommandBase`1/<ExecuteEnumerable>d__16<NUnit.Framework.ITestAction>:MoveNext () (at ./Library/PackageCache/com.unity.test-framework@629486125cfc/UnityEngine.TestRunner/NUnitExtensions/Commands/BeforeAfterTestCommandBase.cs:212)
UnityEngine.TestTools.BeforeAfterTestCommandBase`1/<ExecuteEnumerable>d__16<System.Reflection.MethodInfo>:MoveNext () (at ./Library/PackageCache/com.unity.test-framework@629486125cfc/UnityEngine.TestRunner/NUnitExtensions/Commands/BeforeAfterTestCommandBase.cs:212)
UnityEngine.TestTools.BeforeAfterTestCommandBase`1/<ExecuteEnumerable>d__16<System.Reflection.MethodInfo>:MoveNext () (at ./Library/PackageCache/com.unity.test-framework@629486125cfc/UnityEngine.TestRunner/NUnitExtensions/Commands/BeforeAfterTestCommandBase.cs:212)
UnityEngine.TestTools.BeforeAfterTestCommandBase`1/<ExecuteEnumerable>d__16<UnityEngine.TestTools.IOuterUnityTestAction>:MoveNext () (at ./Library/PackageCache/com.unity.test-framework@629486125cfc/UnityEngine.TestRunner/NUnitExtensions/Commands/BeforeAfterTestCommandBase.cs:212)
UnityEngine.TestTools.RetryCommand/<ExecuteEnumerable>d__2:MoveNext () (at ./Library/PackageCache/com.unity.test-framework@629486125cfc/UnityEngine.TestRunner/NUnitExtensions/Commands/RetryCommand.cs:37)
UnityEngine.TestTools.RepeatCommand/<ExecuteEnumerable>d__2:MoveNext () (at ./Library/PackageCache/com.unity.test-framework@629486125cfc/UnityEngine.TestRunner/NUnitExtensions/Commands/RepeatCommand.cs:36)
UnityEngine.TestTools.IgnoreTestCommand/<ExecuteEnumerable>d__3:MoveNext () (at ./Library/PackageCache/com.unity.test-framework@629486125cfc/UnityEngine.TestRunner/NUnitExtensions/Commands/IgnoreTestCommand.cs:42)
UnityEngine.TestTools.StrictCheckCommand/<ExecuteEnumerable>d__2:MoveNext () (at ./Library/PackageCache/com.unity.test-framework@629486125cfc/UnityEngine.TestRunner/NUnitExtensions/Commands/StrictCheckCommand.cs:29)
UnityEngine.TestTools.Utils.CoroutineRunner/<WrapEnumeratorForChecks>d__8:MoveNext () (at ./Library/PackageCache/com.unity.test-framework@629486125cfc/UnityEngine.TestRunner/Utils/CoroutineRunner.cs:58)
UnityEngine.SetupCoroutine:InvokeMoveNext (System.Collections.IEnumerator,intptr)

(Filename: Assets/Mundo Aprendo/Scripts/MundoCuentos/Scripts/StoryProgressRepository.cs Line: 51)

StoryProgressRepository: cuento luna_coneja guardado. Puntaje 80, estrellas 2, mejores 80/2.
UnityEngine.Debug:ExtractStackTraceNoAlloc (byte*,int,string)
UnityEngine.StackTraceUtility:ExtractStackTrace ()
UnityEngine.DebugLogHandler:Internal_Log (UnityEngine.LogType,UnityEngine.LogOption,string,UnityEngine.Object)
UnityEngine.DebugLogHandler:LogFormat (UnityEngine.LogType,UnityEngine.Object,string,object[])
UnityEngine.Logger:Log (UnityEngine.LogType,object)
UnityEngine.Debug:Log (object)
Bolin.StoryProgressRepository:SaveStoryResult (string,int,int,bool) (at Assets/Mundo Aprendo/Scripts/MundoCuentos/Scripts/StoryProgressRepository.cs:51)
System.Reflection.RuntimeMethodInfo:Invoke (object,System.Reflection.BindingFlags,System.Reflection.Binder,object[],System.Globalization.CultureInfo)
System.Reflection.MethodBase:Invoke (object,object[])
MundoAprendo.PlayModeTests.ProjectPlayModeSmokeTests/<StoryProgress_UsesStableStoryIdsAndRequiresTwoDifferentStories>d__3:MoveNext () (at Assets/Tests/PlayMode/ProjectPlayModeSmokeTests.cs:129)
UnityEngine.TestTools.TestEnumerator/<Execute>d__7:MoveNext () (at ./Library/PackageCache/com.unity.test-framework@629486125cfc/UnityEngine.TestRunner/NUnitExtensions/Attributes/TestEnumerator.cs:44)
UnityEngine.TestTools.EnumerableTestMethodCommand/<ExecuteEnumerableAndRecordExceptions>d__4:MoveNext () (at ./Library/PackageCache/com.unity.test-framework@629486125cfc/UnityEngine.TestRunner/NUnitExtensions/Commands/EnumerableTestMethodCommand.cs:79)
UnityEngine.TestTools.EnumerableTestMethodCommand:AdvanceEnumerator (System.Collections.IEnumerator) (at ./Library/PackageCache/com.unity.test-framework@629486125cfc/UnityEngine.TestRunner/NUnitExtensions/Commands/EnumerableTestMethodCommand.cs:64)
UnityEngine.TestTools.EnumerableTestMethodCommand/<ExecuteEnumerable>d__2:MoveNext () (at ./Library/PackageCache/com.unity.test-framework@629486125cfc/UnityEngine.TestRunner/NUnitExtensions/Commands/EnumerableTestMethodCommand.cs:47)
UnityEngine.TestRunner.NUnitExtensions.Runner.UnityLogCheckDelegatingCommand/<ExecuteEnumerable>d__3:MoveNext () (at ./Library/PackageCache/com.unity.test-framework@629486125cfc/UnityEngine.TestRunner/NUnitExtensions/Runner/UnityLogCheckDelegatingCommand.cs:48)
UnityEngine.TestTools.BeforeAfterTestCommandBase`1/<ExecuteEnumerable>d__16<NUnit.Framework.ITestAction>:MoveNext () (at ./Library/PackageCache/com.unity.test-framework@629486125cfc/UnityEngine.TestRunner/NUnitExtensions/Commands/BeforeAfterTestCommandBase.cs:212)
UnityEngine.TestTools.BeforeAfterTestCommandBase`1/<ExecuteEnumerable>d__16<System.Reflection.MethodInfo>:MoveNext () (at ./Library/PackageCache/com.unity.test-framework@629486125cfc/UnityEngine.TestRunner/NUnitExtensions/Commands/BeforeAfterTestCommandBase.cs:212)
UnityEngine.TestTools.BeforeAfterTestCommandBase`1/<ExecuteEnumerable>d__16<System.Reflection.MethodInfo>:MoveNext () (at ./Library/PackageCache/com.unity.test-framework@629486125cfc/UnityEngine.TestRunner/NUnitExtensions/Commands/BeforeAfterTestCommandBase.cs:212)
UnityEngine.TestTools.BeforeAfterTestCommandBase`1/<ExecuteEnumerable>d__16<UnityEngine.TestTools.IOuterUnityTestAction>:MoveNext () (at ./Library/PackageCache/com.unity.test-framework@629486125cfc/UnityEngine.TestRunner/NUnitExtensions/Commands/BeforeAfterTestCommandBase.cs:212)
UnityEngine.TestTools.RetryCommand/<ExecuteEnumerable>d__2:MoveNext () (at ./Library/PackageCache/com.unity.test-framework@629486125cfc/UnityEngine.TestRunner/NUnitExtensions/Commands/RetryCommand.cs:37)
UnityEngine.TestTools.RepeatCommand/<ExecuteEnumerable>d__2:MoveNext () (at ./Library/PackageCache/com.unity.test-framework@629486125cfc/UnityEngine.TestRunner/NUnitExtensions/Commands/RepeatCommand.cs:36)
UnityEngine.TestTools.IgnoreTestCommand/<ExecuteEnumerable>d__3:MoveNext () (at ./Library/PackageCache/com.unity.test-framework@629486125cfc/UnityEngine.TestRunner/NUnitExtensions/Commands/IgnoreTestCommand.cs:42)
UnityEngine.TestTools.StrictCheckCommand/<ExecuteEnumerable>d__2:MoveNext () (at ./Library/PackageCache/com.unity.test-framework@629486125cfc/UnityEngine.TestRunner/NUnitExtensions/Commands/StrictCheckCommand.cs:29)
UnityEngine.TestTools.Utils.CoroutineRunner/<WrapEnumeratorForChecks>d__8:MoveNext () (at ./Library/PackageCache/com.unity.test-framework@629486125cfc/UnityEngine.TestRunner/Utils/CoroutineRunner.cs:58)
UnityEngine.SetupCoroutine:InvokeMoveNext (System.Collections.IEnumerator,intptr)

(Filename: Assets/Mundo Aprendo/Scripts/MundoCuentos/Scripts/StoryProgressRepository.cs Line: 51)

Saving results to: C:/Users/Boloxdhd/AppData/LocalLow/DefaultCompany/Mundo aprendo tesis\TestResults.xml
Unloading 1 Unused Serialized files (Serialized files now loaded: 0)
Loaded scene 'Temp/__Backupscenes/0.backup'
	Deserialize:            0.419 ms
	Integration:            198.760 ms
	Integration of assets:  0.001 ms
	Thread Wait Time:       0.007 ms
	Total Operation Time:   199.187 ms
Unloading 41 unused Assets / (30.4 MB). Loaded Objects now: 7555.
Memory consumption went from 231.4 MB to 201.1 MB.
Total: 10.615300 ms (FindLiveObjects: 0.454200 ms CreateObjectMapping: 0.341600 ms MarkObjects: 7.686100 ms  DeleteObjects: 2.132600 ms)

Executing IPostBuildCleanup for: Unity.PerformanceTesting.Editor.TestRunBuilder.
UnityEngine.Debug:ExtractStackTraceNoAlloc (byte*,int,string)
UnityEngine.StackTraceUtility:ExtractStackTrace ()
UnityEngine.DebugLogHandler:Internal_Log (UnityEngine.LogType,UnityEngine.LogOption,string,UnityEngine.Object)
UnityEngine.DebugLogHandler:LogFormat (UnityEngine.LogType,UnityEngine.Object,string,object[])
UnityEngine.Logger:Log (UnityEngine.LogType,object)
UnityEngine.Debug:Log (object)
UnityEditor.TestTools.TestRunner.TestRun.Tasks.BuildActionTaskBase`1/<ExecuteMethods>d__8<UnityEngine.TestTools.IPostBuildCleanup>:MoveNext () (at ./Library/PackageCache/com.unity.test-framework@629486125cfc/UnityEditor.TestRunner/TestRun/Tasks/BuildActionTaskBase.cs:48)
UnityEditor.TestTools.TestRunner.TestRun.Tasks.BuildActionTaskBase`1/<Execute>d__7<UnityEngine.TestTools.IPostBuildCleanup>:MoveNext () (at ./Library/PackageCache/com.unity.test-framework@629486125cfc/UnityEditor.TestRunner/TestRun/Tasks/BuildActionTaskBase.cs:34)
UnityEditor.TestTools.TestRunner.TestRun.TestJobRunner:ExecuteStep () (at ./Library/PackageCache/com.unity.test-framework@629486125cfc/UnityEditor.TestRunner/TestRun/TestJobRunner.cs:173)
UnityEditor.TestTools.TestRunner.TestRun.TestJobRunner:ExecuteCallback () (at ./Library/PackageCache/com.unity.test-framework@629486125cfc/UnityEditor.TestRunner/TestRun/TestJobRunner.cs:108)
UnityEditor.EditorApplication:Internal_CallUpdateFunctions ()

(Filename: ./Library/PackageCache/com.unity.test-framework@629486125cfc/UnityEditor.TestRunner/TestRun/Tasks/BuildActionTaskBase.cs Line: 48)

Asset Pipeline Refresh (id=88784cdb9a64d6346aa706a74eeb595c): Total: 0.019 seconds - Initiated by RefreshV2(NoUpdateAssetOptions)
Unloading 0 Unused Serialized files (Serialized files now loaded: 0)
Unloading 0 unused Assets / (0 B). Loaded Objects now: 7560.
Memory consumption went from 194.5 MB to 194.5 MB.
Total: 8.272900 ms (FindLiveObjects: 0.270400 ms CreateObjectMapping: 0.165200 ms MarkObjects: 7.821000 ms  DeleteObjects: 0.015500 ms)

Asset Pipeline Refresh (id=002efafa5cb971a4ca666fb338cd7a89): Total: 0.077 seconds - Initiated by StopAssetImportingV2(NoUpdateAssetOptions)
DisplayProgressbar: Undo
TrimDiskCacheJob: Current cache size 0mb
