[Licensing::Module] Trying to connect to existing licensing client channel...
[Licensing::IpcConnector] Successfully connected to: "LicenseClient-Boloxdhd" at "2026-06-25T00:36:28.8525567Z"
Built from '6000.4/staging' branch; Version is '6000.4.0f1 (8cf496087c8f) revision 9237654'; Using compiler version '194234433'; Build Type 'Release'
OS: 'Windows 10  (10.0.19045) 64bit Professional' Language: 'es' Physical Memory: 32690 MB
BatchMode: 1, IsHumanControllingUs: 0, StartBugReporterOnCrash: 0, Is64bit: 1
System  architecture: x64
Process architecture: x64
Date: 2026-06-25T00:36:28Z

COMMAND LINE ARGUMENTS:
C:\Program Files\Unity\Hub\Editor\6000.4.0f1\Editor\Unity.exe
-batchmode
-nographics
-quit
-projectPath
F:\PUN\Mundo aprendo tesis
-executeMethod
Bolin.Editor.MundoCuentosExpansionSetup.Apply
-logFile
F:\PUN\Mundo aprendo tesis\Logs\MundoCuentosExpansionSetup5.log
Successfully changed project path to: F:\PUN\Mundo aprendo tesis
F:/PUN/Mundo aprendo tesis
[UnityMemory] Configuration Parameters - Can be set up in boot.config
    "memorysetup-temp-allocator-size-gi-baking-worker=262144"
    "memorysetup-temp-allocator-size-gi-baking-worker=262144"
    "memorysetup-temp-allocator-size-gi-baking-worker=262144"
    "memorysetup-temp-allocator-size-gi-baking-worker=262144"
    "memorysetup-temp-allocator-size-gi-baking-worker=262144"
    "memorysetup-temp-allocator-size-nav-mesh-worker=65536"
    "memorysetup-temp-allocator-size-audio-worker=65536"
    "memorysetup-temp-allocator-size-cloud-worker=32768"
    "memorysetup-temp-allocator-size-gfx=262144"
    "memorysetup-temp-allocator-size-preload-manager=33554432"
    "memorysetup-temp-allocator-size-job-worker=262144"
    "memorysetup-temp-allocator-size-background-worker=32768"
    "memorysetup-allocator-temp-initial-block-size-main=262144"
    "memorysetup-allocator-temp-initial-block-size-worker=262144"
    "memorysetup-bucket-allocator-granularity=16"
    "memorysetup-bucket-allocator-bucket-count=8"
    "memorysetup-bucket-allocator-block-size=33554432"
    "memorysetup-bucket-allocator-block-count=8"
    "memorysetup-main-allocator-block-size=16777216"
    "memorysetup-thread-allocator-block-size=16777216"
    "memorysetup-gfx-main-allocator-block-size=16777216"
    "memorysetup-gfx-thread-allocator-block-size=16777216"
    "memorysetup-cache-allocator-block-size=4194304"
    "memorysetup-typetree-allocator-block-size=2097152"
    "memorysetup-profiler-bucket-allocator-granularity=16"
    "memorysetup-profiler-bucket-allocator-bucket-count=8"
    "memorysetup-profiler-bucket-allocator-block-size=33554432"
    "memorysetup-profiler-bucket-allocator-block-count=8"
    "memorysetup-profiler-allocator-block-size=16777216"
    "memorysetup-profiler-editor-allocator-block-size=1048576"
    "memorysetup-temp-allocator-size-main=16777216"
    "memorysetup-job-temp-allocator-block-size=2097152"
    "memorysetup-job-temp-allocator-block-size-background=1048576"
    "memorysetup-job-temp-allocator-reduction-small-platforms=262144"
Player connection [19680]  Target information:

Player connection [19680]  * "[IP] 192.168.1.23 [Port] 55504 [Flags] 2 [Guid] 4081143665 [EditorId] 4081143665 [Version] 1048832 [Id] WindowsEditor(7,DESKTOP-NF6H5UD) [Debug] 1 [PackageName] WindowsEditor [ProjectName] Editor" 

Player connection [19680] Host joined multi-casting on [225.0.0.222:54997]...
Player connection [19680] Host joined alternative multi-casting on [225.0.0.222:34997]...
Input System module state changed to: Initialized.
[Physics::Module] Initialized fallback backend.
[Physics::Module] Id: 0xdecafbad
[Package Manager] Connected to IPC stream "Upm-19732" after 0.3 seconds.
[Licensing::Module] Licensing is not yet initialized.
[Licensing::Client] Error: HandshakeResponse reported an error:
	ResponseCode: 505
	ResponseStatus: Unsupported protocol version '1.18.1'.
[Licensing::Module] Error: Failed to handshake to channel: "LicenseClient-Boloxdhd"
[Licensing::IpcConnector] LicenseClient-Boloxdhd channel disconnected successfully.
[Licensing::IpcConnector] Channel LicenseClient-Boloxdhd-6000.4.0 doesn't exist
[Licensing::Module] Successfully launched the LicensingClient (PId: 11540)
[Licensing::IpcConnector] Successfully connected to: "LicenseClient-Boloxdhd-6000.4.0" at "2026-06-25T00:36:30.1303123Z"
[Licensing::Client] Handshaking with LicensingClient:
  Version:                 1.18.1+9fbee8e
  Session Id:              3ffec2d56412422287a5ea730fdfd1a6
  Correlation Id:          43944e3e0fc236cc1e3cf7169b186347
  External correlation Id: 2479865748896168934
  Machine Id:              CFi18PVxujarsjnwWQVdFlBCSK4=
[Licensing::Module] Successfully connected to LicensingClient on channel: "LicenseClient-Boloxdhd-6000.4.0" (connect: 0.25s, validation: 0.04s, handshake: 0.99s)
[Licensing::IpcConnector] Successfully connected to: "LicenseClient-Boloxdhd-6000.4.0-notifications" at "2026-06-25T00:36:31.1583537Z"
[Licensing::Module] Connected to LicensingClient (PId: 11540, launch time: 0.00, total connection time: 1.27s)
[Licensing::Module] Error: Access token is unavailable; failed to update
[Licensing::Client] Successfully resolved entitlement details
[Licensing::Module] License group:
  Id: F4-FQE5-U6TU-H7W3-QSAD-XXXX
  Product: Unity Personal
  Type: ULF
  Expiration: Unlimited
[Licensing::Module] License group:
  Id: 4673397952068-UnityPersXXXX
  Product: Unity Personal
  Type: Assigned
  Expiration: Unlimited
[Licensing::Client] Successfully updated license, isAsync: True, time: 0.01
[Licensing::Client] Successfully resolved entitlement details
[Licensing::Module] License group:
  Id: F4-FQE5-U6TU-H7W3-QSAD-XXXX
  Product: Unity Personal
  Type: ULF
  Expiration: Unlimited
[Licensing::Module] License group:
  Id: 4673397952068-UnityPersXXXX
  Product: Unity Personal
  Type: Assigned
  Expiration: Unlimited
[Licensing::Module] Licensing Background thread has ended after 2.33s
[Licensing::Module] Licensing is initialized (took 1.90s).
[Licensing::Client] Successfully resolved entitlement details
[Licensing::Module] License group:
  Id: F4-FQE5-U6TU-H7W3-QSAD-XXXX
  Product: Unity Personal
  Type: ULF
  Expiration: Unlimited
[Licensing::Module] License group:
  Id: 4673397952068-UnityPersXXXX
  Product: Unity Personal
  Type: Assigned
  Expiration: Unlimited
Library Redirect Path: Library/
[Physics::Module] Selected backend.
[Physics::Module] Name: PhysX
[Physics::Module] Id: 0xf2b8ea05
[Physics::Module] SDK Version: 4.1.2
[Physics::Module] Integration Version: 1.0.0
[Physics::Module] Threading Mode: Multi-Threaded
Initialize engine version: 6000.4.0f1 (8cf496087c8f)
[Subsystems] Discovering subsystems at path C:/Program Files/Unity/Hub/Editor/6000.4.0f1/Editor/Data/Resources/UnitySubsystems
[Subsystems] Discovering subsystems at path F:/PUN/Mundo aprendo tesis/Assets
Forcing GfxDevice: Null
GfxDevice: creating device client; kGfxThreadingModeNonThreaded
NullGfxDevice:
    Version:  NULL 1.0 [1.0]
    Renderer: Null Device
    Vendor:   Unity Technologies
Shader Hidden/ChartRasterizerHardware is not supported: GPU does not support conservative rasterization
Initialize mono
Mono path[0] = 'C:/Program Files/Unity/Hub/Editor/6000.4.0f1/Editor/Data/Managed'
Mono path[1] = 'C:/Program Files/Unity/Hub/Editor/6000.4.0f1/Editor/Data/MonoBleedingEdge/lib/mono/unityjit-win32'
Mono config path = 'C:/Program Files/Unity/Hub/Editor/6000.4.0f1/Editor/Data/MonoBleedingEdge/etc'
Using monoOptions --debugger-agent=transport=dt_socket,embedding=1,server=y,suspend=n,address=127.0.0.1:56732
CodeReloadManager initialized
Using cacheserver namespaces - metadata:defaultmetadata, artifacts:defaultartifacts
Using cacheserver namespaces - metadata:defaultmetadata, artifacts:defaultartifacts
ImportWorker Server TCP listen port: 0
AcceleratorClientConnectionCallback - disconnected - :0
Begin MonoManager ReloadAssembly
Registering precompiled unity dll's ...
Register platform support module: C:/Program Files/Unity/Hub/Editor/6000.4.0f1/Editor/Data/PlaybackEngines/WindowsStandaloneSupport/UnityEditor.WindowsStandalone.Extensions.dll
[Licensing::Client] Successfully resolved entitlement details
[Licensing::Module] License group:
  Id: F4-FQE5-U6TU-H7W3-QSAD-XXXX
  Product: Unity Personal
  Type: ULF
  Expiration: Unlimited
[Licensing::Module] License group:
  Id: 4673397952068-UnityPersXXXX
  Product: Unity Personal
  Type: Assigned
  Expiration: Unlimited
Register platform support module: C:/Program Files/Unity/Hub/Editor/6000.4.0f1/Editor/Data/PlaybackEngines/AndroidPlayer/UnityEditor.Android.Extensions.dll
Registered in 0.004330 seconds.
Native extension for Android target not found
Android Extension - Scanning For ADB Devices 2146 ms
Native extension for WindowsStandalone target not found
Package Manager log level set to [2]
ScheduleIndexationOnStartup MainProcess:False IndexOnStartup:True
Mono: successfully reloaded assembly
- Finished resetting the current domain, in  2.576 seconds
Domain Reload Profiling: 3053ms
	BeginReloadAssembly (138ms)
		CreateAndSetChildDomain (15ms)
	RebuildCommonClasses (38ms)
	RebuildNativeTypeToScriptingClass (14ms)
	initialDomainReloadingComplete (65ms)
	LoadAllAssembliesAndSetupDomain (221ms)
		LoadAssemblies (120ms)
		AnalyzeDomain (212ms)
			TypeCache.Refresh (211ms)
				TypeCache.ScanAssembly (195ms)
	FinalizeReload (2576ms)
		SetupLoadedEditorAssemblies (0ms)
			InitializePlatformSupportModulesInManaged (2233ms)
			BeforeProcessingInitializeOnLoad (90ms)
			ProcessInitializeOnLoadAttributes (107ms)
			ProcessInitializeOnLoadMethodAttributes (77ms)
[Licensing::Client] Successfully resolved entitlement details
[Licensing::Module] License group:
  Id: F4-FQE5-U6TU-H7W3-QSAD-XXXX
  Product: Unity Personal
  Type: ULF
  Expiration: Unlimited
[Licensing::Module] License group:
  Id: 4673397952068-UnityPersXXXX
  Product: Unity Personal
  Type: Assigned
  Expiration: Unlimited
Application.AssetDatabase Initial Refresh Start
[Package Manager] Restoring resolved packages state from cache
[Licensing::Client] Successfully resolved entitlement details
[Package Manager] Registered 57 packages:
  Packages from [https://packages.unity.com]:
    com.unity.ai.navigation@2.0.12 (location: F:\PUN\Mundo aprendo tesis\Library\PackageCache\com.unity.ai.navigation@734c2c4c5591)
    com.unity.collab-proxy@2.12.4 (location: F:\PUN\Mundo aprendo tesis\Library\PackageCache\com.unity.collab-proxy@0b1559bcd34e)
    com.unity.ide.rider@3.0.39 (location: F:\PUN\Mundo aprendo tesis\Library\PackageCache\com.unity.ide.rider@4504839d03f7)
    com.unity.ide.visualstudio@2.0.27 (location: F:\PUN\Mundo aprendo tesis\Library\PackageCache\com.unity.ide.visualstudio@dc1ddd4f09b6)
    com.unity.inputsystem@1.19.0 (location: F:\PUN\Mundo aprendo tesis\Library\PackageCache\com.unity.inputsystem@21a28c3a6c83)
    com.unity.timeline@1.8.12 (location: F:\PUN\Mundo aprendo tesis\Library\PackageCache\com.unity.timeline@8cd8509afae5)
    com.unity.visualscripting@1.9.11 (location: F:\PUN\Mundo aprendo tesis\Library\PackageCache\com.unity.visualscripting@8bed5ad90189)
    com.unity.searcher@4.9.4 (location: F:\PUN\Mundo aprendo tesis\Library\PackageCache\com.unity.searcher@d45a78918735)
    com.unity.burst@1.8.28 (location: F:\PUN\Mundo aprendo tesis\Library\PackageCache\com.unity.burst@07790c2d06d9)
    com.unity.mathematics@1.3.3 (location: F:\PUN\Mundo aprendo tesis\Library\PackageCache\com.unity.mathematics@19a9377c4ffa)
    com.unity.nuget.mono-cecil@1.11.6 (location: F:\PUN\Mundo aprendo tesis\Library\PackageCache\com.unity.nuget.mono-cecil@ecb9724e46ff)
    com.unity.test-framework.performance@3.2.0 (location: F:\PUN\Mundo aprendo tesis\Library\PackageCache\com.unity.test-framework.performance@0840f58e4562)
  Built-in packages:
    com.unity.multiplayer.center@1.0.1 (location: F:\PUN\Mundo aprendo tesis\Library\PackageCache\com.unity.multiplayer.center@f01f4ba8d00a)
    com.unity.render-pipelines.universal@17.4.0 (location: F:\PUN\Mundo aprendo tesis\Library\PackageCache\com.unity.render-pipelines.universal@0c5162adfb45)
    com.unity.test-framework@1.6.0 (location: F:\PUN\Mundo aprendo tesis\Library\PackageCache\com.unity.test-framework@629486125cfc)
    com.unity.ugui@2.0.0 (location: F:\PUN\Mundo aprendo tesis\Library\PackageCache\com.unity.ugui@3dd2fbd8c1f1)
    com.unity.modules.accessibility@1.0.0 (location: F:\PUN\Mundo aprendo tesis\Library\PackageCache\com.unity.modules.accessibility)
    com.unity.modules.adaptiveperformance@1.0.0 (location: F:\PUN\Mundo aprendo tesis\Library\PackageCache\com.unity.modules.adaptiveperformance)
    com.unity.modules.ai@1.0.0 (location: F:\PUN\Mundo aprendo tesis\Library\PackageCache\com.unity.modules.ai)
    com.unity.modules.androidjni@1.0.0 (location: F:\PUN\Mundo aprendo tesis\Library\PackageCache\com.unity.modules.androidjni)
    com.unity.modules.animation@1.0.0 (location: F:\PUN\Mundo aprendo tesis\Library\PackageCache\com.unity.modules.animation)
    com.unity.modules.assetbundle@1.0.0 (location: F:\PUN\Mundo aprendo tesis\Library\PackageCache\com.unity.modules.assetbundle)
    com.unity.modules.audio@1.0.0 (location: F:\PUN\Mundo aprendo tesis\Library\PackageCache\com.unity.modules.audio)
    com.unity.modules.cloth@1.0.0 (location: F:\PUN\Mundo aprendo tesis\Library\PackageCache\com.unity.modules.cloth)
    com.unity.modules.director@1.0.0 (location: F:\PUN\Mundo aprendo tesis\Library\PackageCache\com.unity.modules.director)
    com.unity.modules.imageconversion@1.0.0 (location: F:\PUN\Mundo aprendo tesis\Library\PackageCache\com.unity.modules.imageconversion)
    com.unity.modules.imgui@1.0.0 (location: F:\PUN\Mundo aprendo tesis\Library\PackageCache\com.unity.modules.imgui)
    com.unity.modules.jsonserialize@1.0.0 (location: F:\PUN\Mundo aprendo tesis\Library\PackageCache\com.unity.modules.jsonserialize)
    com.unity.modules.particlesystem@1.0.0 (location: F:\PUN\Mundo aprendo tesis\Library\PackageCache\com.unity.modules.particlesystem)
    com.unity.modules.physics@1.0.0 (location: F:\PUN\Mundo aprendo tesis\Library\PackageCache\com.unity.modules.physics)
    com.unity.modules.physics2d@1.0.0 (location: F:\PUN\Mundo aprendo tesis\Library\PackageCache\com.unity.modules.physics2d)
    com.unity.modules.screencapture@1.0.0 (location: F:\PUN\Mundo aprendo tesis\Library\PackageCache\com.unity.modules.screencapture)
    com.unity.modules.terrain@1.0.0 (location: F:\PUN\Mundo aprendo tesis\Library\PackageCache\com.unity.modules.terrain)
    com.unity.modules.terrainphysics@1.0.0 (location: F:\PUN\Mundo aprendo tesis\Library\PackageCache\com.unity.modules.terrainphysics)
    com.unity.modules.tilemap@1.0.0 (location: F:\PUN\Mundo aprendo tesis\Library\PackageCache\com.unity.modules.tilemap)
    com.unity.modules.ui@1.0.0 (location: F:\PUN\Mundo aprendo tesis\Library\PackageCache\com.unity.modules.ui)
    com.unity.modules.uielements@1.0.0 (location: F:\PUN\Mundo aprendo tesis\Library\PackageCache\com.unity.modules.uielements)
    com.unity.modules.umbra@1.0.0 (location: F:\PUN\Mundo aprendo tesis\Library\PackageCache\com.unity.modules.umbra)
    com.unity.modules.unityanalytics@1.0.0 (location: F:\PUN\Mundo aprendo tesis\Library\PackageCache\com.unity.modules.unityanalytics)
    com.unity.modules.unitywebrequest@1.0.0 (location: F:\PUN\Mundo aprendo tesis\Library\PackageCache\com.unity.modules.unitywebrequest)
    com.unity.modules.unitywebrequestassetbundle@1.0.0 (location: F:\PUN\Mundo aprendo tesis\Library\PackageCache\com.unity.modules.unitywebrequestassetbundle)
    com.unity.modules.unitywebrequestaudio@1.0.0 (location: F:\PUN\Mundo aprendo tesis\Library\PackageCache\com.unity.modules.unitywebrequestaudio)
    com.unity.modules.unitywebrequesttexture@1.0.0 (location: F:\PUN\Mundo aprendo tesis\Library\PackageCache\com.unity.modules.unitywebrequesttexture)
    com.unity.modules.unitywebrequestwww@1.0.0 (location: F:\PUN\Mundo aprendo tesis\Library\PackageCache\com.unity.modules.unitywebrequestwww)
    com.unity.modules.vectorgraphics@1.0.0 (location: F:\PUN\Mundo aprendo tesis\Library\PackageCache\com.unity.modules.vectorgraphics)
    com.unity.modules.vehicles@1.0.0 (location: F:\PUN\Mundo aprendo tesis\Library\PackageCache\com.unity.modules.vehicles)
    com.unity.modules.video@1.0.0 (location: F:\PUN\Mundo aprendo tesis\Library\PackageCache\com.unity.modules.video)
    com.unity.modules.vr@1.0.0 (location: F:\PUN\Mundo aprendo tesis\Library\PackageCache\com.unity.modules.vr)
    com.unity.modules.wind@1.0.0 (location: F:\PUN\Mundo aprendo tesis\Library\PackageCache\com.unity.modules.wind)
    com.unity.modules.xr@1.0.0 (location: F:\PUN\Mundo aprendo tesis\Library\PackageCache\com.unity.modules.xr)
    com.unity.modules.subsystems@1.0.0 (location: F:\PUN\Mundo aprendo tesis\Library\PackageCache\com.unity.modules.subsystems)
    com.unity.modules.hierarchycore@1.0.0 (location: F:\PUN\Mundo aprendo tesis\Library\PackageCache\com.unity.modules.hierarchycore)
    com.unity.ext.nunit@2.0.5 (location: F:\PUN\Mundo aprendo tesis\Library\PackageCache\com.unity.ext.nunit@d8c07649098d)
    com.unity.render-pipelines.core@17.4.0 (location: F:\PUN\Mundo aprendo tesis\Library\PackageCache\com.unity.render-pipelines.core@6a60abc179f8)
    com.unity.shadergraph@17.4.0 (location: F:\PUN\Mundo aprendo tesis\Library\PackageCache\com.unity.shadergraph@c6e5f4d3afa5)
    com.unity.render-pipelines.universal-config@17.4.0 (location: F:\PUN\Mundo aprendo tesis\Library\PackageCache\com.unity.render-pipelines.universal-config@0db4263b9e6b)
    com.unity.collections@6.4.0 (location: F:\PUN\Mundo aprendo tesis\Library\PackageCache\com.unity.collections@538ace9075bc)
[Subsystems] No new subsystems found in resolved package list.
[Package Manager] Done registering packages in 0.01 seconds
[ScriptCompilation] Requested script compilation because: AssetDatabase observed changes in script compilation related files
Starting: C:\Program Files\Unity\Hub\Editor\6000.4.0f1\Editor\Data\Tools\BuildPipeline\bee_backend.exe --ipc --defer-dag-verification --dagfile="Library/Bee/1900b0aE.dag" --continue-on-failure --profile="Library/Bee/backend1.traceevents" ScriptAssemblies
WorkingDir: F:/PUN/Mundo aprendo tesis
DisplayProgressbar: Compiling Scripts
ExitCode: 0 Duration: 3s357ms
[720/918    0s] ILPP-Configuration Library/ilpp-configuration.nevergeneratedoutput
[910/918    1s] Csc Library/Bee/artifacts/1900b0aE.dag/MundoAprendo.PlayModeTests.dll (+2 others)
[911/918    1s] Csc Library/Bee/artifacts/1900b0aE.dag/Assembly-CSharp-Editor.dll (+2 others)
[912/918    0s] ILPostProcess Library/Bee/artifacts/1900b0aE.dag/post-processed/MundoAprendo.PlayModeTests.dll (+pdb)
Processing assembly Library/Bee/artifacts/1900b0aE.dag/MundoAprendo.PlayModeTests.dll, with 139 defines and 266 references

processors: Unity.Jobs.CodeGen.JobsILPostProcessor, zzzUnity.Burst.CodeGen.BurstILPostProcessor

running Unity.Jobs.CodeGen.JobsILPostProcessor

running zzzUnity.Burst.CodeGen.BurstILPostProcessor
[913/918    0s] CopyFiles Library/ScriptAssemblies/MundoAprendo.PlayModeTests.pdb
[914/918    0s] CopyFiles Library/ScriptAssemblies/MundoAprendo.PlayModeTests.dll
[915/918    0s] ILPostProcess Library/Bee/artifacts/1900b0aE.dag/post-processed/Assembly-CSharp-Editor.dll (+pdb)
Processing assembly Library/Bee/artifacts/1900b0aE.dag/Assembly-CSharp-Editor.dll, with 137 defines and 345 references

processors: Unity.Jobs.CodeGen.JobsILPostProcessor, zzzUnity.Burst.CodeGen.BurstILPostProcessor

running Unity.Jobs.CodeGen.JobsILPostProcessor

running zzzUnity.Burst.CodeGen.BurstILPostProcessor
[916/918    0s] CopyFiles Library/ScriptAssemblies/Assembly-CSharp-Editor.pdb
[917/918    0s] CopyFiles Library/ScriptAssemblies/Assembly-CSharp-Editor.dll
*** Tundra build success (3.33 seconds), 9 items updated, 918 evaluated
AssetDatabase: script compilation time: 3.733159s
Begin MonoManager ReloadAssembly
Assembly Assembly-CSharp-Editor-firstpass.dll at Library/ScriptAssemblies/Assembly-CSharp-Editor-firstpass.dll not valid. Loading of assembly skipped.
Assembly Assembly-CSharp-firstpass.dll at Library/ScriptAssemblies/Assembly-CSharp-firstpass.dll not valid. Loading of assembly skipped.
Assembly DocCodeExamples.dll at Library/ScriptAssemblies/DocCodeExamples.dll not valid. Loading of assembly skipped.
Assembly TestNewCustomAssembly.dll at Library/ScriptAssemblies/TestNewCustomAssembly.dll not valid. Loading of assembly skipped.
Assembly Unity.Collections.BurstCompatibilityGen.dll at Library/ScriptAssemblies/Unity.Collections.BurstCompatibilityGen.dll not valid. Loading of assembly skipped.
Assembly Unity.Collections.DocCodeSamples.dll at Library/ScriptAssemblies/Unity.Collections.DocCodeSamples.dll not valid. Loading of assembly skipped.
Assembly Unity.Collections.PerformanceTests.dll at Library/ScriptAssemblies/Unity.Collections.PerformanceTests.dll not valid. Loading of assembly skipped.
Assembly Unity.Collections.Tests.dll at Library/ScriptAssemblies/Unity.Collections.Tests.dll not valid. Loading of assembly skipped.
Assembly Unity.Collections.Tests.Playmode.dll at Library/ScriptAssemblies/Unity.Collections.Tests.Playmode.dll not valid. Loading of assembly skipped.
Assembly Unity.InputSystem.IntegrationTests.dll at Library/ScriptAssemblies/Unity.InputSystem.IntegrationTests.dll not valid. Loading of assembly skipped.
Assembly Unity.Mathematics.Tests.dll at Library/ScriptAssemblies/Unity.Mathematics.Tests.dll not valid. Loading of assembly skipped.
Assembly Unity.Multiplayer.Center.Editor.Tests.dll at Library/ScriptAssemblies/Unity.Multiplayer.Center.Editor.Tests.dll not valid. Loading of assembly skipped.
Assembly Unity.Multiplayer.Center.Tests.dll at Library/ScriptAssemblies/Unity.Multiplayer.Center.Tests.dll not valid. Loading of assembly skipped.
Assembly Unity.Nuget.Mono-Cecil.dll at Library/ScriptAssemblies/Unity.Nuget.Mono-Cecil.dll not valid. Loading of assembly skipped.
Assembly Unity.PathTracing.Editor.Tests.dll at Library/ScriptAssemblies/Unity.PathTracing.Editor.Tests.dll not valid. Loading of assembly skipped.
Assembly Unity.PathTracing.Runtime.Tests.dll at Library/ScriptAssemblies/Unity.PathTracing.Runtime.Tests.dll not valid. Loading of assembly skipped.
Assembly Unity.RenderPipelines.Core.Editor.Tests.dll at Library/ScriptAssemblies/Unity.RenderPipelines.Core.Editor.Tests.dll not valid. Loading of assembly skipped.
Assembly Unity.RenderPipelines.Core.Runtime.Tests.dll at Library/ScriptAssemblies/Unity.RenderPipelines.Core.Runtime.Tests.dll not valid. Loading of assembly skipped.
Assembly Unity.RenderPipelines.Universal.Config.Editor.Tests.dll at Library/ScriptAssemblies/Unity.RenderPipelines.Universal.Config.Editor.Tests.dll not valid. Loading of assembly skipped.
Assembly Unity.RenderPipelines.Universal.Editor.Tests.dll at Library/ScriptAssemblies/Unity.RenderPipelines.Universal.Editor.Tests.dll not valid. Loading of assembly skipped.
Assembly Unity.RenderPipelines.Universal.Runtime.Tests.dll at Library/ScriptAssemblies/Unity.RenderPipelines.Universal.Runtime.Tests.dll not valid. Loading of assembly skipped.
Assembly Unity.Searcher.EditorTests.dll at Library/ScriptAssemblies/Unity.Searcher.EditorTests.dll not valid. Loading of assembly skipped.
Assembly Unity.ShaderGraph.Editor.Tests.dll at Library/ScriptAssemblies/Unity.ShaderGraph.Editor.Tests.dll not valid. Loading of assembly skipped.
Assembly Unity.TextMeshPro.Editor.Tests.dll at Library/ScriptAssemblies/Unity.TextMeshPro.Editor.Tests.dll not valid. Loading of assembly skipped.
Assembly Unity.TextMeshPro.Tests.dll at Library/ScriptAssemblies/Unity.TextMeshPro.Tests.dll not valid. Loading of assembly skipped.
Assembly Unity.UnifiedRayTracing.Editor.Tests.dll at Library/ScriptAssemblies/Unity.UnifiedRayTracing.Editor.Tests.dll not valid. Loading of assembly skipped.
Assembly UnityEditor.UI.Common.Tests.dll at Library/ScriptAssemblies/UnityEditor.UI.Common.Tests.dll not valid. Loading of assembly skipped.
Assembly UnityEditor.UI.EditorTests.dll at Library/ScriptAssemblies/UnityEditor.UI.EditorTests.dll not valid. Loading of assembly skipped.
Assembly UnityEngine.UI.Tests.dll at Library/ScriptAssemblies/UnityEngine.UI.Tests.dll not valid. Loading of assembly skipped.
Native extension for Android target not found
Native extension for WindowsStandalone target not found
ScheduleIndexationOnStartup MainProcess:True IndexOnStartup:True
Mono: successfully reloaded assembly
- Finished resetting the current domain, in  3.095 seconds
Domain Reload Profiling: 4761ms
	BeginReloadAssembly (329ms)
		DisableScriptedObjects (11ms)
		CreateAndSetChildDomain (156ms)
	RebuildCommonClasses (42ms)
	RebuildNativeTypeToScriptingClass (15ms)
	initialDomainReloadingComplete (722ms)
	LoadAllAssembliesAndSetupDomain (557ms)
		LoadAssemblies (380ms)
		AnalyzeDomain (286ms)
			TypeCache.Refresh (207ms)
				TypeCache.ScanAssembly (189ms)
			BuildScriptInfoCaches (65ms)
			ResolveRequiredComponents (13ms)
	FinalizeReload (3095ms)
		SetupLoadedEditorAssemblies (0ms)
			InitializePlatformSupportModulesInManaged (33ms)
			BeforeProcessingInitializeOnLoad (170ms)
			ProcessInitializeOnLoadAttributes (2549ms)
			ProcessInitializeOnLoadMethodAttributes (83ms)
			AfterProcessingInitializeOnLoad (7ms)
		AwakeInstancesAfterBackupRestoration (7ms)
(Values over 0.050ms)
Asset Pipeline Refresh (id=c4ab61cbe7bc52c4d98cdd093094a5d7): Total: 9.320 seconds - Initiated by InitialRefreshV2(ForceSynchronousImport)
	Summary:
		Imports: total=0 (actual=0, local cache=0, cache server=0)
		Asset DB Process Time: managed=0 ms, native=3564 ms
		Asset DB Callback time: managed=274 ms, native=20 ms
		Scripting: domain reloads=1, domain reload time=1670 ms, compile time=3734 ms, other=54 ms
		Project Asset Count: scripts=1372, non-scripts=2596
		Asset File Changes: new=0, changed=3, moved=0, deleted=0
		Scan Filter Count: 0
	InvokePackagesCallback: 17.176ms
	ApplyChangesToAssetFolders: 0.584ms
	Scan: 155.733ms
	OnSourceAssetsModified: 0.865ms
	CategorizeScriptCompilationAssets: 49.456ms
	ProcessAssetsWithTransientArtifactChanges: 78.381ms
	CategorizeAssets: 49.743ms
	CompileScripts: 3734.362ms
	ImportOutOfDateAssets: 3104.790ms (3102.961ms without children)
		UnloadImportedAssets: 0.827ms
		EnsureUptoDateAssetsAreRegisteredWithGuidPM: 0.619ms
		OnDemandSchedulerStart: 0.358ms
	PostProcessAllAssets: 275.805ms
		VCAutoAddAssetPostprocess 1.065ms
		XRBuildSystem.XRAssetImported 0.306ms
		MonoPostProcessAllAssets: 273.925ms
			AssetPostprocessor.OnPostprocessAllAssets 162.744ms
			BuilderAssetPostprocessor.OnPostprocessAllAssets 25.706ms
			StyleCatalogPostProcessor.OnPostprocessAllAssets 17.581ms
			SyncVS.PostprocessSyncProject 11.263ms
			UniversalRenderPipelineGlobalSettingsPostprocessor.OnPostprocessAllAssets 11.157ms
			WindowAssetPostprocessingWatcher.OnPostprocessAllAssets 3.000ms
			SpeedTree9Postprocessor.OnPostprocessAllAssets 2.625ms
			ShaderGraphAssetPostProcessor.OnPostprocessAllAssets 1.869ms
			AssetChangedListener.OnPostprocessAllAssets 1.317ms
			RetainedModeAssetPostprocessor.OnPostprocessAllAssets 1.259ms
			MaterialPostprocessor.OnPostprocessAllAssets 1.164ms
			UVCSAssetPostprocessor.OnPostprocessAllAssets 0.695ms
			TMPro_TexturePostProcessor.OnPostprocessAllAssets 0.678ms
			RenderPipelineGlobalSettingsPostprocessor.OnPostprocessAllAssets 0.670ms
			ArtifactBrowserPostProcessor.OnPostprocessAllAssets 0.533ms
			InputActionAssetPostprocessor.OnPostprocessAllAssets 0.530ms
			InputActionJsonNameModifierAssetProcessor.OnPostprocessAllAssets 0.416ms
			TextAssetPostProcessor.OnPostprocessAllAssets 0.389ms
			ReferencedClipsPostProcessor.OnPostprocessAllAssets 0.364ms
			PostProcessor.OnPostprocessAllAssets 0.333ms
			ProjectSettingsPostprocessor.OnPostprocessAllAssets 0.309ms
			AudioMixerPostprocessor.OnPostprocessAllAssets 0.299ms
			TerrainToolbarOverlayPostProcessor.OnPostprocessAllAssets 0.239ms
			AssetEvents.OnPostprocessAllAssets 0.236ms
			AssetDatabaseCallbacks.OnPostprocessAllAssets 0.205ms
			ConfigAssetsTracker.OnPostprocessAllAssets 0.194ms
			SpeedTreePostProcessor.OnPostprocessAllAssets 0.176ms
			SamplePostprocessor.OnPostprocessAllAssets 0.151ms
			ScenarioDriftAssetsTracker.OnPostprocessAllAssets 0.126ms
			AudioContainerPostProcessor.OnPostprocessAllAssets 0.076ms
	PostAssetChangesProfiler: 3.210ms
	UnloadStreamsBegin: 3.115ms
	PersistCurrentRevisions: 0.107ms
	GenerateScriptTypeHashes: 2.732ms
	GenerateScriptTypeSerializationHashes: 5.076ms
	Untracked: 1845.305ms

Application.AssetDatabase Initial Refresh End
Scanning for USB devices : 2.972ms
Initializing Unity extensions:
[MODES] ModeService[none].Initialize
[MODES] ModeService[none].LoadModes
[MODES] Loading mode Default (0) for mode-current-id-Mundo aprendo tesis
Unloading 27 Unused Serialized files (Serialized files now loaded: 0)
Unloading 6633 unused Assets / (2.8 MB). Loaded Objects now: 7481.
Memory consumption went from 203.6 MB to 200.8 MB.
Total: 12.502500 ms (FindLiveObjects: 1.180500 ms CreateObjectMapping: 1.612300 ms MarkObjects: 6.531400 ms  DeleteObjects: 3.174100 ms)

Opening scene 'Assets/Scenes/MundoCuentos_VozTest.unity'
Unloading 8 Unused Serialized files (Serialized files now loaded: 0)
Loaded scene 'Assets/Scenes/MundoCuentos_VozTest.unity'
	Deserialize:            44.611 ms
	Integration:            282.557 ms
	Integration of assets:  2.925 ms
	Thread Wait Time:       0.008 ms
	Total Operation Time:   330.101 ms
Unloading 2 unused Assets / (1.1 KB). Loaded Objects now: 7979.
Memory consumption went from 194.2 MB to 194.2 MB.
Total: 7.317000 ms (FindLiveObjects: 0.522400 ms CreateObjectMapping: 0.379100 ms MarkObjects: 6.378400 ms  DeleteObjects: 0.036100 ms)

Start importing Assets/Scenes/MundoCuentos_VozTest.unity using Guid(fe78397ebc833764983c91fdbdc87212) (DefaultImporter) -> (Import Result ID: '356c4205a1b8225ca6414d3af2dbece6') in 0.0057351 seconds [static dependencies only]. Details - ImportResultOutputID=9d598c3d92fd2cc4bf3114ab33571991 DependenciesID=ebbd9e2ea6fbf07b540ef9fbbfe1d0a0 StaticDependenciesID=55bb9d5b4312518b8023607a10c80fa1 
Asset Pipeline Refresh (id=e250f0544f0cc1740a6bfe81479d7786): Total: 0.081 seconds - Initiated by StopAssetImportingV2(NoUpdateAssetOptions)
MundoCuentosExpansionSetup: selector, lector y resultado persistidos en MundoCuentos_VozTest.
UnityEngine.Debug:ExtractStackTraceNoAlloc (byte*,int,string)
UnityEngine.StackTraceUtility:ExtractStackTrace ()
UnityEngine.DebugLogHandler:Internal_Log (UnityEngine.LogType,UnityEngine.LogOption,string,UnityEngine.Object)
UnityEngine.DebugLogHandler:LogFormat (UnityEngine.LogType,UnityEngine.Object,string,object[])
UnityEngine.Logger:Log (UnityEngine.LogType,object)
UnityEngine.Debug:Log (object)
Bolin.Editor.MundoCuentosExpansionSetup:Apply () (at Assets/Editor/MundoCuentosExpansionSetup.cs:45)

(Filename: Assets/Editor/MundoCuentosExpansionSetup.cs Line: 45)

Batchmode quit successfully invoked - shutting down!
Killing ADB server in 0.0277765 seconds.
[Physics::Module] Cleanup current backend.
[Physics::Module] Id: 0xf2b8ea05
Input System module state changed to: ShutdownInProgress.
Input Polling Thread exited.
Input System module state changed to: Shutdown.
[Licensing::IpcConnector] LicenseClient-Boloxdhd-6000.4.0-notifications channel disconnected successfully.
[Licensing::IpcConnector] LicenseClient-Boloxdhd-6000.4.0 channel disconnected successfully.
AcceleratorClientConnectionCallback - disconnected - :0
Cleanup mono
CodeReloadManager destroyed
Exiting batchmode successfully now!
Exiting without the bug reporter. Application will terminate with return code 0