[Licensing::Module] Trying to connect to existing licensing client channel...
Built from '6000.4/staging' branch; Version is '6000.4.0f1 (8cf496087c8f) revision 9237654'; Using compiler version '194234433'; Build Type 'Release'
OS: 'Windows 10  (10.0.19045) 64bit Professional' Language: 'es' Physical Memory: 32690 MB
BatchMode: 1, IsHumanControllingUs: 0, StartBugReporterOnCrash: 0, Is64bit: 1
[Licensing::IpcConnector] Channel LicenseClient-Boloxdhd doesn't exist
System  architecture: x64
Process architecture: x64
Date: 2026-06-21T08:46:08Z
[Licensing::Module] Successfully launched the LicensingClient (PId: 16304)

COMMAND LINE ARGUMENTS:
C:\Program Files\Unity\Hub\Editor\6000.4.0f1\Editor\Unity.exe
-batchmode
-projectPath
F:\PUN\Mundo aprendo tesis
-runTests
-testPlatform
PlayMode
-testResults
F:\PUN\Mundo aprendo tesis\Logs\PlayModeResolutionRetry.xml
-logFile
F:\PUN\Mundo aprendo tesis\Logs\PlayModeResolutionRetry.log
Successfully changed project path to: F:\PUN\Mundo aprendo tesis
F:/PUN/Mundo aprendo tesis
[UnityMemory] Configuration Parameters - Can be set up in boot.config
    "memorysetup-temp-allocator-size-gi-baking-worker=262144"
    "memorysetup-temp-allocator-size-gi-baking-worker=262144"
    "memorysetup-temp-allocator-size-gi-baking-worker=262144"
    "memorysetup-temp-allocator-size-gi-baking-worker=262144"
    "memorysetup-temp-allocator-size-gi-baking-worker=262144"
    "memorysetup-temp-allocator-size-nav-mesh-worker=65536"
    "memorysetup-temp-allocator-size-audio-worker=65536"
    "memorysetup-temp-allocator-size-cloud-worker=32768"
    "memorysetup-temp-allocator-size-gfx=262144"
    "memorysetup-temp-allocator-size-preload-manager=33554432"
    "memorysetup-temp-allocator-size-job-worker=262144"
    "memorysetup-temp-allocator-size-background-worker=32768"
    "memorysetup-allocator-temp-initial-block-size-main=262144"
    "memorysetup-allocator-temp-initial-block-size-worker=262144"
    "memorysetup-bucket-allocator-granularity=16"
    "memorysetup-bucket-allocator-bucket-count=8"
    "memorysetup-bucket-allocator-block-size=33554432"
    "memorysetup-bucket-allocator-block-count=8"
    "memorysetup-main-allocator-block-size=16777216"
    "memorysetup-thread-allocator-block-size=16777216"
    "memorysetup-gfx-main-allocator-block-size=16777216"
    "memorysetup-gfx-thread-allocator-block-size=16777216"
    "memorysetup-cache-allocator-block-size=4194304"
    "memorysetup-typetree-allocator-block-size=2097152"
    "memorysetup-profiler-bucket-allocator-granularity=16"
    "memorysetup-profiler-bucket-allocator-bucket-count=8"
    "memorysetup-profiler-bucket-allocator-block-size=33554432"
    "memorysetup-profiler-bucket-allocator-block-count=8"
    "memorysetup-profiler-allocator-block-size=16777216"
    "memorysetup-profiler-editor-allocator-block-size=1048576"
    "memorysetup-temp-allocator-size-main=16777216"
    "memorysetup-job-temp-allocator-block-size=2097152"
    "memorysetup-job-temp-allocator-block-size-background=1048576"
    "memorysetup-job-temp-allocator-reduction-small-platforms=262144"
Player connection [20328]  Target information:

Player connection [20328]  * "[IP] 192.168.1.23 [Port] 55504 [Flags] 2 [Guid] 4081524146 [EditorId] 4081524146 [Version] 1048832 [Id] WindowsEditor(7,DESKTOP-NF6H5UD) [Debug] 1 [PackageName] WindowsEditor [ProjectName] Editor" 

Player connection [20328] Host joined multi-casting on [225.0.0.222:54997]...
Player connection [20328] Host joined alternative multi-casting on [225.0.0.222:34997]...
Input System module state changed to: Initialized.
[Physics::Module] Initialized fallback backend.
[Physics::Module] Id: 0xdecafbad
[Licensing::IpcConnector] Successfully connected to: "LicenseClient-Boloxdhd" at "2026-06-21T08:46:08.8768029Z"
[Package Manager] Connected to IPC stream "Upm-19904" after 0.4 seconds.
[Licensing::Module] Licensing is not yet initialized.
[Licensing::Client] Handshaking with LicensingClient:
  Version:                 1.18.1+9fbee8e
  Session Id:              ad69e5e28471422bb2b8e8eada0d248a
  Correlation Id:          4b0a376f1d9ecb848afa90a2df46ae3b
  External correlation Id: 1222059902830410561
  Machine Id:              CFi18PVxujarsjnwWQVdFlBCSK4=
[Licensing::Module] Successfully connected to LicensingClient on channel: "LicenseClient-Boloxdhd" (connect: 0.37s, validation: 0.04s, handshake: 1.05s)
[Licensing::IpcConnector] Successfully connected to: "LicenseClient-Boloxdhd-notifications" at "2026-06-21T08:46:09.9688677Z"
[Licensing::Module] Connected to LicensingClient (PId: 16304, launch time: 0.00, total connection time: 1.47s)
[Licensing::Module] Error: Access token is unavailable; failed to update
[Licensing::Client] Successfully resolved entitlement details
[Licensing::Module] License group:
  Id: F4-FQE5-U6TU-H7W3-QSAD-XXXX
  Product: Unity Personal
  Type: ULF
  Expiration: Unlimited
[Licensing::Module] License group:
  Id: 4673397952068-UnityPersXXXX
  Product: Unity Personal
  Type: Assigned
  Expiration: Unlimited
[Licensing::Client] Successfully updated license, isAsync: True, time: 0.01
[Licensing::Module] Licensing Background thread has ended after 1.49s
[Licensing::Module] Licensing is initialized (took 0.98s).
[Licensing::Client] Successfully resolved entitlement details
[Licensing::Module] License group:
  Id: F4-FQE5-U6TU-H7W3-QSAD-XXXX
  Product: Unity Personal
  Type: ULF
  Expiration: Unlimited
[Licensing::Module] License group:
  Id: 4673397952068-UnityPersXXXX
  Product: Unity Personal
  Type: Assigned
  Expiration: Unlimited
Library Redirect Path: Library/
[Physics::Module] Selected backend.
[Physics::Module] Name: PhysX
[Physics::Module] Id: 0xf2b8ea05
[Physics::Module] SDK Version: 4.1.2
[Physics::Module] Integration Version: 1.0.0
[Physics::Module] Threading Mode: Multi-Threaded
Initialize engine version: 6000.4.0f1 (8cf496087c8f)
[Subsystems] Discovering subsystems at path C:/Program Files/Unity/Hub/Editor/6000.4.0f1/Editor/Data/Resources/UnitySubsystems
[Subsystems] Discovering subsystems at path F:/PUN/Mundo aprendo tesis/Assets
GfxDevice: creating device client; kGfxThreadingModeNonThreaded
Direct3D:
    Version:  Direct3D 11.0 [level 11.1]
    Renderer: NVIDIA GeForce RTX 3080 (ID=0x220a)
    Vendor:   NVIDIA
    VRAM:     12093 MB
    Driver:   32.0.16.1047
Initialize mono
Mono path[0] = 'C:/Program Files/Unity/Hub/Editor/6000.4.0f1/Editor/Data/Managed'
Mono path[1] = 'C:/Program Files/Unity/Hub/Editor/6000.4.0f1/Editor/Data/MonoBleedingEdge/lib/mono/unityjit-win32'
Mono config path = 'C:/Program Files/Unity/Hub/Editor/6000.4.0f1/Editor/Data/MonoBleedingEdge/etc'
Using monoOptions --debugger-agent=transport=dt_socket,embedding=1,server=y,suspend=n,address=127.0.0.1:56904
CodeReloadManager initialized
Using cacheserver namespaces - metadata:defaultmetadata, artifacts:defaultartifacts
Using cacheserver namespaces - metadata:defaultmetadata, artifacts:defaultartifacts
ImportWorker Server TCP listen port: 0
AcceleratorClientConnectionCallback - disconnected - :0
Begin MonoManager ReloadAssembly
Registering precompiled unity dll's ...
Register platform support module: C:/Program Files/Unity/Hub/Editor/6000.4.0f1/Editor/Data/PlaybackEngines/WindowsStandaloneSupport/UnityEditor.WindowsStandalone.Extensions.dll
[Licensing::Client] Successfully resolved entitlement details
[Licensing::Module] License group:
  Id: F4-FQE5-U6TU-H7W3-QSAD-XXXX
  Product: Unity Personal
  Type: ULF
  Expiration: Unlimited
[Licensing::Module] License group:
  Id: 4673397952068-UnityPersXXXX
  Product: Unity Personal
  Type: Assigned
  Expiration: Unlimited
Register platform support module: C:/Program Files/Unity/Hub/Editor/6000.4.0f1/Editor/Data/PlaybackEngines/AndroidPlayer/UnityEditor.Android.Extensions.dll
Registered in 0.005180 seconds.
Native extension for Android target not found
Android Extension - Scanning For ADB Devices 169 ms
Native extension for WindowsStandalone target not found
Package Manager log level set to [2]
ScheduleIndexationOnStartup MainProcess:False IndexOnStartup:True
Mono: successfully reloaded assembly
- Finished resetting the current domain, in  0.690 seconds
Domain Reload Profiling: 1205ms
	BeginReloadAssembly (142ms)
		CreateAndSetChildDomain (15ms)
	RebuildCommonClasses (40ms)
	RebuildNativeTypeToScriptingClass (14ms)
	initialDomainReloadingComplete (73ms)
	LoadAllAssembliesAndSetupDomain (243ms)
		LoadAssemblies (125ms)
		AnalyzeDomain (233ms)
			TypeCache.Refresh (231ms)
				TypeCache.ScanAssembly (215ms)
	FinalizeReload (691ms)
		SetupLoadedEditorAssemblies (0ms)
			InitializePlatformSupportModulesInManaged (260ms)
			BeforeProcessingInitializeOnLoad (102ms)
			ProcessInitializeOnLoadAttributes (145ms)
			ProcessInitializeOnLoadMethodAttributes (93ms)
[Licensing::Client] Successfully resolved entitlement details
[Licensing::Module] License group:
  Id: F4-FQE5-U6TU-H7W3-QSAD-XXXX
  Product: Unity Personal
  Type: ULF
  Expiration: Unlimited
[Licensing::Module] License group:
  Id: 4673397952068-UnityPersXXXX
  Product: Unity Personal
  Type: Assigned
  Expiration: Unlimited
Application.AssetDatabase Initial Refresh Start
[Package Manager] Restoring resolved packages state from cache
[Licensing::Client] Successfully resolved entitlement details
[Package Manager] Registered 57 packages:
  Packages from [https://packages.unity.com]:
    com.unity.ai.navigation@2.0.12 (location: F:\PUN\Mundo aprendo tesis\Library\PackageCache\com.unity.ai.navigation@734c2c4c5591)
    com.unity.collab-proxy@2.12.4 (location: F:\PUN\Mundo aprendo tesis\Library\PackageCache\com.unity.collab-proxy@0b1559bcd34e)
    com.unity.ide.rider@3.0.39 (location: F:\PUN\Mundo aprendo tesis\Library\PackageCache\com.unity.ide.rider@4504839d03f7)
    com.unity.ide.visualstudio@2.0.27 (location: F:\PUN\Mundo aprendo tesis\Library\PackageCache\com.unity.ide.visualstudio@dc1ddd4f09b6)
    com.unity.inputsystem@1.19.0 (location: F:\PUN\Mundo aprendo tesis\Library\PackageCache\com.unity.inputsystem@21a28c3a6c83)
    com.unity.timeline@1.8.12 (location: F:\PUN\Mundo aprendo tesis\Library\PackageCache\com.unity.timeline@8cd8509afae5)
    com.unity.visualscripting@1.9.11 (location: F:\PUN\Mundo aprendo tesis\Library\PackageCache\com.unity.visualscripting@8bed5ad90189)
    com.unity.searcher@4.9.4 (location: F:\PUN\Mundo aprendo tesis\Library\PackageCache\com.unity.searcher@d45a78918735)
    com.unity.burst@1.8.28 (location: F:\PUN\Mundo aprendo tesis\Library\PackageCache\com.unity.burst@07790c2d06d9)
    com.unity.mathematics@1.3.3 (location: F:\PUN\Mundo aprendo tesis\Library\PackageCache\com.unity.mathematics@19a9377c4ffa)
    com.unity.nuget.mono-cecil@1.11.6 (location: F:\PUN\Mundo aprendo tesis\Library\PackageCache\com.unity.nuget.mono-cecil@ecb9724e46ff)
    com.unity.test-framework.performance@3.2.0 (location: F:\PUN\Mundo aprendo tesis\Library\PackageCache\com.unity.test-framework.performance@0840f58e4562)
  Built-in packages:
    com.unity.multiplayer.center@1.0.1 (location: F:\PUN\Mundo aprendo tesis\Library\PackageCache\com.unity.multiplayer.center@f01f4ba8d00a)
    com.unity.render-pipelines.universal@17.4.0 (location: F:\PUN\Mundo aprendo tesis\Library\PackageCache\com.unity.render-pipelines.universal@0c5162adfb45)
    com.unity.test-framework@1.6.0 (location: F:\PUN\Mundo aprendo tesis\Library\PackageCache\com.unity.test-framework@629486125cfc)
    com.unity.ugui@2.0.0 (location: F:\PUN\Mundo aprendo tesis\Library\PackageCache\com.unity.ugui@3dd2fbd8c1f1)
    com.unity.modules.accessibility@1.0.0 (location: F:\PUN\Mundo aprendo tesis\Library\PackageCache\com.unity.modules.accessibility)
    com.unity.modules.adaptiveperformance@1.0.0 (location: F:\PUN\Mundo aprendo tesis\Library\PackageCache\com.unity.modules.adaptiveperformance)
    com.unity.modules.ai@1.0.0 (location: F:\PUN\Mundo aprendo tesis\Library\PackageCache\com.unity.modules.ai)
    com.unity.modules.androidjni@1.0.0 (location: F:\PUN\Mundo aprendo tesis\Library\PackageCache\com.unity.modules.androidjni)
    com.unity.modules.animation@1.0.0 (location: F:\PUN\Mundo aprendo tesis\Library\PackageCache\com.unity.modules.animation)
    com.unity.modules.assetbundle@1.0.0 (location: F:\PUN\Mundo aprendo tesis\Library\PackageCache\com.unity.modules.assetbundle)
    com.unity.modules.audio@1.0.0 (location: F:\PUN\Mundo aprendo tesis\Library\PackageCache\com.unity.modules.audio)
    com.unity.modules.cloth@1.0.0 (location: F:\PUN\Mundo aprendo tesis\Library\PackageCache\com.unity.modules.cloth)
    com.unity.modules.director@1.0.0 (location: F:\PUN\Mundo aprendo tesis\Library\PackageCache\com.unity.modules.director)
    com.unity.modules.imageconversion@1.0.0 (location: F:\PUN\Mundo aprendo tesis\Library\PackageCache\com.unity.modules.imageconversion)
    com.unity.modules.imgui@1.0.0 (location: F:\PUN\Mundo aprendo tesis\Library\PackageCache\com.unity.modules.imgui)
    com.unity.modules.jsonserialize@1.0.0 (location: F:\PUN\Mundo aprendo tesis\Library\PackageCache\com.unity.modules.jsonserialize)
    com.unity.modules.particlesystem@1.0.0 (location: F:\PUN\Mundo aprendo tesis\Library\PackageCache\com.unity.modules.particlesystem)
    com.unity.modules.physics@1.0.0 (location: F:\PUN\Mundo aprendo tesis\Library\PackageCache\com.unity.modules.physics)
    com.unity.modules.physics2d@1.0.0 (location: F:\PUN\Mundo aprendo tesis\Library\PackageCache\com.unity.modules.physics2d)
    com.unity.modules.screencapture@1.0.0 (location: F:\PUN\Mundo aprendo tesis\Library\PackageCache\com.unity.modules.screencapture)
    com.unity.modules.terrain@1.0.0 (location: F:\PUN\Mundo aprendo tesis\Library\PackageCache\com.unity.modules.terrain)
    com.unity.modules.terrainphysics@1.0.0 (location: F:\PUN\Mundo aprendo tesis\Library\PackageCache\com.unity.modules.terrainphysics)
    com.unity.modules.tilemap@1.0.0 (location: F:\PUN\Mundo aprendo tesis\Library\PackageCache\com.unity.modules.tilemap)
    com.unity.modules.ui@1.0.0 (location: F:\PUN\Mundo aprendo tesis\Library\PackageCache\com.unity.modules.ui)
    com.unity.modules.uielements@1.0.0 (location: F:\PUN\Mundo aprendo tesis\Library\PackageCache\com.unity.modules.uielements)
    com.unity.modules.umbra@1.0.0 (location: F:\PUN\Mundo aprendo tesis\Library\PackageCache\com.unity.modules.umbra)
    com.unity.modules.unityanalytics@1.0.0 (location: F:\PUN\Mundo aprendo tesis\Library\PackageCache\com.unity.modules.unityanalytics)
    com.unity.modules.unitywebrequest@1.0.0 (location: F:\PUN\Mundo aprendo tesis\Library\PackageCache\com.unity.modules.unitywebrequest)
    com.unity.modules.unitywebrequestassetbundle@1.0.0 (location: F:\PUN\Mundo aprendo tesis\Library\PackageCache\com.unity.modules.unitywebrequestassetbundle)
    com.unity.modules.unitywebrequestaudio@1.0.0 (location: F:\PUN\Mundo aprendo tesis\Library\PackageCache\com.unity.modules.unitywebrequestaudio)
    com.unity.modules.unitywebrequesttexture@1.0.0 (location: F:\PUN\Mundo aprendo tesis\Library\PackageCache\com.unity.modules.unitywebrequesttexture)
    com.unity.modules.unitywebrequestwww@1.0.0 (location: F:\PUN\Mundo aprendo tesis\Library\PackageCache\com.unity.modules.unitywebrequestwww)
    com.unity.modules.vectorgraphics@1.0.0 (location: F:\PUN\Mundo aprendo tesis\Library\PackageCache\com.unity.modules.vectorgraphics)
    com.unity.modules.vehicles@1.0.0 (location: F:\PUN\Mundo aprendo tesis\Library\PackageCache\com.unity.modules.vehicles)
    com.unity.modules.video@1.0.0 (location: F:\PUN\Mundo aprendo tesis\Library\PackageCache\com.unity.modules.video)
    com.unity.modules.vr@1.0.0 (location: F:\PUN\Mundo aprendo tesis\Library\PackageCache\com.unity.modules.vr)
    com.unity.modules.wind@1.0.0 (location: F:\PUN\Mundo aprendo tesis\Library\PackageCache\com.unity.modules.wind)
    com.unity.modules.xr@1.0.0 (location: F:\PUN\Mundo aprendo tesis\Library\PackageCache\com.unity.modules.xr)
    com.unity.modules.subsystems@1.0.0 (location: F:\PUN\Mundo aprendo tesis\Library\PackageCache\com.unity.modules.subsystems)
    com.unity.modules.hierarchycore@1.0.0 (location: F:\PUN\Mundo aprendo tesis\Library\PackageCache\com.unity.modules.hierarchycore)
    com.unity.ext.nunit@2.0.5 (location: F:\PUN\Mundo aprendo tesis\Library\PackageCache\com.unity.ext.nunit@d8c07649098d)
    com.unity.render-pipelines.core@17.4.0 (location: F:\PUN\Mundo aprendo tesis\Library\PackageCache\com.unity.render-pipelines.core@6a60abc179f8)
    com.unity.shadergraph@17.4.0 (location: F:\PUN\Mundo aprendo tesis\Library\PackageCache\com.unity.shadergraph@c6e5f4d3afa5)
    com.unity.render-pipelines.universal-config@17.4.0 (location: F:\PUN\Mundo aprendo tesis\Library\PackageCache\com.unity.render-pipelines.universal-config@0db4263b9e6b)
    com.unity.collections@6.4.0 (location: F:\PUN\Mundo aprendo tesis\Library\PackageCache\com.unity.collections@538ace9075bc)
[Subsystems] No new subsystems found in resolved package list.
[Package Manager] Done registering packages in 0.02 seconds
[ScriptCompilation] Requested script compilation because: Assembly Definition File(s) changed
[ScriptCompilation] Requested script compilation because: AssetDatabase observed changes in script compilation related files
Starting: C:\Program Files\Unity\Hub\Editor\6000.4.0f1\Editor\Data\Tools\BuildPipeline\bee_backend.exe --ipc --defer-dag-verification --dagfile="Library/Bee/1900b0aE.dag" --continue-on-failure --profile="Library/Bee/backend1.traceevents" ScriptAssemblies
WorkingDir: F:/PUN/Mundo aprendo tesis
DisplayProgressbar: Compiling Scripts
ExitCode: 4 Duration: 0s281ms
[721/918    0s] ILPP-Configuration Library/ilpp-configuration.nevergeneratedoutput
Rebuilding DAG because FileSignature timestamp changed: Library/Bee/1900b0aE-inputdata.json
*** Tundra requires additional run (0.26 seconds), 2 items updated, 913 evaluated
Starting: C:\Program Files\Unity\Hub\Editor\6000.4.0f1\Editor\Data\netcorerun\netcorerun.exe "C:\Program Files\Unity\Hub\Editor\6000.4.0f1\Editor\Data\Tools\BuildPipeline\ScriptCompilationBuildProgram.exe" "Library/Bee/1900b0aE.dag.json" "Library/Bee/1900b0aE-inputdata.json" "Library\Bee\buildprogram0.traceevents"
WorkingDir: F:/PUN/Mundo aprendo tesis
ExitCode: 0 Duration: 1s166ms
Starting: C:\Program Files\Unity\Hub\Editor\6000.4.0f1\Editor\Data\Tools\BuildPipeline\bee_backend.exe --ipc --defer-dag-verification --dagfile="Library/Bee/1900b0aE.dag" --continue-on-failure --dagfilejson="Library\Bee\1900b0aE.dag.json" --profile="Library/Bee/backend2.traceevents" ScriptAssemblies
WorkingDir: F:/PUN/Mundo aprendo tesis
ExitCode: 0 Duration: 0s909ms
Finished compiling graph: 921 nodes, 17209 flattened edges (14327 ToBuild, 142 ToUse), maximum node priority 974
[507/918    0s] WriteResponseFile Library/Bee/artifacts/rsp/2812350553942580110.rsp
[508/918    0s] WriteText Library/Bee/artifacts/1900b0aE.dag/MundoAprendo.PlayModeTests.rsp
[509/918    0s] WriteText Library/Bee/artifacts/1900b0aE.dag/MundoAprendo.PlayModeTests.dll.mvfrm.rsp
[720/918    0s] ILPP-Configuration Library/ilpp-configuration.nevergeneratedoutput
[913/918    0s] MovedFromExtractor-Combine Library/Bee/artifacts/1900b0aE.dag/MundoAprendo.PlayModeTests.dll.mvfrm
[914/918    0s] Csc Library/Bee/artifacts/1900b0aE.dag/MundoAprendo.PlayModeTests.dll (+2 others)
[915/918    0s] ILPostProcess Library/Bee/artifacts/1900b0aE.dag/post-processed/MundoAprendo.PlayModeTests.dll (+pdb)
Processing assembly Library/Bee/artifacts/1900b0aE.dag/MundoAprendo.PlayModeTests.dll, with 139 defines and 266 references

processors: Unity.Jobs.CodeGen.JobsILPostProcessor, zzzUnity.Burst.CodeGen.BurstILPostProcessor

running Unity.Jobs.CodeGen.JobsILPostProcessor

running zzzUnity.Burst.CodeGen.BurstILPostProcessor
[916/918    0s] CopyFiles Library/ScriptAssemblies/MundoAprendo.PlayModeTests.pdb
[917/918    0s] CopyFiles Library/ScriptAssemblies/MundoAprendo.PlayModeTests.dll
*** Tundra build success (0.89 seconds), 9 items updated, 918 evaluated
AssetDatabase: script compilation time: 2.734640s
Begin MonoManager ReloadAssembly
Assembly Assembly-CSharp-Editor-firstpass.dll at Library/ScriptAssemblies/Assembly-CSharp-Editor-firstpass.dll not valid. Loading of assembly skipped.
Assembly Assembly-CSharp-firstpass.dll at Library/ScriptAssemblies/Assembly-CSharp-firstpass.dll not valid. Loading of assembly skipped.
Assembly DocCodeExamples.dll at Library/ScriptAssemblies/DocCodeExamples.dll not valid. Loading of assembly skipped.
Assembly TestNewCustomAssembly.dll at Library/ScriptAssemblies/TestNewCustomAssembly.dll not valid. Loading of assembly skipped.
Assembly Unity.Collections.BurstCompatibilityGen.dll at Library/ScriptAssemblies/Unity.Collections.BurstCompatibilityGen.dll not valid. Loading of assembly skipped.
Assembly Unity.Collections.DocCodeSamples.dll at Library/ScriptAssemblies/Unity.Collections.DocCodeSamples.dll not valid. Loading of assembly skipped.
Assembly Unity.Collections.PerformanceTests.dll at Library/ScriptAssemblies/Unity.Collections.PerformanceTests.dll not valid. Loading of assembly skipped.
Assembly Unity.Collections.Tests.dll at Library/ScriptAssemblies/Unity.Collections.Tests.dll not valid. Loading of assembly skipped.
Assembly Unity.Collections.Tests.Playmode.dll at Library/ScriptAssemblies/Unity.Collections.Tests.Playmode.dll not valid. Loading of assembly skipped.
Assembly Unity.InputSystem.IntegrationTests.dll at Library/ScriptAssemblies/Unity.InputSystem.IntegrationTests.dll not valid. Loading of assembly skipped.
Assembly Unity.Mathematics.Tests.dll at Library/ScriptAssemblies/Unity.Mathematics.Tests.dll not valid. Loading of assembly skipped.
Assembly Unity.Multiplayer.Center.Editor.Tests.dll at Library/ScriptAssemblies/Unity.Multiplayer.Center.Editor.Tests.dll not valid. Loading of assembly skipped.
Assembly Unity.Multiplayer.Center.Tests.dll at Library/ScriptAssemblies/Unity.Multiplayer.Center.Tests.dll not valid. Loading of assembly skipped.
Assembly Unity.Nuget.Mono-Cecil.dll at Library/ScriptAssemblies/Unity.Nuget.Mono-Cecil.dll not valid. Loading of assembly skipped.
Assembly Unity.PathTracing.Editor.Tests.dll at Library/ScriptAssemblies/Unity.PathTracing.Editor.Tests.dll not valid. Loading of assembly skipped.
Assembly Unity.PathTracing.Runtime.Tests.dll at Library/ScriptAssemblies/Unity.PathTracing.Runtime.Tests.dll not valid. Loading of assembly skipped.
Assembly Unity.RenderPipelines.Core.Editor.Tests.dll at Library/ScriptAssemblies/Unity.RenderPipelines.Core.Editor.Tests.dll not valid. Loading of assembly skipped.
Assembly Unity.RenderPipelines.Core.Runtime.Tests.dll at Library/ScriptAssemblies/Unity.RenderPipelines.Core.Runtime.Tests.dll not valid. Loading of assembly skipped.
Assembly Unity.RenderPipelines.Universal.Config.Editor.Tests.dll at Library/ScriptAssemblies/Unity.RenderPipelines.Universal.Config.Editor.Tests.dll not valid. Loading of assembly skipped.
Assembly Unity.RenderPipelines.Universal.Editor.Tests.dll at Library/ScriptAssemblies/Unity.RenderPipelines.Universal.Editor.Tests.dll not valid. Loading of assembly skipped.
Assembly Unity.RenderPipelines.Universal.Runtime.Tests.dll at Library/ScriptAssemblies/Unity.RenderPipelines.Universal.Runtime.Tests.dll not valid. Loading of assembly skipped.
Assembly Unity.Searcher.EditorTests.dll at Library/ScriptAssemblies/Unity.Searcher.EditorTests.dll not valid. Loading of assembly skipped.
Assembly Unity.ShaderGraph.Editor.Tests.dll at Library/ScriptAssemblies/Unity.ShaderGraph.Editor.Tests.dll not valid. Loading of assembly skipped.
Assembly Unity.TextMeshPro.Editor.Tests.dll at Library/ScriptAssemblies/Unity.TextMeshPro.Editor.Tests.dll not valid. Loading of assembly skipped.
Assembly Unity.TextMeshPro.Tests.dll at Library/ScriptAssemblies/Unity.TextMeshPro.Tests.dll not valid. Loading of assembly skipped.
Assembly Unity.UnifiedRayTracing.Editor.Tests.dll at Library/ScriptAssemblies/Unity.UnifiedRayTracing.Editor.Tests.dll not valid. Loading of assembly skipped.
Assembly UnityEditor.UI.Common.Tests.dll at Library/ScriptAssemblies/UnityEditor.UI.Common.Tests.dll not valid. Loading of assembly skipped.
Assembly UnityEditor.UI.EditorTests.dll at Library/ScriptAssemblies/UnityEditor.UI.EditorTests.dll not valid. Loading of assembly skipped.
Assembly UnityEngine.UI.Tests.dll at Library/ScriptAssemblies/UnityEngine.UI.Tests.dll not valid. Loading of assembly skipped.
Start importing Assets/Tests/PlayMode/MundoAprendo.PlayModeTests.asmdef using Guid(e5b06e3b21f288b46a4cb1c6c937e454) (AssemblyDefinitionImporter) -> (Import Result ID: '0cbc997d4adf52d7196f57d578a0addf') in 0.0164208 seconds [static dependencies only]. Details - ImportResultOutputID=4b4ef12b66a002766c342f6419cb17c7 DependenciesID=9346a320b2ce4eb889a79c09b16d0756 StaticDependenciesID=4a3ba1dd3c8fbab85fc4ea1f2532f67e 
Native extension for Android target not found
Native extension for WindowsStandalone target not found
ScheduleIndexationOnStartup MainProcess:True IndexOnStartup:True
Mono: successfully reloaded assembly
- Finished resetting the current domain, in  3.140 seconds
Domain Reload Profiling: 4146ms
	BeginReloadAssembly (328ms)
		DisableScriptedObjects (10ms)
		CreateAndSetChildDomain (164ms)
	RebuildCommonClasses (40ms)
	RebuildNativeTypeToScriptingClass (14ms)
	initialDomainReloadingComplete (98ms)
	LoadAllAssembliesAndSetupDomain (526ms)
		LoadAssemblies (347ms)
		AnalyzeDomain (275ms)
			TypeCache.Refresh (196ms)
				TypeCache.ScanAssembly (182ms)
			BuildScriptInfoCaches (64ms)
			ResolveRequiredComponents (13ms)
	FinalizeReload (3140ms)
		SetupLoadedEditorAssemblies (0ms)
			InitializePlatformSupportModulesInManaged (33ms)
			BeforeProcessingInitializeOnLoad (183ms)
			ProcessInitializeOnLoadAttributes (2417ms)
			ProcessInitializeOnLoadMethodAttributes (148ms)
			AfterProcessingInitializeOnLoad (8ms)
		AwakeInstancesAfterBackupRestoration (6ms)
Start importing Packages/com.unity.render-pipelines.core/Tests/Editor/UnifiedRayTracing/TraceRays.urtshader using Guid(1142bbad8b9e8c44c83a9775ff120d37) (ScriptedImporter)Launched and connected shader compiler UnityShaderCompiler.exe after 0.01 seconds

Compiling Ray Tracing Shader "TraceRays.urtshader", keywords = <no keywords>
    finished in 0.00 seconds. Local cache hits 1, remote cache hits 0, compiled 0 platform variants
 -> (Import Result ID: 'cf7c04febc6be62fa93a9b4519d05eff') in 0.0401952 seconds [static and dynamic dependencies]. Details - ImportResultOutputID=21e20c2f711ae19844630876d76b6f92 DependenciesID=aad2e6ef9dee815d799cb92e0a6b6775 StaticDependenciesID=b7859538b7c8061be2c1df0681a26cec 
Start importing Packages/com.unity.render-pipelines.core/Runtime/Lighting/SurfaceCache/RisEstimation.urtshader using Guid(713f6141bd66a134383b787f2eaa7c11) (ScriptedImporter)
Compiling Ray Tracing Shader "RisEstimation.urtshader", keywords = <no keywords>
    finished in 0.00 seconds. Local cache hits 1, remote cache hits 0, compiled 0 platform variants
 -> (Import Result ID: '1dd15efe1c4b83ea3528e7027e820fd4') in 0.0116662 seconds [static and dynamic dependencies]. Details - ImportResultOutputID=a82b30921765b6b760edc18ae26da013 DependenciesID=f3b053af63b22507009114238d81f9c7 StaticDependenciesID=1251c416255850dca778d66927462604 
Start importing Packages/com.unity.render-pipelines.core/Runtime/PathTracing/Shaders/LightmapShadowMaskIntegration.urtshader using Guid(d19f4f8a13b6edb48b986a47ec96402e) (ScriptedImporter)
Compiling Ray Tracing Shader "LightmapShadowMaskIntegration.urtshader", keywords = <no keywords>
    finished in 0.00 seconds. Local cache hits 1, remote cache hits 0, compiled 0 platform variants
 -> (Import Result ID: '1264b2a4a908397d4bb7c47aa92a8a25') in 0.0190494 seconds [static and dynamic dependencies]. Details - ImportResultOutputID=9ddff4634ab63ac904d73e2405da4094 DependenciesID=ffc8722471d032207ad4475b198cdbdd StaticDependenciesID=dddefbaa39ba5d51a386df5433e82fa1 
Start importing Packages/com.unity.render-pipelines.core/Runtime/PathTracing/Shaders/LightmapGBufferDebug.urtshader using Guid(737a1597422c12547a8714d76a9406ec) (ScriptedImporter)
Compiling Ray Tracing Shader "LightmapGBufferDebug.urtshader", keywords = <no keywords>
    finished in 0.00 seconds. Local cache hits 1, remote cache hits 0, compiled 0 platform variants
 -> (Import Result ID: 'b35177ed952a51fc283df3159d44faaf') in 0.0147218 seconds [static and dynamic dependencies]. Details - ImportResultOutputID=b679e100aa63bd47ce12189579d7bba5 DependenciesID=d5340e3f67ef7dbb5307a8b144a008af StaticDependenciesID=62194a0448f2b8616e1214fb593272db 
Start importing Packages/com.unity.render-pipelines.core/Runtime/PathTracing/Shaders/LightmapNormalIntegration.urtshader using Guid(1451d029813b192429211be28181beab) (ScriptedImporter)
Compiling Ray Tracing Shader "LightmapNormalIntegration.urtshader", keywords = <no keywords>
    finished in 0.00 seconds. Local cache hits 1, remote cache hits 0, compiled 0 platform variants
 -> (Import Result ID: '823f5b41eabbf5eae9e8850e8b1f0a34') in 0.0128898 seconds [static and dynamic dependencies]. Details - ImportResultOutputID=f5e78361ac1af9bf1d45dc9bbf4844d9 DependenciesID=e38c6a3e2ae63499c79d1ef6fd10e148 StaticDependenciesID=cbe3820d9825e61936c3967ec27e4e90 
Start importing Packages/com.unity.render-pipelines.core/Editor/Lighting/ProbeVolume/RenderingLayerMask/TraceRenderingLayerMask.urtshader using Guid(94a070d33e408384bafc1dea4a565df9) (ScriptedImporter)
Compiling Ray Tracing Shader "TraceRenderingLayerMask.urtshader", keywords = <no keywords>
    finished in 0.00 seconds. Local cache hits 1, remote cache hits 0, compiled 0 platform variants
 -> (Import Result ID: '19e1c1cd8ea8d38c44d891321b898df4') in 0.0099881 seconds [static and dynamic dependencies]. Details - ImportResultOutputID=b96706131d2589dbb3905ceda1ae1132 DependenciesID=5e0890490b5ab135ca6a223d42bdfdaf StaticDependenciesID=83d03f1fcc976b11b697d3bab0b97d8c 
Start importing Packages/com.unity.render-pipelines.core/Runtime/Lighting/SurfaceCache/UniformEstimation.urtshader using Guid(94a39d12848d8d64ca962a72b74e7c50) (ScriptedImporter)
Compiling Ray Tracing Shader "UniformEstimation.urtshader", keywords = <no keywords>
    finished in 0.00 seconds. Local cache hits 1, remote cache hits 0, compiled 0 platform variants
 -> (Import Result ID: '59ec6aad33e75dcfd97087078b776b91') in 0.0080155 seconds [static and dynamic dependencies]. Details - ImportResultOutputID=d38c271622dec39a1b5b288064f8e020 DependenciesID=f15628005f341703e44588dcd218e751 StaticDependenciesID=f100dc97879ef35876f7ad5427566dd9 
Start importing Packages/com.unity.render-pipelines.core/Tests/Editor/UnifiedRayTracing/TraceTransparentRays.urtshader using Guid(6513c3b892e933c4f8d00c19d5c47532) (ScriptedImporter)
Compiling Ray Tracing Shader "TraceTransparentRays.urtshader", keywords = <no keywords>
    finished in 0.00 seconds. Local cache hits 1, remote cache hits 0, compiled 0 platform variants
 -> (Import Result ID: 'd7d486e522e3a5cb2d50df80a312aef4') in 0.0070632 seconds [static and dynamic dependencies]. Details - ImportResultOutputID=8ef60b30aa3db6e9cbb0eb87f9cc877e DependenciesID=1a4ab7f03c6bb4e8662bb84ec03f26f1 StaticDependenciesID=5e41b194f27d8b70c797e75555e2b1f0 
Start importing Packages/com.unity.render-pipelines.core/Runtime/PathTracing/Shaders/LightmapIndirectIntegration.urtshader using Guid(7624adbeb148b5c48ab5ab660cc2602a) (ScriptedImporter)
Compiling Ray Tracing Shader "LightmapIndirectIntegration.urtshader", keywords = <no keywords>
    finished in 0.00 seconds. Local cache hits 1, remote cache hits 0, compiled 0 platform variants
 -> (Import Result ID: 'f49ae0a2a7320eedbddf6d02474736b8') in 0.0112506 seconds [static and dynamic dependencies]. Details - ImportResultOutputID=9f5f5060319712817c904aa3ef07c0bd DependenciesID=d341bd1b77e0ae0fe960dbb21ec48ae7 StaticDependenciesID=6d19372de11b03798f093933090e79bb 
Start importing Packages/com.unity.render-pipelines.core/Runtime/PathTracing/Shaders/LightmapGBufferIntegration.urtshader using Guid(e9f4de6d1e07fb94f9a60d35b618f724) (ScriptedImporter)
Compiling Ray Tracing Shader "LightmapGBufferIntegration.urtshader", keywords = <no keywords>
    finished in 0.00 seconds. Local cache hits 1, remote cache hits 0, compiled 0 platform variants
 -> (Import Result ID: '40074a96a3fe36c08698ce7b541bdcd0') in 0.0134836 seconds [static and dynamic dependencies]. Details - ImportResultOutputID=55f9af736fe1398b3c119b3cf21774d0 DependenciesID=6ee5dcd734e1e05dbeaec9a80fa64fb1 StaticDependenciesID=66dc06979910318021783fcb4ccd3ecc 
Start importing Packages/com.unity.render-pipelines.core/Editor/Lighting/ProbeVolume/DynamicGI/DynamicGISkyOcclusion.urtshader using Guid(5a2a534753fbdb44e96c3c78b5a6999d) (ScriptedImporter)
Compiling Ray Tracing Shader "DynamicGISkyOcclusion.urtshader", keywords = <no keywords>
    finished in 0.00 seconds. Local cache hits 1, remote cache hits 0, compiled 0 platform variants
 -> (Import Result ID: 'd8ded6dc5c3b04e91c062fec19c82a7c') in 0.0072236 seconds [static and dynamic dependencies]. Details - ImportResultOutputID=322d7d8fa876f352ce0db697b476b038 DependenciesID=5490f389d8f71a38daa5f6d84f0aee4b StaticDependenciesID=18974378deb0e4fc540e6b2321b0ff13 
Start importing Packages/com.unity.render-pipelines.core/Runtime/PathTracing/Shaders/LightmapDirectIntegration.urtshader using Guid(5bbebdef5916845478fcef13fa10d89f) (ScriptedImporter)
Compiling Ray Tracing Shader "LightmapDirectIntegration.urtshader", keywords = <no keywords>
    finished in 0.00 seconds. Local cache hits 1, remote cache hits 0, compiled 0 platform variants
 -> (Import Result ID: '7e27f8826a087acb9e8b0c854a1174b1') in 0.0102732 seconds [static and dynamic dependencies]. Details - ImportResultOutputID=ee07de9a1cfd7d1ea55ee050bdcb2f50 DependenciesID=7785453c74c66faa210e906a7c38c941 StaticDependenciesID=63188f79534be5f4b9e074ad4af5bfb7 
Start importing Packages/com.unity.render-pipelines.core/Tests/Editor/UnifiedRayTracing/TraceRaysAndFetchAttributes.urtshader using Guid(fbc59f55df2416344b008dc23753cae2) (ScriptedImporter)
Compiling Ray Tracing Shader "TraceRaysAndFetchAttributes.urtshader", keywords = <no keywords>
    finished in 0.00 seconds. Local cache hits 1, remote cache hits 0, compiled 0 platform variants
 -> (Import Result ID: '8e035d2af7af9aae17cd26d191149584') in 0.0056264 seconds [static and dynamic dependencies]. Details - ImportResultOutputID=b6e2eae356b5970494320f97574c4741 DependenciesID=0d9bee40825d6072233e26e62a49e6ca StaticDependenciesID=aa8291e86ea82085a643681c1c779d39 
Start importing Packages/com.unity.render-pipelines.core/Runtime/PathTracing/Shaders/LightmapAOIntegration.urtshader using Guid(1c410815c01ce1d4d82c645c0cd45747) (ScriptedImporter)
Compiling Ray Tracing Shader "LightmapAOIntegration.urtshader", keywords = <no keywords>
    finished in 0.00 seconds. Local cache hits 1, remote cache hits 0, compiled 0 platform variants
 -> (Import Result ID: '0ac6965b8f7c38236e998fbbd7c1923a') in 0.0103146 seconds [static and dynamic dependencies]. Details - ImportResultOutputID=b56d9ee1f70afc1d3714cd131cd4f4fb DependenciesID=9ea87e46a631c828066b2ff9bb32bcaf StaticDependenciesID=bcaf3aac9727a2ca27155e619d011e5f 
Start importing Packages/com.unity.render-pipelines.core/Runtime/PathTracing/Shaders/ProbeIntegrationValidity.urtshader using Guid(2c32233d92a2d0745930664c087c5c9a) (ScriptedImporter)
Compiling Ray Tracing Shader "ProbeIntegrationValidity.urtshader", keywords = <no keywords>
    finished in 0.00 seconds. Local cache hits 1, remote cache hits 0, compiled 0 platform variants
 -> (Import Result ID: 'a8a23debe44577f90b5dec603a3fead9') in 0.0085074 seconds [static and dynamic dependencies]. Details - ImportResultOutputID=004d617a6e19642074ae39fec2fdb46f DependenciesID=e7ca257ff36a7859dace051ddc6b714e StaticDependenciesID=4aea10376946a8225ccdfdec15a70dac 
Start importing Packages/com.unity.render-pipelines.core/Runtime/PathTracing/Shaders/LightmapValidityIntegration.urtshader using Guid(ace95ac84e213794891b4bd7c9b3c158) (ScriptedImporter)
Compiling Ray Tracing Shader "LightmapValidityIntegration.urtshader", keywords = <no keywords>
    finished in 0.00 seconds. Local cache hits 1, remote cache hits 0, compiled 0 platform variants
 -> (Import Result ID: '3e6495cc74158fc089ac7348abc0990f') in 0.0103091 seconds [static and dynamic dependencies]. Details - ImportResultOutputID=4c92990546703840ab0731a3c78282bd DependenciesID=420f3851492d6d21991e571fd3b69f3b StaticDependenciesID=46d905dacc01197a8e043a8ad4f9d21d 
Start importing Packages/com.unity.render-pipelines.core/Runtime/Lighting/SurfaceCache/RestirCandidateTemporal.urtshader using Guid(ad3a9f9982f8c4f4a839a78955e78458) (ScriptedImporter)
Compiling Ray Tracing Shader "RestirCandidateTemporal.urtshader", keywords = <no keywords>
    finished in 0.00 seconds. Local cache hits 1, remote cache hits 0, compiled 0 platform variants
 -> (Import Result ID: 'b2772b095459374b0ce32fe5c5282cd0') in 0.0075748 seconds [static and dynamic dependencies]. Details - ImportResultOutputID=842b178c635807ad6ced256ed1ed845e DependenciesID=03f07e01f4507dcb3b560ca183144bb5 StaticDependenciesID=2beaac54fac463ee5ee15c00b0990d01 
Start importing Packages/com.unity.render-pipelines.core/Runtime/PathTracing/Shaders/ProbeIntegrationIndirect.urtshader using Guid(5ecdabd800f05984696f22ba95284516) (ScriptedImporter)
Compiling Ray Tracing Shader "ProbeIntegrationIndirect.urtshader", keywords = <no keywords>
    finished in 0.00 seconds. Local cache hits 1, remote cache hits 0, compiled 0 platform variants
 -> (Import Result ID: '69c4b59316d985a619c749d3d1df2d13') in 0.0108792 seconds [static and dynamic dependencies]. Details - ImportResultOutputID=864430e1d9c31d570729614a30b581fb DependenciesID=b466b7b315c94abec71b14dac194ba85 StaticDependenciesID=83ecbbd61911181b4944eb7ac9eabee5 
Start importing Packages/com.unity.render-pipelines.core/Tests/Runtime/PathTracing/PathIteratorTest.urtshader using Guid(6e0b547bab30a804c8123974120d583f) (ScriptedImporter)
Compiling Ray Tracing Shader "PathIteratorTest.urtshader", keywords = <no keywords>
    finished in 0.00 seconds. Local cache hits 1, remote cache hits 0, compiled 0 platform variants
 -> (Import Result ID: 'cbaa7cf98b3fda79f881a754b07aea17') in 0.0124519 seconds [static and dynamic dependencies]. Details - ImportResultOutputID=d563fb3c6214fd8cb4b04517cbbaee3c DependenciesID=03a825de69f655d44bbbd0af80de6114 StaticDependenciesID=cf2a33ce9b71ea08a4459556694e1323 
Start importing Packages/com.unity.render-pipelines.core/Runtime/PathTracing/Shaders/LiveGI.urtshader using Guid(ceb7a31b84722d144bbeff1c8cd88769) (ScriptedImporter)
Compiling Ray Tracing Shader "LiveGI.urtshader", keywords = <no keywords>
    finished in 0.00 seconds. Local cache hits 1, remote cache hits 0, compiled 0 platform variants
 -> (Import Result ID: '2d4831187b3e64e39190dcf379c41fe6') in 0.012231 seconds [static and dynamic dependencies]. Details - ImportResultOutputID=65d555f817fadb95ff80352c8534f258 DependenciesID=626e06ace4e9f92250fabde5a394d4cb StaticDependenciesID=628001b751fe9fddf64a203b1446575e 
Start importing Packages/com.unity.render-pipelines.core/Runtime/PathTracing/Shaders/ProbeIntegrationOcclusion.urtshader using Guid(de3013e16d99f2746ab1735ec06a660b) (ScriptedImporter)
Compiling Ray Tracing Shader "ProbeIntegrationOcclusion.urtshader", keywords = <no keywords>
    finished in 0.00 seconds. Local cache hits 1, remote cache hits 0, compiled 0 platform variants
 -> (Import Result ID: '3ab899dff91ff43fbf28ce3aef005ccc') in 0.0124022 seconds [static and dynamic dependencies]. Details - ImportResultOutputID=675157276d5fff80627b160cb4bb03c8 DependenciesID=4124a28ec2a70f5622584573dc02e1cc StaticDependenciesID=183f3d853e4af89ec08f4e79696e167d 
Start importing Packages/com.unity.render-pipelines.core/Runtime/PathTracing/Shaders/ProbeIntegrationDirect.urtshader using Guid(1f9bfe60b4ad75943a5281839c1a4e5c) (ScriptedImporter)
Compiling Ray Tracing Shader "ProbeIntegrationDirect.urtshader", keywords = <no keywords>
    finished in 0.00 seconds. Local cache hits 1, remote cache hits 0, compiled 0 platform variants
 -> (Import Result ID: '21bd43bf1c8d1b040a094f675b2a3e22') in 0.0117316 seconds [static and dynamic dependencies]. Details - ImportResultOutputID=0f93da1bb307c2ba4ba0363c3a7bbb54 DependenciesID=e3269ad8286d5f398dfac79c87f58e6f StaticDependenciesID=d3f99f9cc1ae2c0c0147c2fa8da668fc 
Start importing Packages/com.unity.render-pipelines.core/Editor/Lighting/ProbeVolume/VirtualOffset/TraceVirtualOffset.urtshader using Guid(ff2cbab5da58bf04d82c5f34037ed123) (ScriptedImporter)
Compiling Ray Tracing Shader "TraceVirtualOffset.urtshader", keywords = <no keywords>
    finished in 0.00 seconds. Local cache hits 1, remote cache hits 0, compiled 0 platform variants
 -> (Import Result ID: '0832d6c59b134a92ec4c8c2c488555ae') in 0.0093706 seconds [static and dynamic dependencies]. Details - ImportResultOutputID=87b1922dc5d16cf698da333183cb3f5e DependenciesID=70c9ad4e073348d2bce2fc548e38b16e StaticDependenciesID=f51ff46b48d84884c883ac486ebfd7f9 
(Values over 0.050ms)
Asset Pipeline Refresh (id=5ef6e099b9272c842b6f50493a274729): Total: 8.431 seconds - Initiated by InitialRefreshV2(ForceSynchronousImport)
	Summary:
		Imports: total=1 (actual=1, local cache=0, cache server=0)
		Asset DB Process Time: managed=4 ms, native=4083 ms
		Asset DB Callback time: managed=402 ms, native=140 ms
		Scripting: domain reloads=1, domain reload time=1010 ms, compile time=2736 ms, other=51 ms
		Project Asset Count: scripts=1372, non-scripts=2596
		Asset File Changes: new=0, changed=1, moved=0, deleted=0
		Scan Filter Count: 0
	InvokePackagesCallback: 23.031ms
	ApplyChangesToAssetFolders: 0.830ms
	Scan: 306.675ms
	OnSourceAssetsModified: 0.848ms
	CategorizeScriptCompilationAssets: 64.983ms
	ProcessAssetsWithTransientArtifactChanges: 78.487ms
	CategorizeAssets: 51.426ms
	CompileScripts: 2735.876ms
	ImportOutOfDateAssets: 3457.850ms (3148.099ms without children)
		ImportManagerImport: 307.112ms (4.337ms without children)
		UnloadImportedAssets: 0.971ms
		ReloadImportedAssets: 1.148ms
		EnsureUptoDateAssetsAreRegisteredWithGuidPM: 1.096ms
		OnDemandSchedulerStart: 0.529ms
	PostProcessAllAssets: 518.245ms
		ComputeShaderImportPostprocess 56.417ms
		RaytracingShaderImportPostprocess 54.374ms
		AssemblyValidation.PostprocessAllAssets 2.731ms
		VCAutoAddAssetPostprocess 1.278ms
		XRBuildSystem.XRAssetImported 0.340ms
		MonoPostProcessAllAssets: 402.164ms
			AssetPostprocessor.OnPostprocessAllAssets 184.816ms
			SyncVS.PostprocessSyncProject 134.101ms
			StyleCatalogPostProcessor.OnPostprocessAllAssets 35.930ms
			UniversalRenderPipelineGlobalSettingsPostprocessor.OnPostprocessAllAssets 10.536ms
			BuilderAssetPostprocessor.OnPostprocessAllAssets 7.111ms
			ReferencedClipsPostProcessor.OnPostprocessAllAssets 2.318ms
			SpeedTree9Postprocessor.OnPostprocessAllAssets 2.176ms
			ShaderGraphAssetPostProcessor.OnPostprocessAllAssets 2.126ms
			WindowAssetPostprocessingWatcher.OnPostprocessAllAssets 1.805ms
			AssetChangedListener.OnPostprocessAllAssets 1.568ms
			RetainedModeAssetPostprocessor.OnPostprocessAllAssets 1.268ms
			MaterialPostprocessor.OnPostprocessAllAssets 0.858ms
			RenderPipelineGlobalSettingsPostprocessor.OnPostprocessAllAssets 0.696ms
			TextAssetPostProcessor.OnPostprocessAllAssets 0.591ms
			AssetEvents.OnPostprocessAllAssets 0.590ms
			ArtifactBrowserPostProcessor.OnPostprocessAllAssets 0.539ms
			InputActionAssetPostprocessor.OnPostprocessAllAssets 0.522ms
			TMPro_TexturePostProcessor.OnPostprocessAllAssets 0.468ms
			PostProcessor.OnPostprocessAllAssets 0.444ms
			InputActionJsonNameModifierAssetProcessor.OnPostprocessAllAssets 0.427ms
			UVCSAssetPostprocessor.OnPostprocessAllAssets 0.373ms
			AudioMixerPostprocessor.OnPostprocessAllAssets 0.350ms
			TerrainToolbarOverlayPostProcessor.OnPostprocessAllAssets 0.303ms
			SpeedTreePostProcessor.OnPostprocessAllAssets 0.179ms
			ProjectSettingsPostprocessor.OnPostprocessAllAssets 0.178ms
			AssetDatabaseCallbacks.OnPostprocessAllAssets 0.164ms
			SamplePostprocessor.OnPostprocessAllAssets 0.151ms
			ConfigAssetsTracker.OnPostprocessAllAssets 0.142ms
			ScenarioDriftAssetsTracker.OnPostprocessAllAssets 0.123ms
			AudioContainerPostProcessor.OnPostprocessAllAssets 0.071ms
	PostAssetChangesProfiler: 3.532ms
	UnloadStreamsBegin: 3.182ms
	PersistCurrentRevisions: 0.243ms
	GenerateScriptTypeHashes: 2.756ms
	GenerateScriptTypeSerializationHashes: 5.155ms
	Untracked: 1184.270ms

Application.AssetDatabase Initial Refresh End
Scanning for USB devices : 2.855ms
Initializing Unity extensions:
[MODES] ModeService[none].Initialize
[MODES] ModeService[none].LoadModes
[MODES] Loading mode Default (0) for mode-current-id-Mundo aprendo tesis
Unloading 47 Unused Serialized files (Serialized files now loaded: 0)
Unloading 6670 unused Assets / (8.6 MB). Loaded Objects now: 7480.
Memory consumption went from 215.7 MB to 207.1 MB.
Total: 11.662800 ms (FindLiveObjects: 1.084900 ms CreateObjectMapping: 1.427900 ms MarkObjects: 5.918000 ms  DeleteObjects: 3.230000 ms)

[Project] Loading completed in 13.055 seconds
	Project init time: 				12.074 seconds
		Template init time: 		0.000 seconds
		Package Manager init time: 		1.367 seconds
		Asset Database init time: 		0.123 seconds
		Global illumination init time: 	0.002 seconds
		Assemblies load time: 			1.250 seconds
		Unity extensions init time: 	0.009 seconds
		Asset Database refresh time: 	8.432 seconds
	Scene opening time: 			0.905 seconds
##utp:{"type":"ProjectInfo","version":2,"phase":"Immediate","time":1782031581549,"processId":19904,"projectLoad":13.0546039,"projectInit":12.0744819,"templateInit":0.0,"packageManagerInit":1.3673408,"assetDatabaseInit":0.1231173,"globalIlluminationInit":0.002093,"assembliesLoad":1.2500863,"unityExtensionsInit":0.0086114,"assetDatabaseRefresh":8.4318765,"sceneOpening":0.9047966}
##utp:{"type":"EditorInfo","version":2,"phase":"Immediate","time":1782031581549,"processId":19904,"editorVersion":"6000.4.0f1 (8cf496087c8f)","branch":"6000.4/staging","buildType":"Release","platform":"Windows"}
Launched and connected shader compiler UnityShaderCompiler.exe after 0.01 seconds
Asset Pipeline Refresh (id=d9644802ab0bb3142a24c6577b903fbf): Total: 0.045 seconds - Initiated by RefreshV2(NoUpdateAssetOptions)
[Licensing::Client] Successfully resolved entitlement details
Running tests for ExecutionSettings with details:
targetPlatform = 
playerHeartbeatTimeout = 600
filters[0] = 
   Filter with settings:
   testMode = PlayMode
   targetPlatform = 
   testNames = null
   groupNames = null
   categoryNames = null
   assemblyNames = null
ignoreTests = {}
featureFlags = null

UnityEngine.Debug:ExtractStackTraceNoAlloc (byte*,int,string)
UnityEngine.StackTraceUtility:ExtractStackTrace ()
UnityEngine.DebugLogHandler:Internal_Log (UnityEngine.LogType,UnityEngine.LogOption,string,UnityEngine.Object)
UnityEngine.DebugLogHandler:LogFormat (UnityEngine.LogType,UnityEngine.Object,string,object[])
UnityEngine.Logger:Log (UnityEngine.LogType,object)
UnityEngine.Debug:Log (object)
UnityEditor.TestTools.TestRunner.CommandLineTest.Executer:InitializeAndExecuteRun (string[]) (at ./Library/PackageCache/com.unity.test-framework@629486125cfc/UnityEditor.TestRunner/CommandLineTest/Executer.cs:53)
UnityEditor.TestTools.TestRunner.CommandLineTest.TestStarter:InitializeAndExecuteRun () (at ./Library/PackageCache/com.unity.test-framework@629486125cfc/UnityEditor.TestRunner/CommandLineTest/TestStarter.cs:64)
UnityEditor.EditorApplication:Internal_CallUpdateFunctions ()

(Filename: ./Library/PackageCache/com.unity.test-framework@629486125cfc/UnityEditor.TestRunner/CommandLineTest/Executer.cs Line: 53)

Start Indexing on Editor startup
[Indexing] Starting Initial Indexing for Assets
[UnityConnectServicesConfig] config is NOT valid, switching to default
Created GICache directory at C:/Users/Boloxdhd/AppData/LocalLow/Unity/Caches/GiCache. Took: 0.014s, timestamps: [13.057 - 13.072]
[Licensing::Client] Successfully resolved entitlement details
Unloading 4 Unused Serialized files (Serialized files now loaded: 0)
Unloading 4 unused Assets / (57.2 KB). Loaded Objects now: 7523.
Memory consumption went from 205.6 MB to 205.6 MB.
Total: 8.373900 ms (FindLiveObjects: 0.538300 ms CreateObjectMapping: 0.485100 ms MarkObjects: 7.279500 ms  DeleteObjects: 0.070000 ms)

Start importing Assets/InitTestScenef229941f-7c4d-49c4-a2df-ac1c85c50ddb.unity using Guid(f2d27392d322c814cbf951540e2e86ed) (DefaultImporter) -> (Import Result ID: '19eee00720f97fa519d92e15fda7ccc4') in 0.0012204 seconds [static dependencies only]. Details - ImportResultOutputID=1a2e853efb0ead1501b50a08b896d1ee DependenciesID=dbe028f6a61413dd6292305d7cfd5094 StaticDependenciesID=f0c17d2a870fc0036a9e846ba096a29d 
Asset Pipeline Refresh (id=acf6445bde3ed2c47ae593c6a9443ad8): Total: 0.051 seconds - Initiated by StopAssetImportingV2(NoUpdateAssetOptions)
Executing IPrebuildSetup for: Unity.PerformanceTesting.Editor.TestRunBuilder.
UnityEngine.Debug:ExtractStackTraceNoAlloc (byte*,int,string)
UnityEngine.StackTraceUtility:ExtractStackTrace ()
UnityEngine.DebugLogHandler:Internal_Log (UnityEngine.LogType,UnityEngine.LogOption,string,UnityEngine.Object)
UnityEngine.DebugLogHandler:LogFormat (UnityEngine.LogType,UnityEngine.Object,string,object[])
UnityEngine.Logger:Log (UnityEngine.LogType,object)
UnityEngine.Debug:Log (object)
UnityEditor.TestTools.TestRunner.TestRun.Tasks.BuildActionTaskBase`1/<ExecuteMethods>d__8<UnityEngine.TestTools.IPrebuildSetup>:MoveNext () (at ./Library/PackageCache/com.unity.test-framework@629486125cfc/UnityEditor.TestRunner/TestRun/Tasks/BuildActionTaskBase.cs:48)
UnityEditor.TestTools.TestRunner.TestRun.Tasks.BuildActionTaskBase`1/<Execute>d__7<UnityEngine.TestTools.IPrebuildSetup>:MoveNext () (at ./Library/PackageCache/com.unity.test-framework@629486125cfc/UnityEditor.TestRunner/TestRun/Tasks/BuildActionTaskBase.cs:34)
UnityEditor.TestTools.TestRunner.TestRun.TestJobRunner:ExecuteStep () (at ./Library/PackageCache/com.unity.test-framework@629486125cfc/UnityEditor.TestRunner/TestRun/TestJobRunner.cs:173)
UnityEditor.TestTools.TestRunner.TestRun.TestJobRunner:ExecuteCallback () (at ./Library/PackageCache/com.unity.test-framework@629486125cfc/UnityEditor.TestRunner/TestRun/TestJobRunner.cs:108)
UnityEditor.EditorApplication:Internal_CallUpdateFunctions ()

(Filename: ./Library/PackageCache/com.unity.test-framework@629486125cfc/UnityEditor.TestRunner/TestRun/Tasks/BuildActionTaskBase.cs Line: 48)

Reloading assemblies for play mode.
Reloading assemblies after forced synchronous recompile.
Assembly Assembly-CSharp-Editor-firstpass.dll at Library/ScriptAssemblies/Assembly-CSharp-Editor-firstpass.dll not valid. Loading of assembly skipped.
Assembly Assembly-CSharp-firstpass.dll at Library/ScriptAssemblies/Assembly-CSharp-firstpass.dll not valid. Loading of assembly skipped.
Assembly DocCodeExamples.dll at Library/ScriptAssemblies/DocCodeExamples.dll not valid. Loading of assembly skipped.
Assembly TestNewCustomAssembly.dll at Library/ScriptAssemblies/TestNewCustomAssembly.dll not valid. Loading of assembly skipped.
Assembly Unity.Collections.BurstCompatibilityGen.dll at Library/ScriptAssemblies/Unity.Collections.BurstCompatibilityGen.dll not valid. Loading of assembly skipped.
Assembly Unity.Collections.DocCodeSamples.dll at Library/ScriptAssemblies/Unity.Collections.DocCodeSamples.dll not valid. Loading of assembly skipped.
Assembly Unity.Collections.PerformanceTests.dll at Library/ScriptAssemblies/Unity.Collections.PerformanceTests.dll not valid. Loading of assembly skipped.
Assembly Unity.Collections.Tests.dll at Library/ScriptAssemblies/Unity.Collections.Tests.dll not valid. Loading of assembly skipped.
Assembly Unity.Collections.Tests.Playmode.dll at Library/ScriptAssemblies/Unity.Collections.Tests.Playmode.dll not valid. Loading of assembly skipped.
Assembly Unity.InputSystem.IntegrationTests.dll at Library/ScriptAssemblies/Unity.InputSystem.IntegrationTests.dll not valid. Loading of assembly skipped.
Assembly Unity.Mathematics.Tests.dll at Library/ScriptAssemblies/Unity.Mathematics.Tests.dll not valid. Loading of assembly skipped.
Assembly Unity.Multiplayer.Center.Editor.Tests.dll at Library/ScriptAssemblies/Unity.Multiplayer.Center.Editor.Tests.dll not valid. Loading of assembly skipped.
Assembly Unity.Multiplayer.Center.Tests.dll at Library/ScriptAssemblies/Unity.Multiplayer.Center.Tests.dll not valid. Loading of assembly skipped.
Assembly Unity.Nuget.Mono-Cecil.dll at Library/ScriptAssemblies/Unity.Nuget.Mono-Cecil.dll not valid. Loading of assembly skipped.
Assembly Unity.PathTracing.Editor.Tests.dll at Library/ScriptAssemblies/Unity.PathTracing.Editor.Tests.dll not valid. Loading of assembly skipped.
Assembly Unity.PathTracing.Runtime.Tests.dll at Library/ScriptAssemblies/Unity.PathTracing.Runtime.Tests.dll not valid. Loading of assembly skipped.
Assembly Unity.RenderPipelines.Core.Editor.Tests.dll at Library/ScriptAssemblies/Unity.RenderPipelines.Core.Editor.Tests.dll not valid. Loading of assembly skipped.
Assembly Unity.RenderPipelines.Core.Runtime.Tests.dll at Library/ScriptAssemblies/Unity.RenderPipelines.Core.Runtime.Tests.dll not valid. Loading of assembly skipped.
Assembly Unity.RenderPipelines.Universal.Config.Editor.Tests.dll at Library/ScriptAssemblies/Unity.RenderPipelines.Universal.Config.Editor.Tests.dll not valid. Loading of assembly skipped.
Assembly Unity.RenderPipelines.Universal.Editor.Tests.dll at Library/ScriptAssemblies/Unity.RenderPipelines.Universal.Editor.Tests.dll not valid. Loading of assembly skipped.
Assembly Unity.RenderPipelines.Universal.Runtime.Tests.dll at Library/ScriptAssemblies/Unity.RenderPipelines.Universal.Runtime.Tests.dll not valid. Loading of assembly skipped.
Assembly Unity.Searcher.EditorTests.dll at Library/ScriptAssemblies/Unity.Searcher.EditorTests.dll not valid. Loading of assembly skipped.
Assembly Unity.ShaderGraph.Editor.Tests.dll at Library/ScriptAssemblies/Unity.ShaderGraph.Editor.Tests.dll not valid. Loading of assembly skipped.
Assembly Unity.TextMeshPro.Editor.Tests.dll at Library/ScriptAssemblies/Unity.TextMeshPro.Editor.Tests.dll not valid. Loading of assembly skipped.
Assembly Unity.TextMeshPro.Tests.dll at Library/ScriptAssemblies/Unity.TextMeshPro.Tests.dll not valid. Loading of assembly skipped.
Assembly Unity.UnifiedRayTracing.Editor.Tests.dll at Library/ScriptAssemblies/Unity.UnifiedRayTracing.Editor.Tests.dll not valid. Loading of assembly skipped.
Assembly UnityEditor.UI.Common.Tests.dll at Library/ScriptAssemblies/UnityEditor.UI.Common.Tests.dll not valid. Loading of assembly skipped.
Assembly UnityEditor.UI.EditorTests.dll at Library/ScriptAssemblies/UnityEditor.UI.EditorTests.dll not valid. Loading of assembly skipped.
Assembly UnityEngine.UI.Tests.dll at Library/ScriptAssemblies/UnityEngine.UI.Tests.dll not valid. Loading of assembly skipped.
Begin MonoManager ReloadAssembly
Assembly Assembly-CSharp-Editor-firstpass.dll at Library/ScriptAssemblies/Assembly-CSharp-Editor-firstpass.dll not valid. Loading of assembly skipped.
Assembly Assembly-CSharp-firstpass.dll at Library/ScriptAssemblies/Assembly-CSharp-firstpass.dll not valid. Loading of assembly skipped.
Assembly DocCodeExamples.dll at Library/ScriptAssemblies/DocCodeExamples.dll not valid. Loading of assembly skipped.
Assembly TestNewCustomAssembly.dll at Library/ScriptAssemblies/TestNewCustomAssembly.dll not valid. Loading of assembly skipped.
Assembly Unity.Collections.BurstCompatibilityGen.dll at Library/ScriptAssemblies/Unity.Collections.BurstCompatibilityGen.dll not valid. Loading of assembly skipped.
Assembly Unity.Collections.DocCodeSamples.dll at Library/ScriptAssemblies/Unity.Collections.DocCodeSamples.dll not valid. Loading of assembly skipped.
Assembly Unity.Collections.PerformanceTests.dll at Library/ScriptAssemblies/Unity.Collections.PerformanceTests.dll not valid. Loading of assembly skipped.
Assembly Unity.Collections.Tests.dll at Library/ScriptAssemblies/Unity.Collections.Tests.dll not valid. Loading of assembly skipped.
Assembly Unity.Collections.Tests.Playmode.dll at Library/ScriptAssemblies/Unity.Collections.Tests.Playmode.dll not valid. Loading of assembly skipped.
Assembly Unity.InputSystem.IntegrationTests.dll at Library/ScriptAssemblies/Unity.InputSystem.IntegrationTests.dll not valid. Loading of assembly skipped.
Assembly Unity.Mathematics.Tests.dll at Library/ScriptAssemblies/Unity.Mathematics.Tests.dll not valid. Loading of assembly skipped.
Assembly Unity.Multiplayer.Center.Editor.Tests.dll at Library/ScriptAssemblies/Unity.Multiplayer.Center.Editor.Tests.dll not valid. Loading of assembly skipped.
Assembly Unity.Multiplayer.Center.Tests.dll at Library/ScriptAssemblies/Unity.Multiplayer.Center.Tests.dll not valid. Loading of assembly skipped.
Assembly Unity.Nuget.Mono-Cecil.dll at Library/ScriptAssemblies/Unity.Nuget.Mono-Cecil.dll not valid. Loading of assembly skipped.
Assembly Unity.PathTracing.Editor.Tests.dll at Library/ScriptAssemblies/Unity.PathTracing.Editor.Tests.dll not valid. Loading of assembly skipped.
Assembly Unity.PathTracing.Runtime.Tests.dll at Library/ScriptAssemblies/Unity.PathTracing.Runtime.Tests.dll not valid. Loading of assembly skipped.
Assembly Unity.RenderPipelines.Core.Editor.Tests.dll at Library/ScriptAssemblies/Unity.RenderPipelines.Core.Editor.Tests.dll not valid. Loading of assembly skipped.
Assembly Unity.RenderPipelines.Core.Runtime.Tests.dll at Library/ScriptAssemblies/Unity.RenderPipelines.Core.Runtime.Tests.dll not valid. Loading of assembly skipped.
Assembly Unity.RenderPipelines.Universal.Config.Editor.Tests.dll at Library/ScriptAssemblies/Unity.RenderPipelines.Universal.Config.Editor.Tests.dll not valid. Loading of assembly skipped.
Assembly Unity.RenderPipelines.Universal.Editor.Tests.dll at Library/ScriptAssemblies/Unity.RenderPipelines.Universal.Editor.Tests.dll not valid. Loading of assembly skipped.
Assembly Unity.RenderPipelines.Universal.Runtime.Tests.dll at Library/ScriptAssemblies/Unity.RenderPipelines.Universal.Runtime.Tests.dll not valid. Loading of assembly skipped.
Assembly Unity.Searcher.EditorTests.dll at Library/ScriptAssemblies/Unity.Searcher.EditorTests.dll not valid. Loading of assembly skipped.
Assembly Unity.ShaderGraph.Editor.Tests.dll at Library/ScriptAssemblies/Unity.ShaderGraph.Editor.Tests.dll not valid. Loading of assembly skipped.
Assembly Unity.TextMeshPro.Editor.Tests.dll at Library/ScriptAssemblies/Unity.TextMeshPro.Editor.Tests.dll not valid. Loading of assembly skipped.
Assembly Unity.TextMeshPro.Tests.dll at Library/ScriptAssemblies/Unity.TextMeshPro.Tests.dll not valid. Loading of assembly skipped.
Assembly Unity.UnifiedRayTracing.Editor.Tests.dll at Library/ScriptAssemblies/Unity.UnifiedRayTracing.Editor.Tests.dll not valid. Loading of assembly skipped.
Assembly UnityEditor.UI.Common.Tests.dll at Library/ScriptAssemblies/UnityEditor.UI.Common.Tests.dll not valid. Loading of assembly skipped.
Assembly UnityEditor.UI.EditorTests.dll at Library/ScriptAssemblies/UnityEditor.UI.EditorTests.dll not valid. Loading of assembly skipped.
Assembly UnityEngine.UI.Tests.dll at Library/ScriptAssemblies/UnityEngine.UI.Tests.dll not valid. Loading of assembly skipped.
Native extension for Android target not found
Native extension for WindowsStandalone target not found
ScheduleIndexationOnStartup MainProcess:True IndexOnStartup:True
Mono: successfully reloaded assembly
- Finished resetting the current domain, in  1.050 seconds
Domain Reload Profiling: 1977ms
	BeginReloadAssembly (557ms)
		DisableScriptedObjects (19ms)
		CreateAndSetChildDomain (409ms)
	RebuildCommonClasses (38ms)
	RebuildNativeTypeToScriptingClass (14ms)
	initialDomainReloadingComplete (59ms)
	LoadAllAssembliesAndSetupDomain (258ms)
		LoadAssemblies (140ms)
		AnalyzeDomain (199ms)
			TypeCache.Refresh (8ms)
			BuildScriptInfoCaches (173ms)
			ResolveRequiredComponents (16ms)
	FinalizeReload (1051ms)
		SetupLoadedEditorAssemblies (0ms)
			InitializePlatformSupportModulesInManaged (33ms)
			BeforeProcessingInitializeOnLoad (168ms)
			ProcessInitializeOnLoadAttributes (308ms)
			ProcessInitializeOnLoadMethodAttributes (180ms)
			AfterProcessingInitializeOnLoad (7ms)
		AwakeInstancesAfterBackupRestoration (33ms)
(Values over 0.050ms)
Asset Pipeline Refresh (id=a0ab67a82e18b89448f48944145e89e8): Total: 2.149 seconds - Initiated by StopAssetImportingV2(ForceSynchronousImport | ForceDomainReload)
	Summary:
		Imports: total=0 (actual=0, local cache=0, cache server=0)
		Asset DB Process Time: managed=0 ms, native=1137 ms
		Asset DB Callback time: managed=33 ms, native=0 ms
		Scripting: domain reloads=1, domain reload time=975 ms, compile time=1 ms, other=0 ms
		Project Asset Count: scripts=1372, non-scripts=2597
		Asset File Changes: new=0, changed=0, moved=0, deleted=0
		Scan Filter Count: 0
	InvokePackagesCallback: 1.696ms
	ApplyChangesToAssetFolders: 0.266ms
	ProcessAssetsWithTransientArtifactChanges: 4.118ms
	CategorizeAssets: 48.622ms
	CompileScripts: 1.179ms
	ImportOutOfDateAssets: 1058.665ms (1056.468ms without children)
		CollectScriptTypesHashes: 1.662ms
		ReloadNativeAssets: 1.131ms
		UnloadImportedAssets: 0.071ms
		EnsureUptoDateAssetsAreRegisteredWithGuidPM: 0.675ms
		OnDemandSchedulerStart: 0.292ms
	PostProcessAllAssets: 33.916ms
		MonoPostProcessAllAssets: 33.911ms
			UniversalRenderPipelineGlobalSettingsPostprocessor.OnPostprocessAllAssets 10.043ms
			SyncVS.PostprocessSyncProject 9.465ms
			WindowAssetPostprocessingWatcher.OnPostprocessAllAssets 1.901ms
			SpeedTree9Postprocessor.OnPostprocessAllAssets 1.797ms
			AssetPostprocessor.OnPostprocessAllAssets 0.886ms
			RenderPipelineGlobalSettingsPostprocessor.OnPostprocessAllAssets 0.646ms
			ReferencedClipsPostProcessor.OnPostprocessAllAssets 0.338ms
			InputActionAssetPostprocessor.OnPostprocessAllAssets 0.275ms
			TerrainToolbarOverlayPostProcessor.OnPostprocessAllAssets 0.187ms
			ProjectSettingsPostprocessor.OnPostprocessAllAssets 0.172ms
			AssetDatabaseCallbacks.OnPostprocessAllAssets 0.161ms
			AssetChangedListener.OnPostprocessAllAssets 0.087ms
	GatherAllCurrentPrimaryImportResultRevisions: 0.150ms
	UnloadStreamsBegin: 0.155ms
	PersistCurrentRevisions: 0.108ms
	GenerateScriptTypeHashes: 4.765ms
	GenerateScriptTypeSerializationHashes: 7.920ms
	Untracked: 995.967ms

Loaded scene 'Temp/__Backupscenes/0.backup'
	Deserialize:            0.769 ms
	Integration:            229.489 ms
	Integration of assets:  0.001 ms
	Thread Wait Time:       0.005 ms
	Total Operation Time:   230.264 ms
[MODES] ModeService[none].Initialize
[MODES] ModeService[none].LoadModes
[Licensing::Client] Successfully resolved entitlement details
[Licensing::Client] Successfully resolved entitlement details
Unloading 42 Unused Serialized files (Serialized files now loaded: 0)
UnloadTime: 0.198700 ms
Loaded scene 'Assets/Scenes/Menu.unity'
	Deserialize:            95.452 ms
	Integration:            689.680 ms
	Integration of assets:  31.081 ms
	Thread Wait Time:       1.616 ms
	Total Operation Time:   817.829 ms
Unloading 169 unused Assets / (63.1 KB). Loaded Objects now: 8299.
Memory consumption went from 234.4 MB to 234.4 MB.
Total: 10.463800 ms (FindLiveObjects: 0.780100 ms CreateObjectMapping: 0.731100 ms MarkObjects: 8.081200 ms  DeleteObjects: 0.870300 ms)

Unloading 8 Unused Serialized files (Serialized files now loaded: 0)
UnloadTime: 10.184400 ms
Loaded scene 'Assets/Scenes/SeleccionMundos.unity'
	Deserialize:            17.714 ms
	Integration:            213.200 ms
	Integration of assets:  0.378 ms
	Thread Wait Time:       22.744 ms
	Total Operation Time:   254.036 ms
Unloading 113 unused Assets / (74.3 KB). Loaded Objects now: 8148.
Memory consumption went from 229.4 MB to 229.3 MB.
Total: 9.108500 ms (FindLiveObjects: 0.507200 ms CreateObjectMapping: 0.331700 ms MarkObjects: 7.867300 ms  DeleteObjects: 0.401600 ms)

Unloading 5 Unused Serialized files (Serialized files now loaded: 0)
UnloadTime: 1.581900 ms
Loaded scene 'Assets/Scenes/MundoMusical.unity'
	Deserialize:            12.010 ms
	Integration:            193.434 ms
	Integration of assets:  0.182 ms
	Thread Wait Time:       20.274 ms
	Total Operation Time:   225.901 ms
Unloading 28 unused Assets / (9.4 KB). Loaded Objects now: 7896.
Memory consumption went from 222.5 MB to 222.5 MB.
Total: 8.592300 ms (FindLiveObjects: 0.598600 ms CreateObjectMapping: 0.351600 ms MarkObjects: 7.515700 ms  DeleteObjects: 0.125300 ms)

Unloading 5 Unused Serialized files (Serialized files now loaded: 0)
UnloadTime: 0.993400 ms
VoiceRecognitionTest: falta asignar Support Mode Panel. Crealo en la escena y arrastralo desde el Inspector.
UnityEngine.Debug:ExtractStackTraceNoAlloc (byte*,int,string)
UnityEngine.StackTraceUtility:ExtractStackTrace ()
UnityEngine.DebugLogHandler:Internal_Log (UnityEngine.LogType,UnityEngine.LogOption,string,UnityEngine.Object)
UnityEngine.DebugLogHandler:LogFormat (UnityEngine.LogType,UnityEngine.Object,string,object[])
UnityEngine.Logger:Log (UnityEngine.LogType,object)
UnityEngine.Debug:LogWarning (object)
Bolin.VoiceRecognitionTest:WarnMissingSceneReferences () (at Assets/Mundo Aprendo/Scripts/MundoCuentos/Scripts/VoiceRecognitionTest.cs:626)
Bolin.VoiceRecognitionTest:Awake () (at Assets/Mundo Aprendo/Scripts/MundoCuentos/Scripts/VoiceRecognitionTest.cs:90)

(Filename: Assets/Mundo Aprendo/Scripts/MundoCuentos/Scripts/VoiceRecognitionTest.cs Line: 626)

VoiceRecognitionTest: falta asignar Support Input Field. Crealo en la escena para usar entrada manual.
UnityEngine.Debug:ExtractStackTraceNoAlloc (byte*,int,string)
UnityEngine.StackTraceUtility:ExtractStackTrace ()
UnityEngine.DebugLogHandler:Internal_Log (UnityEngine.LogType,UnityEngine.LogOption,string,UnityEngine.Object)
UnityEngine.DebugLogHandler:LogFormat (UnityEngine.LogType,UnityEngine.Object,string,object[])
UnityEngine.Logger:Log (UnityEngine.LogType,object)
UnityEngine.Debug:LogWarning (object)
Bolin.VoiceRecognitionTest:WarnMissingSceneReferences () (at Assets/Mundo Aprendo/Scripts/MundoCuentos/Scripts/VoiceRecognitionTest.cs:631)
Bolin.VoiceRecognitionTest:Awake () (at Assets/Mundo Aprendo/Scripts/MundoCuentos/Scripts/VoiceRecognitionTest.cs:90)

(Filename: Assets/Mundo Aprendo/Scripts/MundoCuentos/Scripts/VoiceRecognitionTest.cs Line: 631)

Loaded scene 'Assets/Scenes/MundoCuentos_VozTest.unity'
	Deserialize:            8.761 ms
	Integration:            199.281 ms
	Integration of assets:  0.356 ms
	Thread Wait Time:       23.917 ms
	Total Operation Time:   232.315 ms
Unloading 16 unused Assets / (4.6 KB). Loaded Objects now: 7803.
Memory consumption went from 222.6 MB to 222.6 MB.
Total: 11.019000 ms (FindLiveObjects: 0.527800 ms CreateObjectMapping: 0.610000 ms MarkObjects: 9.746300 ms  DeleteObjects: 0.133800 ms)

Unloading 17 Unused Serialized files (Serialized files now loaded: 0)
UnloadTime: 1.832100 ms
Loaded scene 'Assets/Scenes/MundoTamanos.unity'
	Deserialize:            15.761 ms
	Integration:            185.326 ms
	Integration of assets:  1.476 ms
	Thread Wait Time:       15.584 ms
	Total Operation Time:   218.147 ms
Unloading 20 unused Assets / (3.1 KB). Loaded Objects now: 7826.
Memory consumption went from 226.6 MB to 226.6 MB.
Total: 8.541600 ms (FindLiveObjects: 0.471200 ms CreateObjectMapping: 0.345600 ms MarkObjects: 7.663800 ms  DeleteObjects: 0.060200 ms)

Unloading 15 Unused Serialized files (Serialized files now loaded: 0)
UnloadTime: 0.746700 ms
Loaded scene 'Assets/Scenes/Mundos/MundoEmociones.unity'
	Deserialize:            19.801 ms
	Integration:            187.183 ms
	Integration of assets:  1.541 ms
	Thread Wait Time:       28.303 ms
	Total Operation Time:   236.829 ms
Unloading 50 unused Assets / (25.2 KB). Loaded Objects now: 8022.
Memory consumption went from 229.6 MB to 229.5 MB.
Total: 8.400200 ms (FindLiveObjects: 0.479900 ms CreateObjectMapping: 0.335800 ms MarkObjects: 7.403300 ms  DeleteObjects: 0.180600 ms)

Unloading 36 Unused Serialized files (Serialized files now loaded: 0)
UnloadTime: 0.989800 ms
Loaded scene 'Assets/Scenes/Menu.unity'
	Deserialize:            29.369 ms
	Integration:            193.893 ms
	Integration of assets:  2.474 ms
	Thread Wait Time:       17.998 ms
	Total Operation Time:   243.734 ms
Unloading 42 unused Assets / (29.1 KB). Loaded Objects now: 8299.
Memory consumption went from 232.6 MB to 232.5 MB.
Total: 8.729200 ms (FindLiveObjects: 0.553800 ms CreateObjectMapping: 0.317500 ms MarkObjects: 7.687900 ms  DeleteObjects: 0.169400 ms)

Unloading 4 Unused Serialized files (Serialized files now loaded: 0)
UnloadTime: 1.041500 ms
Loaded scene 'Assets/Scenes/SeleccionMundos.unity'
	Deserialize:            16.282 ms
	Integration:            197.202 ms
	Integration of assets:  0.157 ms
	Thread Wait Time:       16.569 ms
	Total Operation Time:   230.211 ms
Unloading 117 unused Assets / (54.4 KB). Loaded Objects now: 8144.
Memory consumption went from 229.9 MB to 229.8 MB.
Total: 10.350800 ms (FindLiveObjects: 0.527600 ms CreateObjectMapping: 0.382600 ms MarkObjects: 9.089000 ms  DeleteObjects: 0.350500 ms)

Unloading 6 Unused Serialized files (Serialized files now loaded: 0)
UnloadTime: 1.373900 ms
Loaded scene 'Assets/Scenes/MundoMusical.unity'
	Deserialize:            10.357 ms
	Integration:            190.191 ms
	Integration of assets:  0.285 ms
	Thread Wait Time:       21.951 ms
	Total Operation Time:   222.783 ms
Unloading 26 unused Assets / (9.0 KB). Loaded Objects now: 7896.
Memory consumption went from 222.6 MB to 222.6 MB.
Total: 8.271200 ms (FindLiveObjects: 0.468100 ms CreateObjectMapping: 0.314800 ms MarkObjects: 7.376800 ms  DeleteObjects: 0.110900 ms)

Unloading 5 Unused Serialized files (Serialized files now loaded: 0)
UnloadTime: 0.847000 ms
VoiceRecognitionTest: falta asignar Support Mode Panel. Crealo en la escena y arrastralo desde el Inspector.
UnityEngine.Debug:ExtractStackTraceNoAlloc (byte*,int,string)
UnityEngine.StackTraceUtility:ExtractStackTrace ()
UnityEngine.DebugLogHandler:Internal_Log (UnityEngine.LogType,UnityEngine.LogOption,string,UnityEngine.Object)
UnityEngine.DebugLogHandler:LogFormat (UnityEngine.LogType,UnityEngine.Object,string,object[])
UnityEngine.Logger:Log (UnityEngine.LogType,object)
UnityEngine.Debug:LogWarning (object)
Bolin.VoiceRecognitionTest:WarnMissingSceneReferences () (at Assets/Mundo Aprendo/Scripts/MundoCuentos/Scripts/VoiceRecognitionTest.cs:626)
Bolin.VoiceRecognitionTest:Awake () (at Assets/Mundo Aprendo/Scripts/MundoCuentos/Scripts/VoiceRecognitionTest.cs:90)

(Filename: Assets/Mundo Aprendo/Scripts/MundoCuentos/Scripts/VoiceRecognitionTest.cs Line: 626)

VoiceRecognitionTest: falta asignar Support Input Field. Crealo en la escena para usar entrada manual.
UnityEngine.Debug:ExtractStackTraceNoAlloc (byte*,int,string)
UnityEngine.StackTraceUtility:ExtractStackTrace ()
UnityEngine.DebugLogHandler:Internal_Log (UnityEngine.LogType,UnityEngine.LogOption,string,UnityEngine.Object)
UnityEngine.DebugLogHandler:LogFormat (UnityEngine.LogType,UnityEngine.Object,string,object[])
UnityEngine.Logger:Log (UnityEngine.LogType,object)
UnityEngine.Debug:LogWarning (object)
Bolin.VoiceRecognitionTest:WarnMissingSceneReferences () (at Assets/Mundo Aprendo/Scripts/MundoCuentos/Scripts/VoiceRecognitionTest.cs:631)
Bolin.VoiceRecognitionTest:Awake () (at Assets/Mundo Aprendo/Scripts/MundoCuentos/Scripts/VoiceRecognitionTest.cs:90)

(Filename: Assets/Mundo Aprendo/Scripts/MundoCuentos/Scripts/VoiceRecognitionTest.cs Line: 631)

Loaded scene 'Assets/Scenes/MundoCuentos_VozTest.unity'
	Deserialize:            7.961 ms
	Integration:            197.872 ms
	Integration of assets:  0.356 ms
	Thread Wait Time:       24.701 ms
	Total Operation Time:   230.890 ms
Unloading 16 unused Assets / (5.6 KB). Loaded Objects now: 7803.
Memory consumption went from 222.7 MB to 222.6 MB.
Total: 8.672700 ms (FindLiveObjects: 0.480700 ms CreateObjectMapping: 0.397200 ms MarkObjects: 7.709100 ms  DeleteObjects: 0.084900 ms)

Unloading 17 Unused Serialized files (Serialized files now loaded: 0)
UnloadTime: 0.837900 ms
Loaded scene 'Assets/Scenes/MundoTamanos.unity'
	Deserialize:            16.891 ms
	Integration:            212.305 ms
	Integration of assets:  1.070 ms
	Thread Wait Time:       31.469 ms
	Total Operation Time:   261.735 ms
Unloading 20 unused Assets / (2.4 KB). Loaded Objects now: 7826.
Memory consumption went from 226.7 MB to 226.7 MB.
Total: 9.285500 ms (FindLiveObjects: 0.477200 ms CreateObjectMapping: 0.417500 ms MarkObjects: 8.289300 ms  DeleteObjects: 0.100600 ms)

Unloading 15 Unused Serialized files (Serialized files now loaded: 0)
UnloadTime: 0.702300 ms
Loaded scene 'Assets/Scenes/Mundos/MundoEmociones.unity'
	Deserialize:            18.429 ms
	Integration:            188.995 ms
	Integration of assets:  0.683 ms
	Thread Wait Time:       30.400 ms
	Total Operation Time:   238.507 ms
Unloading 50 unused Assets / (25.3 KB). Loaded Objects now: 8022.
Memory consumption went from 229.6 MB to 229.5 MB.
Total: 8.819300 ms (FindLiveObjects: 0.471400 ms CreateObjectMapping: 0.312000 ms MarkObjects: 7.806800 ms  DeleteObjects: 0.228100 ms)

Unloading 36 Unused Serialized files (Serialized files now loaded: 0)
UnloadTime: 0.820400 ms
Loaded scene 'Assets/Scenes/Menu.unity'
	Deserialize:            29.956 ms
	Integration:            188.244 ms
	Integration of assets:  2.358 ms
	Thread Wait Time:       17.531 ms
	Total Operation Time:   238.088 ms
Unloading 42 unused Assets / (29.2 KB). Loaded Objects now: 8299.
Memory consumption went from 232.6 MB to 232.5 MB.
Total: 8.484600 ms (FindLiveObjects: 0.515500 ms CreateObjectMapping: 0.323200 ms MarkObjects: 7.475800 ms  DeleteObjects: 0.169400 ms)

Unloading 4 Unused Serialized files (Serialized files now loaded: 0)
UnloadTime: 1.037200 ms
Loaded scene 'Assets/Scenes/SeleccionMundos.unity'
	Deserialize:            15.222 ms
	Integration:            189.477 ms
	Integration of assets:  0.152 ms
	Thread Wait Time:       17.597 ms
	Total Operation Time:   222.448 ms
Unloading 117 unused Assets / (75.5 KB). Loaded Objects now: 8144.
Memory consumption went from 229.9 MB to 229.8 MB.
Total: 8.753900 ms (FindLiveObjects: 0.484600 ms CreateObjectMapping: 0.357800 ms MarkObjects: 7.570400 ms  DeleteObjects: 0.340300 ms)

Unloading 6 Unused Serialized files (Serialized files now loaded: 0)
UnloadTime: 1.440800 ms
Loaded scene 'Assets/Scenes/MundoMusical.unity'
	Deserialize:            11.160 ms
	Integration:            202.475 ms
	Integration of assets:  0.235 ms
	Thread Wait Time:       21.168 ms
	Total Operation Time:   235.038 ms
Unloading 26 unused Assets / (9.0 KB). Loaded Objects now: 7896.
Memory consumption went from 222.6 MB to 222.6 MB.
Total: 11.653700 ms (FindLiveObjects: 0.716400 ms CreateObjectMapping: 0.553300 ms MarkObjects: 10.190000 ms  DeleteObjects: 0.192700 ms)

Unloading 5 Unused Serialized files (Serialized files now loaded: 0)
UnloadTime: 1.036500 ms
VoiceRecognitionTest: falta asignar Support Mode Panel. Crealo en la escena y arrastralo desde el Inspector.
UnityEngine.Debug:ExtractStackTraceNoAlloc (byte*,int,string)
UnityEngine.StackTraceUtility:ExtractStackTrace ()
UnityEngine.DebugLogHandler:Internal_Log (UnityEngine.LogType,UnityEngine.LogOption,string,UnityEngine.Object)
UnityEngine.DebugLogHandler:LogFormat (UnityEngine.LogType,UnityEngine.Object,string,object[])
UnityEngine.Logger:Log (UnityEngine.LogType,object)
UnityEngine.Debug:LogWarning (object)
Bolin.VoiceRecognitionTest:WarnMissingSceneReferences () (at Assets/Mundo Aprendo/Scripts/MundoCuentos/Scripts/VoiceRecognitionTest.cs:626)
Bolin.VoiceRecognitionTest:Awake () (at Assets/Mundo Aprendo/Scripts/MundoCuentos/Scripts/VoiceRecognitionTest.cs:90)

(Filename: Assets/Mundo Aprendo/Scripts/MundoCuentos/Scripts/VoiceRecognitionTest.cs Line: 626)

VoiceRecognitionTest: falta asignar Support Input Field. Crealo en la escena para usar entrada manual.
UnityEngine.Debug:ExtractStackTraceNoAlloc (byte*,int,string)
UnityEngine.StackTraceUtility:ExtractStackTrace ()
UnityEngine.DebugLogHandler:Internal_Log (UnityEngine.LogType,UnityEngine.LogOption,string,UnityEngine.Object)
UnityEngine.DebugLogHandler:LogFormat (UnityEngine.LogType,UnityEngine.Object,string,object[])
UnityEngine.Logger:Log (UnityEngine.LogType,object)
UnityEngine.Debug:LogWarning (object)
Bolin.VoiceRecognitionTest:WarnMissingSceneReferences () (at Assets/Mundo Aprendo/Scripts/MundoCuentos/Scripts/VoiceRecognitionTest.cs:631)
Bolin.VoiceRecognitionTest:Awake () (at Assets/Mundo Aprendo/Scripts/MundoCuentos/Scripts/VoiceRecognitionTest.cs:90)

(Filename: Assets/Mundo Aprendo/Scripts/MundoCuentos/Scripts/VoiceRecognitionTest.cs Line: 631)

Loaded scene 'Assets/Scenes/MundoCuentos_VozTest.unity'
	Deserialize:            8.337 ms
	Integration:            191.265 ms
	Integration of assets:  0.361 ms
	Thread Wait Time:       24.384 ms
	Total Operation Time:   224.347 ms
Unloading 16 unused Assets / (5.6 KB). Loaded Objects now: 7803.
Memory consumption went from 222.7 MB to 222.7 MB.
Total: 9.024400 ms (FindLiveObjects: 0.552000 ms CreateObjectMapping: 0.345700 ms MarkObjects: 8.036100 ms  DeleteObjects: 0.089700 ms)

Unloading 17 Unused Serialized files (Serialized files now loaded: 0)
UnloadTime: 0.983000 ms
Loaded scene 'Assets/Scenes/MundoTamanos.unity'
	Deserialize:            14.053 ms
	Integration:            215.698 ms
	Integration of assets:  0.951 ms
	Thread Wait Time:       17.920 ms
	Total Operation Time:   248.622 ms
Unloading 20 unused Assets / (1.9 KB). Loaded Objects now: 7826.
Memory consumption went from 226.7 MB to 226.7 MB.
Total: 10.949800 ms (FindLiveObjects: 1.024400 ms CreateObjectMapping: 0.871300 ms MarkObjects: 9.006800 ms  DeleteObjects: 0.046300 ms)

Unloading 15 Unused Serialized files (Serialized files now loaded: 0)
UnloadTime: 0.646100 ms
Loaded scene 'Assets/Scenes/Mundos/MundoEmociones.unity'
	Deserialize:            18.580 ms
	Integration:            195.154 ms
	Integration of assets:  1.324 ms
	Thread Wait Time:       29.631 ms
	Total Operation Time:   244.690 ms
Unloading 50 unused Assets / (25.3 KB). Loaded Objects now: 8022.
Memory consumption went from 229.6 MB to 229.5 MB.
Total: 8.602100 ms (FindLiveObjects: 0.543200 ms CreateObjectMapping: 0.310600 ms MarkObjects: 7.560100 ms  DeleteObjects: 0.187300 ms)

Unloading 36 Unused Serialized files (Serialized files now loaded: 0)
UnloadTime: 0.782900 ms
Loaded scene 'Assets/Scenes/Menu.unity'
	Deserialize:            28.654 ms
	Integration:            192.743 ms
	Integration of assets:  2.433 ms
	Thread Wait Time:       17.922 ms
	Total Operation Time:   241.753 ms
Unloading 42 unused Assets / (29.2 KB). Loaded Objects now: 8299.
Memory consumption went from 232.6 MB to 232.6 MB.
Total: 12.066900 ms (FindLiveObjects: 0.523400 ms CreateObjectMapping: 0.337400 ms MarkObjects: 10.992900 ms  DeleteObjects: 0.212400 ms)

Unloading 4 Unused Serialized files (Serialized files now loaded: 0)
UnloadTime: 1.118900 ms
Loaded scene 'Assets/Scenes/SeleccionMundos.unity'
	Deserialize:            14.855 ms
	Integration:            187.766 ms
	Integration of assets:  0.159 ms
	Thread Wait Time:       18.779 ms
	Total Operation Time:   221.559 ms
Unloading 117 unused Assets / (54.1 KB). Loaded Objects now: 8144.
Memory consumption went from 229.9 MB to 229.8 MB.
Total: 8.927700 ms (FindLiveObjects: 0.465700 ms CreateObjectMapping: 0.319600 ms MarkObjects: 7.820800 ms  DeleteObjects: 0.321000 ms)

Unloading 6 Unused Serialized files (Serialized files now loaded: 0)
UnloadTime: 1.587200 ms
Loaded scene 'Assets/Scenes/MundoMusical.unity'
	Deserialize:            10.107 ms
	Integration:            188.725 ms
	Integration of assets:  0.212 ms
	Thread Wait Time:       30.253 ms
	Total Operation Time:   229.297 ms
Unloading 26 unused Assets / (9.5 KB). Loaded Objects now: 7896.
Memory consumption went from 222.6 MB to 222.6 MB.
Total: 8.706600 ms (FindLiveObjects: 0.458300 ms CreateObjectMapping: 0.310100 ms MarkObjects: 7.835000 ms  DeleteObjects: 0.102000 ms)

Unloading 5 Unused Serialized files (Serialized files now loaded: 0)
UnloadTime: 0.905800 ms
VoiceRecognitionTest: falta asignar Support Mode Panel. Crealo en la escena y arrastralo desde el Inspector.
UnityEngine.Debug:ExtractStackTraceNoAlloc (byte*,int,string)
UnityEngine.StackTraceUtility:ExtractStackTrace ()
UnityEngine.DebugLogHandler:Internal_Log (UnityEngine.LogType,UnityEngine.LogOption,string,UnityEngine.Object)
UnityEngine.DebugLogHandler:LogFormat (UnityEngine.LogType,UnityEngine.Object,string,object[])
UnityEngine.Logger:Log (UnityEngine.LogType,object)
UnityEngine.Debug:LogWarning (object)
Bolin.VoiceRecognitionTest:WarnMissingSceneReferences () (at Assets/Mundo Aprendo/Scripts/MundoCuentos/Scripts/VoiceRecognitionTest.cs:626)
Bolin.VoiceRecognitionTest:Awake () (at Assets/Mundo Aprendo/Scripts/MundoCuentos/Scripts/VoiceRecognitionTest.cs:90)

(Filename: Assets/Mundo Aprendo/Scripts/MundoCuentos/Scripts/VoiceRecognitionTest.cs Line: 626)

VoiceRecognitionTest: falta asignar Support Input Field. Crealo en la escena para usar entrada manual.
UnityEngine.Debug:ExtractStackTraceNoAlloc (byte*,int,string)
UnityEngine.StackTraceUtility:ExtractStackTrace ()
UnityEngine.DebugLogHandler:Internal_Log (UnityEngine.LogType,UnityEngine.LogOption,string,UnityEngine.Object)
UnityEngine.DebugLogHandler:LogFormat (UnityEngine.LogType,UnityEngine.Object,string,object[])
UnityEngine.Logger:Log (UnityEngine.LogType,object)
UnityEngine.Debug:LogWarning (object)
Bolin.VoiceRecognitionTest:WarnMissingSceneReferences () (at Assets/Mundo Aprendo/Scripts/MundoCuentos/Scripts/VoiceRecognitionTest.cs:631)
Bolin.VoiceRecognitionTest:Awake () (at Assets/Mundo Aprendo/Scripts/MundoCuentos/Scripts/VoiceRecognitionTest.cs:90)

(Filename: Assets/Mundo Aprendo/Scripts/MundoCuentos/Scripts/VoiceRecognitionTest.cs Line: 631)

Loaded scene 'Assets/Scenes/MundoCuentos_VozTest.unity'
	Deserialize:            7.522 ms
	Integration:            187.901 ms
	Integration of assets:  0.367 ms
	Thread Wait Time:       16.336 ms
	Total Operation Time:   212.126 ms
Unloading 16 unused Assets / (4.8 KB). Loaded Objects now: 7803.
Memory consumption went from 222.7 MB to 222.7 MB.
Total: 8.541000 ms (FindLiveObjects: 0.457700 ms CreateObjectMapping: 0.337000 ms MarkObjects: 7.660900 ms  DeleteObjects: 0.084700 ms)

Unloading 17 Unused Serialized files (Serialized files now loaded: 0)
UnloadTime: 0.812800 ms
Loaded scene 'Assets/Scenes/MundoTamanos.unity'
	Deserialize:            13.858 ms
	Integration:            184.427 ms
	Integration of assets:  1.364 ms
	Thread Wait Time:       25.772 ms
	Total Operation Time:   225.422 ms
Unloading 20 unused Assets / (1.4 KB). Loaded Objects now: 7826.
Memory consumption went from 226.7 MB to 226.7 MB.
Total: 8.320500 ms (FindLiveObjects: 0.472300 ms CreateObjectMapping: 0.311800 ms MarkObjects: 7.484100 ms  DeleteObjects: 0.051500 ms)

Unloading 15 Unused Serialized files (Serialized files now loaded: 0)
UnloadTime: 0.674300 ms
Loaded scene 'Assets/Scenes/Mundos/MundoEmociones.unity'
	Deserialize:            16.911 ms
	Integration:            187.087 ms
	Integration of assets:  0.859 ms
	Thread Wait Time:       23.499 ms
	Total Operation Time:   228.357 ms
Unloading 50 unused Assets / (25.1 KB). Loaded Objects now: 8022.
Memory consumption went from 229.6 MB to 229.6 MB.
Total: 9.064400 ms (FindLiveObjects: 0.491700 ms CreateObjectMapping: 0.315300 ms MarkObjects: 8.069900 ms  DeleteObjects: 0.186400 ms)

Saving results to: C:/Users/Boloxdhd/AppData/LocalLow/DefaultCompany/Mundo aprendo tesis\TestResults.xml
Saving results to: F:\PUN\Mundo aprendo tesis\Logs\PlayModeResolutionRetry.xml
Unloading 1 Unused Serialized files (Serialized files now loaded: 0)
Loaded scene 'Temp/__Backupscenes/0.backup'
	Deserialize:            0.475 ms
	Integration:            185.803 ms
	Integration of assets:  0.001 ms
	Thread Wait Time:       0.008 ms
	Total Operation Time:   186.286 ms
Unloading 33 unused Assets / (30.3 MB). Loaded Objects now: 7552.
Memory consumption went from 225.1 MB to 194.8 MB.
Total: 10.924700 ms (FindLiveObjects: 0.452100 ms CreateObjectMapping: 0.339200 ms MarkObjects: 8.324700 ms  DeleteObjects: 1.807400 ms)

Executing IPostBuildCleanup for: Unity.PerformanceTesting.Editor.TestRunBuilder.
UnityEngine.Debug:ExtractStackTraceNoAlloc (byte*,int,string)
UnityEngine.StackTraceUtility:ExtractStackTrace ()
UnityEngine.DebugLogHandler:Internal_Log (UnityEngine.LogType,UnityEngine.LogOption,string,UnityEngine.Object)
UnityEngine.DebugLogHandler:LogFormat (UnityEngine.LogType,UnityEngine.Object,string,object[])
UnityEngine.Logger:Log (UnityEngine.LogType,object)
UnityEngine.Debug:Log (object)
UnityEditor.TestTools.TestRunner.TestRun.Tasks.BuildActionTaskBase`1/<ExecuteMethods>d__8<UnityEngine.TestTools.IPostBuildCleanup>:MoveNext () (at ./Library/PackageCache/com.unity.test-framework@629486125cfc/UnityEditor.TestRunner/TestRun/Tasks/BuildActionTaskBase.cs:48)
UnityEditor.TestTools.TestRunner.TestRun.Tasks.BuildActionTaskBase`1/<Execute>d__7<UnityEngine.TestTools.IPostBuildCleanup>:MoveNext () (at ./Library/PackageCache/com.unity.test-framework@629486125cfc/UnityEditor.TestRunner/TestRun/Tasks/BuildActionTaskBase.cs:34)
UnityEditor.TestTools.TestRunner.TestRun.TestJobRunner:ExecuteStep () (at ./Library/PackageCache/com.unity.test-framework@629486125cfc/UnityEditor.TestRunner/TestRun/TestJobRunner.cs:173)
UnityEditor.TestTools.TestRunner.TestRun.TestJobRunner:ExecuteCallback () (at ./Library/PackageCache/com.unity.test-framework@629486125cfc/UnityEditor.TestRunner/TestRun/TestJobRunner.cs:108)
UnityEditor.EditorApplication:Internal_CallUpdateFunctions ()

(Filename: ./Library/PackageCache/com.unity.test-framework@629486125cfc/UnityEditor.TestRunner/TestRun/Tasks/BuildActionTaskBase.cs Line: 48)

Asset Pipeline Refresh (id=1ef7ae5d51761b947982609423afd502): Total: 0.021 seconds - Initiated by RefreshV2(NoUpdateAssetOptions)
Unloading 0 Unused Serialized files (Serialized files now loaded: 0)
Unloading 0 unused Assets / (0 B). Loaded Objects now: 7557.
Memory consumption went from 192.2 MB to 192.2 MB.
Total: 11.092800 ms (FindLiveObjects: 0.594200 ms CreateObjectMapping: 0.733600 ms MarkObjects: 9.716000 ms  DeleteObjects: 0.047300 ms)

Asset Pipeline Refresh (id=4edc4e76122098841992f35096a761cf): Total: 0.108 seconds - Initiated by StopAssetImportingV2(NoUpdateAssetOptions)
DisplayProgressbar: Undo
Test run completed. Exiting with code 0 (Ok). Run completed.
UnityEngine.Debug:ExtractStackTraceNoAlloc (byte*,int,string)
UnityEngine.StackTraceUtility:ExtractStackTrace ()
UnityEngine.DebugLogHandler:Internal_Log (UnityEngine.LogType,UnityEngine.LogOption,string,UnityEngine.Object)
UnityEngine.DebugLogHandler:LogFormat (UnityEngine.LogType,UnityEngine.Object,string,object[])
UnityEngine.Logger:Log (UnityEngine.LogType,object)
UnityEngine.Debug:Log (object)
UnityEditor.TestTools.TestRunner.CommandLineTest.Executer:ExitApplication (UnityEditor.TestTools.TestRunner.CommandLineTest.Executer/ReturnCodes,string) (at ./Library/PackageCache/com.unity.test-framework@629486125cfc/UnityEditor.TestRunner/CommandLineTest/Executer.cs:81)
UnityEditor.TestTools.TestRunner.CommandLineTest.Executer:ExitIfRunIsCompleted () (at ./Library/PackageCache/com.unity.test-framework@629486125cfc/UnityEditor.TestRunner/CommandLineTest/Executer.cs:74)
UnityEditor.EditorApplication:Internal_CallUpdateFunctions ()

(Filename: ./Library/PackageCache/com.unity.test-framework@629486125cfc/UnityEditor.TestRunner/CommandLineTest/Executer.cs Line: 81)

Clearing [Supersonic Rocketship SDF] dynamic font asset data.
UnityEngine.Debug:ExtractStackTraceNoAlloc (byte*,int,string)
UnityEngine.StackTraceUtility:ExtractStackTrace ()
UnityEngine.DebugLogHandler:Internal_Log (UnityEngine.LogType,UnityEngine.LogOption,string,UnityEngine.Object)
UnityEngine.DebugLogHandler:LogFormat (UnityEngine.LogType,UnityEngine.Object,string,object[])
UnityEngine.Logger:Log (UnityEngine.LogType,object)
UnityEngine.Debug:Log (object)
TMPro.EditorEventCallbacks/<>c:<InitializeFontAssetResourceChangeCallBacks>b__0_0 () (at ./Library/PackageCache/com.unity.ugui@3dd2fbd8c1f1/Editor/TMP/TMP_EditorResourceManager.cs:36)
UnityEditor.EditorApplication:Internal_EditorApplicationQuit ()
UnityEditor.TestTools.TestRunner.CommandLineTest.Executer:ExitApplication (UnityEditor.TestTools.TestRunner.CommandLineTest.Executer/ReturnCodes,string) (at ./Library/PackageCache/com.unity.test-framework@629486125cfc/UnityEditor.TestRunner/CommandLineTest/Executer.cs:83)
UnityEditor.TestTools.TestRunner.CommandLineTest.Executer:ExitIfRunIsCompleted () (at ./Library/PackageCache/com.unity.test-framework@629486125cfc/UnityEditor.TestRunner/CommandLineTest/Executer.cs:74)
UnityEditor.EditorApplication:Internal_CallUpdateFunctions ()

(Filename: ./Library/PackageCache/com.unity.ugui@3dd2fbd8c1f1/Editor/TMP/TMP_EditorResourceManager.cs Line: 36)

Killing ADB server in 0.028272 seconds.
Start importing ProjectSettings/ProjectSettings.asset using Guid(00000000000000004000000000000000) (LibraryAssetImporter) -> (Import Result ID: '049399b4a57258e1a1542ff8df5ff009') in 0.0068454 seconds [static dependencies only]. Details - ImportResultOutputID=d3ca6db29495033f6ec6c171ea098da8 DependenciesID=087f69b8b19ccfcab7bf88a38f522814 StaticDependenciesID=4435874d6c3d514b916de7d90ff0172b 
Start importing Assets/Mundo Aprendo/Fuente de Letra/Supersonic Rocketship SDF.asset using Guid(1b14be28849fd6c498e87f629f19ce92) (NativeFormatImporter) -> (Import Result ID: 'ceb0f9f1318bf80093eb317b37eae98d') in 0.002059 seconds [static dependencies only]. Details - ImportResultOutputID=8bbf97985c7f871718d52536ae4a7ad7 DependenciesID=3c694437a2ffedfeaab87860a75b5a4a StaticDependenciesID=91c8e08a29d993ddd072ff4e21720e64 
Asset Pipeline Refresh (id=a4517282e517a1848b48d8130d7877c6): Total: 0.029 seconds - Initiated by StopAssetImportingV2(NoUpdateAssetOptions)
[Physics::Module] Cleanup current backend.
[Physics::Module] Id: 0xf2b8ea05
Input System module state changed to: ShutdownInProgress.
Input Polling Thread exited.
Input System module state changed to: Shutdown.
[Licensing::IpcConnector] LicenseClient-Boloxdhd-notifications channel disconnected successfully.
[Licensing::IpcConnector] LicenseClient-Boloxdhd channel disconnected successfully.
AcceleratorClientConnectionCallback - disconnected - :0
Cleanup mono
CodeReloadManager destroyed
Checking for leaked weakptr:
  Found no leaked weakptrs.
[Package Manager] Server process was shutdown
##utp:{"type":"MemoryLeaks","version":2,"phase":"Immediate","time":1782031610666,"processId":19904,"allocatedMemory":16229458,"memoryLabels":[{"Default":193689},{"Permanent":15268},{"NewDelete":66643},{"Thread":4230344},{"Manager":34605},{"VertexData":8},{"Geometry":816},{"Texture":24},{"Shader":853658},{"Material":24},{"GfxDevice":55313},{"Animation":392},{"Audio":2632},{"FreeType":8},{"FontEngine":736},{"Physics":2090},{"Physics2D":16},{"Serialization":952},{"Input":9880},{"JobScheduler":33024},{"TextLib":216},{"Mono":32},{"MonoCode":64},{"ScriptingNativeRuntime":155052},{"BaseObject":1620368},{"Resource":1184},{"Renderer":3000},{"Transform":4685},{"File":27409},{"WebCam":616},{"Culling":32},{"Terrain":11394},{"Wind":24},{"STL":40},{"String":13117},{"StaticString":6718},{"Utility":2673318},{"Curl":2559},{"PoolAlloc":2168},{"AI":80},{"TypeTree":5341},{"ScriptManager":448},{"RuntimeInitializeOnLoadManager":64},{"SpriteAtlas":120},{"GI":7792},{"Director":8320},{"CloudService":432},{"WebRequest":808},{"VR":48050},{"SceneManager":504},{"Video":208},{"LazyScriptCache":32},{"Camera":17},{"Secure":2113},{"SerializationCache":1576},{"APIUpdating":10320},{"Subsystems":336},{"VirtualTexturing":57888},{"StaticSafetyDebugInfo":278528},{"Analytics":336},{"Hierarchy":608},{"CoreStats":13032},{"Identifiers":12960},{"Gui":128},{"EditorUtility":1051752},{"VersionControl":4},{"Undo":931},{"AssetDatabase":4650259},{"EditorGi":328},{"UnityConnect":37777},{"Upm":1904},{"AssetCompliance":64},{"DrivenProperties":72},{"LocalIPC":214},{"ProfilerEditor":9746},{"CoreBusinessMetrics":2600},{"Windowing":456},{"Licensing":1232},{"AssetReference":32},{"IPCStream":32}]}
