[Licensing::Module] Trying to connect to existing licensing client channel...
Built from '6000.4/staging' branch; Version is '6000.4.0f1 (8cf496087c8f) revision 9237654'; Using compiler version '194234433'; Build Type 'Release'
OS: 'Windows 10  (10.0.19045) 64bit Professional' Language: 'es' Physical Memory: 32690 MB
BatchMode: 1, IsHumanControllingUs: 0, StartBugReporterOnCrash: 0, Is64bit: 1
[Licensing::IpcConnector] Successfully connected to: "LicenseClient-Boloxdhd" at "2026-06-21T14:02:51.3073868Z"
System  architecture: x64
Process architecture: x64
Date: 2026-06-21T14:02:51Z

COMMAND LINE ARGUMENTS:
C:\Program Files\Unity\Hub\Editor\6000.4.0f1\Editor\Unity.exe
-batchmode
-nographics
-projectPath
F:\PUN\Mundo aprendo tesis
-runTests
-testPlatform
EditMode
-testResults
F:\PUN\Mundo aprendo tesis\Logs\RedesignEditMode.xml
-logFile
F:\PUN\Mundo aprendo tesis\Logs\RedesignEditMode.log
Successfully changed project path to: F:\PUN\Mundo aprendo tesis
F:/PUN/Mundo aprendo tesis
[UnityMemory] Configuration Parameters - Can be set up in boot.config
    "memorysetup-temp-allocator-size-gi-baking-worker=262144"
    "memorysetup-temp-allocator-size-gi-baking-worker=262144"
    "memorysetup-temp-allocator-size-gi-baking-worker=262144"
    "memorysetup-temp-allocator-size-gi-baking-worker=262144"
    "memorysetup-temp-allocator-size-gi-baking-worker=262144"
    "memorysetup-temp-allocator-size-nav-mesh-worker=65536"
    "memorysetup-temp-allocator-size-audio-worker=65536"
    "memorysetup-temp-allocator-size-cloud-worker=32768"
    "memorysetup-temp-allocator-size-gfx=262144"
    "memorysetup-temp-allocator-size-preload-manager=33554432"
    "memorysetup-temp-allocator-size-job-worker=262144"
    "memorysetup-temp-allocator-size-background-worker=32768"
    "memorysetup-allocator-temp-initial-block-size-main=262144"
    "memorysetup-allocator-temp-initial-block-size-worker=262144"
    "memorysetup-bucket-allocator-granularity=16"
    "memorysetup-bucket-allocator-bucket-count=8"
    "memorysetup-bucket-allocator-block-size=33554432"
    "memorysetup-bucket-allocator-block-count=8"
    "memorysetup-main-allocator-block-size=16777216"
    "memorysetup-thread-allocator-block-size=16777216"
    "memorysetup-gfx-main-allocator-block-size=16777216"
    "memorysetup-gfx-thread-allocator-block-size=16777216"
    "memorysetup-cache-allocator-block-size=4194304"
    "memorysetup-typetree-allocator-block-size=2097152"
    "memorysetup-profiler-bucket-allocator-granularity=16"
    "memorysetup-profiler-bucket-allocator-bucket-count=8"
    "memorysetup-profiler-bucket-allocator-block-size=33554432"
    "memorysetup-profiler-bucket-allocator-block-count=8"
    "memorysetup-profiler-allocator-block-size=16777216"
    "memorysetup-profiler-editor-allocator-block-size=1048576"
    "memorysetup-temp-allocator-size-main=16777216"
    "memorysetup-job-temp-allocator-block-size=2097152"
    "memorysetup-job-temp-allocator-block-size-background=1048576"
    "memorysetup-job-temp-allocator-reduction-small-platforms=262144"
Player connection [16444]  Target information:

Player connection [16444]  * "[IP] 192.168.1.23 [Port] 55504 [Flags] 2 [Guid] 3729753863 [EditorId] 3729753863 [Version] 1048832 [Id] WindowsEditor(7,DESKTOP-NF6H5UD) [Debug] 1 [PackageName] WindowsEditor [ProjectName] Editor" 

Player connection [16444] Host joined multi-casting on [225.0.0.222:54997]...
Player connection [16444] Host joined alternative multi-casting on [225.0.0.222:34997]...
Input System module state changed to: Initialized.
[Physics::Module] Initialized fallback backend.
[Physics::Module] Id: 0xdecafbad
[Package Manager] Connected to IPC stream "Upm-11612" after 0.3 seconds.
[Licensing::Module] Licensing is not yet initialized.
[Licensing::Client] Error: HandshakeResponse reported an error:
	ResponseCode: 505
	ResponseStatus: Unsupported protocol version '1.18.1'.
[Licensing::Module] Error: Failed to handshake to channel: "LicenseClient-Boloxdhd"
[Licensing::IpcConnector] LicenseClient-Boloxdhd channel disconnected successfully.
[Licensing::IpcConnector] Channel LicenseClient-Boloxdhd-6000.4.0 doesn't exist
[Licensing::Module] Successfully launched the LicensingClient (PId: 16128)
[Licensing::IpcConnector] Successfully connected to: "LicenseClient-Boloxdhd-6000.4.0" at "2026-06-21T14:02:52.5782673Z"
[Licensing::Client] Handshaking with LicensingClient:
  Version:                 1.18.1+9fbee8e
  Session Id:              dde8a8ba696440d5b1b75fe1d6c37a65
  Correlation Id:          be356931cdacbd7051938f6877af9f40
  External correlation Id: 36408034699255284
  Machine Id:              CFi18PVxujarsjnwWQVdFlBCSK4=
[Licensing::Module] Successfully connected to LicensingClient on channel: "LicenseClient-Boloxdhd-6000.4.0" (connect: 0.24s, validation: 0.04s, handshake: 0.95s)
[Licensing::IpcConnector] Successfully connected to: "LicenseClient-Boloxdhd-6000.4.0-notifications" at "2026-06-21T14:02:53.5644458Z"
[Licensing::Module] Connected to LicensingClient (PId: 16128, launch time: 0.00, total connection time: 1.23s)
[Licensing::Module] Error: Access token is unavailable; failed to update
[Licensing::Client] Successfully resolved entitlement details
[Licensing::Module] License group:
  Id: F4-FQE5-U6TU-H7W3-QSAD-XXXX
  Product: Unity Personal
  Type: ULF
  Expiration: Unlimited
[Licensing::Module] License group:
  Id: 4673397952068-UnityPersXXXX
  Product: Unity Personal
  Type: Assigned
  Expiration: Unlimited
[Licensing::Client] Successfully updated license, isAsync: True, time: 0.01
[Licensing::Module] Licensing Background thread has ended after 2.28s
[Licensing::Module] Licensing is initialized (took 1.85s).
[Licensing::Client] Successfully resolved entitlement details
[Licensing::Module] License group:
  Id: F4-FQE5-U6TU-H7W3-QSAD-XXXX
  Product: Unity Personal
  Type: ULF
  Expiration: Unlimited
[Licensing::Module] License group:
  Id: 4673397952068-UnityPersXXXX
  Product: Unity Personal
  Type: Assigned
  Expiration: Unlimited
Library Redirect Path: Library/
[Physics::Module] Selected backend.
[Physics::Module] Name: PhysX
[Physics::Module] Id: 0xf2b8ea05
[Physics::Module] SDK Version: 4.1.2
[Physics::Module] Integration Version: 1.0.0
[Physics::Module] Threading Mode: Multi-Threaded
Initialize engine version: 6000.4.0f1 (8cf496087c8f)
[Subsystems] Discovering subsystems at path C:/Program Files/Unity/Hub/Editor/6000.4.0f1/Editor/Data/Resources/UnitySubsystems
[Subsystems] Discovering subsystems at path F:/PUN/Mundo aprendo tesis/Assets
Forcing GfxDevice: Null
GfxDevice: creating device client; kGfxThreadingModeNonThreaded
NullGfxDevice:
    Version:  NULL 1.0 [1.0]
    Renderer: Null Device
    Vendor:   Unity Technologies
Shader Hidden/ChartRasterizerHardware is not supported: GPU does not support conservative rasterization
Initialize mono
Mono path[0] = 'C:/Program Files/Unity/Hub/Editor/6000.4.0f1/Editor/Data/Managed'
Mono path[1] = 'C:/Program Files/Unity/Hub/Editor/6000.4.0f1/Editor/Data/MonoBleedingEdge/lib/mono/unityjit-win32'
Mono config path = 'C:/Program Files/Unity/Hub/Editor/6000.4.0f1/Editor/Data/MonoBleedingEdge/etc'
Using monoOptions --debugger-agent=transport=dt_socket,embedding=1,server=y,suspend=n,address=127.0.0.1:56612
CodeReloadManager initialized
Using cacheserver namespaces - metadata:defaultmetadata, artifacts:defaultartifacts
Using cacheserver namespaces - metadata:defaultmetadata, artifacts:defaultartifacts
ImportWorker Server TCP listen port: 0
AcceleratorClientConnectionCallback - disconnected - :0
Begin MonoManager ReloadAssembly
Registering precompiled unity dll's ...
Register platform support module: C:/Program Files/Unity/Hub/Editor/6000.4.0f1/Editor/Data/PlaybackEngines/WindowsStandaloneSupport/UnityEditor.WindowsStandalone.Extensions.dll
[Licensing::Client] Successfully resolved entitlement details
[Licensing::Module] License group:
  Id: F4-FQE5-U6TU-H7W3-QSAD-XXXX
  Product: Unity Personal
  Type: ULF
  Expiration: Unlimited
[Licensing::Module] License group:
  Id: 4673397952068-UnityPersXXXX
  Product: Unity Personal
  Type: Assigned
  Expiration: Unlimited
Register platform support module: C:/Program Files/Unity/Hub/Editor/6000.4.0f1/Editor/Data/PlaybackEngines/AndroidPlayer/UnityEditor.Android.Extensions.dll
Registered in 0.004353 seconds.
Native extension for Android target not found
Android Extension - Scanning For ADB Devices 2141 ms
Native extension for WindowsStandalone target not found
Package Manager log level set to [2]
ScheduleIndexationOnStartup MainProcess:False IndexOnStartup:True
Mono: successfully reloaded assembly
- Finished resetting the current domain, in  2.561 seconds
Domain Reload Profiling: 3017ms
	BeginReloadAssembly (122ms)
		CreateAndSetChildDomain (8ms)
	RebuildCommonClasses (38ms)
	RebuildNativeTypeToScriptingClass (14ms)
	initialDomainReloadingComplete (63ms)
	LoadAllAssembliesAndSetupDomain (218ms)
		LoadAssemblies (112ms)
		AnalyzeDomain (208ms)
			TypeCache.Refresh (207ms)
				TypeCache.ScanAssembly (191ms)
	FinalizeReload (2562ms)
		SetupLoadedEditorAssemblies (0ms)
			InitializePlatformSupportModulesInManaged (2224ms)
			BeforeProcessingInitializeOnLoad (86ms)
			ProcessInitializeOnLoadAttributes (105ms)
			ProcessInitializeOnLoadMethodAttributes (78ms)
[Licensing::Client] Successfully resolved entitlement details
[Licensing::Module] License group:
  Id: F4-FQE5-U6TU-H7W3-QSAD-XXXX
  Product: Unity Personal
  Type: ULF
  Expiration: Unlimited
[Licensing::Module] License group:
  Id: 4673397952068-UnityPersXXXX
  Product: Unity Personal
  Type: Assigned
  Expiration: Unlimited
Application.AssetDatabase Initial Refresh Start
[Package Manager] Restoring resolved packages state from cache
[Licensing::Client] Successfully resolved entitlement details
[Package Manager] Registered 57 packages:
  Packages from [https://packages.unity.com]:
    com.unity.ai.navigation@2.0.12 (location: F:\PUN\Mundo aprendo tesis\Library\PackageCache\com.unity.ai.navigation@734c2c4c5591)
    com.unity.collab-proxy@2.12.4 (location: F:\PUN\Mundo aprendo tesis\Library\PackageCache\com.unity.collab-proxy@0b1559bcd34e)
    com.unity.ide.rider@3.0.39 (location: F:\PUN\Mundo aprendo tesis\Library\PackageCache\com.unity.ide.rider@4504839d03f7)
    com.unity.ide.visualstudio@2.0.27 (location: F:\PUN\Mundo aprendo tesis\Library\PackageCache\com.unity.ide.visualstudio@dc1ddd4f09b6)
    com.unity.inputsystem@1.19.0 (location: F:\PUN\Mundo aprendo tesis\Library\PackageCache\com.unity.inputsystem@21a28c3a6c83)
    com.unity.timeline@1.8.12 (location: F:\PUN\Mundo aprendo tesis\Library\PackageCache\com.unity.timeline@8cd8509afae5)
    com.unity.visualscripting@1.9.11 (location: F:\PUN\Mundo aprendo tesis\Library\PackageCache\com.unity.visualscripting@8bed5ad90189)
    com.unity.searcher@4.9.4 (location: F:\PUN\Mundo aprendo tesis\Library\PackageCache\com.unity.searcher@d45a78918735)
    com.unity.burst@1.8.28 (location: F:\PUN\Mundo aprendo tesis\Library\PackageCache\com.unity.burst@07790c2d06d9)
    com.unity.mathematics@1.3.3 (location: F:\PUN\Mundo aprendo tesis\Library\PackageCache\com.unity.mathematics@19a9377c4ffa)
    com.unity.nuget.mono-cecil@1.11.6 (location: F:\PUN\Mundo aprendo tesis\Library\PackageCache\com.unity.nuget.mono-cecil@ecb9724e46ff)
    com.unity.test-framework.performance@3.2.0 (location: F:\PUN\Mundo aprendo tesis\Library\PackageCache\com.unity.test-framework.performance@0840f58e4562)
  Built-in packages:
    com.unity.multiplayer.center@1.0.1 (location: F:\PUN\Mundo aprendo tesis\Library\PackageCache\com.unity.multiplayer.center@f01f4ba8d00a)
    com.unity.render-pipelines.universal@17.4.0 (location: F:\PUN\Mundo aprendo tesis\Library\PackageCache\com.unity.render-pipelines.universal@0c5162adfb45)
    com.unity.test-framework@1.6.0 (location: F:\PUN\Mundo aprendo tesis\Library\PackageCache\com.unity.test-framework@629486125cfc)
    com.unity.ugui@2.0.0 (location: F:\PUN\Mundo aprendo tesis\Library\PackageCache\com.unity.ugui@3dd2fbd8c1f1)
    com.unity.modules.accessibility@1.0.0 (location: F:\PUN\Mundo aprendo tesis\Library\PackageCache\com.unity.modules.accessibility)
    com.unity.modules.adaptiveperformance@1.0.0 (location: F:\PUN\Mundo aprendo tesis\Library\PackageCache\com.unity.modules.adaptiveperformance)
    com.unity.modules.ai@1.0.0 (location: F:\PUN\Mundo aprendo tesis\Library\PackageCache\com.unity.modules.ai)
    com.unity.modules.androidjni@1.0.0 (location: F:\PUN\Mundo aprendo tesis\Library\PackageCache\com.unity.modules.androidjni)
    com.unity.modules.animation@1.0.0 (location: F:\PUN\Mundo aprendo tesis\Library\PackageCache\com.unity.modules.animation)
    com.unity.modules.assetbundle@1.0.0 (location: F:\PUN\Mundo aprendo tesis\Library\PackageCache\com.unity.modules.assetbundle)
    com.unity.modules.audio@1.0.0 (location: F:\PUN\Mundo aprendo tesis\Library\PackageCache\com.unity.modules.audio)
    com.unity.modules.cloth@1.0.0 (location: F:\PUN\Mundo aprendo tesis\Library\PackageCache\com.unity.modules.cloth)
    com.unity.modules.director@1.0.0 (location: F:\PUN\Mundo aprendo tesis\Library\PackageCache\com.unity.modules.director)
    com.unity.modules.imageconversion@1.0.0 (location: F:\PUN\Mundo aprendo tesis\Library\PackageCache\com.unity.modules.imageconversion)
    com.unity.modules.imgui@1.0.0 (location: F:\PUN\Mundo aprendo tesis\Library\PackageCache\com.unity.modules.imgui)
    com.unity.modules.jsonserialize@1.0.0 (location: F:\PUN\Mundo aprendo tesis\Library\PackageCache\com.unity.modules.jsonserialize)
    com.unity.modules.particlesystem@1.0.0 (location: F:\PUN\Mundo aprendo tesis\Library\PackageCache\com.unity.modules.particlesystem)
    com.unity.modules.physics@1.0.0 (location: F:\PUN\Mundo aprendo tesis\Library\PackageCache\com.unity.modules.physics)
    com.unity.modules.physics2d@1.0.0 (location: F:\PUN\Mundo aprendo tesis\Library\PackageCache\com.unity.modules.physics2d)
    com.unity.modules.screencapture@1.0.0 (location: F:\PUN\Mundo aprendo tesis\Library\PackageCache\com.unity.modules.screencapture)
    com.unity.modules.terrain@1.0.0 (location: F:\PUN\Mundo aprendo tesis\Library\PackageCache\com.unity.modules.terrain)
    com.unity.modules.terrainphysics@1.0.0 (location: F:\PUN\Mundo aprendo tesis\Library\PackageCache\com.unity.modules.terrainphysics)
    com.unity.modules.tilemap@1.0.0 (location: F:\PUN\Mundo aprendo tesis\Library\PackageCache\com.unity.modules.tilemap)
    com.unity.modules.ui@1.0.0 (location: F:\PUN\Mundo aprendo tesis\Library\PackageCache\com.unity.modules.ui)
    com.unity.modules.uielements@1.0.0 (location: F:\PUN\Mundo aprendo tesis\Library\PackageCache\com.unity.modules.uielements)
    com.unity.modules.umbra@1.0.0 (location: F:\PUN\Mundo aprendo tesis\Library\PackageCache\com.unity.modules.umbra)
    com.unity.modules.unityanalytics@1.0.0 (location: F:\PUN\Mundo aprendo tesis\Library\PackageCache\com.unity.modules.unityanalytics)
    com.unity.modules.unitywebrequest@1.0.0 (location: F:\PUN\Mundo aprendo tesis\Library\PackageCache\com.unity.modules.unitywebrequest)
    com.unity.modules.unitywebrequestassetbundle@1.0.0 (location: F:\PUN\Mundo aprendo tesis\Library\PackageCache\com.unity.modules.unitywebrequestassetbundle)
    com.unity.modules.unitywebrequestaudio@1.0.0 (location: F:\PUN\Mundo aprendo tesis\Library\PackageCache\com.unity.modules.unitywebrequestaudio)
    com.unity.modules.unitywebrequesttexture@1.0.0 (location: F:\PUN\Mundo aprendo tesis\Library\PackageCache\com.unity.modules.unitywebrequesttexture)
    com.unity.modules.unitywebrequestwww@1.0.0 (location: F:\PUN\Mundo aprendo tesis\Library\PackageCache\com.unity.modules.unitywebrequestwww)
    com.unity.modules.vectorgraphics@1.0.0 (location: F:\PUN\Mundo aprendo tesis\Library\PackageCache\com.unity.modules.vectorgraphics)
    com.unity.modules.vehicles@1.0.0 (location: F:\PUN\Mundo aprendo tesis\Library\PackageCache\com.unity.modules.vehicles)
    com.unity.modules.video@1.0.0 (location: F:\PUN\Mundo aprendo tesis\Library\PackageCache\com.unity.modules.video)
    com.unity.modules.vr@1.0.0 (location: F:\PUN\Mundo aprendo tesis\Library\PackageCache\com.unity.modules.vr)
    com.unity.modules.wind@1.0.0 (location: F:\PUN\Mundo aprendo tesis\Library\PackageCache\com.unity.modules.wind)
    com.unity.modules.xr@1.0.0 (location: F:\PUN\Mundo aprendo tesis\Library\PackageCache\com.unity.modules.xr)
    com.unity.modules.subsystems@1.0.0 (location: F:\PUN\Mundo aprendo tesis\Library\PackageCache\com.unity.modules.subsystems)
    com.unity.modules.hierarchycore@1.0.0 (location: F:\PUN\Mundo aprendo tesis\Library\PackageCache\com.unity.modules.hierarchycore)
    com.unity.ext.nunit@2.0.5 (location: F:\PUN\Mundo aprendo tesis\Library\PackageCache\com.unity.ext.nunit@d8c07649098d)
    com.unity.render-pipelines.core@17.4.0 (location: F:\PUN\Mundo aprendo tesis\Library\PackageCache\com.unity.render-pipelines.core@6a60abc179f8)
    com.unity.shadergraph@17.4.0 (location: F:\PUN\Mundo aprendo tesis\Library\PackageCache\com.unity.shadergraph@c6e5f4d3afa5)
    com.unity.render-pipelines.universal-config@17.4.0 (location: F:\PUN\Mundo aprendo tesis\Library\PackageCache\com.unity.render-pipelines.universal-config@0db4263b9e6b)
    com.unity.collections@6.4.0 (location: F:\PUN\Mundo aprendo tesis\Library\PackageCache\com.unity.collections@538ace9075bc)
[Subsystems] No new subsystems found in resolved package list.
[Package Manager] Done registering packages in 0.01 seconds
[ScriptCompilation] Requested script compilation because: AssetDatabase observed changes in script compilation related files
Starting: C:\Program Files\Unity\Hub\Editor\6000.4.0f1\Editor\Data\Tools\BuildPipeline\bee_backend.exe --ipc --defer-dag-verification --dagfile="Library/Bee/1900b0aE.dag" --continue-on-failure --profile="Library/Bee/backend1.traceevents" ScriptAssemblies
WorkingDir: F:/PUN/Mundo aprendo tesis
DisplayProgressbar: Compiling Scripts
ExitCode: 0 Duration: 2s825ms
[721/918    0s] ILPP-Configuration Library/ilpp-configuration.nevergeneratedoutput
[914/918    1s] Csc Library/Bee/artifacts/1900b0aE.dag/Assembly-CSharp-Editor.dll (+2 others)
[915/918    0s] ILPostProcess Library/Bee/artifacts/1900b0aE.dag/post-processed/Assembly-CSharp-Editor.dll (+pdb)
Processing assembly Library/Bee/artifacts/1900b0aE.dag/Assembly-CSharp-Editor.dll, with 137 defines and 345 references

processors: Unity.Jobs.CodeGen.JobsILPostProcessor, zzzUnity.Burst.CodeGen.BurstILPostProcessor

running Unity.Jobs.CodeGen.JobsILPostProcessor

running zzzUnity.Burst.CodeGen.BurstILPostProcessor
[916/918    0s] CopyFiles Library/ScriptAssemblies/Assembly-CSharp-Editor.pdb
[917/918    0s] CopyFiles Library/ScriptAssemblies/Assembly-CSharp-Editor.dll
*** Tundra build success (2.80 seconds), 5 items updated, 918 evaluated
AssetDatabase: script compilation time: 3.184296s
Begin MonoManager ReloadAssembly
Assembly Assembly-CSharp-Editor-firstpass.dll at Library/ScriptAssemblies/Assembly-CSharp-Editor-firstpass.dll not valid. Loading of assembly skipped.
Assembly Assembly-CSharp-firstpass.dll at Library/ScriptAssemblies/Assembly-CSharp-firstpass.dll not valid. Loading of assembly skipped.
Assembly DocCodeExamples.dll at Library/ScriptAssemblies/DocCodeExamples.dll not valid. Loading of assembly skipped.
Assembly TestNewCustomAssembly.dll at Library/ScriptAssemblies/TestNewCustomAssembly.dll not valid. Loading of assembly skipped.
Assembly Unity.Collections.BurstCompatibilityGen.dll at Library/ScriptAssemblies/Unity.Collections.BurstCompatibilityGen.dll not valid. Loading of assembly skipped.
Assembly Unity.Collections.DocCodeSamples.dll at Library/ScriptAssemblies/Unity.Collections.DocCodeSamples.dll not valid. Loading of assembly skipped.
Assembly Unity.Collections.PerformanceTests.dll at Library/ScriptAssemblies/Unity.Collections.PerformanceTests.dll not valid. Loading of assembly skipped.
Assembly Unity.Collections.Tests.dll at Library/ScriptAssemblies/Unity.Collections.Tests.dll not valid. Loading of assembly skipped.
Assembly Unity.Collections.Tests.Playmode.dll at Library/ScriptAssemblies/Unity.Collections.Tests.Playmode.dll not valid. Loading of assembly skipped.
Assembly Unity.InputSystem.IntegrationTests.dll at Library/ScriptAssemblies/Unity.InputSystem.IntegrationTests.dll not valid. Loading of assembly skipped.
Assembly Unity.Mathematics.Tests.dll at Library/ScriptAssemblies/Unity.Mathematics.Tests.dll not valid. Loading of assembly skipped.
Assembly Unity.Multiplayer.Center.Editor.Tests.dll at Library/ScriptAssemblies/Unity.Multiplayer.Center.Editor.Tests.dll not valid. Loading of assembly skipped.
Assembly Unity.Multiplayer.Center.Tests.dll at Library/ScriptAssemblies/Unity.Multiplayer.Center.Tests.dll not valid. Loading of assembly skipped.
Assembly Unity.Nuget.Mono-Cecil.dll at Library/ScriptAssemblies/Unity.Nuget.Mono-Cecil.dll not valid. Loading of assembly skipped.
Assembly Unity.PathTracing.Editor.Tests.dll at Library/ScriptAssemblies/Unity.PathTracing.Editor.Tests.dll not valid. Loading of assembly skipped.
Assembly Unity.PathTracing.Runtime.Tests.dll at Library/ScriptAssemblies/Unity.PathTracing.Runtime.Tests.dll not valid. Loading of assembly skipped.
Assembly Unity.RenderPipelines.Core.Editor.Tests.dll at Library/ScriptAssemblies/Unity.RenderPipelines.Core.Editor.Tests.dll not valid. Loading of assembly skipped.
Assembly Unity.RenderPipelines.Core.Runtime.Tests.dll at Library/ScriptAssemblies/Unity.RenderPipelines.Core.Runtime.Tests.dll not valid. Loading of assembly skipped.
Assembly Unity.RenderPipelines.Universal.Config.Editor.Tests.dll at Library/ScriptAssemblies/Unity.RenderPipelines.Universal.Config.Editor.Tests.dll not valid. Loading of assembly skipped.
Assembly Unity.RenderPipelines.Universal.Editor.Tests.dll at Library/ScriptAssemblies/Unity.RenderPipelines.Universal.Editor.Tests.dll not valid. Loading of assembly skipped.
Assembly Unity.RenderPipelines.Universal.Runtime.Tests.dll at Library/ScriptAssemblies/Unity.RenderPipelines.Universal.Runtime.Tests.dll not valid. Loading of assembly skipped.
Assembly Unity.Searcher.EditorTests.dll at Library/ScriptAssemblies/Unity.Searcher.EditorTests.dll not valid. Loading of assembly skipped.
Assembly Unity.ShaderGraph.Editor.Tests.dll at Library/ScriptAssemblies/Unity.ShaderGraph.Editor.Tests.dll not valid. Loading of assembly skipped.
Assembly Unity.TextMeshPro.Editor.Tests.dll at Library/ScriptAssemblies/Unity.TextMeshPro.Editor.Tests.dll not valid. Loading of assembly skipped.
Assembly Unity.TextMeshPro.Tests.dll at Library/ScriptAssemblies/Unity.TextMeshPro.Tests.dll not valid. Loading of assembly skipped.
Assembly Unity.UnifiedRayTracing.Editor.Tests.dll at Library/ScriptAssemblies/Unity.UnifiedRayTracing.Editor.Tests.dll not valid. Loading of assembly skipped.
Assembly UnityEditor.UI.Common.Tests.dll at Library/ScriptAssemblies/UnityEditor.UI.Common.Tests.dll not valid. Loading of assembly skipped.
Assembly UnityEditor.UI.EditorTests.dll at Library/ScriptAssemblies/UnityEditor.UI.EditorTests.dll not valid. Loading of assembly skipped.
Assembly UnityEngine.UI.Tests.dll at Library/ScriptAssemblies/UnityEngine.UI.Tests.dll not valid. Loading of assembly skipped.
Native extension for Android target not found
Native extension for WindowsStandalone target not found
ScheduleIndexationOnStartup MainProcess:True IndexOnStartup:True
Mono: successfully reloaded assembly
- Finished resetting the current domain, in  2.924 seconds
Domain Reload Profiling: 4362ms
	BeginReloadAssembly (330ms)
		DisableScriptedObjects (10ms)
		CreateAndSetChildDomain (175ms)
	RebuildCommonClasses (38ms)
	RebuildNativeTypeToScriptingClass (14ms)
	initialDomainReloadingComplete (543ms)
	LoadAllAssembliesAndSetupDomain (512ms)
		LoadAssemblies (337ms)
		AnalyzeDomain (270ms)
			TypeCache.Refresh (193ms)
				TypeCache.ScanAssembly (180ms)
			BuildScriptInfoCaches (63ms)
			ResolveRequiredComponents (12ms)
	FinalizeReload (2924ms)
		SetupLoadedEditorAssemblies (0ms)
			InitializePlatformSupportModulesInManaged (32ms)
			BeforeProcessingInitializeOnLoad (169ms)
			ProcessInitializeOnLoadAttributes (2336ms)
			ProcessInitializeOnLoadMethodAttributes (132ms)
			AfterProcessingInitializeOnLoad (7ms)
		AwakeInstancesAfterBackupRestoration (6ms)
(Values over 0.050ms)
Asset Pipeline Refresh (id=58d0863d89485d841847401725265fea): Total: 8.308 seconds - Initiated by InitialRefreshV2(ForceSynchronousImport)
	Summary:
		Imports: total=0 (actual=0, local cache=0, cache server=0)
		Asset DB Process Time: managed=0 ms, native=3347 ms
		Asset DB Callback time: managed=261 ms, native=20 ms
		Scripting: domain reloads=1, domain reload time=1442 ms, compile time=3186 ms, other=49 ms
		Project Asset Count: scripts=1372, non-scripts=2596
		Asset File Changes: new=0, changed=1, moved=0, deleted=0
		Scan Filter Count: 0
	InvokePackagesCallback: 17.317ms
	ApplyChangesToAssetFolders: 0.708ms
	Scan: 113.161ms
	OnSourceAssetsModified: 0.773ms
	CategorizeScriptCompilationAssets: 66.058ms
	ProcessAssetsWithTransientArtifactChanges: 70.927ms
	CategorizeAssets: 44.955ms
	CompileScripts: 3185.671ms
	ImportOutOfDateAssets: 2933.582ms (2931.628ms without children)
		UnloadImportedAssets: 0.826ms
		EnsureUptoDateAssetsAreRegisteredWithGuidPM: 0.631ms
		OnDemandSchedulerStart: 0.473ms
	PostProcessAllAssets: 262.171ms
		VCAutoAddAssetPostprocess 0.859ms
		XRBuildSystem.XRAssetImported 0.315ms
		MonoPostProcessAllAssets: 260.555ms
			AssetPostprocessor.OnPostprocessAllAssets 189.697ms
			StyleCatalogPostProcessor.OnPostprocessAllAssets 21.167ms
			UniversalRenderPipelineGlobalSettingsPostprocessor.OnPostprocessAllAssets 10.090ms
			SyncVS.PostprocessSyncProject 9.906ms
			BuilderAssetPostprocessor.OnPostprocessAllAssets 6.522ms
			SpeedTree9Postprocessor.OnPostprocessAllAssets 1.962ms
			WindowAssetPostprocessingWatcher.OnPostprocessAllAssets 1.746ms
			ShaderGraphAssetPostProcessor.OnPostprocessAllAssets 1.305ms
			AssetChangedListener.OnPostprocessAllAssets 1.249ms
			RetainedModeAssetPostprocessor.OnPostprocessAllAssets 1.112ms
			MaterialPostprocessor.OnPostprocessAllAssets 0.657ms
			RenderPipelineGlobalSettingsPostprocessor.OnPostprocessAllAssets 0.638ms
			ArtifactBrowserPostProcessor.OnPostprocessAllAssets 0.525ms
			TMPro_TexturePostProcessor.OnPostprocessAllAssets 0.413ms
			ReferencedClipsPostProcessor.OnPostprocessAllAssets 0.361ms
			UVCSAssetPostprocessor.OnPostprocessAllAssets 0.354ms
			InputActionAssetPostprocessor.OnPostprocessAllAssets 0.341ms
			TextAssetPostProcessor.OnPostprocessAllAssets 0.322ms
			AudioMixerPostprocessor.OnPostprocessAllAssets 0.305ms
			PostProcessor.OnPostprocessAllAssets 0.279ms
			InputActionJsonNameModifierAssetProcessor.OnPostprocessAllAssets 0.256ms
			AssetEvents.OnPostprocessAllAssets 0.233ms
			TerrainToolbarOverlayPostProcessor.OnPostprocessAllAssets 0.202ms
			ProjectSettingsPostprocessor.OnPostprocessAllAssets 0.172ms
			AssetDatabaseCallbacks.OnPostprocessAllAssets 0.167ms
			ConfigAssetsTracker.OnPostprocessAllAssets 0.147ms
			SpeedTreePostProcessor.OnPostprocessAllAssets 0.144ms
			SamplePostprocessor.OnPostprocessAllAssets 0.132ms
			ScenarioDriftAssetsTracker.OnPostprocessAllAssets 0.123ms
			AudioContainerPostProcessor.OnPostprocessAllAssets 0.069ms
	PostAssetChangesProfiler: 3.076ms
	UnloadStreamsBegin: 3.124ms
	PersistCurrentRevisions: 0.110ms
	GenerateScriptTypeHashes: 2.613ms
	GenerateScriptTypeSerializationHashes: 4.890ms
	Untracked: 1604.731ms

Application.AssetDatabase Initial Refresh End
Scanning for USB devices : 2.669ms
Initializing Unity extensions:
[MODES] ModeService[none].Initialize
[MODES] ModeService[none].LoadModes
[MODES] Loading mode Default (0) for mode-current-id-Mundo aprendo tesis
Unloading 27 Unused Serialized files (Serialized files now loaded: 0)
Unloading 6631 unused Assets / (3.2 MB). Loaded Objects now: 7479.
Memory consumption went from 200.0 MB to 196.9 MB.
Total: 10.776000 ms (FindLiveObjects: 0.874300 ms CreateObjectMapping: 1.319700 ms MarkObjects: 5.622300 ms  DeleteObjects: 2.957200 ms)

Microsoft Media Foundation video decoding to texture disabled: graphics device is Null, only Direct3D 11 and Direct3D 12 (only on desktop) are supported for hardware-accelerated video decoding.
[Project] Loading completed in 15.068 seconds
	Project init time: 				14.120 seconds
		Template init time: 		0.000 seconds
		Package Manager init time: 		2.182 seconds
		Asset Database init time: 		0.130 seconds
		Global illumination init time: 	0.002 seconds
		Assemblies load time: 			3.056 seconds
		Unity extensions init time: 	0.008 seconds
		Asset Database refresh time: 	8.309 seconds
	Scene opening time: 			0.890 seconds
##utp:{"type":"ProjectInfo","version":2,"phase":"Immediate","time":1782050586369,"processId":11612,"projectLoad":15.0676399,"projectInit":14.1204035,"templateInit":0.0,"packageManagerInit":2.1824281,"assetDatabaseInit":0.1297984,"globalIlluminationInit":0.0019836,"assembliesLoad":3.0555272,"unityExtensionsInit":0.0080201,"assetDatabaseRefresh":8.3087192,"sceneOpening":0.8897539}
##utp:{"type":"EditorInfo","version":2,"phase":"Immediate","time":1782050586369,"processId":11612,"editorVersion":"6000.4.0f1 (8cf496087c8f)","branch":"6000.4/staging","buildType":"Release","platform":"Windows"}
Asset Pipeline Refresh (id=0cced6e21c48fcc4ab3af16ea9687543): Total: 0.050 seconds - Initiated by RefreshV2(NoUpdateAssetOptions)
Shader Hidden/ChartRasterizerHardware is not supported: GPU does not support conservative rasterization
[Licensing::Client] Successfully resolved entitlement details
Running tests for ExecutionSettings with details:
targetPlatform = 
playerHeartbeatTimeout = 600
filters[0] = 
   Filter with settings:
   testMode = EditMode
   targetPlatform = 
   testNames = null
   groupNames = null
   categoryNames = null
   assemblyNames = null
ignoreTests = {}
featureFlags = null

UnityEngine.Debug:ExtractStackTraceNoAlloc (byte*,int,string)
UnityEngine.StackTraceUtility:ExtractStackTrace ()
UnityEngine.DebugLogHandler:Internal_Log (UnityEngine.LogType,UnityEngine.LogOption,string,UnityEngine.Object)
UnityEngine.DebugLogHandler:LogFormat (UnityEngine.LogType,UnityEngine.Object,string,object[])
UnityEngine.Logger:Log (UnityEngine.LogType,object)
UnityEngine.Debug:Log (object)
UnityEditor.TestTools.TestRunner.CommandLineTest.Executer:InitializeAndExecuteRun (string[]) (at ./Library/PackageCache/com.unity.test-framework@629486125cfc/UnityEditor.TestRunner/CommandLineTest/Executer.cs:53)
UnityEditor.TestTools.TestRunner.CommandLineTest.TestStarter:InitializeAndExecuteRun () (at ./Library/PackageCache/com.unity.test-framework@629486125cfc/UnityEditor.TestRunner/CommandLineTest/TestStarter.cs:64)
UnityEditor.EditorApplication:Internal_CallUpdateFunctions ()

(Filename: ./Library/PackageCache/com.unity.test-framework@629486125cfc/UnityEditor.TestRunner/CommandLineTest/Executer.cs Line: 53)

Start Indexing on Editor startup
[Indexing] Starting Initial Indexing for Assets
[UnityConnectServicesConfig] config is NOT valid, switching to default
Created GICache directory at C:/Users/Boloxdhd/AppData/LocalLow/Unity/Caches/GiCache. Took: 0.014s, timestamps: [15.070 - 15.085]
[Licensing::Client] Successfully resolved entitlement details
Unloading 4 Unused Serialized files (Serialized files now loaded: 0)
Unloading 4 unused Assets / (57.2 KB). Loaded Objects now: 7531.
Memory consumption went from 199.7 MB to 199.6 MB.
Total: 7.255900 ms (FindLiveObjects: 0.254800 ms CreateObjectMapping: 0.143300 ms MarkObjects: 6.815000 ms  DeleteObjects: 0.041800 ms)

Executing IPrebuildSetup for: Unity.PerformanceTesting.Editor.TestRunBuilder.
UnityEngine.Debug:ExtractStackTraceNoAlloc (byte*,int,string)
UnityEngine.StackTraceUtility:ExtractStackTrace ()
UnityEngine.DebugLogHandler:Internal_Log (UnityEngine.LogType,UnityEngine.LogOption,string,UnityEngine.Object)
UnityEngine.DebugLogHandler:LogFormat (UnityEngine.LogType,UnityEngine.Object,string,object[])
UnityEngine.Logger:Log (UnityEngine.LogType,object)
UnityEngine.Debug:Log (object)
UnityEditor.TestTools.TestRunner.TestRun.Tasks.BuildActionTaskBase`1/<ExecuteMethods>d__8<UnityEngine.TestTools.IPrebuildSetup>:MoveNext () (at ./Library/PackageCache/com.unity.test-framework@629486125cfc/UnityEditor.TestRunner/TestRun/Tasks/BuildActionTaskBase.cs:48)
UnityEditor.TestTools.TestRunner.TestRun.Tasks.BuildActionTaskBase`1/<Execute>d__7<UnityEngine.TestTools.IPrebuildSetup>:MoveNext () (at ./Library/PackageCache/com.unity.test-framework@629486125cfc/UnityEditor.TestRunner/TestRun/Tasks/BuildActionTaskBase.cs:34)
UnityEditor.TestTools.TestRunner.TestRun.TestJobRunner:ExecuteStep () (at ./Library/PackageCache/com.unity.test-framework@629486125cfc/UnityEditor.TestRunner/TestRun/TestJobRunner.cs:173)
UnityEditor.TestTools.TestRunner.TestRun.TestJobRunner:ExecuteCallback () (at ./Library/PackageCache/com.unity.test-framework@629486125cfc/UnityEditor.TestRunner/TestRun/TestJobRunner.cs:108)
UnityEditor.EditorApplication:Internal_CallUpdateFunctions ()

(Filename: ./Library/PackageCache/com.unity.test-framework@629486125cfc/UnityEditor.TestRunner/TestRun/Tasks/BuildActionTaskBase.cs Line: 48)

Opening scene 'Assets/Scenes/Mundos/MundoEmociones.unity'
Unloading 15 Unused Serialized files (Serialized files now loaded: 0)
Loaded scene 'Assets/Scenes/Mundos/MundoEmociones.unity'
	Deserialize:            37.771 ms
	Integration:            277.280 ms
	Integration of assets:  0.769 ms
	Thread Wait Time:       0.007 ms
	Total Operation Time:   315.828 ms
Unloading 1 unused Assets / (8.8 MB). Loaded Objects now: 7998.
Memory consumption went from 202.5 MB to 193.7 MB.
Total: 7.786400 ms (FindLiveObjects: 0.484100 ms CreateObjectMapping: 0.320300 ms MarkObjects: 6.945200 ms  DeleteObjects: 0.036200 ms)

Opening scene 'Assets/Scenes/MundoMusical.unity'
Unloading 18 Unused Serialized files (Serialized files now loaded: 0)
Loaded scene 'Assets/Scenes/MundoMusical.unity'
	Deserialize:            9.172 ms
	Integration:            191.960 ms
	Integration of assets:  0.328 ms
	Thread Wait Time:       0.035 ms
	Total Operation Time:   201.495 ms
Unloading 24 unused Assets / (46.8 KB). Loaded Objects now: 7877.
Memory consumption went from 192.2 MB to 192.2 MB.
Total: 8.264200 ms (FindLiveObjects: 0.475200 ms CreateObjectMapping: 0.340100 ms MarkObjects: 7.344500 ms  DeleteObjects: 0.103700 ms)

Opening scene 'Assets/Scenes/Menu.unity'
Unloading 15 Unused Serialized files (Serialized files now loaded: 0)
Loaded scene 'Assets/Scenes/Menu.unity'
	Deserialize:            24.867 ms
	Integration:            209.397 ms
	Integration of assets:  0.551 ms
	Thread Wait Time:       0.006 ms
	Total Operation Time:   234.821 ms
Unloading 4 unused Assets / (3.2 KB). Loaded Objects now: 8280.
Memory consumption went from 198.8 MB to 198.8 MB.
Total: 8.104400 ms (FindLiveObjects: 0.504200 ms CreateObjectMapping: 0.328400 ms MarkObjects: 7.228100 ms  DeleteObjects: 0.043100 ms)

Opening scene 'Assets/Scenes/SeleccionMundos.unity'
Unloading 32 Unused Serialized files (Serialized files now loaded: 0)
Loaded scene 'Assets/Scenes/SeleccionMundos.unity'
	Deserialize:            10.924 ms
	Integration:            193.917 ms
	Integration of assets:  0.360 ms
	Thread Wait Time:       0.008 ms
	Total Operation Time:   205.209 ms
Unloading 95 unused Assets / (60.0 KB). Loaded Objects now: 8137.
Memory consumption went from 197.5 MB to 197.4 MB.
Total: 8.760200 ms (FindLiveObjects: 0.560200 ms CreateObjectMapping: 0.345700 ms MarkObjects: 7.621800 ms  DeleteObjects: 0.231200 ms)

Opening scene 'Assets/Scenes/MundoMusical.unity'
Unloading 4 Unused Serialized files (Serialized files now loaded: 0)
Loaded scene 'Assets/Scenes/MundoMusical.unity'
	Deserialize:            7.167 ms
	Integration:            191.393 ms
	Integration of assets:  0.146 ms
	Thread Wait Time:       0.035 ms
	Total Operation Time:   198.740 ms
Unloading 5 unused Assets / (7.5 KB). Loaded Objects now: 7885.
Memory consumption went from 192.3 MB to 192.3 MB.
Total: 8.619800 ms (FindLiveObjects: 0.462600 ms CreateObjectMapping: 0.347500 ms MarkObjects: 7.754400 ms  DeleteObjects: 0.054600 ms)

Opening scene 'Assets/Scenes/MundoCuentos_VozTest.unity'
Unloading 4 Unused Serialized files (Serialized files now loaded: 0)
Loaded scene 'Assets/Scenes/MundoCuentos_VozTest.unity'
	Deserialize:            9.600 ms
	Integration:            199.090 ms
	Integration of assets:  0.169 ms
	Thread Wait Time:       0.038 ms
	Total Operation Time:   208.897 ms
Unloading 7 unused Assets / (3.8 KB). Loaded Objects now: 7894.
Memory consumption went from 192.7 MB to 192.7 MB.
Total: 8.228600 ms (FindLiveObjects: 0.502300 ms CreateObjectMapping: 0.325000 ms MarkObjects: 7.344600 ms  DeleteObjects: 0.055700 ms)

Opening scene 'Assets/Scenes/MundoTamanos.unity'
Unloading 18 Unused Serialized files (Serialized files now loaded: 0)
Loaded scene 'Assets/Scenes/MundoTamanos.unity'
	Deserialize:            9.892 ms
	Integration:            190.160 ms
	Integration of assets:  0.343 ms
	Thread Wait Time:       0.005 ms
	Total Operation Time:   200.399 ms
Unloading 1 unused Assets / (0.5 KB). Loaded Objects now: 7851.
Memory consumption went from 193.7 MB to 193.7 MB.
Total: 8.056600 ms (FindLiveObjects: 0.524900 ms CreateObjectMapping: 0.329900 ms MarkObjects: 7.177400 ms  DeleteObjects: 0.023600 ms)

Opening scene 'Assets/Scenes/Mundos/MundoEmociones.unity'
Unloading 14 Unused Serialized files (Serialized files now loaded: 0)
Loaded scene 'Assets/Scenes/Mundos/MundoEmociones.unity'
	Deserialize:            9.594 ms
	Integration:            190.845 ms
	Integration of assets:  0.243 ms
	Thread Wait Time:       0.007 ms
	Total Operation Time:   200.690 ms
Unloading 19 unused Assets / (24.0 KB). Loaded Objects now: 8008.
Memory consumption went from 195.6 MB to 195.5 MB.
Total: 9.079100 ms (FindLiveObjects: 0.490700 ms CreateObjectMapping: 0.352500 ms MarkObjects: 8.154300 ms  DeleteObjects: 0.080900 ms)

Opening scene 'Assets/Scenes/SeleccionMundos.unity'
Unloading 7 Unused Serialized files (Serialized files now loaded: 0)
Loaded scene 'Assets/Scenes/SeleccionMundos.unity'
	Deserialize:            10.179 ms
	Integration:            196.807 ms
	Integration of assets:  0.002 ms
	Thread Wait Time:       0.036 ms
	Total Operation Time:   207.023 ms
Unloading 20 unused Assets / (0.8 MB). Loaded Objects now: 8139.
Memory consumption went from 194.6 MB to 193.8 MB.
Total: 8.250600 ms (FindLiveObjects: 0.507100 ms CreateObjectMapping: 0.315000 ms MarkObjects: 7.343000 ms  DeleteObjects: 0.084800 ms)

Opening scene 'Assets/Scenes/MundoTamanos.unity'
Unloading 16 Unused Serialized files (Serialized files now loaded: 0)
Loaded scene 'Assets/Scenes/MundoTamanos.unity'
	Deserialize:            8.896 ms
	Integration:            195.595 ms
	Integration of assets:  0.291 ms
	Thread Wait Time:       0.036 ms
	Total Operation Time:   204.819 ms
Unloading 1 unused Assets / (0.5 KB). Loaded Objects now: 7851.
Memory consumption went from 193.6 MB to 193.6 MB.
Total: 8.013800 ms (FindLiveObjects: 0.512200 ms CreateObjectMapping: 0.326000 ms MarkObjects: 7.152600 ms  DeleteObjects: 0.022100 ms)

Opening scene 'Assets/Scenes/MundoCuentos_VozTest.unity'
Unloading 4 Unused Serialized files (Serialized files now loaded: 0)
Loaded scene 'Assets/Scenes/MundoCuentos_VozTest.unity'
	Deserialize:            6.739 ms
	Integration:            194.465 ms
	Integration of assets:  0.002 ms
	Thread Wait Time:       0.036 ms
	Total Operation Time:   201.242 ms
Unloading 19 unused Assets / (23.0 KB). Loaded Objects now: 7895.
Memory consumption went from 193.2 MB to 193.1 MB.
Total: 8.627900 ms (FindLiveObjects: 0.473400 ms CreateObjectMapping: 0.316200 ms MarkObjects: 7.761200 ms  DeleteObjects: 0.076500 ms)

Opening scene 'Assets/Scenes/MundoTamanos.unity'
Unloading 16 Unused Serialized files (Serialized files now loaded: 0)
Loaded scene 'Assets/Scenes/MundoTamanos.unity'
	Deserialize:            8.794 ms
	Integration:            194.294 ms
	Integration of assets:  0.286 ms
	Thread Wait Time:       0.044 ms
	Total Operation Time:   203.418 ms
Unloading 1 unused Assets / (0.5 KB). Loaded Objects now: 7851.
Memory consumption went from 193.6 MB to 193.6 MB.
Total: 7.809500 ms (FindLiveObjects: 0.454200 ms CreateObjectMapping: 0.317300 ms MarkObjects: 7.015400 ms  DeleteObjects: 0.021700 ms)

Opening scene 'Assets/Scenes/MundoCuentos_VozTest.unity'
Unloading 4 Unused Serialized files (Serialized files now loaded: 0)
Loaded scene 'Assets/Scenes/MundoCuentos_VozTest.unity'
	Deserialize:            6.698 ms
	Integration:            189.414 ms
	Integration of assets:  0.002 ms
	Thread Wait Time:       0.005 ms
	Total Operation Time:   196.119 ms
Unloading 19 unused Assets / (23.0 KB). Loaded Objects now: 7895.
Memory consumption went from 193.2 MB to 193.1 MB.
Total: 8.638100 ms (FindLiveObjects: 0.467000 ms CreateObjectMapping: 0.313100 ms MarkObjects: 7.778900 ms  DeleteObjects: 0.078100 ms)

Opening scene 'Assets/Scenes/Menu.unity'
Unloading 12 Unused Serialized files (Serialized files now loaded: 0)
Loaded scene 'Assets/Scenes/Menu.unity'
	Deserialize:            14.707 ms
	Integration:            205.324 ms
	Integration of assets:  0.303 ms
	Thread Wait Time:       0.036 ms
	Total Operation Time:   220.369 ms
Unloading 5 unused Assets / (3.3 KB). Loaded Objects now: 8280.
Memory consumption went from 198.7 MB to 198.7 MB.
Total: 8.053800 ms (FindLiveObjects: 0.584300 ms CreateObjectMapping: 0.343900 ms MarkObjects: 7.075500 ms  DeleteObjects: 0.049000 ms)

Saving results to: C:/Users/Boloxdhd/AppData/LocalLow/DefaultCompany/Mundo aprendo tesis\TestResults.xml
Saving results to: F:\PUN\Mundo aprendo tesis\Logs\RedesignEditMode.xml
Executing IPostBuildCleanup for: Unity.PerformanceTesting.Editor.TestRunBuilder.
UnityEngine.Debug:ExtractStackTraceNoAlloc (byte*,int,string)
UnityEngine.StackTraceUtility:ExtractStackTrace ()
UnityEngine.DebugLogHandler:Internal_Log (UnityEngine.LogType,UnityEngine.LogOption,string,UnityEngine.Object)
UnityEngine.DebugLogHandler:LogFormat (UnityEngine.LogType,UnityEngine.Object,string,object[])
UnityEngine.Logger:Log (UnityEngine.LogType,object)
UnityEngine.Debug:Log (object)
UnityEditor.TestTools.TestRunner.TestRun.Tasks.BuildActionTaskBase`1/<ExecuteMethods>d__8<UnityEngine.TestTools.IPostBuildCleanup>:MoveNext () (at ./Library/PackageCache/com.unity.test-framework@629486125cfc/UnityEditor.TestRunner/TestRun/Tasks/BuildActionTaskBase.cs:48)
UnityEditor.TestTools.TestRunner.TestRun.Tasks.BuildActionTaskBase`1/<Execute>d__7<UnityEngine.TestTools.IPostBuildCleanup>:MoveNext () (at ./Library/PackageCache/com.unity.test-framework@629486125cfc/UnityEditor.TestRunner/TestRun/Tasks/BuildActionTaskBase.cs:34)
UnityEditor.TestTools.TestRunner.TestRun.TestJobRunner:ExecuteStep () (at ./Library/PackageCache/com.unity.test-framework@629486125cfc/UnityEditor.TestRunner/TestRun/TestJobRunner.cs:173)
UnityEditor.TestTools.TestRunner.TestRun.TestJobRunner:ExecuteCallback () (at ./Library/PackageCache/com.unity.test-framework@629486125cfc/UnityEditor.TestRunner/TestRun/TestJobRunner.cs:108)
UnityEditor.EditorApplication:Internal_CallUpdateFunctions ()

(Filename: ./Library/PackageCache/com.unity.test-framework@629486125cfc/UnityEditor.TestRunner/TestRun/Tasks/BuildActionTaskBase.cs Line: 48)

Asset Pipeline Refresh (id=0e8e2ae324fd9c9489ed942df6c82d77): Total: 0.004 seconds - Initiated by RefreshV2(NoUpdateAssetOptions)
Unloading 0 Unused Serialized files (Serialized files now loaded: 0)
Unloading 109 unused Assets / (53.7 KB). Loaded Objects now: 7550.
Memory consumption went from 197.3 MB to 197.2 MB.
Total: 8.489300 ms (FindLiveObjects: 0.258000 ms CreateObjectMapping: 0.145500 ms MarkObjects: 7.780200 ms  DeleteObjects: 0.304900 ms)

DisplayProgressbar: Undo
Test run completed. Exiting with code 0 (Ok). Run completed.
UnityEngine.Debug:ExtractStackTraceNoAlloc (byte*,int,string)
UnityEngine.StackTraceUtility:ExtractStackTrace ()
UnityEngine.DebugLogHandler:Internal_Log (UnityEngine.LogType,UnityEngine.LogOption,string,UnityEngine.Object)
UnityEngine.DebugLogHandler:LogFormat (UnityEngine.LogType,UnityEngine.Object,string,object[])
UnityEngine.Logger:Log (UnityEngine.LogType,object)
UnityEngine.Debug:Log (object)
UnityEditor.TestTools.TestRunner.CommandLineTest.Executer:ExitApplication (UnityEditor.TestTools.TestRunner.CommandLineTest.Executer/ReturnCodes,string) (at ./Library/PackageCache/com.unity.test-framework@629486125cfc/UnityEditor.TestRunner/CommandLineTest/Executer.cs:81)
UnityEditor.TestTools.TestRunner.CommandLineTest.Executer:ExitIfRunIsCompleted () (at ./Library/PackageCache/com.unity.test-framework@629486125cfc/UnityEditor.TestRunner/CommandLineTest/Executer.cs:74)
UnityEditor.EditorApplication:Internal_CallUpdateFunctions ()

(Filename: ./Library/PackageCache/com.unity.test-framework@629486125cfc/UnityEditor.TestRunner/CommandLineTest/Executer.cs Line: 81)

Clearing [Supersonic Rocketship SDF] dynamic font asset data.
UnityEngine.Debug:ExtractStackTraceNoAlloc (byte*,int,string)
UnityEngine.StackTraceUtility:ExtractStackTrace ()
UnityEngine.DebugLogHandler:Internal_Log (UnityEngine.LogType,UnityEngine.LogOption,string,UnityEngine.Object)
UnityEngine.DebugLogHandler:LogFormat (UnityEngine.LogType,UnityEngine.Object,string,object[])
UnityEngine.Logger:Log (UnityEngine.LogType,object)
UnityEngine.Debug:Log (object)
TMPro.EditorEventCallbacks/<>c:<InitializeFontAssetResourceChangeCallBacks>b__0_0 () (at ./Library/PackageCache/com.unity.ugui@3dd2fbd8c1f1/Editor/TMP/TMP_EditorResourceManager.cs:36)
UnityEditor.EditorApplication:Internal_EditorApplicationQuit ()
UnityEditor.TestTools.TestRunner.CommandLineTest.Executer:ExitApplication (UnityEditor.TestTools.TestRunner.CommandLineTest.Executer/ReturnCodes,string) (at ./Library/PackageCache/com.unity.test-framework@629486125cfc/UnityEditor.TestRunner/CommandLineTest/Executer.cs:83)
UnityEditor.TestTools.TestRunner.CommandLineTest.Executer:ExitIfRunIsCompleted () (at ./Library/PackageCache/com.unity.test-framework@629486125cfc/UnityEditor.TestRunner/CommandLineTest/Executer.cs:74)
UnityEditor.EditorApplication:Internal_CallUpdateFunctions ()

(Filename: ./Library/PackageCache/com.unity.ugui@3dd2fbd8c1f1/Editor/TMP/TMP_EditorResourceManager.cs Line: 36)

Killing ADB server in 0.0282692 seconds.
Start importing Assets/Mundo Aprendo/Fuente de Letra/Supersonic Rocketship SDF.asset using Guid(1b14be28849fd6c498e87f629f19ce92) (NativeFormatImporter) -> (Import Result ID: 'ceb0f9f1318bf80093eb317b37eae98d') in 0.0073649 seconds [static dependencies only]. Details - ImportResultOutputID=8bbf97985c7f871718d52536ae4a7ad7 DependenciesID=3c694437a2ffedfeaab87860a75b5a4a StaticDependenciesID=91c8e08a29d993ddd072ff4e21720e64 
Asset Pipeline Refresh (id=e76f1ba0e6de8ab4baf50cc890d8d113): Total: 0.041 seconds - Initiated by StopAssetImportingV2(NoUpdateAssetOptions)
[Physics::Module] Cleanup current backend.
[Physics::Module] Id: 0xf2b8ea05
Input System module state changed to: ShutdownInProgress.
Input Polling Thread exited.
Input System module state changed to: Shutdown.
[Licensing::IpcConnector] LicenseClient-Boloxdhd-6000.4.0-notifications channel disconnected successfully.
[Licensing::IpcConnector] LicenseClient-Boloxdhd-6000.4.0 channel disconnected successfully.
AcceleratorClientConnectionCallback - disconnected - :0
Cleanup mono
CodeReloadManager destroyed
Checking for leaked weakptr:
  Found no leaked weakptrs.
[Package Manager] Server process was shutdown
##utp:{"type":"MemoryLeaks","version":2,"phase":"Immediate","time":1782050591401,"processId":11612,"allocatedMemory":15266229,"memoryLabels":[{"Default":187545},{"Permanent":15268},{"NewDelete":65411},{"Thread":4230344},{"Manager":34573},{"VertexData":8},{"Geometry":816},{"Texture":24},{"Shader":848378},{"Material":24},{"GfxDevice":55313},{"Animation":392},{"Audio":3008},{"FreeType":8},{"FontEngine":736},{"Physics":2090},{"Physics2D":16},{"Serialization":952},{"Input":9880},{"JobScheduler":33024},{"TextLib":216},{"Mono":32},{"MonoCode":64},{"ScriptingNativeRuntime":155052},{"BaseObject":1620368},{"Resource":1184},{"Renderer":3000},{"Transform":4685},{"File":18646},{"WebCam":616},{"Culling":32},{"Terrain":11394},{"Wind":24},{"STL":40},{"String":12963},{"StaticString":6718},{"Utility":2673318},{"Curl":2559},{"PoolAlloc":2168},{"AI":80},{"TypeTree":5341},{"ScriptManager":448},{"RuntimeInitializeOnLoadManager":64},{"SpriteAtlas":120},{"GI":7792},{"Director":8320},{"CloudService":288},{"WebRequest":808},{"VR":48050},{"SceneManager":504},{"Video":64},{"LazyScriptCache":32},{"Camera":17},{"Secure":2113},{"SerializationCache":1576},{"APIUpdating":10320},{"Subsystems":336},{"VirtualTexturing":57888},{"StaticSafetyDebugInfo":278528},{"Analytics":336},{"Hierarchy":608},{"CoreStats":13032},{"Identifiers":12960},{"Gui":128},{"EditorUtility":110641},{"VersionControl":4},{"Undo":931},{"AssetDatabase":4650215},{"EditorGi":328},{"UnityConnect":37777},{"Upm":1904},{"AssetCompliance":64},{"DrivenProperties":72},{"LocalIPC":214},{"ProfilerEditor":9746},{"CoreBusinessMetrics":2611},{"Windowing":456},{"Licensing":664},{"AssetReference":32},{"IPCStream":32}]}
