[Licensing::Module] Trying to connect to existing licensing client channel...
Built from '6000.4/staging' branch; Version is '6000.4.0f1 (8cf496087c8f) revision 9237654'; Using compiler version '194234433'; Build Type 'Release'
OS: 'Windows 10  (10.0.19045) 64bit Professional' Language: 'es' Physical Memory: 32690 MB
BatchMode: 1, IsHumanControllingUs: 0, StartBugReporterOnCrash: 0, Is64bit: 1
[Licensing::IpcConnector] Channel LicenseClient-Boloxdhd doesn't exist
System  architecture: x64
Process architecture: x64
Date: 2026-06-24T21:40:57Z
[Licensing::Module] Successfully launched the LicensingClient (PId: 18440)

COMMAND LINE ARGUMENTS:
C:\Program Files\Unity\Hub\Editor\6000.4.0f1\Editor\Unity.exe
-batchmode
-nographics
-projectPath
F:\PUN\Mundo aprendo tesis
-runTests
-testPlatform
EditMode
-testResults
F:\PUN\Mundo aprendo tesis\Logs\RequestedCorrectionsEditMode.xml
-logFile
F:\PUN\Mundo aprendo tesis\Logs\RequestedCorrectionsEditMode.log
Successfully changed project path to: F:\PUN\Mundo aprendo tesis
F:/PUN/Mundo aprendo tesis
[UnityMemory] Configuration Parameters - Can be set up in boot.config
    "memorysetup-temp-allocator-size-gi-baking-worker=262144"
    "memorysetup-temp-allocator-size-gi-baking-worker=262144"
    "memorysetup-temp-allocator-size-gi-baking-worker=262144"
    "memorysetup-temp-allocator-size-gi-baking-worker=262144"
    "memorysetup-temp-allocator-size-gi-baking-worker=262144"
    "memorysetup-temp-allocator-size-nav-mesh-worker=65536"
    "memorysetup-temp-allocator-size-audio-worker=65536"
    "memorysetup-temp-allocator-size-cloud-worker=32768"
    "memorysetup-temp-allocator-size-gfx=262144"
    "memorysetup-temp-allocator-size-preload-manager=33554432"
    "memorysetup-temp-allocator-size-job-worker=262144"
    "memorysetup-temp-allocator-size-background-worker=32768"
    "memorysetup-allocator-temp-initial-block-size-main=262144"
    "memorysetup-allocator-temp-initial-block-size-worker=262144"
    "memorysetup-bucket-allocator-granularity=16"
    "memorysetup-bucket-allocator-bucket-count=8"
    "memorysetup-bucket-allocator-block-size=33554432"
    "memorysetup-bucket-allocator-block-count=8"
    "memorysetup-main-allocator-block-size=16777216"
    "memorysetup-thread-allocator-block-size=16777216"
    "memorysetup-gfx-main-allocator-block-size=16777216"
    "memorysetup-gfx-thread-allocator-block-size=16777216"
    "memorysetup-cache-allocator-block-size=4194304"
    "memorysetup-typetree-allocator-block-size=2097152"
    "memorysetup-profiler-bucket-allocator-granularity=16"
    "memorysetup-profiler-bucket-allocator-bucket-count=8"
    "memorysetup-profiler-bucket-allocator-block-size=33554432"
    "memorysetup-profiler-bucket-allocator-block-count=8"
    "memorysetup-profiler-allocator-block-size=16777216"
    "memorysetup-profiler-editor-allocator-block-size=1048576"
    "memorysetup-temp-allocator-size-main=16777216"
    "memorysetup-job-temp-allocator-block-size=2097152"
    "memorysetup-job-temp-allocator-block-size-background=1048576"
    "memorysetup-job-temp-allocator-reduction-small-platforms=262144"
Player connection [13704]  Target information:

Player connection [13704]  * "[IP] 192.168.1.23 [Port] 55504 [Flags] 2 [Guid] 3580950270 [EditorId] 3580950270 [Version] 1048832 [Id] WindowsEditor(7,DESKTOP-NF6H5UD) [Debug] 1 [PackageName] WindowsEditor [ProjectName] Editor" 

Player connection [13704] Host joined multi-casting on [225.0.0.222:54997]...
Player connection [13704] Host joined alternative multi-casting on [225.0.0.222:34997]...
Input System module state changed to: Initialized.
[Physics::Module] Initialized fallback backend.
[Physics::Module] Id: 0xdecafbad
[Licensing::IpcConnector] Successfully connected to: "LicenseClient-Boloxdhd" at "2026-06-24T21:40:57.964285Z"
[Package Manager] Connected to IPC stream "Upm-5872" after 0.3 seconds.
[Licensing::Module] Licensing is not yet initialized.
[Licensing::Client] Handshaking with LicensingClient:
  Version:                 1.18.1+9fbee8e
  Session Id:              271c44773d984e0c97cd3f96b7996503
  Correlation Id:          a77165622932286ed1687fa4f63641ef
  External correlation Id: 8957796921696874059
  Machine Id:              CFi18PVxujarsjnwWQVdFlBCSK4=
[Licensing::Module] Successfully connected to LicensingClient on channel: "LicenseClient-Boloxdhd" (connect: 0.24s, validation: 0.04s, handshake: 0.99s)
[Licensing::IpcConnector] Successfully connected to: "LicenseClient-Boloxdhd-notifications" at "2026-06-24T21:40:58.9968096Z"
[Licensing::Module] Connected to LicensingClient (PId: 18440, launch time: 0.00, total connection time: 1.28s)
[Licensing::Module] Error: Access token is unavailable; failed to update
[Licensing::Client] Successfully resolved entitlement details
[Licensing::Module] License group:
  Id: F4-FQE5-U6TU-H7W3-QSAD-XXXX
  Product: Unity Personal
  Type: ULF
  Expiration: Unlimited
[Licensing::Module] License group:
  Id: 4673397952068-UnityPersXXXX
  Product: Unity Personal
  Type: Assigned
  Expiration: Unlimited
[Licensing::Client] Successfully updated license, isAsync: True, time: 0.01
[Licensing::Module] Licensing Background thread has ended after 1.30s
[Licensing::Module] Licensing is initialized (took 0.90s).
[Licensing::Client] Successfully resolved entitlement details
[Licensing::Module] License group:
  Id: F4-FQE5-U6TU-H7W3-QSAD-XXXX
  Product: Unity Personal
  Type: ULF
  Expiration: Unlimited
[Licensing::Module] License group:
  Id: 4673397952068-UnityPersXXXX
  Product: Unity Personal
  Type: Assigned
  Expiration: Unlimited
Library Redirect Path: Library/
[Physics::Module] Selected backend.
[Physics::Module] Name: PhysX
[Physics::Module] Id: 0xf2b8ea05
[Physics::Module] SDK Version: 4.1.2
[Physics::Module] Integration Version: 1.0.0
[Physics::Module] Threading Mode: Multi-Threaded
Initialize engine version: 6000.4.0f1 (8cf496087c8f)
[Subsystems] Discovering subsystems at path C:/Program Files/Unity/Hub/Editor/6000.4.0f1/Editor/Data/Resources/UnitySubsystems
[Subsystems] Discovering subsystems at path F:/PUN/Mundo aprendo tesis/Assets
Forcing GfxDevice: Null
GfxDevice: creating device client; kGfxThreadingModeNonThreaded
NullGfxDevice:
    Version:  NULL 1.0 [1.0]
    Renderer: Null Device
    Vendor:   Unity Technologies
Shader Hidden/ChartRasterizerHardware is not supported: GPU does not support conservative rasterization
Initialize mono
Mono path[0] = 'C:/Program Files/Unity/Hub/Editor/6000.4.0f1/Editor/Data/Managed'
Mono path[1] = 'C:/Program Files/Unity/Hub/Editor/6000.4.0f1/Editor/Data/MonoBleedingEdge/lib/mono/unityjit-win32'
Mono config path = 'C:/Program Files/Unity/Hub/Editor/6000.4.0f1/Editor/Data/MonoBleedingEdge/etc'
Using monoOptions --debugger-agent=transport=dt_socket,embedding=1,server=y,suspend=n,address=127.0.0.1:56872
CodeReloadManager initialized
Using cacheserver namespaces - metadata:defaultmetadata, artifacts:defaultartifacts
Using cacheserver namespaces - metadata:defaultmetadata, artifacts:defaultartifacts
ImportWorker Server TCP listen port: 0
AcceleratorClientConnectionCallback - disconnected - :0
Begin MonoManager ReloadAssembly
Registering precompiled unity dll's ...
Register platform support module: C:/Program Files/Unity/Hub/Editor/6000.4.0f1/Editor/Data/PlaybackEngines/WindowsStandaloneSupport/UnityEditor.WindowsStandalone.Extensions.dll
[Licensing::Client] Successfully resolved entitlement details
[Licensing::Module] License group:
  Id: F4-FQE5-U6TU-H7W3-QSAD-XXXX
  Product: Unity Personal
  Type: ULF
  Expiration: Unlimited
[Licensing::Module] License group:
  Id: 4673397952068-UnityPersXXXX
  Product: Unity Personal
  Type: Assigned
  Expiration: Unlimited
Register platform support module: C:/Program Files/Unity/Hub/Editor/6000.4.0f1/Editor/Data/PlaybackEngines/AndroidPlayer/UnityEditor.Android.Extensions.dll
Registered in 0.004151 seconds.
Native extension for Android target not found
Android Extension - Scanning For ADB Devices 2151 ms
Native extension for WindowsStandalone target not found
Package Manager log level set to [2]
ScheduleIndexationOnStartup MainProcess:False IndexOnStartup:True
Mono: successfully reloaded assembly
- Finished resetting the current domain, in  2.582 seconds
Domain Reload Profiling: 3040ms
	BeginReloadAssembly (118ms)
	RebuildCommonClasses (38ms)
	RebuildNativeTypeToScriptingClass (14ms)
	initialDomainReloadingComplete (68ms)
	LoadAllAssembliesAndSetupDomain (220ms)
		LoadAssemblies (114ms)
		AnalyzeDomain (210ms)
			TypeCache.Refresh (208ms)
				TypeCache.ScanAssembly (193ms)
	FinalizeReload (2582ms)
		SetupLoadedEditorAssemblies (0ms)
			InitializePlatformSupportModulesInManaged (2237ms)
			BeforeProcessingInitializeOnLoad (88ms)
			ProcessInitializeOnLoadAttributes (111ms)
			ProcessInitializeOnLoadMethodAttributes (80ms)
[Licensing::Client] Successfully resolved entitlement details
[Licensing::Module] License group:
  Id: F4-FQE5-U6TU-H7W3-QSAD-XXXX
  Product: Unity Personal
  Type: ULF
  Expiration: Unlimited
[Licensing::Module] License group:
  Id: 4673397952068-UnityPersXXXX
  Product: Unity Personal
  Type: Assigned
  Expiration: Unlimited
Application.AssetDatabase Initial Refresh Start
[Package Manager] Restoring resolved packages state from cache
[Licensing::Client] Successfully resolved entitlement details
[Package Manager] Registered 57 packages:
  Packages from [https://packages.unity.com]:
    com.unity.ai.navigation@2.0.12 (location: F:\PUN\Mundo aprendo tesis\Library\PackageCache\com.unity.ai.navigation@734c2c4c5591)
    com.unity.collab-proxy@2.12.4 (location: F:\PUN\Mundo aprendo tesis\Library\PackageCache\com.unity.collab-proxy@0b1559bcd34e)
    com.unity.ide.rider@3.0.39 (location: F:\PUN\Mundo aprendo tesis\Library\PackageCache\com.unity.ide.rider@4504839d03f7)
    com.unity.ide.visualstudio@2.0.27 (location: F:\PUN\Mundo aprendo tesis\Library\PackageCache\com.unity.ide.visualstudio@dc1ddd4f09b6)
    com.unity.inputsystem@1.19.0 (location: F:\PUN\Mundo aprendo tesis\Library\PackageCache\com.unity.inputsystem@21a28c3a6c83)
    com.unity.timeline@1.8.12 (location: F:\PUN\Mundo aprendo tesis\Library\PackageCache\com.unity.timeline@8cd8509afae5)
    com.unity.visualscripting@1.9.11 (location: F:\PUN\Mundo aprendo tesis\Library\PackageCache\com.unity.visualscripting@8bed5ad90189)
    com.unity.searcher@4.9.4 (location: F:\PUN\Mundo aprendo tesis\Library\PackageCache\com.unity.searcher@d45a78918735)
    com.unity.burst@1.8.28 (location: F:\PUN\Mundo aprendo tesis\Library\PackageCache\com.unity.burst@07790c2d06d9)
    com.unity.mathematics@1.3.3 (location: F:\PUN\Mundo aprendo tesis\Library\PackageCache\com.unity.mathematics@19a9377c4ffa)
    com.unity.nuget.mono-cecil@1.11.6 (location: F:\PUN\Mundo aprendo tesis\Library\PackageCache\com.unity.nuget.mono-cecil@ecb9724e46ff)
    com.unity.test-framework.performance@3.2.0 (location: F:\PUN\Mundo aprendo tesis\Library\PackageCache\com.unity.test-framework.performance@0840f58e4562)
  Built-in packages:
    com.unity.multiplayer.center@1.0.1 (location: F:\PUN\Mundo aprendo tesis\Library\PackageCache\com.unity.multiplayer.center@f01f4ba8d00a)
    com.unity.render-pipelines.universal@17.4.0 (location: F:\PUN\Mundo aprendo tesis\Library\PackageCache\com.unity.render-pipelines.universal@0c5162adfb45)
    com.unity.test-framework@1.6.0 (location: F:\PUN\Mundo aprendo tesis\Library\PackageCache\com.unity.test-framework@629486125cfc)
    com.unity.ugui@2.0.0 (location: F:\PUN\Mundo aprendo tesis\Library\PackageCache\com.unity.ugui@3dd2fbd8c1f1)
    com.unity.modules.accessibility@1.0.0 (location: F:\PUN\Mundo aprendo tesis\Library\PackageCache\com.unity.modules.accessibility)
    com.unity.modules.adaptiveperformance@1.0.0 (location: F:\PUN\Mundo aprendo tesis\Library\PackageCache\com.unity.modules.adaptiveperformance)
    com.unity.modules.ai@1.0.0 (location: F:\PUN\Mundo aprendo tesis\Library\PackageCache\com.unity.modules.ai)
    com.unity.modules.androidjni@1.0.0 (location: F:\PUN\Mundo aprendo tesis\Library\PackageCache\com.unity.modules.androidjni)
    com.unity.modules.animation@1.0.0 (location: F:\PUN\Mundo aprendo tesis\Library\PackageCache\com.unity.modules.animation)
    com.unity.modules.assetbundle@1.0.0 (location: F:\PUN\Mundo aprendo tesis\Library\PackageCache\com.unity.modules.assetbundle)
    com.unity.modules.audio@1.0.0 (location: F:\PUN\Mundo aprendo tesis\Library\PackageCache\com.unity.modules.audio)
    com.unity.modules.cloth@1.0.0 (location: F:\PUN\Mundo aprendo tesis\Library\PackageCache\com.unity.modules.cloth)
    com.unity.modules.director@1.0.0 (location: F:\PUN\Mundo aprendo tesis\Library\PackageCache\com.unity.modules.director)
    com.unity.modules.imageconversion@1.0.0 (location: F:\PUN\Mundo aprendo tesis\Library\PackageCache\com.unity.modules.imageconversion)
    com.unity.modules.imgui@1.0.0 (location: F:\PUN\Mundo aprendo tesis\Library\PackageCache\com.unity.modules.imgui)
    com.unity.modules.jsonserialize@1.0.0 (location: F:\PUN\Mundo aprendo tesis\Library\PackageCache\com.unity.modules.jsonserialize)
    com.unity.modules.particlesystem@1.0.0 (location: F:\PUN\Mundo aprendo tesis\Library\PackageCache\com.unity.modules.particlesystem)
    com.unity.modules.physics@1.0.0 (location: F:\PUN\Mundo aprendo tesis\Library\PackageCache\com.unity.modules.physics)
    com.unity.modules.physics2d@1.0.0 (location: F:\PUN\Mundo aprendo tesis\Library\PackageCache\com.unity.modules.physics2d)
    com.unity.modules.screencapture@1.0.0 (location: F:\PUN\Mundo aprendo tesis\Library\PackageCache\com.unity.modules.screencapture)
    com.unity.modules.terrain@1.0.0 (location: F:\PUN\Mundo aprendo tesis\Library\PackageCache\com.unity.modules.terrain)
    com.unity.modules.terrainphysics@1.0.0 (location: F:\PUN\Mundo aprendo tesis\Library\PackageCache\com.unity.modules.terrainphysics)
    com.unity.modules.tilemap@1.0.0 (location: F:\PUN\Mundo aprendo tesis\Library\PackageCache\com.unity.modules.tilemap)
    com.unity.modules.ui@1.0.0 (location: F:\PUN\Mundo aprendo tesis\Library\PackageCache\com.unity.modules.ui)
    com.unity.modules.uielements@1.0.0 (location: F:\PUN\Mundo aprendo tesis\Library\PackageCache\com.unity.modules.uielements)
    com.unity.modules.umbra@1.0.0 (location: F:\PUN\Mundo aprendo tesis\Library\PackageCache\com.unity.modules.umbra)
    com.unity.modules.unityanalytics@1.0.0 (location: F:\PUN\Mundo aprendo tesis\Library\PackageCache\com.unity.modules.unityanalytics)
    com.unity.modules.unitywebrequest@1.0.0 (location: F:\PUN\Mundo aprendo tesis\Library\PackageCache\com.unity.modules.unitywebrequest)
    com.unity.modules.unitywebrequestassetbundle@1.0.0 (location: F:\PUN\Mundo aprendo tesis\Library\PackageCache\com.unity.modules.unitywebrequestassetbundle)
    com.unity.modules.unitywebrequestaudio@1.0.0 (location: F:\PUN\Mundo aprendo tesis\Library\PackageCache\com.unity.modules.unitywebrequestaudio)
    com.unity.modules.unitywebrequesttexture@1.0.0 (location: F:\PUN\Mundo aprendo tesis\Library\PackageCache\com.unity.modules.unitywebrequesttexture)
    com.unity.modules.unitywebrequestwww@1.0.0 (location: F:\PUN\Mundo aprendo tesis\Library\PackageCache\com.unity.modules.unitywebrequestwww)
    com.unity.modules.vectorgraphics@1.0.0 (location: F:\PUN\Mundo aprendo tesis\Library\PackageCache\com.unity.modules.vectorgraphics)
    com.unity.modules.vehicles@1.0.0 (location: F:\PUN\Mundo aprendo tesis\Library\PackageCache\com.unity.modules.vehicles)
    com.unity.modules.video@1.0.0 (location: F:\PUN\Mundo aprendo tesis\Library\PackageCache\com.unity.modules.video)
    com.unity.modules.vr@1.0.0 (location: F:\PUN\Mundo aprendo tesis\Library\PackageCache\com.unity.modules.vr)
    com.unity.modules.wind@1.0.0 (location: F:\PUN\Mundo aprendo tesis\Library\PackageCache\com.unity.modules.wind)
    com.unity.modules.xr@1.0.0 (location: F:\PUN\Mundo aprendo tesis\Library\PackageCache\com.unity.modules.xr)
    com.unity.modules.subsystems@1.0.0 (location: F:\PUN\Mundo aprendo tesis\Library\PackageCache\com.unity.modules.subsystems)
    com.unity.modules.hierarchycore@1.0.0 (location: F:\PUN\Mundo aprendo tesis\Library\PackageCache\com.unity.modules.hierarchycore)
    com.unity.ext.nunit@2.0.5 (location: F:\PUN\Mundo aprendo tesis\Library\PackageCache\com.unity.ext.nunit@d8c07649098d)
    com.unity.render-pipelines.core@17.4.0 (location: F:\PUN\Mundo aprendo tesis\Library\PackageCache\com.unity.render-pipelines.core@6a60abc179f8)
    com.unity.shadergraph@17.4.0 (location: F:\PUN\Mundo aprendo tesis\Library\PackageCache\com.unity.shadergraph@c6e5f4d3afa5)
    com.unity.render-pipelines.universal-config@17.4.0 (location: F:\PUN\Mundo aprendo tesis\Library\PackageCache\com.unity.render-pipelines.universal-config@0db4263b9e6b)
    com.unity.collections@6.4.0 (location: F:\PUN\Mundo aprendo tesis\Library\PackageCache\com.unity.collections@538ace9075bc)
[Subsystems] No new subsystems found in resolved package list.
[Package Manager] Done registering packages in 0.01 seconds
[ScriptCompilation] Requested script compilation because: AssetDatabase observed changes in script compilation related files
Starting: C:\Program Files\Unity\Hub\Editor\6000.4.0f1\Editor\Data\Tools\BuildPipeline\bee_backend.exe --ipc --defer-dag-verification --dagfile="Library/Bee/1900b0aE.dag" --continue-on-failure --profile="Library/Bee/backend1.traceevents" ScriptAssemblies
WorkingDir: F:/PUN/Mundo aprendo tesis
DisplayProgressbar: Compiling Scripts
ExitCode: 0 Duration: 2s830ms
[720/918    0s] ILPP-Configuration Library/ilpp-configuration.nevergeneratedoutput
[910/918    1s] Csc Library/Bee/artifacts/1900b0aE.dag/MundoAprendo.PlayModeTests.dll (+2 others)
[911/918    1s] Csc Library/Bee/artifacts/1900b0aE.dag/Assembly-CSharp-Editor.dll (+2 others)
[912/918    0s] ILPostProcess Library/Bee/artifacts/1900b0aE.dag/post-processed/MundoAprendo.PlayModeTests.dll (+pdb)
Processing assembly Library/Bee/artifacts/1900b0aE.dag/MundoAprendo.PlayModeTests.dll, with 139 defines and 266 references

processors: Unity.Jobs.CodeGen.JobsILPostProcessor, zzzUnity.Burst.CodeGen.BurstILPostProcessor

running Unity.Jobs.CodeGen.JobsILPostProcessor

running zzzUnity.Burst.CodeGen.BurstILPostProcessor
[913/918    0s] CopyFiles Library/ScriptAssemblies/MundoAprendo.PlayModeTests.pdb
[914/918    0s] CopyFiles Library/ScriptAssemblies/MundoAprendo.PlayModeTests.dll
[915/918    0s] ILPostProcess Library/Bee/artifacts/1900b0aE.dag/post-processed/Assembly-CSharp-Editor.dll (+pdb)
Processing assembly Library/Bee/artifacts/1900b0aE.dag/Assembly-CSharp-Editor.dll, with 137 defines and 345 references

processors: Unity.Jobs.CodeGen.JobsILPostProcessor, zzzUnity.Burst.CodeGen.BurstILPostProcessor

running Unity.Jobs.CodeGen.JobsILPostProcessor

running zzzUnity.Burst.CodeGen.BurstILPostProcessor
[916/918    0s] CopyFiles Library/ScriptAssemblies/Assembly-CSharp-Editor.pdb
[917/918    0s] CopyFiles Library/ScriptAssemblies/Assembly-CSharp-Editor.dll
*** Tundra build success (2.81 seconds), 9 items updated, 918 evaluated
AssetDatabase: script compilation time: 3.203573s
Begin MonoManager ReloadAssembly
Assembly Assembly-CSharp-Editor-firstpass.dll at Library/ScriptAssemblies/Assembly-CSharp-Editor-firstpass.dll not valid. Loading of assembly skipped.
Assembly Assembly-CSharp-firstpass.dll at Library/ScriptAssemblies/Assembly-CSharp-firstpass.dll not valid. Loading of assembly skipped.
Assembly DocCodeExamples.dll at Library/ScriptAssemblies/DocCodeExamples.dll not valid. Loading of assembly skipped.
Assembly TestNewCustomAssembly.dll at Library/ScriptAssemblies/TestNewCustomAssembly.dll not valid. Loading of assembly skipped.
Assembly Unity.Collections.BurstCompatibilityGen.dll at Library/ScriptAssemblies/Unity.Collections.BurstCompatibilityGen.dll not valid. Loading of assembly skipped.
Assembly Unity.Collections.DocCodeSamples.dll at Library/ScriptAssemblies/Unity.Collections.DocCodeSamples.dll not valid. Loading of assembly skipped.
Assembly Unity.Collections.PerformanceTests.dll at Library/ScriptAssemblies/Unity.Collections.PerformanceTests.dll not valid. Loading of assembly skipped.
Assembly Unity.Collections.Tests.dll at Library/ScriptAssemblies/Unity.Collections.Tests.dll not valid. Loading of assembly skipped.
Assembly Unity.Collections.Tests.Playmode.dll at Library/ScriptAssemblies/Unity.Collections.Tests.Playmode.dll not valid. Loading of assembly skipped.
Assembly Unity.InputSystem.IntegrationTests.dll at Library/ScriptAssemblies/Unity.InputSystem.IntegrationTests.dll not valid. Loading of assembly skipped.
Assembly Unity.Mathematics.Tests.dll at Library/ScriptAssemblies/Unity.Mathematics.Tests.dll not valid. Loading of assembly skipped.
Assembly Unity.Multiplayer.Center.Editor.Tests.dll at Library/ScriptAssemblies/Unity.Multiplayer.Center.Editor.Tests.dll not valid. Loading of assembly skipped.
Assembly Unity.Multiplayer.Center.Tests.dll at Library/ScriptAssemblies/Unity.Multiplayer.Center.Tests.dll not valid. Loading of assembly skipped.
Assembly Unity.Nuget.Mono-Cecil.dll at Library/ScriptAssemblies/Unity.Nuget.Mono-Cecil.dll not valid. Loading of assembly skipped.
Assembly Unity.PathTracing.Editor.Tests.dll at Library/ScriptAssemblies/Unity.PathTracing.Editor.Tests.dll not valid. Loading of assembly skipped.
Assembly Unity.PathTracing.Runtime.Tests.dll at Library/ScriptAssemblies/Unity.PathTracing.Runtime.Tests.dll not valid. Loading of assembly skipped.
Assembly Unity.RenderPipelines.Core.Editor.Tests.dll at Library/ScriptAssemblies/Unity.RenderPipelines.Core.Editor.Tests.dll not valid. Loading of assembly skipped.
Assembly Unity.RenderPipelines.Core.Runtime.Tests.dll at Library/ScriptAssemblies/Unity.RenderPipelines.Core.Runtime.Tests.dll not valid. Loading of assembly skipped.
Assembly Unity.RenderPipelines.Universal.Config.Editor.Tests.dll at Library/ScriptAssemblies/Unity.RenderPipelines.Universal.Config.Editor.Tests.dll not valid. Loading of assembly skipped.
Assembly Unity.RenderPipelines.Universal.Editor.Tests.dll at Library/ScriptAssemblies/Unity.RenderPipelines.Universal.Editor.Tests.dll not valid. Loading of assembly skipped.
Assembly Unity.RenderPipelines.Universal.Runtime.Tests.dll at Library/ScriptAssemblies/Unity.RenderPipelines.Universal.Runtime.Tests.dll not valid. Loading of assembly skipped.
Assembly Unity.Searcher.EditorTests.dll at Library/ScriptAssemblies/Unity.Searcher.EditorTests.dll not valid. Loading of assembly skipped.
Assembly Unity.ShaderGraph.Editor.Tests.dll at Library/ScriptAssemblies/Unity.ShaderGraph.Editor.Tests.dll not valid. Loading of assembly skipped.
Assembly Unity.TextMeshPro.Editor.Tests.dll at Library/ScriptAssemblies/Unity.TextMeshPro.Editor.Tests.dll not valid. Loading of assembly skipped.
Assembly Unity.TextMeshPro.Tests.dll at Library/ScriptAssemblies/Unity.TextMeshPro.Tests.dll not valid. Loading of assembly skipped.
Assembly Unity.UnifiedRayTracing.Editor.Tests.dll at Library/ScriptAssemblies/Unity.UnifiedRayTracing.Editor.Tests.dll not valid. Loading of assembly skipped.
Assembly UnityEditor.UI.Common.Tests.dll at Library/ScriptAssemblies/UnityEditor.UI.Common.Tests.dll not valid. Loading of assembly skipped.
Assembly UnityEditor.UI.EditorTests.dll at Library/ScriptAssemblies/UnityEditor.UI.EditorTests.dll not valid. Loading of assembly skipped.
Assembly UnityEngine.UI.Tests.dll at Library/ScriptAssemblies/UnityEngine.UI.Tests.dll not valid. Loading of assembly skipped.
Native extension for Android target not found
Native extension for WindowsStandalone target not found
ScheduleIndexationOnStartup MainProcess:True IndexOnStartup:True
Mono: successfully reloaded assembly
- Finished resetting the current domain, in  2.999 seconds
Domain Reload Profiling: 4505ms
	BeginReloadAssembly (327ms)
		DisableScriptedObjects (11ms)
		CreateAndSetChildDomain (169ms)
	RebuildCommonClasses (39ms)
	RebuildNativeTypeToScriptingClass (17ms)
	initialDomainReloadingComplete (610ms)
	LoadAllAssembliesAndSetupDomain (513ms)
		LoadAssemblies (338ms)
		AnalyzeDomain (271ms)
			TypeCache.Refresh (193ms)
				TypeCache.ScanAssembly (179ms)
			BuildScriptInfoCaches (64ms)
			ResolveRequiredComponents (12ms)
	FinalizeReload (3000ms)
		SetupLoadedEditorAssemblies (0ms)
			InitializePlatformSupportModulesInManaged (33ms)
			BeforeProcessingInitializeOnLoad (160ms)
			ProcessInitializeOnLoadAttributes (2391ms)
			ProcessInitializeOnLoadMethodAttributes (144ms)
			AfterProcessingInitializeOnLoad (7ms)
		AwakeInstancesAfterBackupRestoration (7ms)
(Values over 0.050ms)
Asset Pipeline Refresh (id=2eae910425323494fb11991bc8417539): Total: 8.476 seconds - Initiated by InitialRefreshV2(ForceSynchronousImport)
	Summary:
		Imports: total=0 (actual=0, local cache=0, cache server=0)
		Asset DB Process Time: managed=0 ms, native=3410 ms
		Asset DB Callback time: managed=275 ms, native=22 ms
		Scripting: domain reloads=1, domain reload time=1509 ms, compile time=3205 ms, other=51 ms
		Project Asset Count: scripts=1372, non-scripts=2596
		Asset File Changes: new=0, changed=5, moved=0, deleted=0
		Scan Filter Count: 0
	InvokePackagesCallback: 18.678ms
	ApplyChangesToAssetFolders: 0.652ms
	Scan: 98.737ms
	OnSourceAssetsModified: 0.809ms
	CategorizeScriptCompilationAssets: 49.451ms
	ProcessAssetsWithTransientArtifactChanges: 77.041ms
	CategorizeAssets: 52.044ms
	CompileScripts: 3205.421ms
	ImportOutOfDateAssets: 3009.770ms (3007.649ms without children)
		UnloadImportedAssets: 0.943ms
		EnsureUptoDateAssetsAreRegisteredWithGuidPM: 0.703ms
		OnDemandSchedulerStart: 0.446ms
	PostProcessAllAssets: 276.053ms
		VCAutoAddAssetPostprocess 0.866ms
		XRBuildSystem.XRAssetImported 0.308ms
		PostProcessCallbackCreateDeferredMaterials 0.058ms
		MonoPostProcessAllAssets: 274.332ms
			AssetPostprocessor.OnPostprocessAllAssets 201.247ms
			StyleCatalogPostProcessor.OnPostprocessAllAssets 19.026ms
			UniversalRenderPipelineGlobalSettingsPostprocessor.OnPostprocessAllAssets 10.631ms
			SyncVS.PostprocessSyncProject 10.121ms
			BuilderAssetPostprocessor.OnPostprocessAllAssets 7.409ms
			WindowAssetPostprocessingWatcher.OnPostprocessAllAssets 2.071ms
			SpeedTree9Postprocessor.OnPostprocessAllAssets 1.959ms
			ShaderGraphAssetPostProcessor.OnPostprocessAllAssets 1.573ms
			AssetChangedListener.OnPostprocessAllAssets 1.486ms
			RetainedModeAssetPostprocessor.OnPostprocessAllAssets 1.156ms
			MaterialPostprocessor.OnPostprocessAllAssets 0.723ms
			RenderPipelineGlobalSettingsPostprocessor.OnPostprocessAllAssets 0.677ms
			ArtifactBrowserPostProcessor.OnPostprocessAllAssets 0.625ms
			TMPro_TexturePostProcessor.OnPostprocessAllAssets 0.543ms
			UVCSAssetPostprocessor.OnPostprocessAllAssets 0.434ms
			ReferencedClipsPostProcessor.OnPostprocessAllAssets 0.395ms
			InputActionAssetPostprocessor.OnPostprocessAllAssets 0.390ms
			PostProcessor.OnPostprocessAllAssets 0.343ms
			TextAssetPostProcessor.OnPostprocessAllAssets 0.342ms
			AudioMixerPostprocessor.OnPostprocessAllAssets 0.323ms
			InputActionJsonNameModifierAssetProcessor.OnPostprocessAllAssets 0.293ms
			AssetEvents.OnPostprocessAllAssets 0.252ms
			TerrainToolbarOverlayPostProcessor.OnPostprocessAllAssets 0.217ms
			AssetDatabaseCallbacks.OnPostprocessAllAssets 0.191ms
			ProjectSettingsPostprocessor.OnPostprocessAllAssets 0.180ms
			ConfigAssetsTracker.OnPostprocessAllAssets 0.155ms
			SpeedTreePostProcessor.OnPostprocessAllAssets 0.148ms
			SamplePostprocessor.OnPostprocessAllAssets 0.146ms
			ScenarioDriftAssetsTracker.OnPostprocessAllAssets 0.137ms
			AudioContainerPostProcessor.OnPostprocessAllAssets 0.088ms
	PostAssetChangesProfiler: 3.403ms
	UnloadStreamsBegin: 3.019ms
	PersistCurrentRevisions: 0.170ms
	GenerateScriptTypeHashes: 3.392ms
	GenerateScriptTypeSerializationHashes: 6.700ms
	Untracked: 1678.981ms

Application.AssetDatabase Initial Refresh End
Scanning for USB devices : 2.722ms
Initializing Unity extensions:
[MODES] ModeService[none].Initialize
[MODES] ModeService[none].LoadModes
[MODES] Loading mode Default (0) for mode-current-id-Mundo aprendo tesis
Unloading 27 Unused Serialized files (Serialized files now loaded: 0)
Unloading 6632 unused Assets / (3.3 MB). Loaded Objects now: 7480.
Memory consumption went from 202.0 MB to 198.7 MB.
Total: 10.233600 ms (FindLiveObjects: 0.866900 ms CreateObjectMapping: 1.338300 ms MarkObjects: 5.499900 ms  DeleteObjects: 2.526000 ms)

Microsoft Media Foundation video decoding to texture disabled: graphics device is Null, only Direct3D 11 and Direct3D 12 (only on desktop) are supported for hardware-accelerated video decoding.
[Project] Loading completed in 14.434 seconds
	Project init time: 				13.519 seconds
		Template init time: 		0.000 seconds
		Package Manager init time: 		1.202 seconds
		Asset Database init time: 		0.285 seconds
		Global illumination init time: 	0.002 seconds
		Assemblies load time: 			3.079 seconds
		Unity extensions init time: 	0.008 seconds
		Asset Database refresh time: 	8.477 seconds
	Scene opening time: 			0.861 seconds
##utp:{"type":"ProjectInfo","version":2,"phase":"Immediate","time":1782337272145,"processId":5872,"projectLoad":14.4342577,"projectInit":13.5189325,"templateInit":0.0,"packageManagerInit":1.2016433,"assetDatabaseInit":0.2848518,"globalIlluminationInit":0.0021061,"assembliesLoad":3.0790675,"unityExtensionsInit":0.0078816,"assetDatabaseRefresh":8.4768335,"sceneOpening":0.8614109}
##utp:{"type":"EditorInfo","version":2,"phase":"Immediate","time":1782337272145,"processId":5872,"editorVersion":"6000.4.0f1 (8cf496087c8f)","branch":"6000.4/staging","buildType":"Release","platform":"Windows"}
Asset Pipeline Refresh (id=dcbb06906b08345418aea2bd2c1c7627): Total: 0.046 seconds - Initiated by RefreshV2(NoUpdateAssetOptions)
Shader Hidden/ChartRasterizerHardware is not supported: GPU does not support conservative rasterization
[Licensing::Client] Successfully resolved entitlement details
Running tests for ExecutionSettings with details:
targetPlatform = 
playerHeartbeatTimeout = 600
filters[0] = 
   Filter with settings:
   testMode = EditMode
   targetPlatform = 
   testNames = null
   groupNames = null
   categoryNames = null
   assemblyNames = null
ignoreTests = {}
featureFlags = null

UnityEngine.Debug:ExtractStackTraceNoAlloc (byte*,int,string)
UnityEngine.StackTraceUtility:ExtractStackTrace ()
UnityEngine.DebugLogHandler:Internal_Log (UnityEngine.LogType,UnityEngine.LogOption,string,UnityEngine.Object)
UnityEngine.DebugLogHandler:LogFormat (UnityEngine.LogType,UnityEngine.Object,string,object[])
UnityEngine.Logger:Log (UnityEngine.LogType,object)
UnityEngine.Debug:Log (object)
UnityEditor.TestTools.TestRunner.CommandLineTest.Executer:InitializeAndExecuteRun (string[]) (at ./Library/PackageCache/com.unity.test-framework@629486125cfc/UnityEditor.TestRunner/CommandLineTest/Executer.cs:53)
UnityEditor.TestTools.TestRunner.CommandLineTest.TestStarter:InitializeAndExecuteRun () (at ./Library/PackageCache/com.unity.test-framework@629486125cfc/UnityEditor.TestRunner/CommandLineTest/TestStarter.cs:64)
UnityEditor.EditorApplication:Internal_CallUpdateFunctions ()

(Filename: ./Library/PackageCache/com.unity.test-framework@629486125cfc/UnityEditor.TestRunner/CommandLineTest/Executer.cs Line: 53)

Start Indexing on Editor startup
[Indexing] Starting Initial Indexing for Assets
[UnityConnectServicesConfig] config is NOT valid, switching to default
Created GICache directory at C:/Users/Boloxdhd/AppData/LocalLow/Unity/Caches/GiCache. Took: 0.018s, timestamps: [14.437 - 14.455]
[Licensing::Client] Successfully resolved entitlement details
Unloading 4 Unused Serialized files (Serialized files now loaded: 0)
Unloading 4 unused Assets / (57.2 KB). Loaded Objects now: 7532.
Memory consumption went from 201.6 MB to 201.5 MB.
Total: 8.620800 ms (FindLiveObjects: 0.362400 ms CreateObjectMapping: 0.265100 ms MarkObjects: 7.926500 ms  DeleteObjects: 0.065900 ms)

Executing IPrebuildSetup for: Unity.PerformanceTesting.Editor.TestRunBuilder.
UnityEngine.Debug:ExtractStackTraceNoAlloc (byte*,int,string)
UnityEngine.StackTraceUtility:ExtractStackTrace ()
UnityEngine.DebugLogHandler:Internal_Log (UnityEngine.LogType,UnityEngine.LogOption,string,UnityEngine.Object)
UnityEngine.DebugLogHandler:LogFormat (UnityEngine.LogType,UnityEngine.Object,string,object[])
UnityEngine.Logger:Log (UnityEngine.LogType,object)
UnityEngine.Debug:Log (object)
UnityEditor.TestTools.TestRunner.TestRun.Tasks.BuildActionTaskBase`1/<ExecuteMethods>d__8<UnityEngine.TestTools.IPrebuildSetup>:MoveNext () (at ./Library/PackageCache/com.unity.test-framework@629486125cfc/UnityEditor.TestRunner/TestRun/Tasks/BuildActionTaskBase.cs:48)
UnityEditor.TestTools.TestRunner.TestRun.Tasks.BuildActionTaskBase`1/<Execute>d__7<UnityEngine.TestTools.IPrebuildSetup>:MoveNext () (at ./Library/PackageCache/com.unity.test-framework@629486125cfc/UnityEditor.TestRunner/TestRun/Tasks/BuildActionTaskBase.cs:34)
UnityEditor.TestTools.TestRunner.TestRun.TestJobRunner:ExecuteStep () (at ./Library/PackageCache/com.unity.test-framework@629486125cfc/UnityEditor.TestRunner/TestRun/TestJobRunner.cs:173)
UnityEditor.TestTools.TestRunner.TestRun.TestJobRunner:ExecuteCallback () (at ./Library/PackageCache/com.unity.test-framework@629486125cfc/UnityEditor.TestRunner/TestRun/TestJobRunner.cs:108)
UnityEditor.EditorApplication:Internal_CallUpdateFunctions ()

(Filename: ./Library/PackageCache/com.unity.test-framework@629486125cfc/UnityEditor.TestRunner/TestRun/Tasks/BuildActionTaskBase.cs Line: 48)

Opening scene 'Assets/Scenes/Mundos/MundoEmociones.unity'
Unloading 15 Unused Serialized files (Serialized files now loaded: 0)
Loaded scene 'Assets/Scenes/Mundos/MundoEmociones.unity'
	Deserialize:            37.757 ms
	Integration:            262.569 ms
	Integration of assets:  1.042 ms
	Thread Wait Time:       0.010 ms
	Total Operation Time:   301.379 ms
Unloading 1 unused Assets / (8.8 MB). Loaded Objects now: 7999.
Memory consumption went from 204.5 MB to 195.7 MB.
Total: 8.579000 ms (FindLiveObjects: 0.485800 ms CreateObjectMapping: 0.334600 ms MarkObjects: 7.716000 ms  DeleteObjects: 0.041700 ms)

Opening scene 'Assets/Scenes/Menu.unity'
Unloading 27 Unused Serialized files (Serialized files now loaded: 0)
Loaded scene 'Assets/Scenes/Menu.unity'
	Deserialize:            23.246 ms
	Integration:            230.373 ms
	Integration of assets:  0.679 ms
	Thread Wait Time:       0.041 ms
	Total Operation Time:   254.340 ms
Unloading 22 unused Assets / (47.9 KB). Loaded Objects now: 8204.
Memory consumption went from 201.0 MB to 200.9 MB.
Total: 8.078100 ms (FindLiveObjects: 0.508000 ms CreateObjectMapping: 0.320600 ms MarkObjects: 7.152200 ms  DeleteObjects: 0.096700 ms)

Opening scene 'Assets/Scenes/MundoMusical.unity'
Unloading 7 Unused Serialized files (Serialized files now loaded: 0)
Loaded scene 'Assets/Scenes/MundoMusical.unity'
	Deserialize:            8.511 ms
	Integration:            202.482 ms
	Integration of assets:  0.223 ms
	Thread Wait Time:       0.005 ms
	Total Operation Time:   211.221 ms
Unloading 26 unused Assets / (22.0 KB). Loaded Objects now: 7885.
Memory consumption went from 199.0 MB to 199.0 MB.
Total: 8.948100 ms (FindLiveObjects: 0.475500 ms CreateObjectMapping: 0.327200 ms MarkObjects: 8.045000 ms  DeleteObjects: 0.099600 ms)

Opening scene 'Assets/Scenes/Menu.unity'
Unloading 13 Unused Serialized files (Serialized files now loaded: 0)
Loaded scene 'Assets/Scenes/Menu.unity'
	Deserialize:            14.552 ms
	Integration:            204.877 ms
	Integration of assets:  0.371 ms
	Thread Wait Time:       0.037 ms
	Total Operation Time:   219.838 ms
Unloading 4 unused Assets / (3.1 KB). Loaded Objects now: 8205.
Memory consumption went from 200.8 MB to 200.8 MB.
Total: 9.048500 ms (FindLiveObjects: 0.510100 ms CreateObjectMapping: 0.331600 ms MarkObjects: 8.151400 ms  DeleteObjects: 0.054600 ms)

Opening scene 'Assets/Scenes/SeleccionMundos.unity'
Unloading 7 Unused Serialized files (Serialized files now loaded: 0)
Loaded scene 'Assets/Scenes/SeleccionMundos.unity'
	Deserialize:            11.864 ms
	Integration:            208.445 ms
	Integration of assets:  0.212 ms
	Thread Wait Time:       0.037 ms
	Total Operation Time:   220.558 ms
Unloading 27 unused Assets / (28.2 KB). Loaded Objects now: 8138.
Memory consumption went from 200.0 MB to 200.0 MB.
Total: 8.847200 ms (FindLiveObjects: 0.515500 ms CreateObjectMapping: 0.336800 ms MarkObjects: 7.900800 ms  DeleteObjects: 0.093400 ms)

Opening scene 'Assets/Scenes/MundoMusical.unity'
Unloading 4 Unused Serialized files (Serialized files now loaded: 0)
Loaded scene 'Assets/Scenes/MundoMusical.unity'
	Deserialize:            7.853 ms
	Integration:            208.104 ms
	Integration of assets:  0.175 ms
	Thread Wait Time:       0.011 ms
	Total Operation Time:   216.144 ms
Unloading 5 unused Assets / (7.6 KB). Loaded Objects now: 7886.
Memory consumption went from 195.1 MB to 195.1 MB.
Total: 8.792600 ms (FindLiveObjects: 0.521500 ms CreateObjectMapping: 0.398700 ms MarkObjects: 7.813900 ms  DeleteObjects: 0.057700 ms)

Opening scene 'Assets/Scenes/MundoCuentos_VozTest.unity'
Unloading 4 Unused Serialized files (Serialized files now loaded: 0)
Loaded scene 'Assets/Scenes/MundoCuentos_VozTest.unity'
	Deserialize:            8.012 ms
	Integration:            202.925 ms
	Integration of assets:  0.153 ms
	Thread Wait Time:       0.006 ms
	Total Operation Time:   211.096 ms
Unloading 7 unused Assets / (3.6 KB). Loaded Objects now: 7883.
Memory consumption went from 195.4 MB to 195.4 MB.
Total: 8.840700 ms (FindLiveObjects: 0.469300 ms CreateObjectMapping: 0.319700 ms MarkObjects: 7.999200 ms  DeleteObjects: 0.051900 ms)

Opening scene 'Assets/Scenes/MundoTamanos.unity'
Unloading 18 Unused Serialized files (Serialized files now loaded: 0)
Loaded scene 'Assets/Scenes/MundoTamanos.unity'
	Deserialize:            9.406 ms
	Integration:            209.770 ms
	Integration of assets:  0.361 ms
	Thread Wait Time:       0.038 ms
	Total Operation Time:   219.574 ms
Unloading 1 unused Assets / (0.5 KB). Loaded Objects now: 7825.
Memory consumption went from 196.4 MB to 196.4 MB.
Total: 9.026400 ms (FindLiveObjects: 0.512300 ms CreateObjectMapping: 0.340100 ms MarkObjects: 8.146400 ms  DeleteObjects: 0.026600 ms)

Opening scene 'Assets/Scenes/Mundos/MundoEmociones.unity'
Unloading 14 Unused Serialized files (Serialized files now loaded: 0)
Loaded scene 'Assets/Scenes/Mundos/MundoEmociones.unity'
	Deserialize:            10.384 ms
	Integration:            209.811 ms
	Integration of assets:  0.324 ms
	Thread Wait Time:       0.016 ms
	Total Operation Time:   220.536 ms
Unloading 19 unused Assets / (22.4 KB). Loaded Objects now: 8009.
Memory consumption went from 198.3 MB to 198.2 MB.
Total: 9.119800 ms (FindLiveObjects: 0.497100 ms CreateObjectMapping: 0.324500 ms MarkObjects: 8.210600 ms  DeleteObjects: 0.087000 ms)

Opening scene 'Assets/Scenes/SeleccionMundos.unity'
Unloading 7 Unused Serialized files (Serialized files now loaded: 0)
Loaded scene 'Assets/Scenes/SeleccionMundos.unity'
	Deserialize:            10.526 ms
	Integration:            203.193 ms
	Integration of assets:  0.004 ms
	Thread Wait Time:       0.008 ms
	Total Operation Time:   213.730 ms
Unloading 20 unused Assets / (0.8 MB). Loaded Objects now: 8140.
Memory consumption went from 197.3 MB to 196.5 MB.
Total: 9.027400 ms (FindLiveObjects: 0.511200 ms CreateObjectMapping: 0.342100 ms MarkObjects: 8.082400 ms  DeleteObjects: 0.090500 ms)

Opening scene 'Assets/Scenes/MundoTamanos.unity'
Unloading 16 Unused Serialized files (Serialized files now loaded: 0)
Loaded scene 'Assets/Scenes/MundoTamanos.unity'
	Deserialize:            8.890 ms
	Integration:            201.800 ms
	Integration of assets:  0.322 ms
	Thread Wait Time:       0.036 ms
	Total Operation Time:   211.047 ms
Unloading 1 unused Assets / (0.5 KB). Loaded Objects now: 7825.
Memory consumption went from 196.3 MB to 196.3 MB.
Total: 8.390000 ms (FindLiveObjects: 0.504000 ms CreateObjectMapping: 0.439300 ms MarkObjects: 7.422500 ms  DeleteObjects: 0.023500 ms)

Opening scene 'Assets/Scenes/MundoCuentos_VozTest.unity'
Unloading 4 Unused Serialized files (Serialized files now loaded: 0)
Loaded scene 'Assets/Scenes/MundoCuentos_VozTest.unity'
	Deserialize:            6.376 ms
	Integration:            198.547 ms
	Integration of assets:  0.003 ms
	Thread Wait Time:       0.040 ms
	Total Operation Time:   204.965 ms
Unloading 19 unused Assets / (22.5 KB). Loaded Objects now: 7884.
Memory consumption went from 195.8 MB to 195.8 MB.
Total: 8.787700 ms (FindLiveObjects: 0.465900 ms CreateObjectMapping: 0.349500 ms MarkObjects: 7.888200 ms  DeleteObjects: 0.083100 ms)

Opening scene 'Assets/Scenes/MundoTamanos.unity'
Unloading 16 Unused Serialized files (Serialized files now loaded: 0)
Loaded scene 'Assets/Scenes/MundoTamanos.unity'
	Deserialize:            8.329 ms
	Integration:            197.719 ms
	Integration of assets:  0.333 ms
	Thread Wait Time:       0.042 ms
	Total Operation Time:   206.423 ms
Unloading 1 unused Assets / (0.5 KB). Loaded Objects now: 7825.
Memory consumption went from 196.3 MB to 196.3 MB.
Total: 8.376900 ms (FindLiveObjects: 0.459700 ms CreateObjectMapping: 0.327200 ms MarkObjects: 7.564800 ms  DeleteObjects: 0.024500 ms)

Opening scene 'Assets/Scenes/MundoCuentos_VozTest.unity'
Unloading 4 Unused Serialized files (Serialized files now loaded: 0)
Loaded scene 'Assets/Scenes/MundoCuentos_VozTest.unity'
	Deserialize:            6.354 ms
	Integration:            197.264 ms
	Integration of assets:  0.001 ms
	Thread Wait Time:       0.007 ms
	Total Operation Time:   203.627 ms
Unloading 19 unused Assets / (22.5 KB). Loaded Objects now: 7884.
Memory consumption went from 195.8 MB to 195.8 MB.
Total: 8.146500 ms (FindLiveObjects: 0.466100 ms CreateObjectMapping: 0.320400 ms MarkObjects: 7.283500 ms  DeleteObjects: 0.075500 ms)

Opening scene 'Assets/Scenes/Menu.unity'
Unloading 12 Unused Serialized files (Serialized files now loaded: 0)
Loaded scene 'Assets/Scenes/Menu.unity'
	Deserialize:            14.474 ms
	Integration:            198.510 ms
	Integration of assets:  0.301 ms
	Thread Wait Time:       0.005 ms
	Total Operation Time:   213.290 ms
Unloading 5 unused Assets / (3.2 KB). Loaded Objects now: 8205.
Memory consumption went from 200.6 MB to 200.6 MB.
Total: 8.949000 ms (FindLiveObjects: 0.542300 ms CreateObjectMapping: 0.389500 ms MarkObjects: 7.965100 ms  DeleteObjects: 0.051300 ms)

Saving results to: C:/Users/Boloxdhd/AppData/LocalLow/DefaultCompany/Mundo aprendo tesis\TestResults.xml
Saving results to: F:\PUN\Mundo aprendo tesis\Logs\RequestedCorrectionsEditMode.xml
Executing IPostBuildCleanup for: Unity.PerformanceTesting.Editor.TestRunBuilder.
UnityEngine.Debug:ExtractStackTraceNoAlloc (byte*,int,string)
UnityEngine.StackTraceUtility:ExtractStackTrace ()
UnityEngine.DebugLogHandler:Internal_Log (UnityEngine.LogType,UnityEngine.LogOption,string,UnityEngine.Object)
UnityEngine.DebugLogHandler:LogFormat (UnityEngine.LogType,UnityEngine.Object,string,object[])
UnityEngine.Logger:Log (UnityEngine.LogType,object)
UnityEngine.Debug:Log (object)
UnityEditor.TestTools.TestRunner.TestRun.Tasks.BuildActionTaskBase`1/<ExecuteMethods>d__8<UnityEngine.TestTools.IPostBuildCleanup>:MoveNext () (at ./Library/PackageCache/com.unity.test-framework@629486125cfc/UnityEditor.TestRunner/TestRun/Tasks/BuildActionTaskBase.cs:48)
UnityEditor.TestTools.TestRunner.TestRun.Tasks.BuildActionTaskBase`1/<Execute>d__7<UnityEngine.TestTools.IPostBuildCleanup>:MoveNext () (at ./Library/PackageCache/com.unity.test-framework@629486125cfc/UnityEditor.TestRunner/TestRun/Tasks/BuildActionTaskBase.cs:34)
UnityEditor.TestTools.TestRunner.TestRun.TestJobRunner:ExecuteStep () (at ./Library/PackageCache/com.unity.test-framework@629486125cfc/UnityEditor.TestRunner/TestRun/TestJobRunner.cs:173)
UnityEditor.TestTools.TestRunner.TestRun.TestJobRunner:ExecuteCallback () (at ./Library/PackageCache/com.unity.test-framework@629486125cfc/UnityEditor.TestRunner/TestRun/TestJobRunner.cs:108)
UnityEditor.EditorApplication:Internal_CallUpdateFunctions ()

(Filename: ./Library/PackageCache/com.unity.test-framework@629486125cfc/UnityEditor.TestRunner/TestRun/Tasks/BuildActionTaskBase.cs Line: 48)

Asset Pipeline Refresh (id=3be0cca229f2f89479984b51a4b6f44f): Total: 0.004 seconds - Initiated by RefreshV2(NoUpdateAssetOptions)
Unloading 0 Unused Serialized files (Serialized files now loaded: 0)
Unloading 41 unused Assets / (22.3 KB). Loaded Objects now: 7551.
Memory consumption went from 199.8 MB to 199.7 MB.
Total: 9.750800 ms (FindLiveObjects: 0.492200 ms CreateObjectMapping: 0.351400 ms MarkObjects: 8.791900 ms  DeleteObjects: 0.114400 ms)

DisplayProgressbar: Undo
Test run completed. Exiting with code 0 (Ok). Run completed.
UnityEngine.Debug:ExtractStackTraceNoAlloc (byte*,int,string)
UnityEngine.StackTraceUtility:ExtractStackTrace ()
UnityEngine.DebugLogHandler:Internal_Log (UnityEngine.LogType,UnityEngine.LogOption,string,UnityEngine.Object)
UnityEngine.DebugLogHandler:LogFormat (UnityEngine.LogType,UnityEngine.Object,string,object[])
UnityEngine.Logger:Log (UnityEngine.LogType,object)
UnityEngine.Debug:Log (object)
UnityEditor.TestTools.TestRunner.CommandLineTest.Executer:ExitApplication (UnityEditor.TestTools.TestRunner.CommandLineTest.Executer/ReturnCodes,string) (at ./Library/PackageCache/com.unity.test-framework@629486125cfc/UnityEditor.TestRunner/CommandLineTest/Executer.cs:81)
UnityEditor.TestTools.TestRunner.CommandLineTest.Executer:ExitIfRunIsCompleted () (at ./Library/PackageCache/com.unity.test-framework@629486125cfc/UnityEditor.TestRunner/CommandLineTest/Executer.cs:74)
UnityEditor.EditorApplication:Internal_CallUpdateFunctions ()

(Filename: ./Library/PackageCache/com.unity.test-framework@629486125cfc/UnityEditor.TestRunner/CommandLineTest/Executer.cs Line: 81)

Clearing [Supersonic Rocketship SDF] dynamic font asset data.
UnityEngine.Debug:ExtractStackTraceNoAlloc (byte*,int,string)
UnityEngine.StackTraceUtility:ExtractStackTrace ()
UnityEngine.DebugLogHandler:Internal_Log (UnityEngine.LogType,UnityEngine.LogOption,string,UnityEngine.Object)
UnityEngine.DebugLogHandler:LogFormat (UnityEngine.LogType,UnityEngine.Object,string,object[])
UnityEngine.Logger:Log (UnityEngine.LogType,object)
UnityEngine.Debug:Log (object)
TMPro.EditorEventCallbacks/<>c:<InitializeFontAssetResourceChangeCallBacks>b__0_0 () (at ./Library/PackageCache/com.unity.ugui@3dd2fbd8c1f1/Editor/TMP/TMP_EditorResourceManager.cs:36)
UnityEditor.EditorApplication:Internal_EditorApplicationQuit ()
UnityEditor.TestTools.TestRunner.CommandLineTest.Executer:ExitApplication (UnityEditor.TestTools.TestRunner.CommandLineTest.Executer/ReturnCodes,string) (at ./Library/PackageCache/com.unity.test-framework@629486125cfc/UnityEditor.TestRunner/CommandLineTest/Executer.cs:83)
UnityEditor.TestTools.TestRunner.CommandLineTest.Executer:ExitIfRunIsCompleted () (at ./Library/PackageCache/com.unity.test-framework@629486125cfc/UnityEditor.TestRunner/CommandLineTest/Executer.cs:74)
UnityEditor.EditorApplication:Internal_CallUpdateFunctions ()

(Filename: ./Library/PackageCache/com.unity.ugui@3dd2fbd8c1f1/Editor/TMP/TMP_EditorResourceManager.cs Line: 36)

Killing ADB server in 0.0307517 seconds.
Start importing Assets/Mundo Aprendo/Fuente de Letra/Supersonic Rocketship SDF.asset using Guid(1b14be28849fd6c498e87f629f19ce92) (NativeFormatImporter) -> (Import Result ID: 'ceb0f9f1318bf80093eb317b37eae98d') in 0.006714 seconds [static dependencies only]. Details - ImportResultOutputID=8bbf97985c7f871718d52536ae4a7ad7 DependenciesID=3c694437a2ffedfeaab87860a75b5a4a StaticDependenciesID=91c8e08a29d993ddd072ff4e21720e64 
Asset Pipeline Refresh (id=ad23b6391b20ead44af87aa9d7730592): Total: 0.039 seconds - Initiated by StopAssetImportingV2(NoUpdateAssetOptions)
[Physics::Module] Cleanup current backend.
[Physics::Module] Id: 0xf2b8ea05
Input System module state changed to: ShutdownInProgress.
Input Polling Thread exited.
Input System module state changed to: Shutdown.
[Licensing::IpcConnector] LicenseClient-Boloxdhd-notifications channel disconnected successfully.
[Licensing::IpcConnector] LicenseClient-Boloxdhd channel disconnected successfully.
AcceleratorClientConnectionCallback - disconnected - :0
Cleanup mono
CodeReloadManager destroyed
Checking for leaked weakptr:
  Found no leaked weakptrs.
[Package Manager] Server process was shutdown
##utp:{"type":"MemoryLeaks","version":2,"phase":"Immediate","time":1782337277609,"processId":5872,"allocatedMemory":16208404,"memoryLabels":[{"Default":187625},{"Permanent":15268},{"NewDelete":65411},{"Thread":4230344},{"Manager":34573},{"VertexData":8},{"Geometry":816},{"Texture":24},{"Shader":848378},{"Material":24},{"GfxDevice":55313},{"Animation":392},{"Audio":3008},{"FreeType":8},{"FontEngine":942072},{"Physics":2090},{"Physics2D":16},{"Serialization":952},{"Input":9880},{"JobScheduler":33024},{"TextLib":216},{"Mono":32},{"MonoCode":64},{"ScriptingNativeRuntime":155052},{"BaseObject":1620368},{"Resource":1184},{"Renderer":3000},{"Transform":4685},{"File":18646},{"WebCam":616},{"Culling":32},{"Terrain":11394},{"Wind":24},{"STL":40},{"String":12963},{"StaticString":6718},{"Utility":2673318},{"Curl":2559},{"PoolAlloc":2168},{"AI":80},{"TypeTree":5341},{"ScriptManager":448},{"RuntimeInitializeOnLoadManager":64},{"SpriteAtlas":120},{"GI":7792},{"Director":8320},{"CloudService":288},{"WebRequest":808},{"VR":48050},{"SceneManager":504},{"Video":64},{"LazyScriptCache":32},{"Camera":17},{"Secure":2113},{"SerializationCache":1576},{"APIUpdating":10320},{"Subsystems":336},{"VirtualTexturing":57888},{"StaticSafetyDebugInfo":278528},{"Analytics":336},{"Hierarchy":608},{"CoreStats":13032},{"Identifiers":12960},{"Gui":128},{"EditorUtility":110832},{"VersionControl":4},{"Undo":931},{"AssetDatabase":4650215},{"EditorGi":328},{"UnityConnect":37777},{"Upm":1904},{"AssetCompliance":64},{"DrivenProperties":72},{"LocalIPC":214},{"ProfilerEditor":9746},{"CoreBusinessMetrics":2611},{"Windowing":456},{"Licensing":1232},{"AssetReference":32},{"IPCStream":32}]}
