[Licensing::Module] Trying to connect to existing licensing client channel...
Built from '6000.4/staging' branch; Version is '6000.4.0f1 (8cf496087c8f) revision 9237654'; Using compiler version '194234433'; Build Type 'Release'
OS: 'Windows 10  (10.0.19045) 64bit Professional' Language: 'es' Physical Memory: 32690 MB
[Licensing::IpcConnector] Channel LicenseClient-Boloxdhd doesn't exist
BatchMode: 1, IsHumanControllingUs: 0, StartBugReporterOnCrash: 0, Is64bit: 1
System  architecture: x64
Process architecture: x64
Date: 2026-06-24T21:43:25Z
[Licensing::Module] Successfully launched the LicensingClient (PId: 16424)

COMMAND LINE ARGUMENTS:
C:\Program Files\Unity\Hub\Editor\6000.4.0f1\Editor\Unity.exe
-batchmode
-nographics
-projectPath
F:\PUN\Mundo aprendo tesis
-runTests
-testPlatform
EditMode
-testResults
F:\PUN\Mundo aprendo tesis\Logs\RequestedCorrectionsFinalEditMode.xml
-logFile
F:\PUN\Mundo aprendo tesis\Logs\RequestedCorrectionsFinalEditMode.log
Successfully changed project path to: F:\PUN\Mundo aprendo tesis
F:/PUN/Mundo aprendo tesis
[UnityMemory] Configuration Parameters - Can be set up in boot.config
    "memorysetup-temp-allocator-size-gi-baking-worker=262144"
    "memorysetup-temp-allocator-size-gi-baking-worker=262144"
    "memorysetup-temp-allocator-size-gi-baking-worker=262144"
    "memorysetup-temp-allocator-size-gi-baking-worker=262144"
    "memorysetup-temp-allocator-size-gi-baking-worker=262144"
    "memorysetup-temp-allocator-size-nav-mesh-worker=65536"
    "memorysetup-temp-allocator-size-audio-worker=65536"
    "memorysetup-temp-allocator-size-cloud-worker=32768"
    "memorysetup-temp-allocator-size-gfx=262144"
    "memorysetup-temp-allocator-size-preload-manager=33554432"
    "memorysetup-temp-allocator-size-job-worker=262144"
    "memorysetup-temp-allocator-size-background-worker=32768"
    "memorysetup-allocator-temp-initial-block-size-main=262144"
    "memorysetup-allocator-temp-initial-block-size-worker=262144"
    "memorysetup-bucket-allocator-granularity=16"
    "memorysetup-bucket-allocator-bucket-count=8"
    "memorysetup-bucket-allocator-block-size=33554432"
    "memorysetup-bucket-allocator-block-count=8"
    "memorysetup-main-allocator-block-size=16777216"
    "memorysetup-thread-allocator-block-size=16777216"
    "memorysetup-gfx-main-allocator-block-size=16777216"
    "memorysetup-gfx-thread-allocator-block-size=16777216"
    "memorysetup-cache-allocator-block-size=4194304"
    "memorysetup-typetree-allocator-block-size=2097152"
    "memorysetup-profiler-bucket-allocator-granularity=16"
    "memorysetup-profiler-bucket-allocator-bucket-count=8"
    "memorysetup-profiler-bucket-allocator-block-size=33554432"
    "memorysetup-profiler-bucket-allocator-block-count=8"
    "memorysetup-profiler-allocator-block-size=16777216"
    "memorysetup-profiler-editor-allocator-block-size=1048576"
    "memorysetup-temp-allocator-size-main=16777216"
    "memorysetup-job-temp-allocator-block-size=2097152"
    "memorysetup-job-temp-allocator-block-size-background=1048576"
    "memorysetup-job-temp-allocator-reduction-small-platforms=262144"
Player connection [12216]  Target information:

Player connection [12216]  * "[IP] 192.168.1.23 [Port] 55504 [Flags] 2 [Guid] 1359251964 [EditorId] 1359251964 [Version] 1048832 [Id] WindowsEditor(7,DESKTOP-NF6H5UD) [Debug] 1 [PackageName] WindowsEditor [ProjectName] Editor" 

Player connection [12216] Host joined multi-casting on [225.0.0.222:54997]...
Player connection [12216] Host joined alternative multi-casting on [225.0.0.222:34997]...
Input System module state changed to: Initialized.
[Physics::Module] Initialized fallback backend.
[Physics::Module] Id: 0xdecafbad
[Licensing::IpcConnector] Successfully connected to: "LicenseClient-Boloxdhd" at "2026-06-24T21:43:25.9330297Z"
[Package Manager] Connected to IPC stream "Upm-19308" after 0.3 seconds.
[Licensing::Module] Licensing is not yet initialized.
[Licensing::Client] Handshaking with LicensingClient:
  Version:                 1.18.1+9fbee8e
  Session Id:              d3c28020c71f429ab0e2a00bfb3d7fe6
  Correlation Id:          f4af7b91a063dca5baf1e08fa388412d
  External correlation Id: 1488296920679761786
  Machine Id:              CFi18PVxujarsjnwWQVdFlBCSK4=
[Licensing::Module] Successfully connected to LicensingClient on channel: "LicenseClient-Boloxdhd" (connect: 0.25s, validation: 0.04s, handshake: 1.02s)
[Licensing::IpcConnector] Successfully connected to: "LicenseClient-Boloxdhd-notifications" at "2026-06-24T21:43:26.9921479Z"
[Licensing::Module] Connected to LicensingClient (PId: 16424, launch time: 0.00, total connection time: 1.30s)
[Licensing::Module] Error: Access token is unavailable; failed to update
[Licensing::Client] Successfully resolved entitlement details
[Licensing::Module] License group:
  Id: F4-FQE5-U6TU-H7W3-QSAD-XXXX
  Product: Unity Personal
  Type: ULF
  Expiration: Unlimited
[Licensing::Module] License group:
  Id: 4673397952068-UnityPersXXXX
  Product: Unity Personal
  Type: Assigned
  Expiration: Unlimited
[Licensing::Client] Successfully updated license, isAsync: True, time: 0.01
[Licensing::Module] Licensing Background thread has ended after 1.33s
[Licensing::Module] Licensing is initialized (took 0.92s).
[Licensing::Client] Successfully resolved entitlement details
[Licensing::Module] License group:
  Id: F4-FQE5-U6TU-H7W3-QSAD-XXXX
  Product: Unity Personal
  Type: ULF
  Expiration: Unlimited
[Licensing::Module] License group:
  Id: 4673397952068-UnityPersXXXX
  Product: Unity Personal
  Type: Assigned
  Expiration: Unlimited
Library Redirect Path: Library/
[Physics::Module] Selected backend.
[Physics::Module] Name: PhysX
[Physics::Module] Id: 0xf2b8ea05
[Physics::Module] SDK Version: 4.1.2
[Physics::Module] Integration Version: 1.0.0
[Physics::Module] Threading Mode: Multi-Threaded
Initialize engine version: 6000.4.0f1 (8cf496087c8f)
[Subsystems] Discovering subsystems at path C:/Program Files/Unity/Hub/Editor/6000.4.0f1/Editor/Data/Resources/UnitySubsystems
[Subsystems] Discovering subsystems at path F:/PUN/Mundo aprendo tesis/Assets
Forcing GfxDevice: Null
GfxDevice: creating device client; kGfxThreadingModeNonThreaded
NullGfxDevice:
    Version:  NULL 1.0 [1.0]
    Renderer: Null Device
    Vendor:   Unity Technologies
Shader Hidden/ChartRasterizerHardware is not supported: GPU does not support conservative rasterization
Initialize mono
Mono path[0] = 'C:/Program Files/Unity/Hub/Editor/6000.4.0f1/Editor/Data/Managed'
Mono path[1] = 'C:/Program Files/Unity/Hub/Editor/6000.4.0f1/Editor/Data/MonoBleedingEdge/lib/mono/unityjit-win32'
Mono config path = 'C:/Program Files/Unity/Hub/Editor/6000.4.0f1/Editor/Data/MonoBleedingEdge/etc'
Using monoOptions --debugger-agent=transport=dt_socket,embedding=1,server=y,suspend=n,address=127.0.0.1:56308
CodeReloadManager initialized
Using cacheserver namespaces - metadata:defaultmetadata, artifacts:defaultartifacts
Using cacheserver namespaces - metadata:defaultmetadata, artifacts:defaultartifacts
ImportWorker Server TCP listen port: 0
AcceleratorClientConnectionCallback - disconnected - :0
Begin MonoManager ReloadAssembly
Registering precompiled unity dll's ...
Register platform support module: C:/Program Files/Unity/Hub/Editor/6000.4.0f1/Editor/Data/PlaybackEngines/WindowsStandaloneSupport/UnityEditor.WindowsStandalone.Extensions.dll
[Licensing::Client] Successfully resolved entitlement details
[Licensing::Module] License group:
  Id: F4-FQE5-U6TU-H7W3-QSAD-XXXX
  Product: Unity Personal
  Type: ULF
  Expiration: Unlimited
[Licensing::Module] License group:
  Id: 4673397952068-UnityPersXXXX
  Product: Unity Personal
  Type: Assigned
  Expiration: Unlimited
Register platform support module: C:/Program Files/Unity/Hub/Editor/6000.4.0f1/Editor/Data/PlaybackEngines/AndroidPlayer/UnityEditor.Android.Extensions.dll
Registered in 0.004161 seconds.
Native extension for Android target not found
Android Extension - Scanning For ADB Devices 2153 ms
Native extension for WindowsStandalone target not found
Package Manager log level set to [2]
ScheduleIndexationOnStartup MainProcess:False IndexOnStartup:True
Mono: successfully reloaded assembly
- Finished resetting the current domain, in  2.582 seconds
Domain Reload Profiling: 3031ms
	BeginReloadAssembly (121ms)
		CreateAndSetChildDomain (5ms)
	RebuildCommonClasses (37ms)
	RebuildNativeTypeToScriptingClass (14ms)
	initialDomainReloadingComplete (63ms)
	LoadAllAssembliesAndSetupDomain (212ms)
		LoadAssemblies (114ms)
		AnalyzeDomain (204ms)
			TypeCache.Refresh (202ms)
				TypeCache.ScanAssembly (188ms)
	FinalizeReload (2583ms)
		SetupLoadedEditorAssemblies (0ms)
			InitializePlatformSupportModulesInManaged (2235ms)
			BeforeProcessingInitializeOnLoad (94ms)
			ProcessInitializeOnLoadAttributes (112ms)
			ProcessInitializeOnLoadMethodAttributes (78ms)
[Licensing::Client] Successfully resolved entitlement details
[Licensing::Module] License group:
  Id: F4-FQE5-U6TU-H7W3-QSAD-XXXX
  Product: Unity Personal
  Type: ULF
  Expiration: Unlimited
[Licensing::Module] License group:
  Id: 4673397952068-UnityPersXXXX
  Product: Unity Personal
  Type: Assigned
  Expiration: Unlimited
Application.AssetDatabase Initial Refresh Start
[Package Manager] Restoring resolved packages state from cache
[Licensing::Client] Successfully resolved entitlement details
[Package Manager] Registered 57 packages:
  Packages from [https://packages.unity.com]:
    com.unity.ai.navigation@2.0.12 (location: F:\PUN\Mundo aprendo tesis\Library\PackageCache\com.unity.ai.navigation@734c2c4c5591)
    com.unity.collab-proxy@2.12.4 (location: F:\PUN\Mundo aprendo tesis\Library\PackageCache\com.unity.collab-proxy@0b1559bcd34e)
    com.unity.ide.rider@3.0.39 (location: F:\PUN\Mundo aprendo tesis\Library\PackageCache\com.unity.ide.rider@4504839d03f7)
    com.unity.ide.visualstudio@2.0.27 (location: F:\PUN\Mundo aprendo tesis\Library\PackageCache\com.unity.ide.visualstudio@dc1ddd4f09b6)
    com.unity.inputsystem@1.19.0 (location: F:\PUN\Mundo aprendo tesis\Library\PackageCache\com.unity.inputsystem@21a28c3a6c83)
    com.unity.timeline@1.8.12 (location: F:\PUN\Mundo aprendo tesis\Library\PackageCache\com.unity.timeline@8cd8509afae5)
    com.unity.visualscripting@1.9.11 (location: F:\PUN\Mundo aprendo tesis\Library\PackageCache\com.unity.visualscripting@8bed5ad90189)
    com.unity.searcher@4.9.4 (location: F:\PUN\Mundo aprendo tesis\Library\PackageCache\com.unity.searcher@d45a78918735)
    com.unity.burst@1.8.28 (location: F:\PUN\Mundo aprendo tesis\Library\PackageCache\com.unity.burst@07790c2d06d9)
    com.unity.mathematics@1.3.3 (location: F:\PUN\Mundo aprendo tesis\Library\PackageCache\com.unity.mathematics@19a9377c4ffa)
    com.unity.nuget.mono-cecil@1.11.6 (location: F:\PUN\Mundo aprendo tesis\Library\PackageCache\com.unity.nuget.mono-cecil@ecb9724e46ff)
    com.unity.test-framework.performance@3.2.0 (location: F:\PUN\Mundo aprendo tesis\Library\PackageCache\com.unity.test-framework.performance@0840f58e4562)
  Built-in packages:
    com.unity.multiplayer.center@1.0.1 (location: F:\PUN\Mundo aprendo tesis\Library\PackageCache\com.unity.multiplayer.center@f01f4ba8d00a)
    com.unity.render-pipelines.universal@17.4.0 (location: F:\PUN\Mundo aprendo tesis\Library\PackageCache\com.unity.render-pipelines.universal@0c5162adfb45)
    com.unity.test-framework@1.6.0 (location: F:\PUN\Mundo aprendo tesis\Library\PackageCache\com.unity.test-framework@629486125cfc)
    com.unity.ugui@2.0.0 (location: F:\PUN\Mundo aprendo tesis\Library\PackageCache\com.unity.ugui@3dd2fbd8c1f1)
    com.unity.modules.accessibility@1.0.0 (location: F:\PUN\Mundo aprendo tesis\Library\PackageCache\com.unity.modules.accessibility)
    com.unity.modules.adaptiveperformance@1.0.0 (location: F:\PUN\Mundo aprendo tesis\Library\PackageCache\com.unity.modules.adaptiveperformance)
    com.unity.modules.ai@1.0.0 (location: F:\PUN\Mundo aprendo tesis\Library\PackageCache\com.unity.modules.ai)
    com.unity.modules.androidjni@1.0.0 (location: F:\PUN\Mundo aprendo tesis\Library\PackageCache\com.unity.modules.androidjni)
    com.unity.modules.animation@1.0.0 (location: F:\PUN\Mundo aprendo tesis\Library\PackageCache\com.unity.modules.animation)
    com.unity.modules.assetbundle@1.0.0 (location: F:\PUN\Mundo aprendo tesis\Library\PackageCache\com.unity.modules.assetbundle)
    com.unity.modules.audio@1.0.0 (location: F:\PUN\Mundo aprendo tesis\Library\PackageCache\com.unity.modules.audio)
    com.unity.modules.cloth@1.0.0 (location: F:\PUN\Mundo aprendo tesis\Library\PackageCache\com.unity.modules.cloth)
    com.unity.modules.director@1.0.0 (location: F:\PUN\Mundo aprendo tesis\Library\PackageCache\com.unity.modules.director)
    com.unity.modules.imageconversion@1.0.0 (location: F:\PUN\Mundo aprendo tesis\Library\PackageCache\com.unity.modules.imageconversion)
    com.unity.modules.imgui@1.0.0 (location: F:\PUN\Mundo aprendo tesis\Library\PackageCache\com.unity.modules.imgui)
    com.unity.modules.jsonserialize@1.0.0 (location: F:\PUN\Mundo aprendo tesis\Library\PackageCache\com.unity.modules.jsonserialize)
    com.unity.modules.particlesystem@1.0.0 (location: F:\PUN\Mundo aprendo tesis\Library\PackageCache\com.unity.modules.particlesystem)
    com.unity.modules.physics@1.0.0 (location: F:\PUN\Mundo aprendo tesis\Library\PackageCache\com.unity.modules.physics)
    com.unity.modules.physics2d@1.0.0 (location: F:\PUN\Mundo aprendo tesis\Library\PackageCache\com.unity.modules.physics2d)
    com.unity.modules.screencapture@1.0.0 (location: F:\PUN\Mundo aprendo tesis\Library\PackageCache\com.unity.modules.screencapture)
    com.unity.modules.terrain@1.0.0 (location: F:\PUN\Mundo aprendo tesis\Library\PackageCache\com.unity.modules.terrain)
    com.unity.modules.terrainphysics@1.0.0 (location: F:\PUN\Mundo aprendo tesis\Library\PackageCache\com.unity.modules.terrainphysics)
    com.unity.modules.tilemap@1.0.0 (location: F:\PUN\Mundo aprendo tesis\Library\PackageCache\com.unity.modules.tilemap)
    com.unity.modules.ui@1.0.0 (location: F:\PUN\Mundo aprendo tesis\Library\PackageCache\com.unity.modules.ui)
    com.unity.modules.uielements@1.0.0 (location: F:\PUN\Mundo aprendo tesis\Library\PackageCache\com.unity.modules.uielements)
    com.unity.modules.umbra@1.0.0 (location: F:\PUN\Mundo aprendo tesis\Library\PackageCache\com.unity.modules.umbra)
    com.unity.modules.unityanalytics@1.0.0 (location: F:\PUN\Mundo aprendo tesis\Library\PackageCache\com.unity.modules.unityanalytics)
    com.unity.modules.unitywebrequest@1.0.0 (location: F:\PUN\Mundo aprendo tesis\Library\PackageCache\com.unity.modules.unitywebrequest)
    com.unity.modules.unitywebrequestassetbundle@1.0.0 (location: F:\PUN\Mundo aprendo tesis\Library\PackageCache\com.unity.modules.unitywebrequestassetbundle)
    com.unity.modules.unitywebrequestaudio@1.0.0 (location: F:\PUN\Mundo aprendo tesis\Library\PackageCache\com.unity.modules.unitywebrequestaudio)
    com.unity.modules.unitywebrequesttexture@1.0.0 (location: F:\PUN\Mundo aprendo tesis\Library\PackageCache\com.unity.modules.unitywebrequesttexture)
    com.unity.modules.unitywebrequestwww@1.0.0 (location: F:\PUN\Mundo aprendo tesis\Library\PackageCache\com.unity.modules.unitywebrequestwww)
    com.unity.modules.vectorgraphics@1.0.0 (location: F:\PUN\Mundo aprendo tesis\Library\PackageCache\com.unity.modules.vectorgraphics)
    com.unity.modules.vehicles@1.0.0 (location: F:\PUN\Mundo aprendo tesis\Library\PackageCache\com.unity.modules.vehicles)
    com.unity.modules.video@1.0.0 (location: F:\PUN\Mundo aprendo tesis\Library\PackageCache\com.unity.modules.video)
    com.unity.modules.vr@1.0.0 (location: F:\PUN\Mundo aprendo tesis\Library\PackageCache\com.unity.modules.vr)
    com.unity.modules.wind@1.0.0 (location: F:\PUN\Mundo aprendo tesis\Library\PackageCache\com.unity.modules.wind)
    com.unity.modules.xr@1.0.0 (location: F:\PUN\Mundo aprendo tesis\Library\PackageCache\com.unity.modules.xr)
    com.unity.modules.subsystems@1.0.0 (location: F:\PUN\Mundo aprendo tesis\Library\PackageCache\com.unity.modules.subsystems)
    com.unity.modules.hierarchycore@1.0.0 (location: F:\PUN\Mundo aprendo tesis\Library\PackageCache\com.unity.modules.hierarchycore)
    com.unity.ext.nunit@2.0.5 (location: F:\PUN\Mundo aprendo tesis\Library\PackageCache\com.unity.ext.nunit@d8c07649098d)
    com.unity.render-pipelines.core@17.4.0 (location: F:\PUN\Mundo aprendo tesis\Library\PackageCache\com.unity.render-pipelines.core@6a60abc179f8)
    com.unity.shadergraph@17.4.0 (location: F:\PUN\Mundo aprendo tesis\Library\PackageCache\com.unity.shadergraph@c6e5f4d3afa5)
    com.unity.render-pipelines.universal-config@17.4.0 (location: F:\PUN\Mundo aprendo tesis\Library\PackageCache\com.unity.render-pipelines.universal-config@0db4263b9e6b)
    com.unity.collections@6.4.0 (location: F:\PUN\Mundo aprendo tesis\Library\PackageCache\com.unity.collections@538ace9075bc)
[Subsystems] No new subsystems found in resolved package list.
[Package Manager] Done registering packages in 0.01 seconds
[ScriptCompilation] Requested script compilation because: AssetDatabase observed changes in script compilation related files
Starting: C:\Program Files\Unity\Hub\Editor\6000.4.0f1\Editor\Data\Tools\BuildPipeline\bee_backend.exe --ipc --defer-dag-verification --dagfile="Library/Bee/1900b0aE.dag" --continue-on-failure --profile="Library/Bee/backend1.traceevents" ScriptAssemblies
WorkingDir: F:/PUN/Mundo aprendo tesis
DisplayProgressbar: Compiling Scripts
ExitCode: 0 Duration: 2s972ms
[721/918    0s] ILPP-Configuration Library/ilpp-configuration.nevergeneratedoutput
[914/918    1s] Csc Library/Bee/artifacts/1900b0aE.dag/Assembly-CSharp-Editor.dll (+2 others)
[915/918    0s] ILPostProcess Library/Bee/artifacts/1900b0aE.dag/post-processed/Assembly-CSharp-Editor.dll (+pdb)
Processing assembly Library/Bee/artifacts/1900b0aE.dag/Assembly-CSharp-Editor.dll, with 137 defines and 345 references

processors: Unity.Jobs.CodeGen.JobsILPostProcessor, zzzUnity.Burst.CodeGen.BurstILPostProcessor

running Unity.Jobs.CodeGen.JobsILPostProcessor

running zzzUnity.Burst.CodeGen.BurstILPostProcessor
[916/918    0s] CopyFiles Library/ScriptAssemblies/Assembly-CSharp-Editor.pdb
[917/918    0s] CopyFiles Library/ScriptAssemblies/Assembly-CSharp-Editor.dll
*** Tundra build success (2.95 seconds), 5 items updated, 918 evaluated
AssetDatabase: script compilation time: 3.341096s
Begin MonoManager ReloadAssembly
Assembly Assembly-CSharp-Editor-firstpass.dll at Library/ScriptAssemblies/Assembly-CSharp-Editor-firstpass.dll not valid. Loading of assembly skipped.
Assembly Assembly-CSharp-firstpass.dll at Library/ScriptAssemblies/Assembly-CSharp-firstpass.dll not valid. Loading of assembly skipped.
Assembly DocCodeExamples.dll at Library/ScriptAssemblies/DocCodeExamples.dll not valid. Loading of assembly skipped.
Assembly TestNewCustomAssembly.dll at Library/ScriptAssemblies/TestNewCustomAssembly.dll not valid. Loading of assembly skipped.
Assembly Unity.Collections.BurstCompatibilityGen.dll at Library/ScriptAssemblies/Unity.Collections.BurstCompatibilityGen.dll not valid. Loading of assembly skipped.
Assembly Unity.Collections.DocCodeSamples.dll at Library/ScriptAssemblies/Unity.Collections.DocCodeSamples.dll not valid. Loading of assembly skipped.
Assembly Unity.Collections.PerformanceTests.dll at Library/ScriptAssemblies/Unity.Collections.PerformanceTests.dll not valid. Loading of assembly skipped.
Assembly Unity.Collections.Tests.dll at Library/ScriptAssemblies/Unity.Collections.Tests.dll not valid. Loading of assembly skipped.
Assembly Unity.Collections.Tests.Playmode.dll at Library/ScriptAssemblies/Unity.Collections.Tests.Playmode.dll not valid. Loading of assembly skipped.
Assembly Unity.InputSystem.IntegrationTests.dll at Library/ScriptAssemblies/Unity.InputSystem.IntegrationTests.dll not valid. Loading of assembly skipped.
Assembly Unity.Mathematics.Tests.dll at Library/ScriptAssemblies/Unity.Mathematics.Tests.dll not valid. Loading of assembly skipped.
Assembly Unity.Multiplayer.Center.Editor.Tests.dll at Library/ScriptAssemblies/Unity.Multiplayer.Center.Editor.Tests.dll not valid. Loading of assembly skipped.
Assembly Unity.Multiplayer.Center.Tests.dll at Library/ScriptAssemblies/Unity.Multiplayer.Center.Tests.dll not valid. Loading of assembly skipped.
Assembly Unity.Nuget.Mono-Cecil.dll at Library/ScriptAssemblies/Unity.Nuget.Mono-Cecil.dll not valid. Loading of assembly skipped.
Assembly Unity.PathTracing.Editor.Tests.dll at Library/ScriptAssemblies/Unity.PathTracing.Editor.Tests.dll not valid. Loading of assembly skipped.
Assembly Unity.PathTracing.Runtime.Tests.dll at Library/ScriptAssemblies/Unity.PathTracing.Runtime.Tests.dll not valid. Loading of assembly skipped.
Assembly Unity.RenderPipelines.Core.Editor.Tests.dll at Library/ScriptAssemblies/Unity.RenderPipelines.Core.Editor.Tests.dll not valid. Loading of assembly skipped.
Assembly Unity.RenderPipelines.Core.Runtime.Tests.dll at Library/ScriptAssemblies/Unity.RenderPipelines.Core.Runtime.Tests.dll not valid. Loading of assembly skipped.
Assembly Unity.RenderPipelines.Universal.Config.Editor.Tests.dll at Library/ScriptAssemblies/Unity.RenderPipelines.Universal.Config.Editor.Tests.dll not valid. Loading of assembly skipped.
Assembly Unity.RenderPipelines.Universal.Editor.Tests.dll at Library/ScriptAssemblies/Unity.RenderPipelines.Universal.Editor.Tests.dll not valid. Loading of assembly skipped.
Assembly Unity.RenderPipelines.Universal.Runtime.Tests.dll at Library/ScriptAssemblies/Unity.RenderPipelines.Universal.Runtime.Tests.dll not valid. Loading of assembly skipped.
Assembly Unity.Searcher.EditorTests.dll at Library/ScriptAssemblies/Unity.Searcher.EditorTests.dll not valid. Loading of assembly skipped.
Assembly Unity.ShaderGraph.Editor.Tests.dll at Library/ScriptAssemblies/Unity.ShaderGraph.Editor.Tests.dll not valid. Loading of assembly skipped.
Assembly Unity.TextMeshPro.Editor.Tests.dll at Library/ScriptAssemblies/Unity.TextMeshPro.Editor.Tests.dll not valid. Loading of assembly skipped.
Assembly Unity.TextMeshPro.Tests.dll at Library/ScriptAssemblies/Unity.TextMeshPro.Tests.dll not valid. Loading of assembly skipped.
Assembly Unity.UnifiedRayTracing.Editor.Tests.dll at Library/ScriptAssemblies/Unity.UnifiedRayTracing.Editor.Tests.dll not valid. Loading of assembly skipped.
Assembly UnityEditor.UI.Common.Tests.dll at Library/ScriptAssemblies/UnityEditor.UI.Common.Tests.dll not valid. Loading of assembly skipped.
Assembly UnityEditor.UI.EditorTests.dll at Library/ScriptAssemblies/UnityEditor.UI.EditorTests.dll not valid. Loading of assembly skipped.
Assembly UnityEngine.UI.Tests.dll at Library/ScriptAssemblies/UnityEngine.UI.Tests.dll not valid. Loading of assembly skipped.
Native extension for Android target not found
Native extension for WindowsStandalone target not found
ScheduleIndexationOnStartup MainProcess:True IndexOnStartup:True
Mono: successfully reloaded assembly
- Finished resetting the current domain, in  2.997 seconds
Domain Reload Profiling: 4456ms
	BeginReloadAssembly (300ms)
		DisableScriptedObjects (10ms)
		CreateAndSetChildDomain (149ms)
	RebuildCommonClasses (39ms)
	RebuildNativeTypeToScriptingClass (14ms)
	initialDomainReloadingComplete (578ms)
	LoadAllAssembliesAndSetupDomain (528ms)
		LoadAssemblies (341ms)
		AnalyzeDomain (276ms)
			TypeCache.Refresh (198ms)
				TypeCache.ScanAssembly (183ms)
			BuildScriptInfoCaches (65ms)
			ResolveRequiredComponents (12ms)
	FinalizeReload (2998ms)
		SetupLoadedEditorAssemblies (0ms)
			InitializePlatformSupportModulesInManaged (32ms)
			BeforeProcessingInitializeOnLoad (166ms)
			ProcessInitializeOnLoadAttributes (2462ms)
			ProcessInitializeOnLoadMethodAttributes (81ms)
			AfterProcessingInitializeOnLoad (7ms)
		AwakeInstancesAfterBackupRestoration (7ms)
(Values over 0.050ms)
Asset Pipeline Refresh (id=d722ec82a976a5c4d8eda94effe9b885): Total: 8.516 seconds - Initiated by InitialRefreshV2(ForceSynchronousImport)
	Summary:
		Imports: total=0 (actual=0, local cache=0, cache server=0)
		Asset DB Process Time: managed=0 ms, native=3403 ms
		Asset DB Callback time: managed=232 ms, native=19 ms
		Scripting: domain reloads=1, domain reload time=1463 ms, compile time=3343 ms, other=52 ms
		Project Asset Count: scripts=1372, non-scripts=2596
		Asset File Changes: new=0, changed=1, moved=0, deleted=0
		Scan Filter Count: 0
	InvokePackagesCallback: 16.424ms
	ApplyChangesToAssetFolders: 0.578ms
	Scan: 99.400ms
	OnSourceAssetsModified: 0.782ms
	CategorizeScriptCompilationAssets: 47.100ms
	ProcessAssetsWithTransientArtifactChanges: 75.477ms
	CategorizeAssets: 51.014ms
	CompileScripts: 3342.571ms
	ImportOutOfDateAssets: 3007.493ms (3005.416ms without children)
		UnloadImportedAssets: 0.890ms
		EnsureUptoDateAssetsAreRegisteredWithGuidPM: 0.671ms
		OnDemandSchedulerStart: 0.493ms
	PostProcessAllAssets: 233.776ms
		VCAutoAddAssetPostprocess 0.855ms
		XRBuildSystem.XRAssetImported 0.304ms
		MonoPostProcessAllAssets: 232.182ms
			AssetPostprocessor.OnPostprocessAllAssets 157.307ms
			StyleCatalogPostProcessor.OnPostprocessAllAssets 18.082ms
			SyncVS.PostprocessSyncProject 11.079ms
			UniversalRenderPipelineGlobalSettingsPostprocessor.OnPostprocessAllAssets 10.637ms
			BuilderAssetPostprocessor.OnPostprocessAllAssets 6.564ms
			ShaderGraphAssetPostProcessor.OnPostprocessAllAssets 4.397ms
			SpeedTree9Postprocessor.OnPostprocessAllAssets 2.341ms
			WindowAssetPostprocessingWatcher.OnPostprocessAllAssets 1.766ms
			AssetChangedListener.OnPostprocessAllAssets 1.405ms
			RetainedModeAssetPostprocessor.OnPostprocessAllAssets 1.210ms
			MaterialPostprocessor.OnPostprocessAllAssets 0.854ms
			RenderPipelineGlobalSettingsPostprocessor.OnPostprocessAllAssets 0.671ms
			ArtifactBrowserPostProcessor.OnPostprocessAllAssets 0.503ms
			InputActionAssetPostprocessor.OnPostprocessAllAssets 0.440ms
			TMPro_TexturePostProcessor.OnPostprocessAllAssets 0.416ms
			ReferencedClipsPostProcessor.OnPostprocessAllAssets 0.373ms
			TextAssetPostProcessor.OnPostprocessAllAssets 0.367ms
			UVCSAssetPostprocessor.OnPostprocessAllAssets 0.349ms
			AudioMixerPostprocessor.OnPostprocessAllAssets 0.335ms
			InputActionJsonNameModifierAssetProcessor.OnPostprocessAllAssets 0.319ms
			PostProcessor.OnPostprocessAllAssets 0.304ms
			TerrainToolbarOverlayPostProcessor.OnPostprocessAllAssets 0.245ms
			AssetEvents.OnPostprocessAllAssets 0.243ms
			ProjectSettingsPostprocessor.OnPostprocessAllAssets 0.205ms
			SpeedTreePostProcessor.OnPostprocessAllAssets 0.175ms
			AssetDatabaseCallbacks.OnPostprocessAllAssets 0.154ms
			SamplePostprocessor.OnPostprocessAllAssets 0.148ms
			ConfigAssetsTracker.OnPostprocessAllAssets 0.142ms
			ScenarioDriftAssetsTracker.OnPostprocessAllAssets 0.122ms
			AudioContainerPostProcessor.OnPostprocessAllAssets 0.072ms
	PostAssetChangesProfiler: 3.341ms
	UnloadStreamsBegin: 2.751ms
	PersistCurrentRevisions: 0.108ms
	GenerateScriptTypeHashes: 3.574ms
	GenerateScriptTypeSerializationHashes: 7.908ms
	Untracked: 1633.799ms

Application.AssetDatabase Initial Refresh End
Scanning for USB devices : 2.726ms
Initializing Unity extensions:
[MODES] ModeService[none].Initialize
[MODES] ModeService[none].LoadModes
[MODES] Loading mode Default (0) for mode-current-id-Mundo aprendo tesis
Unloading 27 Unused Serialized files (Serialized files now loaded: 0)
Unloading 6632 unused Assets / (3.4 MB). Loaded Objects now: 7480.
Memory consumption went from 202.0 MB to 198.6 MB.
Total: 10.795800 ms (FindLiveObjects: 0.883600 ms CreateObjectMapping: 1.541300 ms MarkObjects: 5.530300 ms  DeleteObjects: 2.838600 ms)

Microsoft Media Foundation video decoding to texture disabled: graphics device is Null, only Direct3D 11 and Direct3D 12 (only on desktop) are supported for hardware-accelerated video decoding.
[Project] Loading completed in 15.279 seconds
	Project init time: 				14.313 seconds
		Template init time: 		0.000 seconds
		Package Manager init time: 		1.228 seconds
		Asset Database init time: 		1.057 seconds
		Global illumination init time: 	0.002 seconds
		Assemblies load time: 			3.069 seconds
		Unity extensions init time: 	0.010 seconds
		Asset Database refresh time: 	8.517 seconds
	Scene opening time: 			0.911 seconds
##utp:{"type":"ProjectInfo","version":2,"phase":"Immediate","time":1782337420959,"processId":19308,"projectLoad":15.2794457,"projectInit":14.3132051,"templateInit":0.0,"packageManagerInit":1.2283662,"assetDatabaseInit":1.0574957,"globalIlluminationInit":0.001976,"assembliesLoad":3.0690957,"unityExtensionsInit":0.0097742,"assetDatabaseRefresh":8.517038,"sceneOpening":0.9113092}
##utp:{"type":"EditorInfo","version":2,"phase":"Immediate","time":1782337420959,"processId":19308,"editorVersion":"6000.4.0f1 (8cf496087c8f)","branch":"6000.4/staging","buildType":"Release","platform":"Windows"}
Asset Pipeline Refresh (id=7b2dc8228cc39a440b33152e5bc4cdcf): Total: 0.047 seconds - Initiated by RefreshV2(NoUpdateAssetOptions)
Shader Hidden/ChartRasterizerHardware is not supported: GPU does not support conservative rasterization
[Licensing::Client] Successfully resolved entitlement details
Running tests for ExecutionSettings with details:
targetPlatform = 
playerHeartbeatTimeout = 600
filters[0] = 
   Filter with settings:
   testMode = EditMode
   targetPlatform = 
   testNames = null
   groupNames = null
   categoryNames = null
   assemblyNames = null
ignoreTests = {}
featureFlags = null

UnityEngine.Debug:ExtractStackTraceNoAlloc (byte*,int,string)
UnityEngine.StackTraceUtility:ExtractStackTrace ()
UnityEngine.DebugLogHandler:Internal_Log (UnityEngine.LogType,UnityEngine.LogOption,string,UnityEngine.Object)
UnityEngine.DebugLogHandler:LogFormat (UnityEngine.LogType,UnityEngine.Object,string,object[])
UnityEngine.Logger:Log (UnityEngine.LogType,object)
UnityEngine.Debug:Log (object)
UnityEditor.TestTools.TestRunner.CommandLineTest.Executer:InitializeAndExecuteRun (string[]) (at ./Library/PackageCache/com.unity.test-framework@629486125cfc/UnityEditor.TestRunner/CommandLineTest/Executer.cs:53)
UnityEditor.TestTools.TestRunner.CommandLineTest.TestStarter:InitializeAndExecuteRun () (at ./Library/PackageCache/com.unity.test-framework@629486125cfc/UnityEditor.TestRunner/CommandLineTest/TestStarter.cs:64)
UnityEditor.EditorApplication:Internal_CallUpdateFunctions ()

(Filename: ./Library/PackageCache/com.unity.test-framework@629486125cfc/UnityEditor.TestRunner/CommandLineTest/Executer.cs Line: 53)

Start Indexing on Editor startup
[Indexing] Starting Initial Indexing for Assets
[UnityConnectServicesConfig] config is NOT valid, switching to default
Created GICache directory at C:/Users/Boloxdhd/AppData/LocalLow/Unity/Caches/GiCache. Took: 0.015s, timestamps: [15.283 - 15.298]
[Licensing::Client] Successfully resolved entitlement details
Unloading 4 Unused Serialized files (Serialized files now loaded: 0)
Unloading 4 unused Assets / (57.2 KB). Loaded Objects now: 7532.
Memory consumption went from 201.6 MB to 201.6 MB.
Total: 8.048800 ms (FindLiveObjects: 0.254600 ms CreateObjectMapping: 0.149300 ms MarkObjects: 7.598300 ms  DeleteObjects: 0.045900 ms)

Executing IPrebuildSetup for: Unity.PerformanceTesting.Editor.TestRunBuilder.
UnityEngine.Debug:ExtractStackTraceNoAlloc (byte*,int,string)
UnityEngine.StackTraceUtility:ExtractStackTrace ()
UnityEngine.DebugLogHandler:Internal_Log (UnityEngine.LogType,UnityEngine.LogOption,string,UnityEngine.Object)
UnityEngine.DebugLogHandler:LogFormat (UnityEngine.LogType,UnityEngine.Object,string,object[])
UnityEngine.Logger:Log (UnityEngine.LogType,object)
UnityEngine.Debug:Log (object)
UnityEditor.TestTools.TestRunner.TestRun.Tasks.BuildActionTaskBase`1/<ExecuteMethods>d__8<UnityEngine.TestTools.IPrebuildSetup>:MoveNext () (at ./Library/PackageCache/com.unity.test-framework@629486125cfc/UnityEditor.TestRunner/TestRun/Tasks/BuildActionTaskBase.cs:48)
UnityEditor.TestTools.TestRunner.TestRun.Tasks.BuildActionTaskBase`1/<Execute>d__7<UnityEngine.TestTools.IPrebuildSetup>:MoveNext () (at ./Library/PackageCache/com.unity.test-framework@629486125cfc/UnityEditor.TestRunner/TestRun/Tasks/BuildActionTaskBase.cs:34)
UnityEditor.TestTools.TestRunner.TestRun.TestJobRunner:ExecuteStep () (at ./Library/PackageCache/com.unity.test-framework@629486125cfc/UnityEditor.TestRunner/TestRun/TestJobRunner.cs:173)
UnityEditor.TestTools.TestRunner.TestRun.TestJobRunner:ExecuteCallback () (at ./Library/PackageCache/com.unity.test-framework@629486125cfc/UnityEditor.TestRunner/TestRun/TestJobRunner.cs:108)
UnityEditor.EditorApplication:Internal_CallUpdateFunctions ()

(Filename: ./Library/PackageCache/com.unity.test-framework@629486125cfc/UnityEditor.TestRunner/TestRun/Tasks/BuildActionTaskBase.cs Line: 48)

Opening scene 'Assets/Scenes/Menu.unity'
Unloading 16 Unused Serialized files (Serialized files now loaded: 0)
Loaded scene 'Assets/Scenes/Menu.unity'
	Deserialize:            46.377 ms
	Integration:            261.965 ms
	Integration of assets:  1.118 ms
	Thread Wait Time:       0.005 ms
	Total Operation Time:   309.466 ms
Unloading 1 unused Assets / (8.8 MB). Loaded Objects now: 8203.
Memory consumption went from 208.6 MB to 199.8 MB.
Total: 8.660700 ms (FindLiveObjects: 0.503000 ms CreateObjectMapping: 0.327800 ms MarkObjects: 7.789500 ms  DeleteObjects: 0.039400 ms)

Opening scene 'Assets/Scenes/MundoCuentos_VozTest.unity'
Unloading 14 Unused Serialized files (Serialized files now loaded: 0)
Loaded scene 'Assets/Scenes/MundoCuentos_VozTest.unity'
	Deserialize:            8.425 ms
	Integration:            203.079 ms
	Integration of assets:  0.269 ms
	Thread Wait Time:       0.038 ms
	Total Operation Time:   211.810 ms
Unloading 27 unused Assets / (20.1 KB). Loaded Objects now: 7882.
Memory consumption went from 199.2 MB to 199.2 MB.
Total: 8.799200 ms (FindLiveObjects: 0.474900 ms CreateObjectMapping: 0.327400 ms MarkObjects: 7.899000 ms  DeleteObjects: 0.097100 ms)

Opening scene 'Assets/Scenes/MundoTamanos.unity'
Unloading 18 Unused Serialized files (Serialized files now loaded: 0)
Loaded scene 'Assets/Scenes/MundoTamanos.unity'
	Deserialize:            9.535 ms
	Integration:            200.332 ms
	Integration of assets:  0.348 ms
	Thread Wait Time:       0.007 ms
	Total Operation Time:   210.222 ms
Unloading 1 unused Assets / (0.5 KB). Loaded Objects now: 7824.
Memory consumption went from 195.3 MB to 195.3 MB.
Total: 8.307800 ms (FindLiveObjects: 0.475700 ms CreateObjectMapping: 0.324800 ms MarkObjects: 7.474500 ms  DeleteObjects: 0.031700 ms)

Opening scene 'Assets/Scenes/Mundos/MundoEmociones.unity'
Unloading 14 Unused Serialized files (Serialized files now loaded: 0)
Loaded scene 'Assets/Scenes/Mundos/MundoEmociones.unity'
	Deserialize:            10.793 ms
	Integration:            203.675 ms
	Integration of assets:  0.244 ms
	Thread Wait Time:       0.009 ms
	Total Operation Time:   214.720 ms
Unloading 19 unused Assets / (22.7 KB). Loaded Objects now: 8008.
Memory consumption went from 197.2 MB to 197.2 MB.
Total: 8.830500 ms (FindLiveObjects: 0.491100 ms CreateObjectMapping: 0.317400 ms MarkObjects: 7.940000 ms  DeleteObjects: 0.081100 ms)

Opening scene 'Assets/Scenes/Menu.unity'
Unloading 18 Unused Serialized files (Serialized files now loaded: 0)
Loaded scene 'Assets/Scenes/Menu.unity'
	Deserialize:            14.461 ms
	Integration:            202.398 ms
	Integration of assets:  0.345 ms
	Thread Wait Time:       0.008 ms
	Total Operation Time:   217.212 ms
Unloading 24 unused Assets / (28.6 KB). Loaded Objects now: 8204.
Memory consumption went from 200.9 MB to 200.9 MB.
Total: 8.732500 ms (FindLiveObjects: 0.498600 ms CreateObjectMapping: 0.321400 ms MarkObjects: 7.822500 ms  DeleteObjects: 0.089400 ms)

Opening scene 'Assets/Scenes/MundoMusical.unity'
Unloading 6 Unused Serialized files (Serialized files now loaded: 0)
Loaded scene 'Assets/Scenes/MundoMusical.unity'
	Deserialize:            8.352 ms
	Integration:            200.294 ms
	Integration of assets:  0.179 ms
	Thread Wait Time:       0.009 ms
	Total Operation Time:   208.834 ms
Unloading 26 unused Assets / (21.9 KB). Loaded Objects now: 7885.
Memory consumption went from 199.1 MB to 199.0 MB.
Total: 9.090500 ms (FindLiveObjects: 0.472400 ms CreateObjectMapping: 0.324100 ms MarkObjects: 8.190900 ms  DeleteObjects: 0.102400 ms)

Opening scene 'Assets/Scenes/Menu.unity'
Unloading 13 Unused Serialized files (Serialized files now loaded: 0)
Loaded scene 'Assets/Scenes/Menu.unity'
	Deserialize:            15.201 ms
	Integration:            200.913 ms
	Integration of assets:  0.324 ms
	Thread Wait Time:       0.011 ms
	Total Operation Time:   216.449 ms
Unloading 4 unused Assets / (3.1 KB). Loaded Objects now: 8205.
Memory consumption went from 200.8 MB to 200.8 MB.
Total: 8.756100 ms (FindLiveObjects: 0.515800 ms CreateObjectMapping: 0.323600 ms MarkObjects: 7.868100 ms  DeleteObjects: 0.048000 ms)

Opening scene 'Assets/Scenes/SeleccionMundos.unity'
Unloading 7 Unused Serialized files (Serialized files now loaded: 0)
Loaded scene 'Assets/Scenes/SeleccionMundos.unity'
	Deserialize:            11.427 ms
	Integration:            201.062 ms
	Integration of assets:  0.239 ms
	Thread Wait Time:       0.031 ms
	Total Operation Time:   212.760 ms
Unloading 27 unused Assets / (28.9 KB). Loaded Objects now: 8138.
Memory consumption went from 200.1 MB to 200.0 MB.
Total: 8.995300 ms (FindLiveObjects: 0.495500 ms CreateObjectMapping: 0.320000 ms MarkObjects: 8.086300 ms  DeleteObjects: 0.092600 ms)

Opening scene 'Assets/Scenes/MundoMusical.unity'
Unloading 4 Unused Serialized files (Serialized files now loaded: 0)
Loaded scene 'Assets/Scenes/MundoMusical.unity'
	Deserialize:            7.238 ms
	Integration:            203.651 ms
	Integration of assets:  0.144 ms
	Thread Wait Time:       0.036 ms
	Total Operation Time:   211.070 ms
Unloading 5 unused Assets / (7.5 KB). Loaded Objects now: 7886.
Memory consumption went from 195.1 MB to 195.1 MB.
Total: 8.470800 ms (FindLiveObjects: 0.488300 ms CreateObjectMapping: 0.328500 ms MarkObjects: 7.596800 ms  DeleteObjects: 0.056500 ms)

Opening scene 'Assets/Scenes/MundoCuentos_VozTest.unity'
Unloading 4 Unused Serialized files (Serialized files now loaded: 0)
Loaded scene 'Assets/Scenes/MundoCuentos_VozTest.unity'
	Deserialize:            6.898 ms
	Integration:            198.676 ms
	Integration of assets:  0.155 ms
	Thread Wait Time:       0.007 ms
	Total Operation Time:   205.736 ms
Unloading 7 unused Assets / (3.6 KB). Loaded Objects now: 7883.
Memory consumption went from 195.4 MB to 195.4 MB.
Total: 8.495400 ms (FindLiveObjects: 0.467300 ms CreateObjectMapping: 0.310800 ms MarkObjects: 7.663400 ms  DeleteObjects: 0.053300 ms)

Opening scene 'Assets/Scenes/MundoTamanos.unity'
Unloading 18 Unused Serialized files (Serialized files now loaded: 0)
Loaded scene 'Assets/Scenes/MundoTamanos.unity'
	Deserialize:            8.633 ms
	Integration:            201.363 ms
	Integration of assets:  0.338 ms
	Thread Wait Time:       0.006 ms
	Total Operation Time:   210.340 ms
Unloading 1 unused Assets / (0.5 KB). Loaded Objects now: 7825.
Memory consumption went from 196.4 MB to 196.4 MB.
Total: 8.934300 ms (FindLiveObjects: 0.456200 ms CreateObjectMapping: 0.315300 ms MarkObjects: 8.136900 ms  DeleteObjects: 0.025200 ms)

Opening scene 'Assets/Scenes/Mundos/MundoEmociones.unity'
Unloading 14 Unused Serialized files (Serialized files now loaded: 0)
Loaded scene 'Assets/Scenes/Mundos/MundoEmociones.unity'
	Deserialize:            9.975 ms
	Integration:            200.309 ms
	Integration of assets:  0.257 ms
	Thread Wait Time:       0.010 ms
	Total Operation Time:   210.550 ms
Unloading 19 unused Assets / (22.9 KB). Loaded Objects now: 8009.
Memory consumption went from 198.3 MB to 198.2 MB.
Total: 8.275800 ms (FindLiveObjects: 0.486700 ms CreateObjectMapping: 0.319600 ms MarkObjects: 7.390900 ms  DeleteObjects: 0.077800 ms)

Opening scene 'Assets/Scenes/SeleccionMundos.unity'
Unloading 7 Unused Serialized files (Serialized files now loaded: 0)
Loaded scene 'Assets/Scenes/SeleccionMundos.unity'
	Deserialize:            10.214 ms
	Integration:            198.545 ms
	Integration of assets:  0.002 ms
	Thread Wait Time:       0.005 ms
	Total Operation Time:   208.766 ms
Unloading 20 unused Assets / (0.8 MB). Loaded Objects now: 8140.
Memory consumption went from 197.3 MB to 196.5 MB.
Total: 9.076100 ms (FindLiveObjects: 0.494400 ms CreateObjectMapping: 0.321700 ms MarkObjects: 8.162000 ms  DeleteObjects: 0.097100 ms)

Opening scene 'Assets/Scenes/MundoTamanos.unity'
Unloading 16 Unused Serialized files (Serialized files now loaded: 0)
Loaded scene 'Assets/Scenes/MundoTamanos.unity'
	Deserialize:            8.517 ms
	Integration:            199.108 ms
	Integration of assets:  0.308 ms
	Thread Wait Time:       0.039 ms
	Total Operation Time:   207.972 ms
Unloading 1 unused Assets / (0.5 KB). Loaded Objects now: 7825.
Memory consumption went from 196.3 MB to 196.3 MB.
Total: 8.644500 ms (FindLiveObjects: 0.461300 ms CreateObjectMapping: 0.326000 ms MarkObjects: 7.834000 ms  DeleteObjects: 0.022600 ms)

Opening scene 'Assets/Scenes/MundoCuentos_VozTest.unity'
Unloading 4 Unused Serialized files (Serialized files now loaded: 0)
Loaded scene 'Assets/Scenes/MundoCuentos_VozTest.unity'
	Deserialize:            6.617 ms
	Integration:            202.694 ms
	Integration of assets:  0.002 ms
	Thread Wait Time:       0.035 ms
	Total Operation Time:   209.348 ms
Unloading 19 unused Assets / (22.9 KB). Loaded Objects now: 7884.
Memory consumption went from 195.9 MB to 195.8 MB.
Total: 9.079300 ms (FindLiveObjects: 0.525600 ms CreateObjectMapping: 0.372900 ms MarkObjects: 8.102800 ms  DeleteObjects: 0.077300 ms)

Opening scene 'Assets/Scenes/MundoTamanos.unity'
Unloading 16 Unused Serialized files (Serialized files now loaded: 0)
Loaded scene 'Assets/Scenes/MundoTamanos.unity'
	Deserialize:            8.459 ms
	Integration:            202.000 ms
	Integration of assets:  0.310 ms
	Thread Wait Time:       0.040 ms
	Total Operation Time:   210.809 ms
Unloading 1 unused Assets / (0.5 KB). Loaded Objects now: 7825.
Memory consumption went from 196.3 MB to 196.3 MB.
Total: 8.118900 ms (FindLiveObjects: 0.460200 ms CreateObjectMapping: 0.312900 ms MarkObjects: 7.319600 ms  DeleteObjects: 0.025600 ms)

Opening scene 'Assets/Scenes/MundoCuentos_VozTest.unity'
Unloading 4 Unused Serialized files (Serialized files now loaded: 0)
Loaded scene 'Assets/Scenes/MundoCuentos_VozTest.unity'
	Deserialize:            6.337 ms
	Integration:            199.595 ms
	Integration of assets:  0.002 ms
	Thread Wait Time:       0.007 ms
	Total Operation Time:   205.941 ms
Unloading 19 unused Assets / (22.9 KB). Loaded Objects now: 7884.
Memory consumption went from 195.9 MB to 195.8 MB.
Total: 8.719700 ms (FindLiveObjects: 0.470600 ms CreateObjectMapping: 0.312600 ms MarkObjects: 7.858700 ms  DeleteObjects: 0.077100 ms)

Opening scene 'Assets/Scenes/Menu.unity'
Unloading 12 Unused Serialized files (Serialized files now loaded: 0)
Loaded scene 'Assets/Scenes/Menu.unity'
	Deserialize:            14.901 ms
	Integration:            203.638 ms
	Integration of assets:  0.316 ms
	Thread Wait Time:       0.007 ms
	Total Operation Time:   218.862 ms
Unloading 5 unused Assets / (3.1 KB). Loaded Objects now: 8205.
Memory consumption went from 200.6 MB to 200.6 MB.
Total: 8.376200 ms (FindLiveObjects: 0.499500 ms CreateObjectMapping: 0.378700 ms MarkObjects: 7.445900 ms  DeleteObjects: 0.051300 ms)

Saving results to: C:/Users/Boloxdhd/AppData/LocalLow/DefaultCompany/Mundo aprendo tesis\TestResults.xml
Saving results to: F:\PUN\Mundo aprendo tesis\Logs\RequestedCorrectionsFinalEditMode.xml
Executing IPostBuildCleanup for: Unity.PerformanceTesting.Editor.TestRunBuilder.
UnityEngine.Debug:ExtractStackTraceNoAlloc (byte*,int,string)
UnityEngine.StackTraceUtility:ExtractStackTrace ()
UnityEngine.DebugLogHandler:Internal_Log (UnityEngine.LogType,UnityEngine.LogOption,string,UnityEngine.Object)
UnityEngine.DebugLogHandler:LogFormat (UnityEngine.LogType,UnityEngine.Object,string,object[])
UnityEngine.Logger:Log (UnityEngine.LogType,object)
UnityEngine.Debug:Log (object)
UnityEditor.TestTools.TestRunner.TestRun.Tasks.BuildActionTaskBase`1/<ExecuteMethods>d__8<UnityEngine.TestTools.IPostBuildCleanup>:MoveNext () (at ./Library/PackageCache/com.unity.test-framework@629486125cfc/UnityEditor.TestRunner/TestRun/Tasks/BuildActionTaskBase.cs:48)
UnityEditor.TestTools.TestRunner.TestRun.Tasks.BuildActionTaskBase`1/<Execute>d__7<UnityEngine.TestTools.IPostBuildCleanup>:MoveNext () (at ./Library/PackageCache/com.unity.test-framework@629486125cfc/UnityEditor.TestRunner/TestRun/Tasks/BuildActionTaskBase.cs:34)
UnityEditor.TestTools.TestRunner.TestRun.TestJobRunner:ExecuteStep () (at ./Library/PackageCache/com.unity.test-framework@629486125cfc/UnityEditor.TestRunner/TestRun/TestJobRunner.cs:173)
UnityEditor.TestTools.TestRunner.TestRun.TestJobRunner:ExecuteCallback () (at ./Library/PackageCache/com.unity.test-framework@629486125cfc/UnityEditor.TestRunner/TestRun/TestJobRunner.cs:108)
UnityEditor.EditorApplication:Internal_CallUpdateFunctions ()

(Filename: ./Library/PackageCache/com.unity.test-framework@629486125cfc/UnityEditor.TestRunner/TestRun/Tasks/BuildActionTaskBase.cs Line: 48)

Asset Pipeline Refresh (id=6b66e524ee85ab24aa9da22153949fed): Total: 0.004 seconds - Initiated by RefreshV2(NoUpdateAssetOptions)
Unloading 0 Unused Serialized files (Serialized files now loaded: 0)
Unloading 41 unused Assets / (21.4 KB). Loaded Objects now: 7551.
Memory consumption went from 199.8 MB to 199.8 MB.
Total: 9.169300 ms (FindLiveObjects: 0.276200 ms CreateObjectMapping: 0.141000 ms MarkObjects: 8.647900 ms  DeleteObjects: 0.103600 ms)

DisplayProgressbar: Undo
Test run completed. Exiting with code 0 (Ok). Run completed.
UnityEngine.Debug:ExtractStackTraceNoAlloc (byte*,int,string)
UnityEngine.StackTraceUtility:ExtractStackTrace ()
UnityEngine.DebugLogHandler:Internal_Log (UnityEngine.LogType,UnityEngine.LogOption,string,UnityEngine.Object)
UnityEngine.DebugLogHandler:LogFormat (UnityEngine.LogType,UnityEngine.Object,string,object[])
UnityEngine.Logger:Log (UnityEngine.LogType,object)
UnityEngine.Debug:Log (object)
UnityEditor.TestTools.TestRunner.CommandLineTest.Executer:ExitApplication (UnityEditor.TestTools.TestRunner.CommandLineTest.Executer/ReturnCodes,string) (at ./Library/PackageCache/com.unity.test-framework@629486125cfc/UnityEditor.TestRunner/CommandLineTest/Executer.cs:81)
UnityEditor.TestTools.TestRunner.CommandLineTest.Executer:ExitIfRunIsCompleted () (at ./Library/PackageCache/com.unity.test-framework@629486125cfc/UnityEditor.TestRunner/CommandLineTest/Executer.cs:74)
UnityEditor.EditorApplication:Internal_CallUpdateFunctions ()

(Filename: ./Library/PackageCache/com.unity.test-framework@629486125cfc/UnityEditor.TestRunner/CommandLineTest/Executer.cs Line: 81)

Clearing [Supersonic Rocketship SDF] dynamic font asset data.
UnityEngine.Debug:ExtractStackTraceNoAlloc (byte*,int,string)
UnityEngine.StackTraceUtility:ExtractStackTrace ()
UnityEngine.DebugLogHandler:Internal_Log (UnityEngine.LogType,UnityEngine.LogOption,string,UnityEngine.Object)
UnityEngine.DebugLogHandler:LogFormat (UnityEngine.LogType,UnityEngine.Object,string,object[])
UnityEngine.Logger:Log (UnityEngine.LogType,object)
UnityEngine.Debug:Log (object)
TMPro.EditorEventCallbacks/<>c:<InitializeFontAssetResourceChangeCallBacks>b__0_0 () (at ./Library/PackageCache/com.unity.ugui@3dd2fbd8c1f1/Editor/TMP/TMP_EditorResourceManager.cs:36)
UnityEditor.EditorApplication:Internal_EditorApplicationQuit ()
UnityEditor.TestTools.TestRunner.CommandLineTest.Executer:ExitApplication (UnityEditor.TestTools.TestRunner.CommandLineTest.Executer/ReturnCodes,string) (at ./Library/PackageCache/com.unity.test-framework@629486125cfc/UnityEditor.TestRunner/CommandLineTest/Executer.cs:83)
UnityEditor.TestTools.TestRunner.CommandLineTest.Executer:ExitIfRunIsCompleted () (at ./Library/PackageCache/com.unity.test-framework@629486125cfc/UnityEditor.TestRunner/CommandLineTest/Executer.cs:74)
UnityEditor.EditorApplication:Internal_CallUpdateFunctions ()

(Filename: ./Library/PackageCache/com.unity.ugui@3dd2fbd8c1f1/Editor/TMP/TMP_EditorResourceManager.cs Line: 36)

Killing ADB server in 0.0282711 seconds.
Start importing Assets/Mundo Aprendo/Fuente de Letra/Supersonic Rocketship SDF.asset using Guid(1b14be28849fd6c498e87f629f19ce92) (NativeFormatImporter) -> (Import Result ID: 'ceb0f9f1318bf80093eb317b37eae98d') in 0.0071774 seconds [static dependencies only]. Details - ImportResultOutputID=8bbf97985c7f871718d52536ae4a7ad7 DependenciesID=3c694437a2ffedfeaab87860a75b5a4a StaticDependenciesID=91c8e08a29d993ddd072ff4e21720e64 
Asset Pipeline Refresh (id=936a62a7c3687ab4cb9dc6bc4b8f4ca4): Total: 0.037 seconds - Initiated by StopAssetImportingV2(NoUpdateAssetOptions)
[Physics::Module] Cleanup current backend.
[Physics::Module] Id: 0xf2b8ea05
Input System module state changed to: ShutdownInProgress.
Input Polling Thread exited.
Input System module state changed to: Shutdown.
[Licensing::IpcConnector] LicenseClient-Boloxdhd-notifications channel disconnected successfully.
[Licensing::IpcConnector] LicenseClient-Boloxdhd channel disconnected successfully.
AcceleratorClientConnectionCallback - disconnected - :0
Cleanup mono
CodeReloadManager destroyed
Checking for leaked weakptr:
  Found no leaked weakptrs.
[Package Manager] Server process was shutdown
##utp:{"type":"MemoryLeaks","version":2,"phase":"Immediate","time":1782337427099,"processId":19308,"allocatedMemory":16208404,"memoryLabels":[{"Default":187625},{"Permanent":15268},{"NewDelete":65411},{"Thread":4230344},{"Manager":34573},{"VertexData":8},{"Geometry":816},{"Texture":24},{"Shader":848378},{"Material":24},{"GfxDevice":55313},{"Animation":392},{"Audio":3008},{"FreeType":8},{"FontEngine":942072},{"Physics":2090},{"Physics2D":16},{"Serialization":952},{"Input":9880},{"JobScheduler":33024},{"TextLib":216},{"Mono":32},{"MonoCode":64},{"ScriptingNativeRuntime":155052},{"BaseObject":1620368},{"Resource":1184},{"Renderer":3000},{"Transform":4685},{"File":18646},{"WebCam":616},{"Culling":32},{"Terrain":11394},{"Wind":24},{"STL":40},{"String":12963},{"StaticString":6718},{"Utility":2673318},{"Curl":2559},{"PoolAlloc":2168},{"AI":80},{"TypeTree":5341},{"ScriptManager":448},{"RuntimeInitializeOnLoadManager":64},{"SpriteAtlas":120},{"GI":7792},{"Director":8320},{"CloudService":288},{"WebRequest":808},{"VR":48050},{"SceneManager":504},{"Video":64},{"LazyScriptCache":32},{"Camera":17},{"Secure":2113},{"SerializationCache":1576},{"APIUpdating":10320},{"Subsystems":336},{"VirtualTexturing":57888},{"StaticSafetyDebugInfo":278528},{"Analytics":336},{"Hierarchy":608},{"CoreStats":13032},{"Identifiers":12960},{"Gui":128},{"EditorUtility":110832},{"VersionControl":4},{"Undo":931},{"AssetDatabase":4650215},{"EditorGi":328},{"UnityConnect":37777},{"Upm":1904},{"AssetCompliance":64},{"DrivenProperties":72},{"LocalIPC":214},{"ProfilerEditor":9746},{"CoreBusinessMetrics":2611},{"Windowing":456},{"Licensing":1232},{"AssetReference":32},{"IPCStream":32}]}
