[Licensing::Module] Trying to connect to existing licensing client channel...
Built from '6000.4/staging' branch; Version is '6000.4.0f1 (8cf496087c8f) revision 9237654'; Using compiler version '194234433'; Build Type 'Release'
OS: 'Windows 10  (10.0.19045) 64bit Professional' Language: 'es' Physical Memory: 32690 MB
[Licensing::IpcConnector] Channel LicenseClient-Boloxdhd doesn't exist
BatchMode: 1, IsHumanControllingUs: 0, StartBugReporterOnCrash: 0, Is64bit: 1
System  architecture: x64
Process architecture: x64
Date: 2026-06-21T08:16:05Z
[Licensing::Module] Successfully launched the LicensingClient (PId: 6860)

COMMAND LINE ARGUMENTS:
C:\Program Files\Unity\Hub\Editor\6000.4.0f1\Editor\Unity.exe
-batchmode
-projectPath
F:\PUN\Mundo aprendo tesis
-runTests
-testPlatform
EditMode
-testFilter
Bolin.Editor.Tests.WorldProgressRepositoryTests
-testResults
F:\PUN\Mundo aprendo tesis\Logs\WorldProgressEditMode.xml
-logFile
F:\PUN\Mundo aprendo tesis\Logs\WorldProgressEditMode.log
Successfully changed project path to: F:\PUN\Mundo aprendo tesis
F:/PUN/Mundo aprendo tesis
[UnityMemory] Configuration Parameters - Can be set up in boot.config
    "memorysetup-temp-allocator-size-gi-baking-worker=262144"
    "memorysetup-temp-allocator-size-gi-baking-worker=262144"
    "memorysetup-temp-allocator-size-gi-baking-worker=262144"
    "memorysetup-temp-allocator-size-gi-baking-worker=262144"
    "memorysetup-temp-allocator-size-gi-baking-worker=262144"
    "memorysetup-temp-allocator-size-nav-mesh-worker=65536"
    "memorysetup-temp-allocator-size-audio-worker=65536"
    "memorysetup-temp-allocator-size-cloud-worker=32768"
    "memorysetup-temp-allocator-size-gfx=262144"
    "memorysetup-temp-allocator-size-preload-manager=33554432"
    "memorysetup-temp-allocator-size-job-worker=262144"
    "memorysetup-temp-allocator-size-background-worker=32768"
    "memorysetup-allocator-temp-initial-block-size-main=262144"
    "memorysetup-allocator-temp-initial-block-size-worker=262144"
    "memorysetup-bucket-allocator-granularity=16"
    "memorysetup-bucket-allocator-bucket-count=8"
    "memorysetup-bucket-allocator-block-size=33554432"
    "memorysetup-bucket-allocator-block-count=8"
    "memorysetup-main-allocator-block-size=16777216"
    "memorysetup-thread-allocator-block-size=16777216"
    "memorysetup-gfx-main-allocator-block-size=16777216"
    "memorysetup-gfx-thread-allocator-block-size=16777216"
    "memorysetup-cache-allocator-block-size=4194304"
    "memorysetup-typetree-allocator-block-size=2097152"
    "memorysetup-profiler-bucket-allocator-granularity=16"
    "memorysetup-profiler-bucket-allocator-bucket-count=8"
    "memorysetup-profiler-bucket-allocator-block-size=33554432"
    "memorysetup-profiler-bucket-allocator-block-count=8"
    "memorysetup-profiler-allocator-block-size=16777216"
    "memorysetup-profiler-editor-allocator-block-size=1048576"
    "memorysetup-temp-allocator-size-main=16777216"
    "memorysetup-job-temp-allocator-block-size=2097152"
    "memorysetup-job-temp-allocator-block-size-background=1048576"
    "memorysetup-job-temp-allocator-reduction-small-platforms=262144"
Player connection [7908]  Target information:

Player connection [7908]  * "[IP] 192.168.1.23 [Port] 55504 [Flags] 2 [Guid] 883848270 [EditorId] 883848270 [Version] 1048832 [Id] WindowsEditor(7,DESKTOP-NF6H5UD) [Debug] 1 [PackageName] WindowsEditor [ProjectName] Editor" 

Player connection [7908] Host joined multi-casting on [225.0.0.222:54997]...
Player connection [7908] Host joined alternative multi-casting on [225.0.0.222:34997]...
Input System module state changed to: Initialized.
[Physics::Module] Initialized fallback backend.
[Physics::Module] Id: 0xdecafbad
[Licensing::IpcConnector] Successfully connected to: "LicenseClient-Boloxdhd" at "2026-06-21T08:16:06.1844318Z"
[Package Manager] Connected to IPC stream "Upm-9716" after 0.4 seconds.
[Licensing::Module] Licensing is not yet initialized.
[Licensing::Client] Handshaking with LicensingClient:
  Version:                 1.18.1+9fbee8e
  Session Id:              ba20b3d5644f49ac90de791b49098902
  Correlation Id:          e835f397c3dff55628db45dfcdf39bd0
  External correlation Id: 7288568163995661971
  Machine Id:              CFi18PVxujarsjnwWQVdFlBCSK4=
[Licensing::Module] Successfully connected to LicensingClient on channel: "LicenseClient-Boloxdhd" (connect: 0.24s, validation: 0.04s, handshake: 1.02s)
[Licensing::IpcConnector] Successfully connected to: "LicenseClient-Boloxdhd-notifications" at "2026-06-21T08:16:07.2425007Z"
[Licensing::Module] Connected to LicensingClient (PId: 6860, launch time: 0.00, total connection time: 1.30s)
[Licensing::Module] Error: Access token is unavailable; failed to update
[Licensing::Client] Successfully resolved entitlement details
[Licensing::Module] License group:
  Id: F4-FQE5-U6TU-H7W3-QSAD-XXXX
  Product: Unity Personal
  Type: ULF
  Expiration: Unlimited
[Licensing::Module] License group:
  Id: 4673397952068-UnityPersXXXX
  Product: Unity Personal
  Type: Assigned
  Expiration: Unlimited
[Licensing::Client] Successfully updated license, isAsync: True, time: 0.01
[Licensing::Module] Licensing Background thread has ended after 1.32s
[Licensing::Module] Licensing is initialized (took 0.86s).
[Licensing::Client] Successfully resolved entitlement details
[Licensing::Module] License group:
  Id: F4-FQE5-U6TU-H7W3-QSAD-XXXX
  Product: Unity Personal
  Type: ULF
  Expiration: Unlimited
[Licensing::Module] License group:
  Id: 4673397952068-UnityPersXXXX
  Product: Unity Personal
  Type: Assigned
  Expiration: Unlimited
Library Redirect Path: Library/
[Physics::Module] Selected backend.
[Physics::Module] Name: PhysX
[Physics::Module] Id: 0xf2b8ea05
[Physics::Module] SDK Version: 4.1.2
[Physics::Module] Integration Version: 1.0.0
[Physics::Module] Threading Mode: Multi-Threaded
Initialize engine version: 6000.4.0f1 (8cf496087c8f)
[Subsystems] Discovering subsystems at path C:/Program Files/Unity/Hub/Editor/6000.4.0f1/Editor/Data/Resources/UnitySubsystems
[Subsystems] Discovering subsystems at path F:/PUN/Mundo aprendo tesis/Assets
GfxDevice: creating device client; kGfxThreadingModeNonThreaded
Direct3D:
    Version:  Direct3D 11.0 [level 11.1]
    Renderer: NVIDIA GeForce RTX 3080 (ID=0x220a)
    Vendor:   NVIDIA
    VRAM:     12093 MB
    Driver:   32.0.16.1047
Initialize mono
Mono path[0] = 'C:/Program Files/Unity/Hub/Editor/6000.4.0f1/Editor/Data/Managed'
Mono path[1] = 'C:/Program Files/Unity/Hub/Editor/6000.4.0f1/Editor/Data/MonoBleedingEdge/lib/mono/unityjit-win32'
Mono config path = 'C:/Program Files/Unity/Hub/Editor/6000.4.0f1/Editor/Data/MonoBleedingEdge/etc'
Using monoOptions --debugger-agent=transport=dt_socket,embedding=1,server=y,suspend=n,address=127.0.0.1:56716
CodeReloadManager initialized
Using cacheserver namespaces - metadata:defaultmetadata, artifacts:defaultartifacts
Using cacheserver namespaces - metadata:defaultmetadata, artifacts:defaultartifacts
ImportWorker Server TCP listen port: 0
AcceleratorClientConnectionCallback - disconnected - :0
Begin MonoManager ReloadAssembly
Registering precompiled unity dll's ...
Register platform support module: C:/Program Files/Unity/Hub/Editor/6000.4.0f1/Editor/Data/PlaybackEngines/WindowsStandaloneSupport/UnityEditor.WindowsStandalone.Extensions.dll
[Licensing::Client] Successfully resolved entitlement details
[Licensing::Module] License group:
  Id: F4-FQE5-U6TU-H7W3-QSAD-XXXX
  Product: Unity Personal
  Type: ULF
  Expiration: Unlimited
[Licensing::Module] License group:
  Id: 4673397952068-UnityPersXXXX
  Product: Unity Personal
  Type: Assigned
  Expiration: Unlimited
Register platform support module: C:/Program Files/Unity/Hub/Editor/6000.4.0f1/Editor/Data/PlaybackEngines/AndroidPlayer/UnityEditor.Android.Extensions.dll
Registered in 0.004872 seconds.
Native extension for Android target not found
Android Extension - Scanning For ADB Devices 2154 ms
Native extension for WindowsStandalone target not found
Package Manager log level set to [2]
ScheduleIndexationOnStartup MainProcess:False IndexOnStartup:True
Mono: successfully reloaded assembly
- Finished resetting the current domain, in  2.582 seconds
Domain Reload Profiling: 3079ms
	BeginReloadAssembly (146ms)
		CreateAndSetChildDomain (23ms)
	RebuildCommonClasses (41ms)
	RebuildNativeTypeToScriptingClass (15ms)
	initialDomainReloadingComplete (67ms)
	LoadAllAssembliesAndSetupDomain (227ms)
		LoadAssemblies (120ms)
		AnalyzeDomain (218ms)
			TypeCache.Refresh (217ms)
				TypeCache.ScanAssembly (202ms)
	FinalizeReload (2583ms)
		SetupLoadedEditorAssemblies (0ms)
			InitializePlatformSupportModulesInManaged (2244ms)
			BeforeProcessingInitializeOnLoad (89ms)
			ProcessInitializeOnLoadAttributes (106ms)
			ProcessInitializeOnLoadMethodAttributes (77ms)
[Licensing::Client] Successfully resolved entitlement details
[Licensing::Module] License group:
  Id: F4-FQE5-U6TU-H7W3-QSAD-XXXX
  Product: Unity Personal
  Type: ULF
  Expiration: Unlimited
[Licensing::Module] License group:
  Id: 4673397952068-UnityPersXXXX
  Product: Unity Personal
  Type: Assigned
  Expiration: Unlimited
Application.AssetDatabase Initial Refresh Start
[Package Manager] Restoring resolved packages state from cache
[Licensing::Client] Successfully resolved entitlement details
[Package Manager] Registered 57 packages:
  Packages from [https://packages.unity.com]:
    com.unity.ai.navigation@2.0.12 (location: F:\PUN\Mundo aprendo tesis\Library\PackageCache\com.unity.ai.navigation@734c2c4c5591)
    com.unity.collab-proxy@2.12.4 (location: F:\PUN\Mundo aprendo tesis\Library\PackageCache\com.unity.collab-proxy@0b1559bcd34e)
    com.unity.ide.rider@3.0.39 (location: F:\PUN\Mundo aprendo tesis\Library\PackageCache\com.unity.ide.rider@4504839d03f7)
    com.unity.ide.visualstudio@2.0.27 (location: F:\PUN\Mundo aprendo tesis\Library\PackageCache\com.unity.ide.visualstudio@dc1ddd4f09b6)
    com.unity.inputsystem@1.19.0 (location: F:\PUN\Mundo aprendo tesis\Library\PackageCache\com.unity.inputsystem@21a28c3a6c83)
    com.unity.timeline@1.8.12 (location: F:\PUN\Mundo aprendo tesis\Library\PackageCache\com.unity.timeline@8cd8509afae5)
    com.unity.visualscripting@1.9.11 (location: F:\PUN\Mundo aprendo tesis\Library\PackageCache\com.unity.visualscripting@8bed5ad90189)
    com.unity.searcher@4.9.4 (location: F:\PUN\Mundo aprendo tesis\Library\PackageCache\com.unity.searcher@d45a78918735)
    com.unity.burst@1.8.28 (location: F:\PUN\Mundo aprendo tesis\Library\PackageCache\com.unity.burst@07790c2d06d9)
    com.unity.mathematics@1.3.3 (location: F:\PUN\Mundo aprendo tesis\Library\PackageCache\com.unity.mathematics@19a9377c4ffa)
    com.unity.nuget.mono-cecil@1.11.6 (location: F:\PUN\Mundo aprendo tesis\Library\PackageCache\com.unity.nuget.mono-cecil@ecb9724e46ff)
    com.unity.test-framework.performance@3.2.0 (location: F:\PUN\Mundo aprendo tesis\Library\PackageCache\com.unity.test-framework.performance@0840f58e4562)
  Built-in packages:
    com.unity.multiplayer.center@1.0.1 (location: F:\PUN\Mundo aprendo tesis\Library\PackageCache\com.unity.multiplayer.center@f01f4ba8d00a)
    com.unity.render-pipelines.universal@17.4.0 (location: F:\PUN\Mundo aprendo tesis\Library\PackageCache\com.unity.render-pipelines.universal@0c5162adfb45)
    com.unity.test-framework@1.6.0 (location: F:\PUN\Mundo aprendo tesis\Library\PackageCache\com.unity.test-framework@629486125cfc)
    com.unity.ugui@2.0.0 (location: F:\PUN\Mundo aprendo tesis\Library\PackageCache\com.unity.ugui@3dd2fbd8c1f1)
    com.unity.modules.accessibility@1.0.0 (location: F:\PUN\Mundo aprendo tesis\Library\PackageCache\com.unity.modules.accessibility)
    com.unity.modules.adaptiveperformance@1.0.0 (location: F:\PUN\Mundo aprendo tesis\Library\PackageCache\com.unity.modules.adaptiveperformance)
    com.unity.modules.ai@1.0.0 (location: F:\PUN\Mundo aprendo tesis\Library\PackageCache\com.unity.modules.ai)
    com.unity.modules.androidjni@1.0.0 (location: F:\PUN\Mundo aprendo tesis\Library\PackageCache\com.unity.modules.androidjni)
    com.unity.modules.animation@1.0.0 (location: F:\PUN\Mundo aprendo tesis\Library\PackageCache\com.unity.modules.animation)
    com.unity.modules.assetbundle@1.0.0 (location: F:\PUN\Mundo aprendo tesis\Library\PackageCache\com.unity.modules.assetbundle)
    com.unity.modules.audio@1.0.0 (location: F:\PUN\Mundo aprendo tesis\Library\PackageCache\com.unity.modules.audio)
    com.unity.modules.cloth@1.0.0 (location: F:\PUN\Mundo aprendo tesis\Library\PackageCache\com.unity.modules.cloth)
    com.unity.modules.director@1.0.0 (location: F:\PUN\Mundo aprendo tesis\Library\PackageCache\com.unity.modules.director)
    com.unity.modules.imageconversion@1.0.0 (location: F:\PUN\Mundo aprendo tesis\Library\PackageCache\com.unity.modules.imageconversion)
    com.unity.modules.imgui@1.0.0 (location: F:\PUN\Mundo aprendo tesis\Library\PackageCache\com.unity.modules.imgui)
    com.unity.modules.jsonserialize@1.0.0 (location: F:\PUN\Mundo aprendo tesis\Library\PackageCache\com.unity.modules.jsonserialize)
    com.unity.modules.particlesystem@1.0.0 (location: F:\PUN\Mundo aprendo tesis\Library\PackageCache\com.unity.modules.particlesystem)
    com.unity.modules.physics@1.0.0 (location: F:\PUN\Mundo aprendo tesis\Library\PackageCache\com.unity.modules.physics)
    com.unity.modules.physics2d@1.0.0 (location: F:\PUN\Mundo aprendo tesis\Library\PackageCache\com.unity.modules.physics2d)
    com.unity.modules.screencapture@1.0.0 (location: F:\PUN\Mundo aprendo tesis\Library\PackageCache\com.unity.modules.screencapture)
    com.unity.modules.terrain@1.0.0 (location: F:\PUN\Mundo aprendo tesis\Library\PackageCache\com.unity.modules.terrain)
    com.unity.modules.terrainphysics@1.0.0 (location: F:\PUN\Mundo aprendo tesis\Library\PackageCache\com.unity.modules.terrainphysics)
    com.unity.modules.tilemap@1.0.0 (location: F:\PUN\Mundo aprendo tesis\Library\PackageCache\com.unity.modules.tilemap)
    com.unity.modules.ui@1.0.0 (location: F:\PUN\Mundo aprendo tesis\Library\PackageCache\com.unity.modules.ui)
    com.unity.modules.uielements@1.0.0 (location: F:\PUN\Mundo aprendo tesis\Library\PackageCache\com.unity.modules.uielements)
    com.unity.modules.umbra@1.0.0 (location: F:\PUN\Mundo aprendo tesis\Library\PackageCache\com.unity.modules.umbra)
    com.unity.modules.unityanalytics@1.0.0 (location: F:\PUN\Mundo aprendo tesis\Library\PackageCache\com.unity.modules.unityanalytics)
    com.unity.modules.unitywebrequest@1.0.0 (location: F:\PUN\Mundo aprendo tesis\Library\PackageCache\com.unity.modules.unitywebrequest)
    com.unity.modules.unitywebrequestassetbundle@1.0.0 (location: F:\PUN\Mundo aprendo tesis\Library\PackageCache\com.unity.modules.unitywebrequestassetbundle)
    com.unity.modules.unitywebrequestaudio@1.0.0 (location: F:\PUN\Mundo aprendo tesis\Library\PackageCache\com.unity.modules.unitywebrequestaudio)
    com.unity.modules.unitywebrequesttexture@1.0.0 (location: F:\PUN\Mundo aprendo tesis\Library\PackageCache\com.unity.modules.unitywebrequesttexture)
    com.unity.modules.unitywebrequestwww@1.0.0 (location: F:\PUN\Mundo aprendo tesis\Library\PackageCache\com.unity.modules.unitywebrequestwww)
    com.unity.modules.vectorgraphics@1.0.0 (location: F:\PUN\Mundo aprendo tesis\Library\PackageCache\com.unity.modules.vectorgraphics)
    com.unity.modules.vehicles@1.0.0 (location: F:\PUN\Mundo aprendo tesis\Library\PackageCache\com.unity.modules.vehicles)
    com.unity.modules.video@1.0.0 (location: F:\PUN\Mundo aprendo tesis\Library\PackageCache\com.unity.modules.video)
    com.unity.modules.vr@1.0.0 (location: F:\PUN\Mundo aprendo tesis\Library\PackageCache\com.unity.modules.vr)
    com.unity.modules.wind@1.0.0 (location: F:\PUN\Mundo aprendo tesis\Library\PackageCache\com.unity.modules.wind)
    com.unity.modules.xr@1.0.0 (location: F:\PUN\Mundo aprendo tesis\Library\PackageCache\com.unity.modules.xr)
    com.unity.modules.subsystems@1.0.0 (location: F:\PUN\Mundo aprendo tesis\Library\PackageCache\com.unity.modules.subsystems)
    com.unity.modules.hierarchycore@1.0.0 (location: F:\PUN\Mundo aprendo tesis\Library\PackageCache\com.unity.modules.hierarchycore)
    com.unity.ext.nunit@2.0.5 (location: F:\PUN\Mundo aprendo tesis\Library\PackageCache\com.unity.ext.nunit@d8c07649098d)
    com.unity.render-pipelines.core@17.4.0 (location: F:\PUN\Mundo aprendo tesis\Library\PackageCache\com.unity.render-pipelines.core@6a60abc179f8)
    com.unity.shadergraph@17.4.0 (location: F:\PUN\Mundo aprendo tesis\Library\PackageCache\com.unity.shadergraph@c6e5f4d3afa5)
    com.unity.render-pipelines.universal-config@17.4.0 (location: F:\PUN\Mundo aprendo tesis\Library\PackageCache\com.unity.render-pipelines.universal-config@0db4263b9e6b)
    com.unity.collections@6.4.0 (location: F:\PUN\Mundo aprendo tesis\Library\PackageCache\com.unity.collections@538ace9075bc)
[Subsystems] No new subsystems found in resolved package list.
[Package Manager] Done registering packages in 0.01 seconds
[ScriptCompilation] Requested script compilation because: AssetDatabase observed changes in script compilation related files
Starting: C:\Program Files\Unity\Hub\Editor\6000.4.0f1\Editor\Data\Tools\BuildPipeline\bee_backend.exe --ipc --defer-dag-verification --dagfile="Library/Bee/1900b0aE.dag" --continue-on-failure --profile="Library/Bee/backend1.traceevents" ScriptAssemblies
WorkingDir: F:/PUN/Mundo aprendo tesis
DisplayProgressbar: Compiling Scripts
ExitCode: 4 Duration: 0s210ms
[715/908    0s] ILPP-Configuration Library/ilpp-configuration.nevergeneratedoutput
Rebuilding DAG because FileSignature timestamp changed: Library/Bee/1900b0aE-inputdata.json
*** Tundra requires additional run (0.19 seconds), 1 items updated, 908 evaluated
Starting: C:\Program Files\Unity\Hub\Editor\6000.4.0f1\Editor\Data\netcorerun\netcorerun.exe "C:\Program Files\Unity\Hub\Editor\6000.4.0f1\Editor\Data\Tools\BuildPipeline\ScriptCompilationBuildProgram.exe" "Library/Bee/1900b0aE.dag.json" "Library/Bee/1900b0aE-inputdata.json" "Library\Bee\buildprogram0.traceevents"
WorkingDir: F:/PUN/Mundo aprendo tesis
ExitCode: 0 Duration: 1s34ms
Starting: C:\Program Files\Unity\Hub\Editor\6000.4.0f1\Editor\Data\Tools\BuildPipeline\bee_backend.exe --ipc --defer-dag-verification --dagfile="Library/Bee/1900b0aE.dag" --continue-on-failure --dagfilejson="Library\Bee\1900b0aE.dag.json" --profile="Library/Bee/backend2.traceevents" ScriptAssemblies
WorkingDir: F:/PUN/Mundo aprendo tesis
ExitCode: 0 Duration: 2s850ms
Finished compiling graph: 911 nodes, 16993 flattened edges (14145 ToBuild, 140 ToUse), maximum node priority 961
[503/908    0s] WriteText Library/Bee/artifacts/1900b0aE.dag/Assembly-CSharp.rsp
[504/908    0s] WriteText Library/Bee/artifacts/1900b0aE.dag/Assembly-CSharp-Editor.rsp
[713/908    0s] ILPP-Configuration Library/ilpp-configuration.nevergeneratedoutput
[900/908    1s] Csc Library/Bee/artifacts/1900b0aE.dag/Assembly-CSharp.dll (+2 others)
[901/908    0s] Csc Library/Bee/artifacts/1900b0aE.dag/Assembly-CSharp-Editor.dll (+2 others)
[902/908    0s] ILPostProcess Library/Bee/artifacts/1900b0aE.dag/post-processed/Assembly-CSharp.dll (+pdb)
Processing assembly Library/Bee/artifacts/1900b0aE.dag/Assembly-CSharp.dll, with 139 defines and 322 references

processors: Unity.Jobs.CodeGen.JobsILPostProcessor, zzzUnity.Burst.CodeGen.BurstILPostProcessor

running Unity.Jobs.CodeGen.JobsILPostProcessor

running zzzUnity.Burst.CodeGen.BurstILPostProcessor
[903/908    0s] CopyFiles Library/ScriptAssemblies/Assembly-CSharp.pdb
[904/908    0s] ILPostProcess Library/Bee/artifacts/1900b0aE.dag/post-processed/Assembly-CSharp-Editor.dll (+pdb)
Processing assembly Library/Bee/artifacts/1900b0aE.dag/Assembly-CSharp-Editor.dll, with 137 defines and 345 references

processors: Unity.Jobs.CodeGen.JobsILPostProcessor, zzzUnity.Burst.CodeGen.BurstILPostProcessor

running Unity.Jobs.CodeGen.JobsILPostProcessor

running zzzUnity.Burst.CodeGen.BurstILPostProcessor
[905/908    0s] CopyFiles Library/ScriptAssemblies/Assembly-CSharp-Editor.pdb
[906/908    0s] CopyFiles Library/ScriptAssemblies/Assembly-CSharp.dll
[907/908    0s] CopyFiles Library/ScriptAssemblies/Assembly-CSharp-Editor.dll
*** Tundra build success (2.83 seconds), 11 items updated, 908 evaluated
AssetDatabase: script compilation time: 4.481439s
Begin MonoManager ReloadAssembly
Assembly Assembly-CSharp-Editor-firstpass.dll at Library/ScriptAssemblies/Assembly-CSharp-Editor-firstpass.dll not valid. Loading of assembly skipped.
Assembly Assembly-CSharp-firstpass.dll at Library/ScriptAssemblies/Assembly-CSharp-firstpass.dll not valid. Loading of assembly skipped.
Assembly DocCodeExamples.dll at Library/ScriptAssemblies/DocCodeExamples.dll not valid. Loading of assembly skipped.
Assembly TestNewCustomAssembly.dll at Library/ScriptAssemblies/TestNewCustomAssembly.dll not valid. Loading of assembly skipped.
Assembly Unity.Collections.BurstCompatibilityGen.dll at Library/ScriptAssemblies/Unity.Collections.BurstCompatibilityGen.dll not valid. Loading of assembly skipped.
Assembly Unity.Collections.DocCodeSamples.dll at Library/ScriptAssemblies/Unity.Collections.DocCodeSamples.dll not valid. Loading of assembly skipped.
Assembly Unity.Collections.PerformanceTests.dll at Library/ScriptAssemblies/Unity.Collections.PerformanceTests.dll not valid. Loading of assembly skipped.
Assembly Unity.Collections.Tests.dll at Library/ScriptAssemblies/Unity.Collections.Tests.dll not valid. Loading of assembly skipped.
Assembly Unity.Collections.Tests.Playmode.dll at Library/ScriptAssemblies/Unity.Collections.Tests.Playmode.dll not valid. Loading of assembly skipped.
Assembly Unity.InputSystem.IntegrationTests.dll at Library/ScriptAssemblies/Unity.InputSystem.IntegrationTests.dll not valid. Loading of assembly skipped.
Assembly Unity.Mathematics.Tests.dll at Library/ScriptAssemblies/Unity.Mathematics.Tests.dll not valid. Loading of assembly skipped.
Assembly Unity.Multiplayer.Center.Editor.Tests.dll at Library/ScriptAssemblies/Unity.Multiplayer.Center.Editor.Tests.dll not valid. Loading of assembly skipped.
Assembly Unity.Multiplayer.Center.Tests.dll at Library/ScriptAssemblies/Unity.Multiplayer.Center.Tests.dll not valid. Loading of assembly skipped.
Assembly Unity.Nuget.Mono-Cecil.dll at Library/ScriptAssemblies/Unity.Nuget.Mono-Cecil.dll not valid. Loading of assembly skipped.
Assembly Unity.PathTracing.Editor.Tests.dll at Library/ScriptAssemblies/Unity.PathTracing.Editor.Tests.dll not valid. Loading of assembly skipped.
Assembly Unity.PathTracing.Runtime.Tests.dll at Library/ScriptAssemblies/Unity.PathTracing.Runtime.Tests.dll not valid. Loading of assembly skipped.
Assembly Unity.RenderPipelines.Core.Editor.Tests.dll at Library/ScriptAssemblies/Unity.RenderPipelines.Core.Editor.Tests.dll not valid. Loading of assembly skipped.
Assembly Unity.RenderPipelines.Core.Runtime.Tests.dll at Library/ScriptAssemblies/Unity.RenderPipelines.Core.Runtime.Tests.dll not valid. Loading of assembly skipped.
Assembly Unity.RenderPipelines.Universal.Config.Editor.Tests.dll at Library/ScriptAssemblies/Unity.RenderPipelines.Universal.Config.Editor.Tests.dll not valid. Loading of assembly skipped.
Assembly Unity.RenderPipelines.Universal.Editor.Tests.dll at Library/ScriptAssemblies/Unity.RenderPipelines.Universal.Editor.Tests.dll not valid. Loading of assembly skipped.
Assembly Unity.RenderPipelines.Universal.Runtime.Tests.dll at Library/ScriptAssemblies/Unity.RenderPipelines.Universal.Runtime.Tests.dll not valid. Loading of assembly skipped.
Assembly Unity.Searcher.EditorTests.dll at Library/ScriptAssemblies/Unity.Searcher.EditorTests.dll not valid. Loading of assembly skipped.
Assembly Unity.ShaderGraph.Editor.Tests.dll at Library/ScriptAssemblies/Unity.ShaderGraph.Editor.Tests.dll not valid. Loading of assembly skipped.
Assembly Unity.TextMeshPro.Editor.Tests.dll at Library/ScriptAssemblies/Unity.TextMeshPro.Editor.Tests.dll not valid. Loading of assembly skipped.
Assembly Unity.TextMeshPro.Tests.dll at Library/ScriptAssemblies/Unity.TextMeshPro.Tests.dll not valid. Loading of assembly skipped.
Assembly Unity.UnifiedRayTracing.Editor.Tests.dll at Library/ScriptAssemblies/Unity.UnifiedRayTracing.Editor.Tests.dll not valid. Loading of assembly skipped.
Assembly UnityEditor.UI.Common.Tests.dll at Library/ScriptAssemblies/UnityEditor.UI.Common.Tests.dll not valid. Loading of assembly skipped.
Assembly UnityEditor.UI.EditorTests.dll at Library/ScriptAssemblies/UnityEditor.UI.EditorTests.dll not valid. Loading of assembly skipped.
Assembly UnityEngine.UI.Tests.dll at Library/ScriptAssemblies/UnityEngine.UI.Tests.dll not valid. Loading of assembly skipped.
Start importing Assets/Editor/Tests using Guid(64e227edb0466aa42a1224ff5bbd5384) (DefaultImporter) -> (Import Result ID: 'b24ffb204f8722483e12156c357a64aa') in 0.0210378 seconds [static dependencies only]. Details - ImportResultOutputID=cb5ddf2011fd9ca4d76db6bb950a790d DependenciesID=860e2baa5904bdc20638d8504f29a6ee StaticDependenciesID=782f4400461350a278d504c4eb78d64c 
Start importing Assets/Mundo Aprendo/Scripts/Progress using Guid(a7489dae6406c434e93f48f4f0c8676e) (DefaultImporter) -> (Import Result ID: '782c9c142ed23cc9bd30b302ca5c2a23') in 0.0067169 seconds [static dependencies only]. Details - ImportResultOutputID=1763a6d19489d04553ecbbba2cd6b67c DependenciesID=b391b3bde3245f1034dd2ebd5cd73610 StaticDependenciesID=6feea01f82f374dd285e794383088935 
Native extension for Android target not found
Native extension for WindowsStandalone target not found
ScheduleIndexationOnStartup MainProcess:True IndexOnStartup:True
Mono: successfully reloaded assembly
- Finished resetting the current domain, in  3.170 seconds
Domain Reload Profiling: 4605ms
	BeginReloadAssembly (310ms)
		DisableScriptedObjects (11ms)
		CreateAndSetChildDomain (154ms)
	RebuildCommonClasses (41ms)
	RebuildNativeTypeToScriptingClass (15ms)
	initialDomainReloadingComplete (523ms)
	LoadAllAssembliesAndSetupDomain (545ms)
		LoadAssemblies (357ms)
		AnalyzeDomain (285ms)
			TypeCache.Refresh (201ms)
				TypeCache.ScanAssembly (185ms)
			BuildScriptInfoCaches (65ms)
			ResolveRequiredComponents (16ms)
	FinalizeReload (3171ms)
		SetupLoadedEditorAssemblies (0ms)
			InitializePlatformSupportModulesInManaged (35ms)
			BeforeProcessingInitializeOnLoad (171ms)
			ProcessInitializeOnLoadAttributes (2534ms)
			ProcessInitializeOnLoadMethodAttributes (91ms)
			AfterProcessingInitializeOnLoad (9ms)
		AwakeInstancesAfterBackupRestoration (6ms)
(Values over 0.050ms)
Asset Pipeline Refresh (id=aef4f2c13c0a2324a8c72452d5934fce): Total: 10.097 seconds - Initiated by InitialRefreshV2(ForceSynchronousImport)
	Summary:
		Imports: total=2 (actual=2, local cache=0, cache server=0)
		Asset DB Process Time: managed=3 ms, native=3656 ms
		Asset DB Callback time: managed=441 ms, native=20 ms
		Scripting: domain reloads=1, domain reload time=1438 ms, compile time=4483 ms, other=53 ms
		Project Asset Count: scripts=1366, non-scripts=2595
		Asset File Changes: new=5, changed=5, moved=0, deleted=0
		Scan Filter Count: 0
	InvokePackagesCallback: 16.328ms
	ApplyChangesToAssetFolders: 0.568ms
	Scan: 134.933ms
	OnSourceAssetsModified: 0.908ms
	CategorizeScriptCompilationAssets: 67.520ms
	ProcessAssetsWithTransientArtifactChanges: 77.883ms
	CategorizeAssets: 43.856ms
	CompileScripts: 4482.676ms
	ImportOutOfDateAssets: 3212.428ms (3178.548ms without children)
		ImportManagerImport: 32.000ms (3.775ms without children)
		UnloadImportedAssets: 0.863ms
		EnsureUptoDateAssetsAreRegisteredWithGuidPM: 0.628ms
		OnDemandSchedulerStart: 0.365ms
	PostProcessAllAssets: 441.833ms
		VCAutoAddAssetPostprocess 0.896ms
		XRBuildSystem.XRAssetImported 0.325ms
		VersionControlSettings.HiddenFilePostprocess 0.102ms
		MonoPostProcessAllAssets: 439.838ms
			AssetPostprocessor.OnPostprocessAllAssets 183.985ms
			SyncVS.PostprocessSyncProject 174.405ms
			UniversalRenderPipelineGlobalSettingsPostprocessor.OnPostprocessAllAssets 23.709ms
			StyleCatalogPostProcessor.OnPostprocessAllAssets 22.005ms
			BuilderAssetPostprocessor.OnPostprocessAllAssets 7.258ms
			WindowAssetPostprocessingWatcher.OnPostprocessAllAssets 2.373ms
			SpeedTree9Postprocessor.OnPostprocessAllAssets 2.045ms
			ShaderGraphAssetPostProcessor.OnPostprocessAllAssets 1.578ms
			AssetChangedListener.OnPostprocessAllAssets 1.482ms
			RetainedModeAssetPostprocessor.OnPostprocessAllAssets 1.248ms
			RenderPipelineGlobalSettingsPostprocessor.OnPostprocessAllAssets 0.968ms
			MaterialPostprocessor.OnPostprocessAllAssets 0.782ms
			TMPro_TexturePostProcessor.OnPostprocessAllAssets 0.690ms
			ArtifactBrowserPostProcessor.OnPostprocessAllAssets 0.652ms
			ReferencedClipsPostProcessor.OnPostprocessAllAssets 0.400ms
			InputActionAssetPostprocessor.OnPostprocessAllAssets 0.383ms
			TextAssetPostProcessor.OnPostprocessAllAssets 0.381ms
			UVCSAssetPostprocessor.OnPostprocessAllAssets 0.369ms
			PostProcessor.OnPostprocessAllAssets 0.333ms
			AudioMixerPostprocessor.OnPostprocessAllAssets 0.303ms
			InputActionJsonNameModifierAssetProcessor.OnPostprocessAllAssets 0.293ms
			AssetEvents.OnPostprocessAllAssets 0.264ms
			TerrainToolbarOverlayPostProcessor.OnPostprocessAllAssets 0.238ms
			ProjectSettingsPostprocessor.OnPostprocessAllAssets 0.200ms
			AssetDatabaseCallbacks.OnPostprocessAllAssets 0.176ms
			SpeedTreePostProcessor.OnPostprocessAllAssets 0.146ms
			ConfigAssetsTracker.OnPostprocessAllAssets 0.145ms
			SamplePostprocessor.OnPostprocessAllAssets 0.139ms
			ScenarioDriftAssetsTracker.OnPostprocessAllAssets 0.133ms
			AudioContainerPostProcessor.OnPostprocessAllAssets 0.084ms
	PostAssetChangesProfiler: 4.323ms
	UnloadStreamsBegin: 2.802ms
	PersistCurrentRevisions: 0.152ms
	GenerateScriptTypeHashes: 2.452ms
	GenerateScriptTypeSerializationHashes: 4.768ms
	Untracked: 1609.411ms

Application.AssetDatabase Initial Refresh End
Launched and connected shader compiler UnityShaderCompiler.exe after 0.01 seconds
Scanning for USB devices : 2.676ms
Initializing Unity extensions:
[MODES] ModeService[none].Initialize
[MODES] ModeService[none].LoadModes
[MODES] Loading mode Default (0) for mode-current-id-Mundo aprendo tesis
Unloading 27 Unused Serialized files (Serialized files now loaded: 0)
Unloading 6620 unused Assets / (6.8 MB). Loaded Objects now: 7470.
Memory consumption went from 210.1 MB to 203.3 MB.
Total: 10.267900 ms (FindLiveObjects: 0.767100 ms CreateObjectMapping: 1.176300 ms MarkObjects: 5.712800 ms  DeleteObjects: 2.610000 ms)

[Project] Loading completed in 16.474 seconds
	Project init time: 				15.353 seconds
		Template init time: 		0.000 seconds
		Package Manager init time: 		1.218 seconds
		Asset Database init time: 		0.116 seconds
		Global illumination init time: 	0.002 seconds
		Assemblies load time: 			3.119 seconds
		Unity extensions init time: 	0.009 seconds
		Asset Database refresh time: 	10.098 seconds
	Scene opening time: 			1.047 seconds
##utp:{"type":"ProjectInfo","version":2,"phase":"Immediate","time":1782029782405,"processId":9716,"projectLoad":16.473603999999999,"projectInit":15.3528222,"templateInit":0.0,"packageManagerInit":1.2175975,"assetDatabaseInit":0.1160422,"globalIlluminationInit":0.0021666,"assembliesLoad":3.1189001,"unityExtensionsInit":0.0085596,"assetDatabaseRefresh":10.0980395,"sceneOpening":1.0465408}
##utp:{"type":"EditorInfo","version":2,"phase":"Immediate","time":1782029782405,"processId":9716,"editorVersion":"6000.4.0f1 (8cf496087c8f)","branch":"6000.4/staging","buildType":"Release","platform":"Windows"}
Asset Pipeline Refresh (id=5cab328763b9c844194171401d021ea4): Total: 0.041 seconds - Initiated by RefreshV2(NoUpdateAssetOptions)
[Licensing::Client] Successfully resolved entitlement details
Running tests for ExecutionSettings with details:
targetPlatform = 
playerHeartbeatTimeout = 600
filters[0] = 
   Filter with settings:
   testMode = EditMode
   targetPlatform = 
   testNames = null
   groupNames = Bolin.Editor.Tests.WorldProgressRepositoryTests
   categoryNames = null
   assemblyNames = null
ignoreTests = {}
featureFlags = null

UnityEngine.Debug:ExtractStackTraceNoAlloc (byte*,int,string)
UnityEngine.StackTraceUtility:ExtractStackTrace ()
UnityEngine.DebugLogHandler:Internal_Log (UnityEngine.LogType,UnityEngine.LogOption,string,UnityEngine.Object)
UnityEngine.DebugLogHandler:LogFormat (UnityEngine.LogType,UnityEngine.Object,string,object[])
UnityEngine.Logger:Log (UnityEngine.LogType,object)
UnityEngine.Debug:Log (object)
UnityEditor.TestTools.TestRunner.CommandLineTest.Executer:InitializeAndExecuteRun (string[]) (at ./Library/PackageCache/com.unity.test-framework@629486125cfc/UnityEditor.TestRunner/CommandLineTest/Executer.cs:53)
UnityEditor.TestTools.TestRunner.CommandLineTest.TestStarter:InitializeAndExecuteRun () (at ./Library/PackageCache/com.unity.test-framework@629486125cfc/UnityEditor.TestRunner/CommandLineTest/TestStarter.cs:64)
UnityEditor.EditorApplication:Internal_CallUpdateFunctions ()

(Filename: ./Library/PackageCache/com.unity.test-framework@629486125cfc/UnityEditor.TestRunner/CommandLineTest/Executer.cs Line: 53)

Start Indexing on Editor startup
[Indexing] Starting Initial Indexing for Assets
[UnityConnectServicesConfig] config is NOT valid, switching to default
Created GICache directory at C:/Users/Boloxdhd/AppData/LocalLow/Unity/Caches/GiCache. Took: 0.018s, timestamps: [16.476 - 16.494]
[Licensing::Client] Successfully resolved entitlement details
Unloading 4 Unused Serialized files (Serialized files now loaded: 0)
Unloading 4 unused Assets / (57.2 KB). Loaded Objects now: 7520.
Memory consumption went from 205.4 MB to 205.4 MB.
Total: 7.660500 ms (FindLiveObjects: 0.630700 ms CreateObjectMapping: 0.258600 ms MarkObjects: 6.713600 ms  DeleteObjects: 0.056800 ms)

Executing IPrebuildSetup for: Unity.PerformanceTesting.Editor.TestRunBuilder.
UnityEngine.Debug:ExtractStackTraceNoAlloc (byte*,int,string)
UnityEngine.StackTraceUtility:ExtractStackTrace ()
UnityEngine.DebugLogHandler:Internal_Log (UnityEngine.LogType,UnityEngine.LogOption,string,UnityEngine.Object)
UnityEngine.DebugLogHandler:LogFormat (UnityEngine.LogType,UnityEngine.Object,string,object[])
UnityEngine.Logger:Log (UnityEngine.LogType,object)
UnityEngine.Debug:Log (object)
UnityEditor.TestTools.TestRunner.TestRun.Tasks.BuildActionTaskBase`1/<ExecuteMethods>d__8<UnityEngine.TestTools.IPrebuildSetup>:MoveNext () (at ./Library/PackageCache/com.unity.test-framework@629486125cfc/UnityEditor.TestRunner/TestRun/Tasks/BuildActionTaskBase.cs:48)
UnityEditor.TestTools.TestRunner.TestRun.Tasks.BuildActionTaskBase`1/<Execute>d__7<UnityEngine.TestTools.IPrebuildSetup>:MoveNext () (at ./Library/PackageCache/com.unity.test-framework@629486125cfc/UnityEditor.TestRunner/TestRun/Tasks/BuildActionTaskBase.cs:34)
UnityEditor.TestTools.TestRunner.TestRun.TestJobRunner:ExecuteStep () (at ./Library/PackageCache/com.unity.test-framework@629486125cfc/UnityEditor.TestRunner/TestRun/TestJobRunner.cs:173)
UnityEditor.TestTools.TestRunner.TestRun.TestJobRunner:ExecuteCallback () (at ./Library/PackageCache/com.unity.test-framework@629486125cfc/UnityEditor.TestRunner/TestRun/TestJobRunner.cs:108)
UnityEditor.EditorApplication:Internal_CallUpdateFunctions ()

(Filename: ./Library/PackageCache/com.unity.test-framework@629486125cfc/UnityEditor.TestRunner/TestRun/Tasks/BuildActionTaskBase.cs Line: 48)

Saving results to: C:/Users/Boloxdhd/AppData/LocalLow/DefaultCompany/Mundo aprendo tesis\TestResults.xml
Saving results to: F:\PUN\Mundo aprendo tesis\Logs\WorldProgressEditMode.xml
Executing IPostBuildCleanup for: Unity.PerformanceTesting.Editor.TestRunBuilder.
UnityEngine.Debug:ExtractStackTraceNoAlloc (byte*,int,string)
UnityEngine.StackTraceUtility:ExtractStackTrace ()
UnityEngine.DebugLogHandler:Internal_Log (UnityEngine.LogType,UnityEngine.LogOption,string,UnityEngine.Object)
UnityEngine.DebugLogHandler:LogFormat (UnityEngine.LogType,UnityEngine.Object,string,object[])
UnityEngine.Logger:Log (UnityEngine.LogType,object)
UnityEngine.Debug:Log (object)
UnityEditor.TestTools.TestRunner.TestRun.Tasks.BuildActionTaskBase`1/<ExecuteMethods>d__8<UnityEngine.TestTools.IPostBuildCleanup>:MoveNext () (at ./Library/PackageCache/com.unity.test-framework@629486125cfc/UnityEditor.TestRunner/TestRun/Tasks/BuildActionTaskBase.cs:48)
UnityEditor.TestTools.TestRunner.TestRun.Tasks.BuildActionTaskBase`1/<Execute>d__7<UnityEngine.TestTools.IPostBuildCleanup>:MoveNext () (at ./Library/PackageCache/com.unity.test-framework@629486125cfc/UnityEditor.TestRunner/TestRun/Tasks/BuildActionTaskBase.cs:34)
UnityEditor.TestTools.TestRunner.TestRun.TestJobRunner:ExecuteStep () (at ./Library/PackageCache/com.unity.test-framework@629486125cfc/UnityEditor.TestRunner/TestRun/TestJobRunner.cs:173)
UnityEditor.TestTools.TestRunner.TestRun.TestJobRunner:ExecuteCallback () (at ./Library/PackageCache/com.unity.test-framework@629486125cfc/UnityEditor.TestRunner/TestRun/TestJobRunner.cs:108)
UnityEditor.EditorApplication:Internal_CallUpdateFunctions ()

(Filename: ./Library/PackageCache/com.unity.test-framework@629486125cfc/UnityEditor.TestRunner/TestRun/Tasks/BuildActionTaskBase.cs Line: 48)

Asset Pipeline Refresh (id=e77a821d3441bab4e8fee4bb1293073f): Total: 0.003 seconds - Initiated by RefreshV2(NoUpdateAssetOptions)
Unloading 0 Unused Serialized files (Serialized files now loaded: 0)
Unloading 0 unused Assets / (0 B). Loaded Objects now: 7521.
Memory consumption went from 203.1 MB to 203.1 MB.
Total: 7.460300 ms (FindLiveObjects: 0.266900 ms CreateObjectMapping: 0.161100 ms MarkObjects: 7.019000 ms  DeleteObjects: 0.012600 ms)

DisplayProgressbar: Undo
Test run completed. Exiting with code 0 (Ok). Run completed.
UnityEngine.Debug:ExtractStackTraceNoAlloc (byte*,int,string)
UnityEngine.StackTraceUtility:ExtractStackTrace ()
UnityEngine.DebugLogHandler:Internal_Log (UnityEngine.LogType,UnityEngine.LogOption,string,UnityEngine.Object)
UnityEngine.DebugLogHandler:LogFormat (UnityEngine.LogType,UnityEngine.Object,string,object[])
UnityEngine.Logger:Log (UnityEngine.LogType,object)
UnityEngine.Debug:Log (object)
UnityEditor.TestTools.TestRunner.CommandLineTest.Executer:ExitApplication (UnityEditor.TestTools.TestRunner.CommandLineTest.Executer/ReturnCodes,string) (at ./Library/PackageCache/com.unity.test-framework@629486125cfc/UnityEditor.TestRunner/CommandLineTest/Executer.cs:81)
UnityEditor.TestTools.TestRunner.CommandLineTest.Executer:ExitIfRunIsCompleted () (at ./Library/PackageCache/com.unity.test-framework@629486125cfc/UnityEditor.TestRunner/CommandLineTest/Executer.cs:74)
UnityEditor.EditorApplication:Internal_CallUpdateFunctions ()

(Filename: ./Library/PackageCache/com.unity.test-framework@629486125cfc/UnityEditor.TestRunner/CommandLineTest/Executer.cs Line: 81)

Killing ADB server in 0.0257921 seconds.
[Physics::Module] Cleanup current backend.
[Physics::Module] Id: 0xf2b8ea05
Input System module state changed to: ShutdownInProgress.
Input Polling Thread exited.
Input System module state changed to: Shutdown.
[Licensing::IpcConnector] LicenseClient-Boloxdhd-notifications channel disconnected successfully.
[Licensing::IpcConnector] LicenseClient-Boloxdhd channel disconnected successfully.
AcceleratorClientConnectionCallback - disconnected - :0
Cleanup mono
CodeReloadManager destroyed
Checking for leaked weakptr:
  Found no leaked weakptrs.
[Package Manager] Server process was shutdown
##utp:{"type":"MemoryLeaks","version":2,"phase":"Immediate","time":1782029784268,"processId":9716,"allocatedMemory":15249870,"memoryLabels":[{"Default":187234},{"Permanent":15268},{"NewDelete":65411},{"Thread":4230344},{"Manager":34061},{"VertexData":8},{"Geometry":816},{"Texture":24},{"Shader":849530},{"Material":24},{"GfxDevice":55313},{"Animation":392},{"Audio":3008},{"FreeType":8},{"FontEngine":736},{"Physics":2090},{"Physics2D":16},{"Serialization":952},{"Input":9880},{"JobScheduler":33024},{"TextLib":216},{"Mono":32},{"MonoCode":64},{"ScriptingNativeRuntime":155052},{"BaseObject":1620368},{"Resource":1184},{"Renderer":3000},{"Transform":4685},{"File":1088},{"WebCam":616},{"Culling":32},{"Terrain":11394},{"Wind":24},{"STL":40},{"String":12901},{"StaticString":6718},{"Utility":2673318},{"Curl":2559},{"PoolAlloc":2168},{"AI":80},{"TypeTree":5341},{"ScriptManager":448},{"RuntimeInitializeOnLoadManager":64},{"SpriteAtlas":120},{"GI":7792},{"Director":8320},{"CloudService":288},{"WebRequest":808},{"VR":48050},{"SceneManager":504},{"Video":208},{"LazyScriptCache":32},{"Camera":17},{"Secure":2113},{"SerializationCache":1576},{"APIUpdating":10320},{"Subsystems":336},{"VirtualTexturing":57888},{"StaticSafetyDebugInfo":278528},{"Analytics":336},{"Hierarchy":608},{"CoreStats":13032},{"Identifiers":12960},{"Gui":128},{"EditorUtility":110832},{"VersionControl":4},{"Undo":931},{"AssetDatabase":4650255},{"EditorGi":328},{"UnityConnect":37777},{"Upm":1904},{"AssetCompliance":64},{"DrivenProperties":72},{"LocalIPC":214},{"ProfilerEditor":9746},{"CoreBusinessMetrics":2600},{"Windowing":456},{"Licensing":1232},{"AssetReference":32},{"IPCStream":32}]}
